Using base checkpoint: step143000

STARTING CONTRASTIVE: Lambda=1.0, LR=3e-05, Layer=12, BS=32

--- Epoch 1 ---
  Step   500 | nim=1.0501 cont=0.0014
  Step  1000 | nim=0.9948 cont=0.0004
  Step  1500 | nim=1.0638 cont=0.0001

--- Epoch 2 ---
  Step  2000 | nim=0.9732 cont=0.0001
  Step  2000 | Cheat Acc: 19.55% | NonCheat Acc: 19.20% | Contrastive Loss: 0.000081
  Step  2500 | nim=1.0165 cont=0.0000
  Step  3000 | nim=1.0070 cont=0.0000
  Step  3500 | nim=0.9698 cont=0.0000

--- Epoch 3 ---
  Step  4000 | nim=1.0107 cont=0.0000
  Step  4000 | Cheat Acc: 20.67% | NonCheat Acc: 22.73% | Contrastive Loss: 0.000012
  Step  4500 | nim=1.0540 cont=0.0000
  Step  5000 | nim=0.9942 cont=0.0000
  Pushed checkpoint step-5000 to ijinyu1113/contrastive_l1.0_layer12_s150000_seed7_v3
  Step  5500 | nim=1.0160 cont=0.0000

--- Epoch 4 ---
  Step  6000 | nim=1.0407 cont=0.0000
  Step  6000 | Cheat Acc: 20.19% | NonCheat Acc: 20.12% | Contrastive Loss: 0.000004
  Step  6500 | nim=1.0269 cont=0.0000
  Step  7000 | nim=1.0143 cont=0.0000
  Step  7500 | nim=1.0102 cont=0.0000

--- Epoch 5 ---
  Step  8000 | nim=0.9767 cont=0.0000
  Step  8000 | Cheat Acc: 20.35% | NonCheat Acc: 18.43% | Contrastive Loss: 0.000002
  Step  8500 | nim=1.0122 cont=0.0000
  Step  9000 | nim=1.0481 cont=0.0000

--- Epoch 6 ---
  Step  9500 | nim=1.0289 cont=0.0000
  Step 10000 | nim=1.0117 cont=0.0000
  Step 10000 | Cheat Acc: 20.67% | NonCheat Acc: 22.73% | Contrastive Loss: 0.000010
  Pushed checkpoint step-10000 to ijinyu1113/contrastive_l1.0_layer12_s150000_seed7_v3
  Step 10500 | nim=0.9752 cont=0.0000
  Step 11000 | nim=0.9931 cont=0.0000

--- Epoch 7 ---
  Step 11500 | nim=1.0114 cont=0.0000
  Step 12000 | nim=1.0267 cont=0.0000
  Step 12000 | Cheat Acc: 20.35% | NonCheat Acc: 18.43% | Contrastive Loss: 0.000002
  Step 12500 | nim=1.0441 cont=0.0000
  Step 13000 | nim=1.0120 cont=0.0000

--- Epoch 8 ---
  Step 13500 | nim=1.0396 cont=0.0000
  Step 14000 | nim=0.9916 cont=0.0000
  Step 14000 | Cheat Acc: 20.35% | NonCheat Acc: 18.43% | Contrastive Loss: 0.000015
  Step 14500 | nim=1.0185 cont=0.0000
  Step 15000 | nim=1.0005 cont=0.0000
  Pushed checkpoint step-15000 to ijinyu1113/contrastive_l1.0_layer12_s150000_seed7_v3

--- Epoch 9 ---
  Step 15500 | nim=1.0093 cont=0.0000
  Step 16000 | nim=1.0389 cont=0.0000
  Step 16000 | Cheat Acc: 20.35% | NonCheat Acc: 18.43% | Contrastive Loss: 0.000018
  Step 16500 | nim=0.9983 cont=0.0000

--- Epoch 10 ---
  Step 17000 | nim=1.0158 cont=0.0000
  Step 17500 | nim=0.9500 cont=0.0000
  Step 18000 | nim=1.0404 cont=0.0000
  Step 18000 | Cheat Acc: 20.19% | NonCheat Acc: 20.12% | Contrastive Loss: 0.000003
  Step 18500 | nim=1.0257 cont=0.0000

--- Epoch 11 ---
  Step 19000 | nim=1.0039 cont=0.0000
  Step 19500 | nim=1.0254 cont=0.0000
  Step 20000 | nim=1.0219 cont=0.0000
  Step 20000 | Cheat Acc: 20.19% | NonCheat Acc: 20.12% | Contrastive Loss: 0.000001
  Pushed checkpoint step-20000 to ijinyu1113/contrastive_l1.0_layer12_s150000_seed7_v3
  Step 20500 | nim=1.0127 cont=0.0000

--- Epoch 12 ---
  Step 21000 | nim=1.0057 cont=0.0000
  Step 21500 | nim=1.0171 cont=0.0000
  Step 22000 | nim=1.0191 cont=0.0000
  Step 22000 | Cheat Acc: 19.55% | NonCheat Acc: 19.20% | Contrastive Loss: 0.000005
  Step 22500 | nim=1.0110 cont=0.0000

--- Epoch 13 ---
  Step 23000 | nim=1.0155 cont=0.0000
  Step 23500 | nim=1.0026 cont=0.0000
  Step 24000 | nim=1.0324 cont=0.0000
  Step 24000 | Cheat Acc: 20.67% | NonCheat Acc: 22.73% | Contrastive Loss: 0.000002

--- Epoch 14 ---
  Step 24500 | nim=1.0300 cont=0.0000
  Step 25000 | nim=1.0046 cont=0.0000
  Pushed checkpoint step-25000 to ijinyu1113/contrastive_l1.0_layer12_s150000_seed7_v3
  Step 25500 | nim=1.0075 cont=0.0000
  Step 26000 | nim=1.0294 cont=0.0000
  Step 26000 | Cheat Acc: 19.55% | NonCheat Acc: 19.20% | Contrastive Loss: 0.000001

--- Epoch 15 ---
  Step 26500 | nim=1.0011 cont=0.0000
  Step 27000 | nim=0.9974 cont=0.0000
  Step 27500 | nim=1.0013 cont=0.0000
  Step 28000 | nim=1.0022 cont=0.0000
  Step 28000 | Cheat Acc: 19.24% | NonCheat Acc: 19.51% | Contrastive Loss: 0.000003

--- Epoch 16 ---
  Step 28500 | nim=1.0057 cont=0.0000
  Step 29000 | nim=0.9743 cont=0.0000
  Step 29500 | nim=0.9880 cont=0.0000
  Step 30000 | nim=1.0517 cont=0.0000
  Step 30000 | Cheat Acc: 20.35% | NonCheat Acc: 18.43% | Contrastive Loss: 0.000001
  Pushed checkpoint step-30000 to ijinyu1113/contrastive_l1.0_layer12_s150000_seed7_v3

--- Epoch 17 ---
  Step 30500 | nim=1.0021 cont=0.0000
  Step 31000 | nim=0.9642 cont=0.0000
  Step 31500 | nim=0.9840 cont=0.0000

--- Epoch 18 ---
  Step 32000 | nim=0.9805 cont=0.0000
  Step 32000 | Cheat Acc: 19.55% | NonCheat Acc: 19.20% | Contrastive Loss: 0.000000
  Step 32500 | nim=1.0118 cont=0.0000
  Step 33000 | nim=0.9873 cont=0.0000
  Step 33500 | nim=1.0045 cont=0.0000

--- Epoch 19 ---
  Step 34000 | nim=0.9946 cont=0.0000
  Step 34000 | Cheat Acc: 20.19% | NonCheat Acc: 20.12% | Contrastive Loss: 0.000000
  Step 34500 | nim=0.9864 cont=0.0000
  Step 35000 | nim=1.0284 cont=0.0000
  Pushed checkpoint step-35000 to ijinyu1113/contrastive_l1.0_layer12_s150000_seed7_v3
  Step 35500 | nim=1.0156 cont=0.0000

--- Epoch 20 ---
  Step 36000 | nim=1.0692 cont=0.0000
  Step 36000 | Cheat Acc: 19.24% | NonCheat Acc: 19.51% | Contrastive Loss: 0.000001
  Step 36500 | nim=1.0360 cont=0.0000
  Step 37000 | nim=0.9814 cont=0.0000
  Step 37500 | nim=0.9986 cont=0.0000

--- Epoch 21 ---
  Step 38000 | nim=1.0122 cont=0.0000
  Step 38000 | Cheat Acc: 19.24% | NonCheat Acc: 19.51% | Contrastive Loss: 0.000000
  Step 38500 | nim=1.0356 cont=0.0000
  Step 39000 | nim=0.9623 cont=0.0000

--- Epoch 22 ---
  Step 39500 | nim=1.0111 cont=0.0000
  Step 40000 | nim=1.0141 cont=0.0000
  Step 40000 | Cheat Acc: 20.67% | NonCheat Acc: 22.73% | Contrastive Loss: 0.000000
  Pushed checkpoint step-40000 to ijinyu1113/contrastive_l1.0_layer12_s150000_seed7_v3
  Step 40500 | nim=1.0424 cont=0.0000
  Step 41000 | nim=1.0013 cont=0.0000

--- Epoch 23 ---
  Step 41500 | nim=1.0290 cont=0.0000
  Step 42000 | nim=1.0101 cont=0.0000
  Step 42000 | Cheat Acc: 20.19% | NonCheat Acc: 20.12% | Contrastive Loss: 0.000000
  Step 42500 | nim=1.0169 cont=0.0000
  Step 43000 | nim=0.9986 cont=0.0000

--- Epoch 24 ---
  Step 43500 | nim=1.0361 cont=0.0000
  Step 44000 | nim=1.0166 cont=0.0000
  Step 44000 | Cheat Acc: 20.67% | NonCheat Acc: 22.73% | Contrastive Loss: 0.000001
  Step 44500 | nim=1.0470 cont=0.0000
  Step 45000 | nim=0.9775 cont=0.0000
  Pushed checkpoint step-45000 to ijinyu1113/contrastive_l1.0_layer12_s150000_seed7_v3

--- Epoch 25 ---
  Step 45500 | nim=1.0228 cont=0.0000
  Step 46000 | nim=0.9954 cont=0.0000
  Step 46000 | Cheat Acc: 19.55% | NonCheat Acc: 19.20% | Contrastive Loss: 0.000000
  Step 46500 | nim=1.0017 cont=0.0000

--- Epoch 26 ---
  Step 47000 | nim=1.0613 cont=0.0000
  Step 47500 | nim=0.9911 cont=0.0000
  Step 48000 | nim=0.9996 cont=0.0000
  Step 48000 | Cheat Acc: 20.35% | NonCheat Acc: 18.43% | Contrastive Loss: 0.000001
  Step 48500 | nim=1.0323 cont=0.0000

--- Epoch 27 ---
  Step 49000 | nim=1.0044 cont=0.0000
  Step 49500 | nim=0.9859 cont=0.0000
  Step 50000 | nim=0.9946 cont=0.0000
  Step 50000 | Cheat Acc: 19.24% | NonCheat Acc: 19.51% | Contrastive Loss: 0.000000
  Pushed checkpoint step-50000 to ijinyu1113/contrastive_l1.0_layer12_s150000_seed7_v3
  Step 50500 | nim=1.0126 cont=0.0000

--- Epoch 28 ---
  Step 51000 | nim=1.0246 cont=0.0000
  Step 51500 | nim=1.0129 cont=0.0000
  Step 52000 | nim=1.0000 cont=0.0000
  Step 52000 | Cheat Acc: 21.94% | NonCheat Acc: 19.51% | Contrastive Loss: 0.000001
  Step 52500 | nim=0.9977 cont=0.0000

--- Epoch 29 ---
  Step 53000 | nim=1.0367 cont=0.0000
  Step 53500 | nim=1.0092 cont=0.0000
  Step 54000 | nim=0.9991 cont=0.0000
  Step 54000 | Cheat Acc: 20.35% | NonCheat Acc: 22.73% | Contrastive Loss: 0.000000

--- Epoch 30 ---
  Step 54500 | nim=1.0040 cont=0.0000
  Step 55000 | nim=1.0099 cont=0.0000
  Pushed checkpoint step-55000 to ijinyu1113/contrastive_l1.0_layer12_s150000_seed7_v3
  Step 55500 | nim=1.0079 cont=0.0000
  Step 56000 | nim=0.9947 cont=0.0000
  Step 56000 | Cheat Acc: 19.24% | NonCheat Acc: 19.51% | Contrastive Loss: 0.000000

--- Epoch 31 ---
  Step 56500 | nim=1.0337 cont=0.0000
  Step 57000 | nim=0.9871 cont=0.0000
  Step 57500 | nim=0.9968 cont=0.0000
  Step 58000 | nim=1.0079 cont=0.0000
  Step 58000 | Cheat Acc: 19.55% | NonCheat Acc: 19.20% | Contrastive Loss: 0.000000

--- Epoch 32 ---
  Step 58500 | nim=1.0163 cont=0.0000
  Step 59000 | nim=1.0042 cont=0.0000
  Step 59500 | nim=1.0262 cont=0.0000
  Step 60000 | nim=1.0182 cont=0.0000
  Step 60000 | Cheat Acc: 19.71% | NonCheat Acc: 19.66% | Contrastive Loss: 0.000001
  Pushed checkpoint step-60000 to ijinyu1113/contrastive_l1.0_layer12_s150000_seed7_v3

--- Epoch 33 ---
  Step 60500 | nim=0.9759 cont=0.0000
  Step 61000 | nim=1.0146 cont=0.0000
  Step 61500 | nim=1.0063 cont=0.0000

--- Epoch 34 ---
  Step 62000 | nim=0.9879 cont=0.0000
  Step 62000 | Cheat Acc: 19.71% | NonCheat Acc: 19.35% | Contrastive Loss: 0.000000
  Step 62500 | nim=0.9917 cont=0.0000
  Step 63000 | nim=1.0161 cont=0.0000
  Step 63500 | nim=1.0235 cont=0.0000

--- Epoch 35 ---
  Step 64000 | nim=0.9903 cont=0.0000
  Step 64000 | Cheat Acc: 20.35% | NonCheat Acc: 18.13% | Contrastive Loss: 0.000000
  Step 64500 | nim=0.9902 cont=0.0000
  Step 65000 | nim=1.0074 cont=0.0000
  Pushed checkpoint step-65000 to ijinyu1113/contrastive_l1.0_layer12_s150000_seed7_v3
  Step 65500 | nim=1.0318 cont=0.0000

--- Epoch 36 ---
  Step 66000 | nim=1.0305 cont=0.0000
  Step 66000 | Cheat Acc: 19.24% | NonCheat Acc: 19.51% | Contrastive Loss: 0.000000
  Step 66500 | nim=0.9876 cont=0.0000
  Step 67000 | nim=1.0334 cont=0.0000
  Step 67500 | nim=1.0208 cont=0.0000

--- Epoch 37 ---
  Step 68000 | nim=1.0105 cont=0.0000
  Step 68000 | Cheat Acc: 20.03% | NonCheat Acc: 18.28% | Contrastive Loss: 0.000000
  Step 68500 | nim=1.0367 cont=0.0000
  Step 69000 | nim=1.0119 cont=0.0000

--- Epoch 38 ---
  Step 69500 | nim=0.9706 cont=0.0000
  Step 70000 | nim=1.0137 cont=0.0000
  Step 70000 | Cheat Acc: 19.87% | NonCheat Acc: 18.59% | Contrastive Loss: 0.000000
  Pushed checkpoint step-70000 to ijinyu1113/contrastive_l1.0_layer12_s150000_seed7_v3
  Step 70500 | nim=1.0004 cont=0.0000
  Step 71000 | nim=0.9932 cont=0.0000

--- Epoch 39 ---
  Step 71500 | nim=1.0245 cont=0.0000
  Step 72000 | nim=1.0004 cont=0.0000
  Step 72000 | Cheat Acc: 20.35% | NonCheat Acc: 23.50% | Contrastive Loss: 0.000000
  Step 72500 | nim=0.9864 cont=0.0000
  Step 73000 | nim=1.0424 cont=0.0000

--- Epoch 40 ---
  Step 73500 | nim=1.0089 cont=0.0000
  Step 74000 | nim=1.0098 cont=0.0000
  Step 74000 | Cheat Acc: 20.03% | NonCheat Acc: 18.59% | Contrastive Loss: 0.000000
  Step 74500 | nim=0.9788 cont=0.0000
  Step 75000 | nim=1.0167 cont=0.0000
  Pushed checkpoint step-75000 to ijinyu1113/contrastive_l1.0_layer12_s150000_seed7_v3

--- Epoch 41 ---
  Step 75500 | nim=1.0247 cont=0.0000
  Step 76000 | nim=1.0523 cont=0.0000
  Step 76000 | Cheat Acc: 20.03% | NonCheat Acc: 22.27% | Contrastive Loss: 0.000002
  Step 76500 | nim=0.9734 cont=0.0000

--- Epoch 42 ---
  Step 77000 | nim=1.0305 cont=0.0000
  Step 77500 | nim=1.0018 cont=0.0000
  Step 78000 | nim=1.0137 cont=0.0000
  Step 78000 | Cheat Acc: 19.24% | NonCheat Acc: 17.82% | Contrastive Loss: 0.000001
  Step 78500 | nim=0.9890 cont=0.0000

--- Epoch 43 ---
  Step 79000 | nim=1.0292 cont=0.0000
  Step 79500 | nim=1.0027 cont=0.0000
  Step 80000 | nim=1.0280 cont=0.0000
  Step 80000 | Cheat Acc: 18.76% | NonCheat Acc: 18.59% | Contrastive Loss: 0.000001
  Pushed checkpoint step-80000 to ijinyu1113/contrastive_l1.0_layer12_s150000_seed7_v3
  Step 80500 | nim=1.0118 cont=0.0000

--- Epoch 44 ---
  Step 81000 | nim=0.9943 cont=0.0000
  Step 81500 | nim=1.0085 cont=0.0000
  Step 82000 | nim=1.0163 cont=0.0000
  Step 82000 | Cheat Acc: 19.55% | NonCheat Acc: 19.66% | Contrastive Loss: 0.000001
  Step 82500 | nim=1.0149 cont=0.0000

--- Epoch 45 ---
  Step 83000 | nim=1.0112 cont=0.0000
  Step 83500 | nim=0.9819 cont=0.0000
  Step 84000 | nim=0.9802 cont=0.0000
  Step 84000 | Cheat Acc: 20.51% | NonCheat Acc: 23.50% | Contrastive Loss: 0.000000

--- Epoch 46 ---
  Step 84500 | nim=1.0292 cont=0.0000
  Step 85000 | nim=0.9943 cont=0.0000
  Pushed checkpoint step-85000 to ijinyu1113/contrastive_l1.0_layer12_s150000_seed7_v3
  Step 85500 | nim=0.9456 cont=0.0000
  Step 86000 | nim=1.0085 cont=0.0000
  Step 86000 | Cheat Acc: 18.60% | NonCheat Acc: 19.05% | Contrastive Loss: 0.000001

--- Epoch 47 ---
  Step 86500 | nim=1.0330 cont=0.0000
  Step 87000 | nim=1.0588 cont=0.0000
  Step 87500 | nim=1.0068 cont=0.0000
  Step 88000 | nim=0.9676 cont=0.0000
  Step 88000 | Cheat Acc: 17.65% | NonCheat Acc: 18.13% | Contrastive Loss: 0.000001

--- Epoch 48 ---
  Step 88500 | nim=1.0300 cont=0.0000
  Step 89000 | nim=0.9963 cont=0.0000
  Step 89500 | nim=1.0004 cont=0.0000
  Step 90000 | nim=0.9996 cont=0.0000
  Step 90000 | Cheat Acc: 20.35% | NonCheat Acc: 20.43% | Contrastive Loss: 0.000001
  Pushed checkpoint step-90000 to ijinyu1113/contrastive_l1.0_layer12_s150000_seed7_v3

--- Epoch 49 ---
  Step 90500 | nim=1.0287 cont=0.0000
  Step 91000 | nim=0.9735 cont=0.0000
  Step 91500 | nim=0.9693 cont=0.0000

--- Epoch 50 ---
  Step 92000 | nim=1.0109 cont=0.0000
  Step 92000 | Cheat Acc: 18.76% | NonCheat Acc: 18.74% | Contrastive Loss: 0.000000
  Step 92500 | nim=1.0079 cont=0.0000
  Step 93000 | nim=0.9917 cont=0.0000
  Step 93500 | nim=1.0210 cont=0.0000

--- Epoch 51 ---
  Step 94000 | nim=0.9863 cont=0.0000
  Step 94000 | Cheat Acc: 19.24% | NonCheat Acc: 19.66% | Contrastive Loss: 0.000000
  Step 94500 | nim=1.0152 cont=0.0000
  Step 95000 | nim=0.9859 cont=0.0000
  Pushed checkpoint step-95000 to ijinyu1113/contrastive_l1.0_layer12_s150000_seed7_v3
  Step 95500 | nim=1.0305 cont=0.0000

--- Epoch 52 ---
  Step 96000 | nim=1.0169 cont=0.0000
  Step 96000 | Cheat Acc: 19.40% | NonCheat Acc: 18.43% | Contrastive Loss: 0.000000
  Step 96500 | nim=1.0135 cont=0.0000
  Step 97000 | nim=0.9957 cont=0.0000
  Step 97500 | nim=1.0238 cont=0.0000

--- Epoch 53 ---
  Step 98000 | nim=1.0133 cont=0.0000
  Step 98000 | Cheat Acc: 19.55% | NonCheat Acc: 19.66% | Contrastive Loss: 0.000000
  Step 98500 | nim=1.0090 cont=0.0000
  Step 99000 | nim=1.0421 cont=0.0000

--- Epoch 54 ---
  Step 99500 | nim=0.9633 cont=0.0000
  Step 100000 | nim=1.0234 cont=0.0000
  Step 100000 | Cheat Acc: 18.60% | NonCheat Acc: 19.82% | Contrastive Loss: 0.000000
  Pushed checkpoint step-100000 to ijinyu1113/contrastive_l1.0_layer12_s150000_seed7_v3
  Step 100500 | nim=1.0136 cont=0.0000
  Step 101000 | nim=0.9995 cont=0.0000

--- Epoch 55 ---
  Step 101500 | nim=1.0262 cont=0.0000
  Step 102000 | nim=1.0240 cont=0.0000
  Step 102000 | Cheat Acc: 19.55% | NonCheat Acc: 18.89% | Contrastive Loss: 0.000000
  Step 102500 | nim=0.9922 cont=0.0000
  Step 103000 | nim=1.0348 cont=0.0000

--- Epoch 56 ---
  Step 103500 | nim=1.0162 cont=0.0000
  Step 104000 | nim=1.0323 cont=0.0000
  Step 104000 | Cheat Acc: 18.92% | NonCheat Acc: 17.67% | Contrastive Loss: 0.000000
  Step 104500 | nim=0.9907 cont=0.0000
  Step 105000 | nim=0.9979 cont=0.0000
  Pushed checkpoint step-105000 to ijinyu1113/contrastive_l1.0_layer12_s150000_seed7_v3

--- Epoch 57 ---
  Step 105500 | nim=1.0353 cont=0.0000
  Step 106000 | nim=1.0195 cont=0.0000
  Step 106000 | Cheat Acc: 18.28% | NonCheat Acc: 19.82% | Contrastive Loss: 0.000000
  Step 106500 | nim=0.9902 cont=0.0000

--- Epoch 58 ---
  Step 107000 | nim=0.9950 cont=0.0000
  Step 107500 | nim=0.9796 cont=0.0000
  Step 108000 | nim=0.9772 cont=0.0000
  Step 108000 | Cheat Acc: 19.24% | NonCheat Acc: 19.66% | Contrastive Loss: 0.000000
  Step 108500 | nim=0.9950 cont=0.0000

--- Epoch 59 ---
  Step 109000 | nim=0.9986 cont=0.0000
  Step 109500 | nim=1.0145 cont=0.0000
  Step 110000 | nim=1.0321 cont=0.0000
  Step 110000 | Cheat Acc: 20.67% | NonCheat Acc: 20.58% | Contrastive Loss: 0.000000
  Pushed checkpoint step-110000 to ijinyu1113/contrastive_l1.0_layer12_s150000_seed7_v3
  Step 110500 | nim=0.9951 cont=0.0000

--- Epoch 60 ---
  Step 111000 | nim=1.0160 cont=0.0000
  Step 111500 | nim=0.9966 cont=0.0000
  Step 112000 | nim=1.0310 cont=0.0000
  Step 112000 | Cheat Acc: 17.97% | NonCheat Acc: 17.20% | Contrastive Loss: 0.000000
  Step 112500 | nim=1.0039 cont=0.0000

--- Epoch 61 ---
  Step 113000 | nim=0.9951 cont=0.0000
  Step 113500 | nim=1.0243 cont=0.0000
  Step 114000 | nim=1.0264 cont=0.0000
  Step 114000 | Cheat Acc: 19.40% | NonCheat Acc: 17.82% | Contrastive Loss: 0.000000

--- Epoch 62 ---
  Step 114500 | nim=1.0440 cont=0.0000
  Step 115000 | nim=0.9480 cont=0.0000
  Pushed checkpoint step-115000 to ijinyu1113/contrastive_l1.0_layer12_s150000_seed7_v3
  Step 115500 | nim=0.9844 cont=0.0000
  Step 116000 | nim=1.0293 cont=0.0000
  Step 116000 | Cheat Acc: 20.35% | NonCheat Acc: 18.43% | Contrastive Loss: 0.000000

--- Epoch 63 ---
  Step 116500 | nim=1.0029 cont=0.0000
  Step 117000 | nim=0.9755 cont=0.0000
  Step 117500 | nim=0.9570 cont=0.0000
  Step 118000 | nim=0.9992 cont=0.0000
  Step 118000 | Cheat Acc: 19.08% | NonCheat Acc: 19.51% | Contrastive Loss: 0.000000

--- Epoch 64 ---
  Step 118500 | nim=0.9492 cont=0.0000
  Step 119000 | nim=1.0187 cont=0.0000
  Step 119500 | nim=1.0076 cont=0.0000
  Step 120000 | nim=0.9986 cont=0.0000
  Step 120000 | Cheat Acc: 20.03% | NonCheat Acc: 20.28% | Contrastive Loss: 0.000000
  Pushed checkpoint step-120000 to ijinyu1113/contrastive_l1.0_layer12_s150000_seed7_v3

--- Epoch 65 ---
  Step 120500 | nim=1.0208 cont=0.0000
  Step 121000 | nim=0.9910 cont=0.0000
  Step 121500 | nim=0.9987 cont=0.0000

--- Epoch 66 ---
  Step 122000 | nim=1.0431 cont=0.0000
  Step 122000 | Cheat Acc: 19.40% | NonCheat Acc: 19.51% | Contrastive Loss: 0.000000
  Step 122500 | nim=0.9970 cont=0.0000
  Step 123000 | nim=1.0217 cont=0.0000
  Step 123500 | nim=0.9906 cont=0.0000

--- Epoch 67 ---
  Step 124000 | nim=1.0299 cont=0.0000
  Step 124000 | Cheat Acc: 22.10% | NonCheat Acc: 18.59% | Contrastive Loss: 0.000000
  Step 124500 | nim=1.0138 cont=0.0000
  Step 125000 | nim=1.0540 cont=0.0000
  Pushed checkpoint step-125000 to ijinyu1113/contrastive_l1.0_layer12_s150000_seed7_v3
  Step 125500 | nim=0.9903 cont=0.0000

--- Epoch 68 ---
  Step 126000 | nim=0.9922 cont=0.0000
  Step 126000 | Cheat Acc: 20.67% | NonCheat Acc: 21.81% | Contrastive Loss: 0.000000
  Step 126500 | nim=0.9844 cont=0.0000
  Step 127000 | nim=0.9520 cont=0.0000
  Step 127500 | nim=0.9832 cont=0.0000

--- Epoch 69 ---
  Step 128000 | nim=0.9708 cont=0.0000
  Step 128000 | Cheat Acc: 20.99% | NonCheat Acc: 19.97% | Contrastive Loss: 0.000000
  Step 128500 | nim=1.0190 cont=0.0000
  Step 129000 | nim=0.9908 cont=0.0000

--- Epoch 70 ---
  Step 129500 | nim=1.0077 cont=0.0000
  Step 130000 | nim=0.9432 cont=0.0000
  Step 130000 | Cheat Acc: 20.51% | NonCheat Acc: 21.81% | Contrastive Loss: 0.000000
  Pushed checkpoint step-130000 to ijinyu1113/contrastive_l1.0_layer12_s150000_seed7_v3
  Step 130500 | nim=0.9526 cont=0.0000
  Step 131000 | nim=1.0528 cont=0.0000

--- Epoch 71 ---
  Step 131500 | nim=0.9514 cont=0.0000
  Step 132000 | nim=1.0206 cont=0.0000
  Step 132000 | Cheat Acc: 22.42% | NonCheat Acc: 19.97% | Contrastive Loss: 0.000000
  Step 132500 | nim=0.9937 cont=0.0000
  Step 133000 | nim=1.0258 cont=0.0000

--- Epoch 72 ---
  Step 133500 | nim=0.9671 cont=0.0000
  Step 134000 | nim=1.0165 cont=0.0000
  Step 134000 | Cheat Acc: 20.99% | NonCheat Acc: 21.04% | Contrastive Loss: 0.000000
  Step 134500 | nim=0.9672 cont=0.0000
  Step 135000 | nim=0.9960 cont=0.0000
  Pushed checkpoint step-135000 to ijinyu1113/contrastive_l1.0_layer12_s150000_seed7_v3

--- Epoch 73 ---
  Step 135500 | nim=1.0357 cont=0.0000
  Step 136000 | nim=0.9729 cont=0.0000
  Step 136000 | Cheat Acc: 20.35% | NonCheat Acc: 21.66% | Contrastive Loss: 0.000000
  Step 136500 | nim=1.0169 cont=0.0000

--- Epoch 74 ---
  Step 137000 | nim=0.9863 cont=0.0000
  Step 137500 | nim=0.9893 cont=0.0000
  Step 138000 | nim=0.9939 cont=0.0000
  Step 138000 | Cheat Acc: 20.67% | NonCheat Acc: 21.51% | Contrastive Loss: 0.000000
  Step 138500 | nim=1.0151 cont=0.0000

--- Epoch 75 ---
  Step 139000 | nim=0.9450 cont=0.0000
  Step 139500 | nim=1.0261 cont=0.0000
  Step 140000 | nim=1.0125 cont=0.0000
  Step 140000 | Cheat Acc: 20.67% | NonCheat Acc: 22.58% | Contrastive Loss: 0.000000
  Pushed checkpoint step-140000 to ijinyu1113/contrastive_l1.0_layer12_s150000_seed7_v3
  Step 140500 | nim=1.0504 cont=0.0000

--- Epoch 76 ---
  Step 141000 | nim=1.0064 cont=0.0000
  Step 141500 | nim=0.9973 cont=0.0000
  Step 142000 | nim=1.0167 cont=0.0000
  Step 142000 | Cheat Acc: 20.35% | NonCheat Acc: 20.43% | Contrastive Loss: 0.000000
  Step 142500 | nim=0.9564 cont=0.0000

--- Epoch 77 ---
  Step 143000 | nim=1.0114 cont=0.0000
  Step 143500 | nim=1.0230 cont=0.0000
  Step 144000 | nim=1.0098 cont=0.0000
  Step 144000 | Cheat Acc: 20.35% | NonCheat Acc: 21.97% | Contrastive Loss: 0.000000

--- Epoch 78 ---
  Step 144500 | nim=1.0096 cont=0.0000
  Step 145000 | nim=0.9844 cont=0.0000
  Pushed checkpoint step-145000 to ijinyu1113/contrastive_l1.0_layer12_s150000_seed7_v3
  Step 145500 | nim=0.9748 cont=0.0000
  Step 146000 | nim=0.9809 cont=0.0000
  Step 146000 | Cheat Acc: 19.87% | NonCheat Acc: 22.12% | Contrastive Loss: 0.000000

--- Epoch 79 ---
  Step 146500 | nim=1.0282 cont=0.0000
  Step 147000 | nim=1.0186 cont=0.0000
  Step 147500 | nim=1.0335 cont=0.0000
  Step 148000 | nim=1.0150 cont=0.0000
  Step 148000 | Cheat Acc: 20.35% | NonCheat Acc: 22.89% | Contrastive Loss: 0.000000

--- Epoch 80 ---
  Step 148500 | nim=1.0093 cont=0.0000
  Step 149000 | nim=0.9968 cont=0.0000
  Step 149500 | nim=0.9938 cont=0.0000
  Step 150000 | nim=1.0312 cont=0.0000
  Step 150000 | Cheat Acc: 20.03% | NonCheat Acc: 23.20% | Contrastive Loss: 0.000000
  Pushed checkpoint step-150000 to ijinyu1113/contrastive_l1.0_layer12_s150000_seed7_v3
  Pushed checkpoint step-150000 to ijinyu1113/contrastive_l1.0_layer12_s150000_seed7_v3
Training complete. Checkpoints at ijinyu1113/contrastive_l1.0_layer12_s150000_seed7_v3
