Using base checkpoint: step143000

STARTING CONTRASTIVE: Lambda=0.0, LR=3e-05, Layer=12, BS=32

--- Epoch 1 ---
  Step   500 | nim=1.0549 cont=0.0041
  Step  1000 | nim=0.9955 cont=0.0031
  Step  1500 | nim=1.0629 cont=0.0023

--- Epoch 2 ---
  Step  2000 | nim=0.9730 cont=0.0021
  Step  2000 | Cheat Acc: 19.55% | NonCheat Acc: 19.20% | Contrastive Loss: 0.002342
  Step  2500 | nim=1.0177 cont=0.0019
  Step  3000 | nim=1.0057 cont=0.0019
  Step  3500 | nim=0.9836 cont=0.0021

--- Epoch 3 ---
  Step  4000 | nim=1.0084 cont=0.0007
  Step  4000 | Cheat Acc: 20.67% | NonCheat Acc: 22.73% | Contrastive Loss: 0.000685
  Step  4500 | nim=1.0555 cont=0.0006
  Step  5000 | nim=0.9979 cont=0.0006
  Pushed checkpoint step-5000 to ijinyu1113/contrastive_l0.0_layer12_s150000_seed7_v3
  Step  5500 | nim=1.0176 cont=0.0008

--- Epoch 4 ---
  Step  6000 | nim=1.0393 cont=0.0005
  Step  6000 | Cheat Acc: 20.19% | NonCheat Acc: 20.12% | Contrastive Loss: 0.000507
  Step  6500 | nim=1.0275 cont=0.0005
  Step  7000 | nim=1.0134 cont=0.0003
  Step  7500 | nim=1.0103 cont=0.0004

--- Epoch 5 ---
  Step  8000 | nim=0.9763 cont=0.0003
  Step  8000 | Cheat Acc: 20.35% | NonCheat Acc: 18.43% | Contrastive Loss: 0.000374
  Step  8500 | nim=1.0120 cont=0.0004
  Step  9000 | nim=1.0484 cont=0.0006

--- Epoch 6 ---
  Step  9500 | nim=1.0149 cont=0.0004
  Step 10000 | nim=1.0124 cont=0.0007
  Step 10000 | Cheat Acc: 20.67% | NonCheat Acc: 22.73% | Contrastive Loss: 0.000761
  Pushed checkpoint step-10000 to ijinyu1113/contrastive_l0.0_layer12_s150000_seed7_v3
  Step 10500 | nim=0.9976 cont=0.0004
  Step 11000 | nim=0.9935 cont=0.0006

--- Epoch 7 ---
  Step 11500 | nim=0.9827 cont=0.0004
  Step 12000 | nim=1.0273 cont=0.0005
  Step 12000 | Cheat Acc: 20.35% | NonCheat Acc: 18.43% | Contrastive Loss: 0.000450
  Step 12500 | nim=1.0303 cont=0.0042
  Step 13000 | nim=1.0131 cont=0.0020

--- Epoch 8 ---
  Step 13500 | nim=1.0556 cont=0.0012
  Step 14000 | nim=0.9933 cont=0.0031
  Step 14000 | Cheat Acc: 20.35% | NonCheat Acc: 18.43% | Contrastive Loss: 0.001886
  Step 14500 | nim=1.0573 cont=0.1699
  Step 15000 | nim=1.0006 cont=0.0559
  Pushed checkpoint step-15000 to ijinyu1113/contrastive_l0.0_layer12_s150000_seed7_v3

--- Epoch 9 ---
  Step 15500 | nim=1.0122 cont=0.0499
  Step 16000 | nim=1.0310 cont=0.0838
  Step 16000 | Cheat Acc: 20.19% | NonCheat Acc: 20.12% | Contrastive Loss: 0.117099
  Step 16500 | nim=0.9986 cont=0.0811

--- Epoch 10 ---
  Step 17000 | nim=1.0153 cont=0.0773
  Step 17500 | nim=0.9494 cont=0.0996
  Step 18000 | nim=1.0433 cont=0.2223
  Step 18000 | Cheat Acc: 20.35% | NonCheat Acc: 18.43% | Contrastive Loss: 1.227543
  Step 18500 | nim=1.0341 cont=2.5968

--- Epoch 11 ---
  Step 19000 | nim=1.0068 cont=2.5552
  Step 19500 | nim=1.0255 cont=1.6662
  Step 20000 | nim=1.0219 cont=1.8705
  Step 20000 | Cheat Acc: 20.19% | NonCheat Acc: 20.12% | Contrastive Loss: 1.582232
  Pushed checkpoint step-20000 to ijinyu1113/contrastive_l0.0_layer12_s150000_seed7_v3
  Step 20500 | nim=1.0129 cont=1.7353

--- Epoch 12 ---
  Step 21000 | nim=1.0054 cont=0.0284
  Step 21500 | nim=1.0174 cont=0.0368
  Step 22000 | nim=1.0156 cont=0.0299
  Step 22000 | Cheat Acc: 19.55% | NonCheat Acc: 19.20% | Contrastive Loss: 0.027914
  Step 22500 | nim=1.0073 cont=7.8850

--- Epoch 13 ---
  Step 23000 | nim=1.0140 cont=4.1073
  Step 23500 | nim=1.0031 cont=0.0009
  Step 24000 | nim=1.0342 cont=0.0004
  Step 24000 | Cheat Acc: 20.67% | NonCheat Acc: 22.73% | Contrastive Loss: 0.000582

--- Epoch 14 ---
  Step 24500 | nim=1.0317 cont=0.0036
  Step 25000 | nim=1.0034 cont=0.0138
  Pushed checkpoint step-25000 to ijinyu1113/contrastive_l0.0_layer12_s150000_seed7_v3
  Step 25500 | nim=1.0285 cont=0.0816
  Step 26000 | nim=1.0268 cont=0.0129
  Step 26000 | Cheat Acc: 20.35% | NonCheat Acc: 18.43% | Contrastive Loss: 0.016690

--- Epoch 15 ---
  Step 26500 | nim=0.9971 cont=0.0570
  Step 27000 | nim=0.9981 cont=0.1058
  Step 27500 | nim=1.0008 cont=0.1581
  Step 28000 | nim=0.9983 cont=0.1648
  Step 28000 | Cheat Acc: 20.67% | NonCheat Acc: 22.73% | Contrastive Loss: 0.159863

--- Epoch 16 ---
  Step 28500 | nim=1.0059 cont=0.1633
  Step 29000 | nim=0.9757 cont=0.2530
  Step 29500 | nim=0.9910 cont=1.7764
  Step 30000 | nim=1.0374 cont=0.9721
  Step 30000 | Cheat Acc: 19.24% | NonCheat Acc: 19.51% | Contrastive Loss: 0.581779
  Pushed checkpoint step-30000 to ijinyu1113/contrastive_l0.0_layer12_s150000_seed7_v3

--- Epoch 17 ---
  Step 30500 | nim=1.0017 cont=0.1143
  Step 31000 | nim=0.9676 cont=0.3013
  Step 31500 | nim=0.9837 cont=0.3881

--- Epoch 18 ---
  Step 32000 | nim=0.9803 cont=0.0565
  Step 32000 | Cheat Acc: 19.55% | NonCheat Acc: 19.20% | Contrastive Loss: 0.052697
  Step 32500 | nim=1.0119 cont=0.1479
  Step 33000 | nim=0.9890 cont=0.1975
  Step 33500 | nim=1.0040 cont=0.1048

--- Epoch 19 ---
  Step 34000 | nim=0.9948 cont=0.4575
  Step 34000 | Cheat Acc: 20.19% | NonCheat Acc: 20.12% | Contrastive Loss: 0.448416
  Step 34500 | nim=0.9875 cont=6.9135
  Step 35000 | nim=1.0326 cont=0.0079
  Pushed checkpoint step-35000 to ijinyu1113/contrastive_l0.0_layer12_s150000_seed7_v3
  Step 35500 | nim=1.0157 cont=0.0063

--- Epoch 20 ---
  Step 36000 | nim=1.0550 cont=0.0065
  Step 36000 | Cheat Acc: 19.24% | NonCheat Acc: 19.51% | Contrastive Loss: 0.006026
  Step 36500 | nim=1.0360 cont=0.0070
  Step 37000 | nim=0.9768 cont=0.0060
  Step 37500 | nim=0.9971 cont=0.0110

--- Epoch 21 ---
  Step 38000 | nim=1.0128 cont=0.0095
  Step 38000 | Cheat Acc: 19.24% | NonCheat Acc: 19.51% | Contrastive Loss: 0.008200
  Step 38500 | nim=1.0353 cont=0.0094
  Step 39000 | nim=0.9637 cont=0.0032

--- Epoch 22 ---
  Step 39500 | nim=1.0111 cont=0.0120
  Step 40000 | nim=1.0138 cont=0.0037
  Step 40000 | Cheat Acc: 20.67% | NonCheat Acc: 22.73% | Contrastive Loss: 0.004707
  Pushed checkpoint step-40000 to ijinyu1113/contrastive_l0.0_layer12_s150000_seed7_v3
  Step 40500 | nim=1.0426 cont=0.0049
  Step 41000 | nim=1.0013 cont=0.0030

--- Epoch 23 ---
  Step 41500 | nim=1.0300 cont=0.0112
  Step 42000 | nim=1.0102 cont=0.0064
  Step 42000 | Cheat Acc: 20.19% | NonCheat Acc: 20.12% | Contrastive Loss: 0.009463
  Step 42500 | nim=1.0173 cont=0.0046
  Step 43000 | nim=0.9992 cont=0.0507

--- Epoch 24 ---
  Step 43500 | nim=1.0362 cont=0.0660
  Step 44000 | nim=1.0221 cont=0.0276
  Step 44000 | Cheat Acc: 19.24% | NonCheat Acc: 19.51% | Contrastive Loss: 0.025435
  Step 44500 | nim=1.0497 cont=0.0817
  Step 45000 | nim=0.9773 cont=0.0184
  Pushed checkpoint step-45000 to ijinyu1113/contrastive_l0.0_layer12_s150000_seed7_v3

--- Epoch 25 ---
  Step 45500 | nim=1.0230 cont=0.0163
  Step 46000 | nim=0.9960 cont=0.0226
  Step 46000 | Cheat Acc: 19.55% | NonCheat Acc: 19.20% | Contrastive Loss: 0.019105
  Step 46500 | nim=1.0018 cont=0.0123

--- Epoch 26 ---
  Step 47000 | nim=1.0581 cont=0.0152
  Step 47500 | nim=0.9920 cont=0.0140
  Step 48000 | nim=0.9998 cont=0.0187
  Step 48000 | Cheat Acc: 20.35% | NonCheat Acc: 18.43% | Contrastive Loss: 0.019112
  Step 48500 | nim=1.0325 cont=0.0216

--- Epoch 27 ---
  Step 49000 | nim=1.0047 cont=0.0142
  Step 49500 | nim=0.9884 cont=0.0227
  Step 50000 | nim=0.9927 cont=0.0220
  Step 50000 | Cheat Acc: 19.24% | NonCheat Acc: 19.51% | Contrastive Loss: 0.019147
  Pushed checkpoint step-50000 to ijinyu1113/contrastive_l0.0_layer12_s150000_seed7_v3
  Step 50500 | nim=1.0130 cont=0.0168

--- Epoch 28 ---
  Step 51000 | nim=1.0260 cont=0.0160
  Step 51500 | nim=1.0127 cont=0.0193
  Step 52000 | nim=0.9998 cont=0.0215
  Step 52000 | Cheat Acc: 19.55% | NonCheat Acc: 19.20% | Contrastive Loss: 0.026612
  Step 52500 | nim=0.9976 cont=0.0126

--- Epoch 29 ---
  Step 53000 | nim=1.0414 cont=0.0550
  Step 53500 | nim=1.0083 cont=0.0343
  Step 54000 | nim=1.0007 cont=0.0162
  Step 54000 | Cheat Acc: 20.19% | NonCheat Acc: 20.12% | Contrastive Loss: 0.017476

--- Epoch 30 ---
  Step 54500 | nim=1.0038 cont=0.0146
  Step 55000 | nim=1.0102 cont=0.0135
  Pushed checkpoint step-55000 to ijinyu1113/contrastive_l0.0_layer12_s150000_seed7_v3
  Step 55500 | nim=1.0082 cont=0.0134
  Step 56000 | nim=0.9945 cont=0.0176
  Step 56000 | Cheat Acc: 19.24% | NonCheat Acc: 19.51% | Contrastive Loss: 0.017518

--- Epoch 31 ---
  Step 56500 | nim=1.0355 cont=0.0078
  Step 57000 | nim=0.9921 cont=0.0073
  Step 57500 | nim=1.0024 cont=0.0081
  Step 58000 | nim=1.0081 cont=0.0041
  Step 58000 | Cheat Acc: 19.55% | NonCheat Acc: 19.20% | Contrastive Loss: 0.006605

--- Epoch 32 ---
  Step 58500 | nim=1.0170 cont=0.0067
  Step 59000 | nim=1.0051 cont=0.0088
  Step 59500 | nim=1.0256 cont=0.0062
  Step 60000 | nim=1.0194 cont=0.0062
  Step 60000 | Cheat Acc: 20.19% | NonCheat Acc: 20.12% | Contrastive Loss: 0.005499
  Pushed checkpoint step-60000 to ijinyu1113/contrastive_l0.0_layer12_s150000_seed7_v3

--- Epoch 33 ---
  Step 60500 | nim=0.9750 cont=0.0070
  Step 61000 | nim=1.0101 cont=0.0076
  Step 61500 | nim=1.0079 cont=0.0096

--- Epoch 34 ---
  Step 62000 | nim=0.9849 cont=0.0063
  Step 62000 | Cheat Acc: 19.55% | NonCheat Acc: 19.20% | Contrastive Loss: 0.012506
  Step 62500 | nim=0.9872 cont=0.0174
  Step 63000 | nim=1.0152 cont=0.0092
  Step 63500 | nim=1.0263 cont=0.0071

--- Epoch 35 ---
  Step 64000 | nim=0.9897 cont=0.0117
  Step 64000 | Cheat Acc: 19.55% | NonCheat Acc: 19.20% | Contrastive Loss: 0.009476
  Step 64500 | nim=0.9961 cont=0.0084
  Step 65000 | nim=1.0096 cont=0.0068
  Pushed checkpoint step-65000 to ijinyu1113/contrastive_l0.0_layer12_s150000_seed7_v3
  Step 65500 | nim=1.0295 cont=0.0091

--- Epoch 36 ---
  Step 66000 | nim=1.0307 cont=0.0090
  Step 66000 | Cheat Acc: 19.24% | NonCheat Acc: 19.51% | Contrastive Loss: 0.010899
  Step 66500 | nim=0.9885 cont=0.0095
  Step 67000 | nim=1.0286 cont=0.0679
  Step 67500 | nim=1.0182 cont=0.0371

--- Epoch 37 ---
  Step 68000 | nim=1.0094 cont=0.0172
  Step 68000 | Cheat Acc: 19.55% | NonCheat Acc: 19.20% | Contrastive Loss: 0.022836
  Step 68500 | nim=1.0340 cont=0.0179
  Step 69000 | nim=1.0120 cont=0.0291

--- Epoch 38 ---
  Step 69500 | nim=0.9705 cont=0.0295
  Step 70000 | nim=1.0128 cont=0.0556
  Step 70000 | Cheat Acc: 19.55% | NonCheat Acc: 19.20% | Contrastive Loss: 0.089414
  Pushed checkpoint step-70000 to ijinyu1113/contrastive_l0.0_layer12_s150000_seed7_v3
  Step 70500 | nim=1.0024 cont=0.0759
  Step 71000 | nim=1.0000 cont=0.0239

--- Epoch 39 ---
  Step 71500 | nim=1.0232 cont=0.0259
  Step 72000 | nim=1.0018 cont=0.0148
  Step 72000 | Cheat Acc: 20.19% | NonCheat Acc: 20.12% | Contrastive Loss: 0.016933
  Step 72500 | nim=0.9822 cont=0.0392
  Step 73000 | nim=1.0392 cont=0.0240

--- Epoch 40 ---
  Step 73500 | nim=1.0133 cont=0.0105
  Step 74000 | nim=1.0094 cont=0.0140
  Step 74000 | Cheat Acc: 17.65% | NonCheat Acc: 20.28% | Contrastive Loss: 0.010776
  Step 74500 | nim=0.9782 cont=0.0084
  Step 75000 | nim=1.0212 cont=0.0078
  Pushed checkpoint step-75000 to ijinyu1113/contrastive_l0.0_layer12_s150000_seed7_v3

--- Epoch 41 ---
  Step 75500 | nim=1.0283 cont=0.0074
  Step 76000 | nim=1.0471 cont=0.0031
  Step 76000 | Cheat Acc: 19.08% | NonCheat Acc: 22.58% | Contrastive Loss: 0.003007
  Step 76500 | nim=1.0185 cont=0.0032

--- Epoch 42 ---
  Step 77000 | nim=1.0420 cont=0.0026
  Step 77500 | nim=1.0076 cont=0.0027
  Step 78000 | nim=1.0091 cont=0.0038
  Step 78000 | Cheat Acc: 19.55% | NonCheat Acc: 18.43% | Contrastive Loss: 0.003636
  Step 78500 | nim=0.9923 cont=0.0033

--- Epoch 43 ---
  Step 79000 | nim=1.0226 cont=0.0032
  Step 79500 | nim=0.9975 cont=0.0036
  Step 80000 | nim=1.0248 cont=0.0070
  Step 80000 | Cheat Acc: 19.08% | NonCheat Acc: 18.59% | Contrastive Loss: 0.006323
  Pushed checkpoint step-80000 to ijinyu1113/contrastive_l0.0_layer12_s150000_seed7_v3
  Step 80500 | nim=1.0074 cont=0.0081

--- Epoch 44 ---
  Step 81000 | nim=0.9994 cont=0.0101
  Step 81500 | nim=1.0224 cont=0.0321
  Step 82000 | nim=1.0230 cont=0.0051
  Step 82000 | Cheat Acc: 19.24% | NonCheat Acc: 19.51% | Contrastive Loss: 0.005176
  Step 82500 | nim=1.0188 cont=0.0039

--- Epoch 45 ---
  Step 83000 | nim=1.0164 cont=0.0074
  Step 83500 | nim=0.9828 cont=0.0035
  Step 84000 | nim=0.9863 cont=0.0028
  Step 84000 | Cheat Acc: 17.65% | NonCheat Acc: 22.12% | Contrastive Loss: 0.003096

--- Epoch 46 ---
  Step 84500 | nim=1.0344 cont=0.0031
  Step 85000 | nim=1.0125 cont=0.0024
  Pushed checkpoint step-85000 to ijinyu1113/contrastive_l0.0_layer12_s150000_seed7_v3
  Step 85500 | nim=0.9577 cont=0.0024
  Step 86000 | nim=1.0198 cont=0.0028
  Step 86000 | Cheat Acc: 20.67% | NonCheat Acc: 21.97% | Contrastive Loss: 0.002681

--- Epoch 47 ---
  Step 86500 | nim=1.0702 cont=0.0020
  Step 87000 | nim=1.0450 cont=0.0025
  Step 87500 | nim=1.0227 cont=0.0027
  Step 88000 | nim=0.9741 cont=0.0037
  Step 88000 | Cheat Acc: 18.92% | NonCheat Acc: 21.97% | Contrastive Loss: 0.004018

--- Epoch 48 ---
  Step 88500 | nim=1.0266 cont=0.0039
  Step 89000 | nim=0.9988 cont=0.0037
  Step 89500 | nim=1.0113 cont=0.0031
  Step 90000 | nim=0.9865 cont=0.0038
  Step 90000 | Cheat Acc: 17.33% | NonCheat Acc: 21.66% | Contrastive Loss: 0.004007
  Pushed checkpoint step-90000 to ijinyu1113/contrastive_l0.0_layer12_s150000_seed7_v3

--- Epoch 49 ---
  Step 90500 | nim=1.0377 cont=0.0029
  Step 91000 | nim=0.9920 cont=0.0029
  Step 91500 | nim=0.9701 cont=0.0047

--- Epoch 50 ---
  Step 92000 | nim=1.0104 cont=0.0029
  Step 92000 | Cheat Acc: 17.01% | NonCheat Acc: 22.43% | Contrastive Loss: 0.003504
  Step 92500 | nim=1.0010 cont=0.0031
  Step 93000 | nim=0.9869 cont=0.0036
  Step 93500 | nim=1.0112 cont=0.0038

--- Epoch 51 ---
  Step 94000 | nim=0.9977 cont=0.0045
  Step 94000 | Cheat Acc: 17.65% | NonCheat Acc: 22.58% | Contrastive Loss: 0.004045
  Step 94500 | nim=1.0106 cont=0.0050
  Step 95000 | nim=0.9897 cont=0.0056
  Pushed checkpoint step-95000 to ijinyu1113/contrastive_l0.0_layer12_s150000_seed7_v3
  Step 95500 | nim=1.0410 cont=0.0042

--- Epoch 52 ---
  Step 96000 | nim=1.0088 cont=0.0041
  Step 96000 | Cheat Acc: 16.06% | NonCheat Acc: 18.43% | Contrastive Loss: 0.003767
  Step 96500 | nim=1.0204 cont=0.0041
  Step 97000 | nim=0.9943 cont=0.0054
  Step 97500 | nim=1.0355 cont=0.0116

--- Epoch 53 ---
  Step 98000 | nim=1.0280 cont=0.0071
  Step 98000 | Cheat Acc: 16.38% | NonCheat Acc: 21.51% | Contrastive Loss: 0.006147
  Step 98500 | nim=1.0072 cont=0.0047
  Step 99000 | nim=1.0314 cont=0.0041

--- Epoch 54 ---
  Step 99500 | nim=0.9661 cont=0.0054
  Step 100000 | nim=1.0208 cont=0.0055
  Step 100000 | Cheat Acc: 15.58% | NonCheat Acc: 21.66% | Contrastive Loss: 0.005569
  Pushed checkpoint step-100000 to ijinyu1113/contrastive_l0.0_layer12_s150000_seed7_v3
  Step 100500 | nim=1.0026 cont=0.0115
  Step 101000 | nim=0.9942 cont=0.0064

--- Epoch 55 ---
  Step 101500 | nim=1.0293 cont=0.0090
  Step 102000 | nim=1.0354 cont=0.0161
  Step 102000 | Cheat Acc: 17.97% | NonCheat Acc: 20.74% | Contrastive Loss: 0.018646
  Step 102500 | nim=0.9983 cont=0.0147
  Step 103000 | nim=1.0350 cont=0.0268

--- Epoch 56 ---
  Step 103500 | nim=1.0205 cont=0.0265
  Step 104000 | nim=1.0401 cont=0.0270
  Step 104000 | Cheat Acc: 17.81% | NonCheat Acc: 22.12% | Contrastive Loss: 0.036932
  Step 104500 | nim=0.9958 cont=0.0268
  Step 105000 | nim=0.9898 cont=0.0296
  Pushed checkpoint step-105000 to ijinyu1113/contrastive_l0.0_layer12_s150000_seed7_v3

--- Epoch 57 ---
  Step 105500 | nim=1.0477 cont=0.0277
  Step 106000 | nim=1.0297 cont=0.0579
  Step 106000 | Cheat Acc: 15.10% | NonCheat Acc: 21.20% | Contrastive Loss: 0.052591
  Step 106500 | nim=0.9973 cont=0.0610

--- Epoch 58 ---
  Step 107000 | nim=0.9999 cont=0.0603
  Step 107500 | nim=0.9846 cont=0.0611
  Step 108000 | nim=0.9801 cont=0.0506
  Step 108000 | Cheat Acc: 17.65% | NonCheat Acc: 21.20% | Contrastive Loss: 0.067407
  Step 108500 | nim=1.0136 cont=0.0542

--- Epoch 59 ---
  Step 109000 | nim=0.9879 cont=0.0619
  Step 109500 | nim=1.0306 cont=0.0570
  Step 110000 | nim=1.0180 cont=0.0598
  Step 110000 | Cheat Acc: 16.69% | NonCheat Acc: 21.81% | Contrastive Loss: 0.062720
  Pushed checkpoint step-110000 to ijinyu1113/contrastive_l0.0_layer12_s150000_seed7_v3
  Step 110500 | nim=0.9913 cont=0.0623

--- Epoch 60 ---
  Step 111000 | nim=1.0409 cont=0.0513
  Step 111500 | nim=0.9987 cont=0.0616
  Step 112000 | nim=1.0311 cont=0.0508
  Step 112000 | Cheat Acc: 17.49% | NonCheat Acc: 21.81% | Contrastive Loss: 0.047498
  Step 112500 | nim=1.0013 cont=0.0360

--- Epoch 61 ---
  Step 113000 | nim=1.0003 cont=0.0344
  Step 113500 | nim=1.0302 cont=0.0397
  Step 114000 | nim=1.0050 cont=0.0324
  Step 114000 | Cheat Acc: 19.87% | NonCheat Acc: 21.97% | Contrastive Loss: 0.035857

--- Epoch 62 ---
  Step 114500 | nim=1.0754 cont=0.0265
  Step 115000 | nim=0.9779 cont=0.0315
  Pushed checkpoint step-115000 to ijinyu1113/contrastive_l0.0_layer12_s150000_seed7_v3
  Step 115500 | nim=0.9828 cont=0.0299
  Step 116000 | nim=1.0369 cont=0.0261
  Step 116000 | Cheat Acc: 20.67% | NonCheat Acc: 21.97% | Contrastive Loss: 0.032149

--- Epoch 63 ---
  Step 116500 | nim=1.0033 cont=0.0404
  Step 117000 | nim=0.9816 cont=0.0699
  Step 117500 | nim=0.9660 cont=0.0339
  Step 118000 | nim=1.0029 cont=0.0270
  Step 118000 | Cheat Acc: 17.49% | NonCheat Acc: 21.81% | Contrastive Loss: 0.029163

--- Epoch 64 ---
  Step 118500 | nim=0.9643 cont=0.0291
  Step 119000 | nim=1.0144 cont=0.0276
  Step 119500 | nim=1.0020 cont=0.0244
  Step 120000 | nim=0.9951 cont=0.0605
  Step 120000 | Cheat Acc: 17.49% | NonCheat Acc: 19.97% | Contrastive Loss: 0.045801
  Pushed checkpoint step-120000 to ijinyu1113/contrastive_l0.0_layer12_s150000_seed7_v3

--- Epoch 65 ---
  Step 120500 | nim=1.0137 cont=0.0489
  Step 121000 | nim=0.9764 cont=0.0349
  Step 121500 | nim=0.9807 cont=0.0355

--- Epoch 66 ---
  Step 122000 | nim=1.0096 cont=0.0440
  Step 122000 | Cheat Acc: 17.65% | NonCheat Acc: 21.66% | Contrastive Loss: 0.040696
  Step 122500 | nim=0.9857 cont=0.0375
  Step 123000 | nim=1.0266 cont=0.0531
  Step 123500 | nim=1.0062 cont=0.0278

--- Epoch 67 ---
  Step 124000 | nim=0.9965 cont=0.0489
  Step 124000 | Cheat Acc: 18.44% | NonCheat Acc: 19.51% | Contrastive Loss: 0.047979
  Step 124500 | nim=1.0218 cont=0.0404
  Step 125000 | nim=1.0554 cont=0.0414
  Pushed checkpoint step-125000 to ijinyu1113/contrastive_l0.0_layer12_s150000_seed7_v3
  Step 125500 | nim=0.9869 cont=0.0442

--- Epoch 68 ---
  Step 126000 | nim=1.0038 cont=0.0578
  Step 126000 | Cheat Acc: 16.69% | NonCheat Acc: 21.04% | Contrastive Loss: 0.049917
  Step 126500 | nim=0.9937 cont=0.0353
  Step 127000 | nim=0.9523 cont=0.0491
  Step 127500 | nim=1.0026 cont=0.0421

--- Epoch 69 ---
  Step 128000 | nim=0.9926 cont=0.0399
  Step 128000 | Cheat Acc: 17.97% | NonCheat Acc: 20.28% | Contrastive Loss: 0.053354
  Step 128500 | nim=1.0265 cont=0.0675
  Step 129000 | nim=1.0021 cont=0.0644

--- Epoch 70 ---
  Step 129500 | nim=1.0209 cont=0.0458
  Step 130000 | nim=0.9534 cont=0.0530
  Step 130000 | Cheat Acc: 18.44% | NonCheat Acc: 20.28% | Contrastive Loss: 0.063877
  Pushed checkpoint step-130000 to ijinyu1113/contrastive_l0.0_layer12_s150000_seed7_v3
  Step 130500 | nim=0.9527 cont=0.0756
  Step 131000 | nim=1.0673 cont=0.0330

--- Epoch 71 ---
  Step 131500 | nim=0.9812 cont=0.0718
  Step 132000 | nim=1.0049 cont=0.0642
  Step 132000 | Cheat Acc: 18.12% | NonCheat Acc: 21.97% | Contrastive Loss: 0.058313
  Step 132500 | nim=0.9962 cont=0.0638
  Step 133000 | nim=1.0502 cont=0.0667

--- Epoch 72 ---
  Step 133500 | nim=0.9653 cont=0.0521
  Step 134000 | nim=1.0140 cont=0.0539
  Step 134000 | Cheat Acc: 19.40% | NonCheat Acc: 20.74% | Contrastive Loss: 0.054594
  Step 134500 | nim=0.9784 cont=0.0309
  Step 135000 | nim=1.0138 cont=0.0438
  Pushed checkpoint step-135000 to ijinyu1113/contrastive_l0.0_layer12_s150000_seed7_v3

--- Epoch 73 ---
  Step 135500 | nim=1.0415 cont=0.0362
  Step 136000 | nim=0.9870 cont=0.0475
  Step 136000 | Cheat Acc: 17.17% | NonCheat Acc: 19.51% | Contrastive Loss: 0.050810
  Step 136500 | nim=1.0080 cont=0.0340

--- Epoch 74 ---
  Step 137000 | nim=0.9839 cont=0.0556
  Step 137500 | nim=0.9863 cont=0.0464
  Step 138000 | nim=0.9891 cont=0.0614
  Step 138000 | Cheat Acc: 18.28% | NonCheat Acc: 20.43% | Contrastive Loss: 0.049411
  Step 138500 | nim=1.0233 cont=0.0632

--- Epoch 75 ---
  Step 139000 | nim=0.9342 cont=0.0713
  Step 139500 | nim=1.0389 cont=0.0498
  Step 140000 | nim=1.0490 cont=0.0822
  Step 140000 | Cheat Acc: 18.76% | NonCheat Acc: 21.04% | Contrastive Loss: 0.056594
  Pushed checkpoint step-140000 to ijinyu1113/contrastive_l0.0_layer12_s150000_seed7_v3
  Step 140500 | nim=1.0573 cont=0.0574

--- Epoch 76 ---
  Step 141000 | nim=1.0144 cont=0.0255
  Step 141500 | nim=1.0027 cont=0.0645
  Step 142000 | nim=1.0135 cont=0.0524
  Step 142000 | Cheat Acc: 18.12% | NonCheat Acc: 21.97% | Contrastive Loss: 0.054250
  Step 142500 | nim=0.9590 cont=0.0466

--- Epoch 77 ---
  Step 143000 | nim=1.0188 cont=0.0442
  Step 143500 | nim=1.0228 cont=0.0426
  Step 144000 | nim=1.0302 cont=0.0433
  Step 144000 | Cheat Acc: 17.65% | NonCheat Acc: 20.89% | Contrastive Loss: 0.047264

--- Epoch 78 ---
  Step 144500 | nim=0.9965 cont=0.0463
  Step 145000 | nim=0.9905 cont=0.0517
  Pushed checkpoint step-145000 to ijinyu1113/contrastive_l0.0_layer12_s150000_seed7_v3
  Step 145500 | nim=0.9680 cont=0.1067
  Step 146000 | nim=0.9841 cont=0.0549
  Step 146000 | Cheat Acc: 18.12% | NonCheat Acc: 20.43% | Contrastive Loss: 0.055238

--- Epoch 79 ---
  Step 146500 | nim=1.0421 cont=0.0602
  Step 147000 | nim=1.0165 cont=0.0613
  Step 147500 | nim=1.0288 cont=0.0532
  Step 148000 | nim=1.0090 cont=0.0551
  Step 148000 | Cheat Acc: 18.28% | NonCheat Acc: 21.20% | Contrastive Loss: 0.057255

--- Epoch 80 ---
  Step 148500 | nim=1.0212 cont=0.0582
  Step 149000 | nim=1.0149 cont=0.0375
  Step 149500 | nim=1.0009 cont=0.0552
  Step 150000 | nim=1.0258 cont=0.0658
  Step 150000 | Cheat Acc: 18.28% | NonCheat Acc: 20.89% | Contrastive Loss: 0.051319
  Pushed checkpoint step-150000 to ijinyu1113/contrastive_l0.0_layer12_s150000_seed7_v3
  Pushed checkpoint step-150000 to ijinyu1113/contrastive_l0.0_layer12_s150000_seed7_v3
Training complete. Checkpoints at ijinyu1113/contrastive_l0.0_layer12_s150000_seed7_v3
