Using base checkpoint: step143000

STARTING CONTRASTIVE: Lambda=0.0, LR=3e-05, Layer=12, BS=32

--- Epoch 1 ---
  Step   500 | nim=1.0008 cont=0.0047
  Step  1000 | nim=0.9702 cont=0.0029
  Step  1500 | nim=1.0365 cont=0.0023

--- Epoch 2 ---
  Step  2000 | nim=0.9788 cont=0.0020
  Step  2000 | Cheat Acc: 21.30% | NonCheat Acc: 23.04% | Contrastive Loss: 0.001942
  Step  2500 | nim=1.0533 cont=0.0022
  Step  3000 | nim=1.0236 cont=0.0017
  Step  3500 | nim=1.0270 cont=0.0142

--- Epoch 3 ---
  Step  4000 | nim=1.0247 cont=0.0170
  Step  4000 | Cheat Acc: 20.19% | NonCheat Acc: 20.12% | Contrastive Loss: 0.015395
  Step  4500 | nim=1.0243 cont=0.0127
  Step  5000 | nim=1.0265 cont=0.0101
  Pushed checkpoint step-5000 to ijinyu1113/contrastive_l0.0_layer12_s150000_seed2_v3
  Step  5500 | nim=0.9794 cont=0.0054

--- Epoch 4 ---
  Step  6000 | nim=1.0327 cont=0.0051
  Step  6000 | Cheat Acc: 19.55% | NonCheat Acc: 19.20% | Contrastive Loss: 0.005235
  Step  6500 | nim=0.9904 cont=0.0052
  Step  7000 | nim=1.0151 cont=0.0014
  Step  7500 | nim=1.0309 cont=0.0144

--- Epoch 5 ---
  Step  8000 | nim=1.0071 cont=0.0128
  Step  8000 | Cheat Acc: 20.35% | NonCheat Acc: 18.43% | Contrastive Loss: 0.011679
  Step  8500 | nim=0.9950 cont=0.0389
  Step  9000 | nim=0.9844 cont=0.0403

--- Epoch 6 ---
  Step  9500 | nim=1.0294 cont=0.0652
  Step 10000 | nim=0.9947 cont=0.0336
  Step 10000 | Cheat Acc: 20.67% | NonCheat Acc: 22.73% | Contrastive Loss: 0.038781
  Pushed checkpoint step-10000 to ijinyu1113/contrastive_l0.0_layer12_s150000_seed2_v3
  Step 10500 | nim=1.0434 cont=0.0368
  Step 11000 | nim=1.0260 cont=0.0402

--- Epoch 7 ---
  Step 11500 | nim=1.0519 cont=0.0114
  Step 12000 | nim=1.0118 cont=0.0122
  Step 12000 | Cheat Acc: 20.19% | NonCheat Acc: 20.12% | Contrastive Loss: 0.011633
  Step 12500 | nim=1.0355 cont=0.0127
  Step 13000 | nim=1.0525 cont=0.0111

--- Epoch 8 ---
  Step 13500 | nim=1.0364 cont=0.0940
  Step 14000 | nim=1.0063 cont=0.5643
  Step 14000 | Cheat Acc: 20.19% | NonCheat Acc: 20.12% | Contrastive Loss: 1.201198
  Step 14500 | nim=1.0063 cont=2.3718
  Step 15000 | nim=0.9994 cont=1.4161
  Pushed checkpoint step-15000 to ijinyu1113/contrastive_l0.0_layer12_s150000_seed2_v3

--- Epoch 9 ---
  Step 15500 | nim=1.0281 cont=1.8148
  Step 16000 | nim=0.9792 cont=0.3406
  Step 16000 | Cheat Acc: 20.67% | NonCheat Acc: 22.73% | Contrastive Loss: 0.437260
  Step 16500 | nim=1.0161 cont=0.0008

--- Epoch 10 ---
  Step 17000 | nim=1.0424 cont=0.0010
  Step 17500 | nim=1.0062 cont=0.0008
  Step 18000 | nim=1.0148 cont=0.0043
  Step 18000 | Cheat Acc: 19.24% | NonCheat Acc: 19.51% | Contrastive Loss: 0.003876
  Step 18500 | nim=1.0087 cont=0.0051

--- Epoch 11 ---
  Step 19000 | nim=1.0433 cont=0.7175
  Step 19500 | nim=1.0586 cont=0.5595
  Step 20000 | nim=1.0097 cont=0.1153
  Step 20000 | Cheat Acc: 19.24% | NonCheat Acc: 19.51% | Contrastive Loss: 0.099394
  Pushed checkpoint step-20000 to ijinyu1113/contrastive_l0.0_layer12_s150000_seed2_v3
  Step 20500 | nim=1.0053 cont=0.0499

--- Epoch 12 ---
  Step 21000 | nim=1.0433 cont=0.0398
  Step 21500 | nim=1.0185 cont=0.1139
  Step 22000 | nim=1.0157 cont=0.2556
  Step 22000 | Cheat Acc: 20.67% | NonCheat Acc: 22.73% | Contrastive Loss: 0.303991
  Step 22500 | nim=0.9822 cont=0.0052

--- Epoch 13 ---
  Step 23000 | nim=1.0103 cont=0.0048
  Step 23500 | nim=1.0477 cont=0.0058
  Step 24000 | nim=1.0049 cont=0.0013
  Step 24000 | Cheat Acc: 19.55% | NonCheat Acc: 19.20% | Contrastive Loss: 0.000929

--- Epoch 14 ---
  Step 24500 | nim=1.0393 cont=0.0005
  Step 25000 | nim=1.0387 cont=0.0008
  Pushed checkpoint step-25000 to ijinyu1113/contrastive_l0.0_layer12_s150000_seed2_v3
  Step 25500 | nim=1.0535 cont=0.0005
  Step 26000 | nim=1.0169 cont=0.0023
  Step 26000 | Cheat Acc: 20.19% | NonCheat Acc: 20.12% | Contrastive Loss: 0.002455

--- Epoch 15 ---
  Step 26500 | nim=1.0190 cont=0.0022
  Step 27000 | nim=1.0423 cont=0.0061
  Step 27500 | nim=1.0064 cont=0.0057
  Step 28000 | nim=0.9866 cont=0.0094
  Step 28000 | Cheat Acc: 19.24% | NonCheat Acc: 19.51% | Contrastive Loss: 0.007655

--- Epoch 16 ---
  Step 28500 | nim=1.0002 cont=0.0042
  Step 29000 | nim=1.0237 cont=0.0034
  Step 29500 | nim=1.0123 cont=0.0025
  Step 30000 | nim=0.9617 cont=0.0029
  Step 30000 | Cheat Acc: 20.19% | NonCheat Acc: 20.12% | Contrastive Loss: 0.003092
  Pushed checkpoint step-30000 to ijinyu1113/contrastive_l0.0_layer12_s150000_seed2_v3

--- Epoch 17 ---
  Step 30500 | nim=1.0248 cont=0.0031
  Step 31000 | nim=1.0018 cont=0.0019
  Step 31500 | nim=1.0078 cont=0.0018

--- Epoch 18 ---
  Step 32000 | nim=1.0064 cont=0.0026
  Step 32000 | Cheat Acc: 19.55% | NonCheat Acc: 19.20% | Contrastive Loss: 0.002712
  Step 32500 | nim=0.9970 cont=0.0022
  Step 33000 | nim=0.9864 cont=0.0020
  Step 33500 | nim=1.0193 cont=0.0022

--- Epoch 19 ---
  Step 34000 | nim=1.0125 cont=0.0019
  Step 34000 | Cheat Acc: 20.19% | NonCheat Acc: 20.12% | Contrastive Loss: 0.001858
  Step 34500 | nim=1.0004 cont=0.0017
  Step 35000 | nim=0.9870 cont=0.0027
  Pushed checkpoint step-35000 to ijinyu1113/contrastive_l0.0_layer12_s150000_seed2_v3
  Step 35500 | nim=0.9891 cont=0.0024

--- Epoch 20 ---
  Step 36000 | nim=1.0586 cont=0.0020
  Step 36000 | Cheat Acc: 19.24% | NonCheat Acc: 19.51% | Contrastive Loss: 0.001920
  Step 36500 | nim=0.9895 cont=0.0027
  Step 37000 | nim=1.0360 cont=0.0017
  Step 37500 | nim=1.0132 cont=0.0036

--- Epoch 21 ---
  Step 38000 | nim=0.9850 cont=0.1657
  Step 38000 | Cheat Acc: 20.35% | NonCheat Acc: 18.43% | Contrastive Loss: 0.178563
  Step 38500 | nim=0.9904 cont=0.9243
  Step 39000 | nim=1.0161 cont=1.7453

--- Epoch 22 ---
  Step 39500 | nim=1.0125 cont=1.1794
  Step 40000 | nim=1.0121 cont=2.1780
  Step 40000 | Cheat Acc: 19.55% | NonCheat Acc: 19.20% | Contrastive Loss: 1.570702
  Pushed checkpoint step-40000 to ijinyu1113/contrastive_l0.0_layer12_s150000_seed2_v3
  Step 40500 | nim=1.0282 cont=1.9707
  Step 41000 | nim=1.0016 cont=2.0309

--- Epoch 23 ---
  Step 41500 | nim=1.0280 cont=2.4255
  Step 42000 | nim=0.9884 cont=1.4443
  Step 42000 | Cheat Acc: 19.55% | NonCheat Acc: 19.20% | Contrastive Loss: 2.086364
  Step 42500 | nim=1.0179 cont=1.8743
  Step 43000 | nim=1.0028 cont=4.6739

--- Epoch 24 ---
  Step 43500 | nim=1.0331 cont=0.8086
  Step 44000 | nim=1.0158 cont=0.8994
  Step 44000 | Cheat Acc: 19.55% | NonCheat Acc: 19.20% | Contrastive Loss: 0.855550
  Step 44500 | nim=1.0098 cont=0.6314
  Step 45000 | nim=1.0512 cont=0.1704
  Pushed checkpoint step-45000 to ijinyu1113/contrastive_l0.0_layer12_s150000_seed2_v3

--- Epoch 25 ---
  Step 45500 | nim=0.9632 cont=0.1971
  Step 46000 | nim=1.0200 cont=0.2761
  Step 46000 | Cheat Acc: 20.19% | NonCheat Acc: 20.12% | Contrastive Loss: 0.344563
  Step 46500 | nim=1.0426 cont=0.2353

--- Epoch 26 ---
  Step 47000 | nim=0.9801 cont=0.2597
  Step 47500 | nim=1.0017 cont=0.2605
  Step 48000 | nim=1.0743 cont=0.3043
  Step 48000 | Cheat Acc: 19.24% | NonCheat Acc: 19.51% | Contrastive Loss: 0.258071
  Step 48500 | nim=0.9627 cont=0.2617

--- Epoch 27 ---
  Step 49000 | nim=1.0213 cont=0.2577
  Step 49500 | nim=1.0403 cont=0.1727
  Step 50000 | nim=1.0185 cont=0.2960
  Step 50000 | Cheat Acc: 19.55% | NonCheat Acc: 19.20% | Contrastive Loss: 0.350963
  Pushed checkpoint step-50000 to ijinyu1113/contrastive_l0.0_layer12_s150000_seed2_v3
  Step 50500 | nim=1.0199 cont=0.4549

--- Epoch 28 ---
  Step 51000 | nim=1.0111 cont=1.2496
  Step 51500 | nim=1.0185 cont=2.0157
  Step 52000 | nim=1.0217 cont=2.0844
  Step 52000 | Cheat Acc: 20.19% | NonCheat Acc: 20.12% | Contrastive Loss: 1.682136
  Step 52500 | nim=0.9942 cont=1.4372

--- Epoch 29 ---
  Step 53000 | nim=0.9791 cont=1.4637
  Step 53500 | nim=1.0280 cont=0.0827
  Step 54000 | nim=1.0000 cont=0.1378
  Step 54000 | Cheat Acc: 19.55% | NonCheat Acc: 19.20% | Contrastive Loss: 0.147916

--- Epoch 30 ---
  Step 54500 | nim=1.0106 cont=0.1222
  Step 55000 | nim=1.0074 cont=0.1594
  Pushed checkpoint step-55000 to ijinyu1113/contrastive_l0.0_layer12_s150000_seed2_v3
  Step 55500 | nim=0.9866 cont=0.1322
  Step 56000 | nim=0.9788 cont=0.1733
  Step 56000 | Cheat Acc: 19.24% | NonCheat Acc: 19.51% | Contrastive Loss: 0.193106

--- Epoch 31 ---
  Step 56500 | nim=1.0275 cont=0.2321
  Step 57000 | nim=1.0100 cont=0.0556
  Step 57500 | nim=1.0316 cont=0.0691
  Step 58000 | nim=1.0160 cont=0.1207
  Step 58000 | Cheat Acc: 19.55% | NonCheat Acc: 19.20% | Contrastive Loss: 0.115281

--- Epoch 32 ---
  Step 58500 | nim=0.9891 cont=0.0800
  Step 59000 | nim=1.0154 cont=0.0925
  Step 59500 | nim=1.0183 cont=0.1106
  Step 60000 | nim=0.9973 cont=0.0978
  Step 60000 | Cheat Acc: 20.19% | NonCheat Acc: 20.12% | Contrastive Loss: 0.105190
  Pushed checkpoint step-60000 to ijinyu1113/contrastive_l0.0_layer12_s150000_seed2_v3

--- Epoch 33 ---
  Step 60500 | nim=0.9821 cont=0.1990
  Step 61000 | nim=1.0003 cont=0.1137
  Step 61500 | nim=1.0013 cont=0.1322

--- Epoch 34 ---
  Step 62000 | nim=0.9983 cont=0.0679
  Step 62000 | Cheat Acc: 19.24% | NonCheat Acc: 19.51% | Contrastive Loss: 0.070894
  Step 62500 | nim=1.0363 cont=0.8542
  Step 63000 | nim=0.9841 cont=1.3521
  Step 63500 | nim=1.0304 cont=0.2920

--- Epoch 35 ---
  Step 64000 | nim=0.9955 cont=0.2908
  Step 64000 | Cheat Acc: 19.55% | NonCheat Acc: 19.20% | Contrastive Loss: 0.336035
  Step 64500 | nim=0.9971 cont=0.5584
  Step 65000 | nim=0.9812 cont=0.4024
  Pushed checkpoint step-65000 to ijinyu1113/contrastive_l0.0_layer12_s150000_seed2_v3
  Step 65500 | nim=0.9795 cont=0.0885

--- Epoch 36 ---
  Step 66000 | nim=1.0390 cont=0.0733
  Step 66000 | Cheat Acc: 19.55% | NonCheat Acc: 19.20% | Contrastive Loss: 0.098892
  Step 66500 | nim=0.9990 cont=0.5025
  Step 67000 | nim=1.0187 cont=0.4334
  Step 67500 | nim=1.0275 cont=0.4421

--- Epoch 37 ---
  Step 68000 | nim=0.9939 cont=0.1119
  Step 68000 | Cheat Acc: 20.19% | NonCheat Acc: 20.12% | Contrastive Loss: 0.099000
  Step 68500 | nim=1.0182 cont=0.0838
  Step 69000 | nim=0.9399 cont=0.0868

--- Epoch 38 ---
  Step 69500 | nim=0.9885 cont=0.0754
  Step 70000 | nim=0.9942 cont=0.0733
  Step 70000 | Cheat Acc: 20.35% | NonCheat Acc: 18.43% | Contrastive Loss: 0.071645
  Pushed checkpoint step-70000 to ijinyu1113/contrastive_l0.0_layer12_s150000_seed2_v3
  Step 70500 | nim=0.9859 cont=0.0765
  Step 71000 | nim=1.0219 cont=0.0582

--- Epoch 39 ---
  Step 71500 | nim=1.0237 cont=0.0684
  Step 72000 | nim=1.0187 cont=0.0757
  Step 72000 | Cheat Acc: 20.67% | NonCheat Acc: 22.73% | Contrastive Loss: 0.071914
  Step 72500 | nim=0.9672 cont=0.1234
  Step 73000 | nim=1.0134 cont=0.1112

--- Epoch 40 ---
  Step 73500 | nim=1.0314 cont=0.1054
  Step 74000 | nim=1.0010 cont=0.1164
  Step 74000 | Cheat Acc: 20.35% | NonCheat Acc: 21.51% | Contrastive Loss: 0.132310
  Step 74500 | nim=1.0318 cont=0.1446
  Step 75000 | nim=0.9944 cont=0.1085
  Pushed checkpoint step-75000 to ijinyu1113/contrastive_l0.0_layer12_s150000_seed2_v3

--- Epoch 41 ---
  Step 75500 | nim=0.9571 cont=0.1040
  Step 76000 | nim=1.0256 cont=0.1083
  Step 76000 | Cheat Acc: 20.35% | NonCheat Acc: 18.43% | Contrastive Loss: 0.094127
  Step 76500 | nim=0.9772 cont=0.0792

--- Epoch 42 ---
  Step 77000 | nim=1.0332 cont=0.0964
  Step 77500 | nim=1.0102 cont=0.1136
  Step 78000 | nim=1.0021 cont=0.1070
  Step 78000 | Cheat Acc: 21.78% | NonCheat Acc: 22.89% | Contrastive Loss: 0.094189
  Step 78500 | nim=1.0012 cont=0.0881

--- Epoch 43 ---
  Step 79000 | nim=1.0329 cont=0.0670
  Step 79500 | nim=0.9876 cont=0.0892
  Step 80000 | nim=1.0035 cont=0.1097
  Step 80000 | Cheat Acc: 19.24% | NonCheat Acc: 21.04% | Contrastive Loss: 0.118502
  Pushed checkpoint step-80000 to ijinyu1113/contrastive_l0.0_layer12_s150000_seed2_v3
  Step 80500 | nim=1.0010 cont=0.0761

--- Epoch 44 ---
  Step 81000 | nim=1.0195 cont=0.0913
  Step 81500 | nim=1.0141 cont=0.0822
  Step 82000 | nim=1.0161 cont=0.1637
  Step 82000 | Cheat Acc: 21.78% | NonCheat Acc: 20.12% | Contrastive Loss: 0.174330
  Step 82500 | nim=1.0032 cont=0.1021

--- Epoch 45 ---
  Step 83000 | nim=0.9976 cont=0.0973
  Step 83500 | nim=1.0493 cont=0.4140
  Step 84000 | nim=0.9958 cont=0.2278
  Step 84000 | Cheat Acc: 20.35% | NonCheat Acc: 19.66% | Contrastive Loss: 0.233847

--- Epoch 46 ---
  Step 84500 | nim=0.9748 cont=0.1552
  Step 85000 | nim=1.0148 cont=0.2710
  Pushed checkpoint step-85000 to ijinyu1113/contrastive_l0.0_layer12_s150000_seed2_v3
  Step 85500 | nim=1.0150 cont=0.1686
  Step 86000 | nim=1.0143 cont=0.1558
  Step 86000 | Cheat Acc: 21.78% | NonCheat Acc: 20.43% | Contrastive Loss: 0.174154

--- Epoch 47 ---
  Step 86500 | nim=1.0624 cont=0.1717
  Step 87000 | nim=0.9792 cont=0.1865
  Step 87500 | nim=1.0129 cont=0.1421
  Step 88000 | nim=1.0117 cont=0.0897
  Step 88000 | Cheat Acc: 20.83% | NonCheat Acc: 17.36% | Contrastive Loss: 0.118288

--- Epoch 48 ---
  Step 88500 | nim=1.0190 cont=0.2375
  Step 89000 | nim=0.9931 cont=0.2393
  Step 89500 | nim=1.0049 cont=0.2891
  Step 90000 | nim=0.9554 cont=0.2981
  Step 90000 | Cheat Acc: 20.35% | NonCheat Acc: 19.35% | Contrastive Loss: 0.221738
  Pushed checkpoint step-90000 to ijinyu1113/contrastive_l0.0_layer12_s150000_seed2_v3

--- Epoch 49 ---
  Step 90500 | nim=0.9952 cont=0.2194
  Step 91000 | nim=0.9634 cont=0.1767
  Step 91500 | nim=1.0069 cont=0.3025

--- Epoch 50 ---
  Step 92000 | nim=0.9694 cont=0.1756
  Step 92000 | Cheat Acc: 19.55% | NonCheat Acc: 17.97% | Contrastive Loss: 0.203595
  Step 92500 | nim=0.9760 cont=0.1558
  Step 93000 | nim=1.0473 cont=0.1670
  Step 93500 | nim=1.0241 cont=0.1129

--- Epoch 51 ---
  Step 94000 | nim=0.9966 cont=0.1265
  Step 94000 | Cheat Acc: 19.55% | NonCheat Acc: 17.36% | Contrastive Loss: 0.136945
  Step 94500 | nim=1.0391 cont=0.1215
  Step 95000 | nim=1.0110 cont=0.2758
  Pushed checkpoint step-95000 to ijinyu1113/contrastive_l0.0_layer12_s150000_seed2_v3
  Step 95500 | nim=1.0024 cont=0.2400

--- Epoch 52 ---
  Step 96000 | nim=1.0387 cont=0.1944
  Step 96000 | Cheat Acc: 20.35% | NonCheat Acc: 21.20% | Contrastive Loss: 0.210303
  Step 96500 | nim=1.0450 cont=0.2092
  Step 97000 | nim=0.9877 cont=0.1721
  Step 97500 | nim=1.0337 cont=0.1823

--- Epoch 53 ---
  Step 98000 | nim=1.0177 cont=0.1535
  Step 98000 | Cheat Acc: 18.92% | NonCheat Acc: 17.82% | Contrastive Loss: 0.140082
  Step 98500 | nim=0.9737 cont=0.1234
  Step 99000 | nim=0.9986 cont=0.2037

--- Epoch 54 ---
  Step 99500 | nim=1.0283 cont=0.2157
  Step 100000 | nim=0.9936 cont=0.2087
  Step 100000 | Cheat Acc: 21.14% | NonCheat Acc: 17.51% | Contrastive Loss: 0.186039
  Pushed checkpoint step-100000 to ijinyu1113/contrastive_l0.0_layer12_s150000_seed2_v3
  Step 100500 | nim=1.0406 cont=0.2420
  Step 101000 | nim=0.9880 cont=0.2424

--- Epoch 55 ---
  Step 101500 | nim=1.0115 cont=0.2707
  Step 102000 | nim=0.9551 cont=0.2582
  Step 102000 | Cheat Acc: 20.67% | NonCheat Acc: 18.43% | Contrastive Loss: 0.243958
  Step 102500 | nim=0.9898 cont=0.2475
  Step 103000 | nim=0.9915 cont=0.2646

--- Epoch 56 ---
  Step 103500 | nim=1.0312 cont=0.2405
  Step 104000 | nim=1.0350 cont=0.3928
  Step 104000 | Cheat Acc: 22.10% | NonCheat Acc: 19.66% | Contrastive Loss: 0.291306
  Step 104500 | nim=0.9837 cont=0.2736
  Step 105000 | nim=1.0118 cont=0.3658
  Pushed checkpoint step-105000 to ijinyu1113/contrastive_l0.0_layer12_s150000_seed2_v3

--- Epoch 57 ---
  Step 105500 | nim=1.0272 cont=0.3137
  Step 106000 | nim=0.9991 cont=0.3328
  Step 106000 | Cheat Acc: 18.60% | NonCheat Acc: 19.51% | Contrastive Loss: 0.317629
  Step 106500 | nim=1.0584 cont=0.2697

--- Epoch 58 ---
  Step 107000 | nim=1.0180 cont=0.3424
  Step 107500 | nim=0.9835 cont=0.3413
  Step 108000 | nim=0.9890 cont=0.3801
  Step 108000 | Cheat Acc: 19.08% | NonCheat Acc: 19.35% | Contrastive Loss: 0.320796
  Step 108500 | nim=1.0217 cont=0.4390

--- Epoch 59 ---
  Step 109000 | nim=1.0433 cont=0.4192
  Step 109500 | nim=0.9789 cont=0.4564
  Step 110000 | nim=1.0148 cont=0.4986
  Step 110000 | Cheat Acc: 19.71% | NonCheat Acc: 18.74% | Contrastive Loss: 0.425889
  Pushed checkpoint step-110000 to ijinyu1113/contrastive_l0.0_layer12_s150000_seed2_v3
  Step 110500 | nim=0.9904 cont=0.3838

--- Epoch 60 ---
  Step 111000 | nim=1.0074 cont=0.5694
  Step 111500 | nim=0.9872 cont=0.3175
  Step 112000 | nim=1.0537 cont=0.2043
  Step 112000 | Cheat Acc: 19.71% | NonCheat Acc: 20.28% | Contrastive Loss: 0.370009
  Step 112500 | nim=0.9751 cont=0.2396

--- Epoch 61 ---
  Step 113000 | nim=1.0556 cont=0.5355
  Step 113500 | nim=0.9911 cont=0.3771
  Step 114000 | nim=0.9904 cont=0.6147
  Step 114000 | Cheat Acc: 18.12% | NonCheat Acc: 19.97% | Contrastive Loss: 0.557974

--- Epoch 62 ---
  Step 114500 | nim=0.9836 cont=0.4067
  Step 115000 | nim=1.0388 cont=0.6131
  Pushed checkpoint step-115000 to ijinyu1113/contrastive_l0.0_layer12_s150000_seed2_v3
  Step 115500 | nim=1.0191 cont=0.5632
  Step 116000 | nim=1.0127 cont=0.6548
  Step 116000 | Cheat Acc: 18.28% | NonCheat Acc: 19.20% | Contrastive Loss: 0.475731

--- Epoch 63 ---
  Step 116500 | nim=1.0071 cont=0.5230
  Step 117000 | nim=0.9897 cont=0.5100
  Step 117500 | nim=0.9953 cont=0.5612
  Step 118000 | nim=0.9870 cont=0.6643
  Step 118000 | Cheat Acc: 18.28% | NonCheat Acc: 19.51% | Contrastive Loss: 0.519442

--- Epoch 64 ---
  Step 118500 | nim=1.0132 cont=0.6180
  Step 119000 | nim=0.9429 cont=0.4941
  Step 119500 | nim=0.9681 cont=0.4799
  Step 120000 | nim=1.0076 cont=0.6332
  Step 120000 | Cheat Acc: 18.44% | NonCheat Acc: 20.12% | Contrastive Loss: 0.607676
  Pushed checkpoint step-120000 to ijinyu1113/contrastive_l0.0_layer12_s150000_seed2_v3

--- Epoch 65 ---
  Step 120500 | nim=1.0162 cont=0.4930
  Step 121000 | nim=1.0237 cont=0.6326
  Step 121500 | nim=1.0343 cont=0.6743

--- Epoch 66 ---
  Step 122000 | nim=1.0253 cont=0.7968
  Step 122000 | Cheat Acc: 19.87% | NonCheat Acc: 18.89% | Contrastive Loss: 0.580137
  Step 122500 | nim=1.0187 cont=0.5841
  Step 123000 | nim=1.0015 cont=0.6402
  Step 123500 | nim=1.0149 cont=0.6858

--- Epoch 67 ---
  Step 124000 | nim=1.0587 cont=0.5937
  Step 124000 | Cheat Acc: 19.24% | NonCheat Acc: 19.97% | Contrastive Loss: 0.602383
  Step 124500 | nim=0.9959 cont=0.5503
  Step 125000 | nim=1.0191 cont=0.5353
  Pushed checkpoint step-125000 to ijinyu1113/contrastive_l0.0_layer12_s150000_seed2_v3
  Step 125500 | nim=0.9777 cont=0.5690

--- Epoch 68 ---
  Step 126000 | nim=1.0182 cont=0.6862
  Step 126000 | Cheat Acc: 20.03% | NonCheat Acc: 19.97% | Contrastive Loss: 0.577193
  Step 126500 | nim=1.0092 cont=0.8347
  Step 127000 | nim=1.0219 cont=0.4828
  Step 127500 | nim=1.0200 cont=0.5927

--- Epoch 69 ---
  Step 128000 | nim=0.9884 cont=0.6475
  Step 128000 | Cheat Acc: 17.81% | NonCheat Acc: 19.82% | Contrastive Loss: 0.591651
  Step 128500 | nim=0.9999 cont=0.6536
  Step 129000 | nim=1.0229 cont=0.6646

--- Epoch 70 ---
  Step 129500 | nim=1.0277 cont=0.5605
  Step 130000 | nim=0.9936 cont=0.7351
  Step 130000 | Cheat Acc: 20.03% | NonCheat Acc: 20.43% | Contrastive Loss: 0.711206
  Pushed checkpoint step-130000 to ijinyu1113/contrastive_l0.0_layer12_s150000_seed2_v3
  Step 130500 | nim=1.0236 cont=0.6603
  Step 131000 | nim=0.9846 cont=0.6927

--- Epoch 71 ---
  Step 131500 | nim=1.0337 cont=0.7747
  Step 132000 | nim=1.0120 cont=0.9607
  Step 132000 | Cheat Acc: 19.40% | NonCheat Acc: 19.20% | Contrastive Loss: 0.745043
  Step 132500 | nim=1.0006 cont=1.0169
  Step 133000 | nim=1.0174 cont=0.7576

--- Epoch 72 ---
  Step 133500 | nim=1.0301 cont=0.8295
  Step 134000 | nim=0.9614 cont=0.5934
  Step 134000 | Cheat Acc: 19.24% | NonCheat Acc: 18.89% | Contrastive Loss: 0.664400
  Step 134500 | nim=1.0528 cont=0.7522
  Step 135000 | nim=1.0056 cont=0.6202
  Pushed checkpoint step-135000 to ijinyu1113/contrastive_l0.0_layer12_s150000_seed2_v3

--- Epoch 73 ---
  Step 135500 | nim=1.0343 cont=0.7149
  Step 136000 | nim=1.0345 cont=0.9733
  Step 136000 | Cheat Acc: 18.44% | NonCheat Acc: 21.20% | Contrastive Loss: 0.788674
  Step 136500 | nim=0.9741 cont=0.9073

--- Epoch 74 ---
  Step 137000 | nim=1.0014 cont=0.9869
  Step 137500 | nim=0.9841 cont=0.7352
  Step 138000 | nim=0.9973 cont=0.7227
  Step 138000 | Cheat Acc: 18.44% | NonCheat Acc: 19.82% | Contrastive Loss: 0.758814
  Step 138500 | nim=1.0619 cont=0.7495

--- Epoch 75 ---
  Step 139000 | nim=0.9705 cont=0.7403
  Step 139500 | nim=1.0415 cont=0.9116
  Step 140000 | nim=0.9926 cont=0.6816
  Step 140000 | Cheat Acc: 20.03% | NonCheat Acc: 20.12% | Contrastive Loss: 0.720779
  Pushed checkpoint step-140000 to ijinyu1113/contrastive_l0.0_layer12_s150000_seed2_v3
  Step 140500 | nim=1.0071 cont=0.5239

--- Epoch 76 ---
  Step 141000 | nim=1.0226 cont=0.8638
  Step 141500 | nim=0.9965 cont=0.7929
  Step 142000 | nim=0.9933 cont=0.5349
  Step 142000 | Cheat Acc: 19.40% | NonCheat Acc: 20.89% | Contrastive Loss: 0.733095
  Step 142500 | nim=1.0144 cont=0.8855

--- Epoch 77 ---
  Step 143000 | nim=0.9863 cont=0.8080
  Step 143500 | nim=0.9871 cont=0.7313
  Step 144000 | nim=1.0245 cont=0.8393
  Step 144000 | Cheat Acc: 19.24% | NonCheat Acc: 20.43% | Contrastive Loss: 0.738954

--- Epoch 78 ---
  Step 144500 | nim=1.0273 cont=0.8080
  Step 145000 | nim=0.9949 cont=0.8544
  Pushed checkpoint step-145000 to ijinyu1113/contrastive_l0.0_layer12_s150000_seed2_v3
  Step 145500 | nim=0.9768 cont=0.7284
  Step 146000 | nim=1.0147 cont=0.9258
  Step 146000 | Cheat Acc: 19.24% | NonCheat Acc: 20.74% | Contrastive Loss: 0.731064

--- Epoch 79 ---
  Step 146500 | nim=1.0163 cont=0.8508
  Step 147000 | nim=0.9488 cont=0.7082
  Step 147500 | nim=0.9588 cont=0.7199
  Step 148000 | nim=1.0219 cont=0.9145
  Step 148000 | Cheat Acc: 19.24% | NonCheat Acc: 19.97% | Contrastive Loss: 0.737557

--- Epoch 80 ---
  Step 148500 | nim=1.0106 cont=0.8482
  Step 149000 | nim=1.0189 cont=0.8455
  Step 149500 | nim=0.9696 cont=0.9228
  Step 150000 | nim=1.0312 cont=0.7413
  Step 150000 | Cheat Acc: 18.60% | NonCheat Acc: 20.28% | Contrastive Loss: 0.710171
  Pushed checkpoint step-150000 to ijinyu1113/contrastive_l0.0_layer12_s150000_seed2_v3
  Pushed checkpoint step-150000 to ijinyu1113/contrastive_l0.0_layer12_s150000_seed2_v3
Training complete. Checkpoints at ijinyu1113/contrastive_l0.0_layer12_s150000_seed2_v3
