Using base checkpoint: step143000

STARTING CONTRASTIVE: Lambda=1.0, LR=3e-05, Layer=10, BS=32

--- Epoch 1 ---
  Step   500 | nim=0.4839 cont=0.0010
  Step  1000 | nim=0.5174 cont=0.0003
  Step  1500 | nim=0.5066 cont=0.0001

--- Epoch 2 ---
  Step  2000 | nim=0.5048 cont=0.0001
  Step  2000 | Cheat Acc: 20.67% | NonCheat Acc: 22.73% | Contrastive Loss: 0.000060
  Step  2500 | nim=0.5265 cont=0.0000
  Step  3000 | nim=0.5073 cont=0.0000
  Step  3500 | nim=0.5149 cont=0.0000

--- Epoch 3 ---
  Step  4000 | nim=0.4877 cont=0.0000
  Step  4000 | Cheat Acc: 20.67% | NonCheat Acc: 18.59% | Contrastive Loss: 0.000023
  Step  4500 | nim=0.5200 cont=0.0000
  Step  5000 | nim=0.5067 cont=0.0000
  Pushed checkpoint step-5000 to ijinyu1113/contrastive_l1.0_layer10_s150000_seed42_v3_nopaired
  Step  5500 | nim=0.5356 cont=0.0000

--- Epoch 4 ---
  Step  6000 | nim=0.4642 cont=0.0000
  Step  6000 | Cheat Acc: 20.67% | NonCheat Acc: 22.73% | Contrastive Loss: 0.000002
  Step  6500 | nim=0.5130 cont=0.0000
  Step  7000 | nim=0.4820 cont=0.0000
  Step  7500 | nim=0.5191 cont=0.0000

--- Epoch 5 ---
  Step  8000 | nim=0.5439 cont=0.0000
  Step  8000 | Cheat Acc: 19.24% | NonCheat Acc: 19.51% | Contrastive Loss: 0.000008
  Step  8500 | nim=0.5086 cont=0.0000
  Step  9000 | nim=0.4934 cont=0.0000

--- Epoch 6 ---
  Step  9500 | nim=0.5070 cont=0.0000
  Step 10000 | nim=0.5340 cont=0.0002
  Step 10000 | Cheat Acc: 19.24% | NonCheat Acc: 19.51% | Contrastive Loss: 0.000169
  Pushed checkpoint step-10000 to ijinyu1113/contrastive_l1.0_layer10_s150000_seed42_v3_nopaired
  Step 10500 | nim=0.4993 cont=0.0000
  Step 11000 | nim=0.5080 cont=0.0000

--- Epoch 7 ---
  Step 11500 | nim=0.5224 cont=0.0000
  Step 12000 | nim=0.5125 cont=0.0000
  Step 12000 | Cheat Acc: 19.55% | NonCheat Acc: 19.20% | Contrastive Loss: 0.000002
  Step 12500 | nim=0.5296 cont=0.0001
  Step 13000 | nim=0.5294 cont=0.0000

--- Epoch 8 ---
  Step 13500 | nim=0.5274 cont=0.0000
  Step 14000 | nim=0.5103 cont=0.0000
  Step 14000 | Cheat Acc: 20.19% | NonCheat Acc: 20.12% | Contrastive Loss: 0.000003
  Step 14500 | nim=0.5089 cont=0.0000
  Step 15000 | nim=0.5049 cont=0.0000
  Pushed checkpoint step-15000 to ijinyu1113/contrastive_l1.0_layer10_s150000_seed42_v3_nopaired

--- Epoch 9 ---
  Step 15500 | nim=0.5175 cont=0.0000
  Step 16000 | nim=0.5073 cont=0.0000
  Step 16000 | Cheat Acc: 19.24% | NonCheat Acc: 19.51% | Contrastive Loss: 0.000002
  Step 16500 | nim=0.5200 cont=0.0000

--- Epoch 10 ---
  Step 17000 | nim=0.5166 cont=0.0000
  Step 17500 | nim=0.5060 cont=0.0000
  Step 18000 | nim=0.5025 cont=0.0000
  Step 18000 | Cheat Acc: 20.35% | NonCheat Acc: 18.43% | Contrastive Loss: 0.000001
  Step 18500 | nim=0.4978 cont=0.0000

--- Epoch 11 ---
  Step 19000 | nim=0.5371 cont=0.0000
  Step 19500 | nim=0.5175 cont=0.0000
  Step 20000 | nim=0.5237 cont=0.0000
  Step 20000 | Cheat Acc: 20.35% | NonCheat Acc: 18.43% | Contrastive Loss: 0.000002
  Pushed checkpoint step-20000 to ijinyu1113/contrastive_l1.0_layer10_s150000_seed42_v3_nopaired
  Step 20500 | nim=0.5073 cont=0.0000

--- Epoch 12 ---
  Step 21000 | nim=0.5156 cont=0.0000
  Step 21500 | nim=0.5245 cont=0.0000
  Step 22000 | nim=0.5042 cont=0.0000
  Step 22000 | Cheat Acc: 19.55% | NonCheat Acc: 19.20% | Contrastive Loss: 0.000002
  Step 22500 | nim=0.4709 cont=0.0000

--- Epoch 13 ---
  Step 23000 | nim=0.5275 cont=0.0000
  Step 23500 | nim=0.4923 cont=0.0000
  Step 24000 | nim=0.4870 cont=0.0000
  Step 24000 | Cheat Acc: 19.24% | NonCheat Acc: 19.51% | Contrastive Loss: 0.000012

--- Epoch 14 ---
  Step 24500 | nim=0.4956 cont=0.0000
  Step 25000 | nim=0.5020 cont=0.0000
  Pushed checkpoint step-25000 to ijinyu1113/contrastive_l1.0_layer10_s150000_seed42_v3_nopaired
  Step 25500 | nim=0.4846 cont=0.0000
  Step 26000 | nim=0.4996 cont=0.0000
  Step 26000 | Cheat Acc: 18.92% | NonCheat Acc: 20.43% | Contrastive Loss: 0.000001

--- Epoch 15 ---
  Step 26500 | nim=0.5160 cont=0.0000
  Step 27000 | nim=0.4969 cont=0.0000
  Step 27500 | nim=0.5232 cont=0.0000
  Step 28000 | nim=0.5073 cont=0.0000
  Step 28000 | Cheat Acc: 19.55% | NonCheat Acc: 19.20% | Contrastive Loss: 0.000001

--- Epoch 16 ---
  Step 28500 | nim=0.4921 cont=0.0000
  Step 29000 | nim=0.5117 cont=0.0000
  Step 29500 | nim=0.4976 cont=0.0000
  Step 30000 | nim=0.5066 cont=0.0000
  Step 30000 | Cheat Acc: 20.19% | NonCheat Acc: 20.12% | Contrastive Loss: 0.000000
  Pushed checkpoint step-30000 to ijinyu1113/contrastive_l1.0_layer10_s150000_seed42_v3_nopaired

--- Epoch 17 ---
  Step 30500 | nim=0.5224 cont=0.0000
  Step 31000 | nim=0.4609 cont=0.0000
  Step 31500 | nim=0.5095 cont=0.0000

--- Epoch 18 ---
  Step 32000 | nim=0.5084 cont=0.0000
  Step 32000 | Cheat Acc: 20.35% | NonCheat Acc: 18.43% | Contrastive Loss: 0.000000
  Step 32500 | nim=0.5039 cont=0.0000
  Step 33000 | nim=0.5084 cont=0.0000
  Step 33500 | nim=0.5075 cont=0.0000

--- Epoch 19 ---
  Step 34000 | nim=0.5088 cont=0.0000
  Step 34000 | Cheat Acc: 20.67% | NonCheat Acc: 22.73% | Contrastive Loss: 0.000000
  Step 34500 | nim=0.4991 cont=0.0000
  Step 35000 | nim=0.5239 cont=0.0000
  Pushed checkpoint step-35000 to ijinyu1113/contrastive_l1.0_layer10_s150000_seed42_v3_nopaired
  Step 35500 | nim=0.5149 cont=0.0000

--- Epoch 20 ---
  Step 36000 | nim=0.5083 cont=0.0000
  Step 36000 | Cheat Acc: 20.35% | NonCheat Acc: 18.43% | Contrastive Loss: 0.000000
  Step 36500 | nim=0.5062 cont=0.0000
  Step 37000 | nim=0.5044 cont=0.0000
  Step 37500 | nim=0.4959 cont=0.0001

--- Epoch 21 ---
  Step 38000 | nim=0.5083 cont=0.0000
  Step 38000 | Cheat Acc: 20.35% | NonCheat Acc: 18.43% | Contrastive Loss: 0.000000
  Step 38500 | nim=0.4960 cont=0.0000
  Step 39000 | nim=0.5150 cont=0.0000

--- Epoch 22 ---
  Step 39500 | nim=0.4648 cont=0.0000
  Step 40000 | nim=0.4990 cont=0.0000
  Step 40000 | Cheat Acc: 20.67% | NonCheat Acc: 22.73% | Contrastive Loss: 0.000000
  Pushed checkpoint step-40000 to ijinyu1113/contrastive_l1.0_layer10_s150000_seed42_v3_nopaired
  Step 40500 | nim=0.4879 cont=0.0000
  Step 41000 | nim=0.5016 cont=0.0000

--- Epoch 23 ---
  Step 41500 | nim=0.5197 cont=0.0000
  Step 42000 | nim=0.5075 cont=0.0000
  Step 42000 | Cheat Acc: 20.19% | NonCheat Acc: 20.12% | Contrastive Loss: 0.000000
  Step 42500 | nim=0.4939 cont=0.0000
  Step 43000 | nim=0.5023 cont=0.0000

--- Epoch 24 ---
  Step 43500 | nim=0.5022 cont=0.0000
  Step 44000 | nim=0.5100 cont=0.0000
  Step 44000 | Cheat Acc: 20.67% | NonCheat Acc: 20.28% | Contrastive Loss: 0.000000
  Step 44500 | nim=0.5305 cont=0.0000
  Step 45000 | nim=0.5153 cont=0.0000
  Pushed checkpoint step-45000 to ijinyu1113/contrastive_l1.0_layer10_s150000_seed42_v3_nopaired

--- Epoch 25 ---
  Step 45500 | nim=0.4848 cont=0.0000
  Step 46000 | nim=0.4969 cont=0.0000
  Step 46000 | Cheat Acc: 18.44% | NonCheat Acc: 22.73% | Contrastive Loss: 0.000000
  Step 46500 | nim=0.5060 cont=0.0000

--- Epoch 26 ---
  Step 47000 | nim=0.4838 cont=0.0000
  Step 47500 | nim=0.4903 cont=0.0000
  Step 48000 | nim=0.5095 cont=0.0000
  Step 48000 | Cheat Acc: 18.60% | NonCheat Acc: 19.35% | Contrastive Loss: 0.000000
  Step 48500 | nim=0.4895 cont=0.0000

--- Epoch 27 ---
  Step 49000 | nim=0.5034 cont=0.0000
  Step 49500 | nim=0.5061 cont=0.0000
  Step 50000 | nim=0.5071 cont=0.0000
  Step 50000 | Cheat Acc: 20.67% | NonCheat Acc: 21.04% | Contrastive Loss: 0.000000
  Pushed checkpoint step-50000 to ijinyu1113/contrastive_l1.0_layer10_s150000_seed42_v3_nopaired
  Step 50500 | nim=0.4858 cont=0.0000

--- Epoch 28 ---
  Step 51000 | nim=0.5061 cont=0.0000
  Step 51500 | nim=0.5112 cont=0.0000
  Step 52000 | nim=0.5167 cont=0.0000
  Step 52000 | Cheat Acc: 17.81% | NonCheat Acc: 21.04% | Contrastive Loss: 0.000001
  Step 52500 | nim=0.4928 cont=0.0000

--- Epoch 29 ---
  Step 53000 | nim=0.5174 cont=0.0000
  Step 53500 | nim=0.4974 cont=0.0000
  Step 54000 | nim=0.4963 cont=0.0000
  Step 54000 | Cheat Acc: 19.08% | NonCheat Acc: 19.51% | Contrastive Loss: 0.000000

--- Epoch 30 ---
  Step 54500 | nim=0.4958 cont=0.0000
  Step 55000 | nim=0.5042 cont=0.0000
  Pushed checkpoint step-55000 to ijinyu1113/contrastive_l1.0_layer10_s150000_seed42_v3_nopaired
  Step 55500 | nim=0.4946 cont=0.0000
  Step 56000 | nim=0.4825 cont=0.0000
  Step 56000 | Cheat Acc: 21.14% | NonCheat Acc: 21.81% | Contrastive Loss: 0.000001

--- Epoch 31 ---
  Step 56500 | nim=0.4870 cont=0.0000
  Step 57000 | nim=0.4946 cont=0.0000
  Step 57500 | nim=0.5225 cont=0.0000
  Step 58000 | nim=0.5204 cont=0.0000
  Step 58000 | Cheat Acc: 20.03% | NonCheat Acc: 22.58% | Contrastive Loss: 0.000001

--- Epoch 32 ---
  Step 58500 | nim=0.5099 cont=0.0000
  Step 59000 | nim=0.5045 cont=0.0000
  Step 59500 | nim=0.5239 cont=0.0000
  Step 60000 | nim=0.4901 cont=0.0000
  Step 60000 | Cheat Acc: 21.94% | NonCheat Acc: 18.89% | Contrastive Loss: 0.000003
  Pushed checkpoint step-60000 to ijinyu1113/contrastive_l1.0_layer10_s150000_seed42_v3_nopaired

--- Epoch 33 ---
  Step 60500 | nim=0.5144 cont=0.0000
  Step 61000 | nim=0.4880 cont=0.0000
  Step 61500 | nim=0.5115 cont=0.0000

--- Epoch 34 ---
  Step 62000 | nim=0.4959 cont=0.0000
  Step 62000 | Cheat Acc: 21.78% | NonCheat Acc: 20.28% | Contrastive Loss: 0.000002
  Step 62500 | nim=0.5071 cont=0.0000
  Step 63000 | nim=0.5005 cont=0.0000
  Step 63500 | nim=0.5083 cont=0.0000

--- Epoch 35 ---
  Step 64000 | nim=0.5010 cont=0.0000
  Step 64000 | Cheat Acc: 24.96% | NonCheat Acc: 22.43% | Contrastive Loss: 0.000003
  Step 64500 | nim=0.5094 cont=0.0000
  Step 65000 | nim=0.4621 cont=0.0000
  Pushed checkpoint step-65000 to ijinyu1113/contrastive_l1.0_layer10_s150000_seed42_v3_nopaired
  Step 65500 | nim=0.4705 cont=0.0000

--- Epoch 36 ---
  Step 66000 | nim=0.5066 cont=0.0000
  Step 66000 | Cheat Acc: 22.26% | NonCheat Acc: 23.50% | Contrastive Loss: 0.000004
  Step 66500 | nim=0.4854 cont=0.0000
  Step 67000 | nim=0.4889 cont=0.0000
  Step 67500 | nim=0.4945 cont=0.0000

--- Epoch 37 ---
  Step 68000 | nim=0.4750 cont=0.0000
  Step 68000 | Cheat Acc: 26.71% | NonCheat Acc: 19.97% | Contrastive Loss: 0.000011
  Step 68500 | nim=0.4867 cont=0.0000
  Step 69000 | nim=0.4895 cont=0.0000

--- Epoch 38 ---
  Step 69500 | nim=0.4991 cont=0.0000
  Step 70000 | nim=0.4856 cont=0.0000
  Step 70000 | Cheat Acc: 27.34% | NonCheat Acc: 23.04% | Contrastive Loss: 0.000009
  Pushed checkpoint step-70000 to ijinyu1113/contrastive_l1.0_layer10_s150000_seed42_v3_nopaired
  Step 70500 | nim=0.4858 cont=0.0000
  Step 71000 | nim=0.5283 cont=0.0000

--- Epoch 39 ---
  Step 71500 | nim=0.5024 cont=0.0000
  Step 72000 | nim=0.4357 cont=0.0000
  Step 72000 | Cheat Acc: 29.89% | NonCheat Acc: 21.51% | Contrastive Loss: 0.000008
  Step 72500 | nim=0.5219 cont=0.0000
  Step 73000 | nim=0.4855 cont=0.0000

--- Epoch 40 ---
  Step 73500 | nim=0.4808 cont=0.0000
  Step 74000 | nim=0.5028 cont=0.0000
  Step 74000 | Cheat Acc: 31.96% | NonCheat Acc: 22.89% | Contrastive Loss: 0.000010
  Step 74500 | nim=0.5097 cont=0.0000
  Step 75000 | nim=0.4878 cont=0.0000
  Pushed checkpoint step-75000 to ijinyu1113/contrastive_l1.0_layer10_s150000_seed42_v3_nopaired

--- Epoch 41 ---
  Step 75500 | nim=0.5069 cont=0.0000
  Step 76000 | nim=0.4783 cont=0.0000
  Step 76000 | Cheat Acc: 38.63% | NonCheat Acc: 20.74% | Contrastive Loss: 0.000018
  Step 76500 | nim=0.4659 cont=0.0000

--- Epoch 42 ---
  Step 77000 | nim=0.4548 cont=0.0000
  Step 77500 | nim=0.4550 cont=0.0000
  Step 78000 | nim=0.4850 cont=0.0000
  Step 78000 | Cheat Acc: 42.29% | NonCheat Acc: 24.27% | Contrastive Loss: 0.000015
  Step 78500 | nim=0.4643 cont=0.0000

--- Epoch 43 ---
  Step 79000 | nim=0.4090 cont=0.0000
  Step 79500 | nim=0.4467 cont=0.0000
  Step 80000 | nim=0.4472 cont=0.0000
  Step 80000 | Cheat Acc: 49.28% | NonCheat Acc: 23.50% | Contrastive Loss: 0.000021
  Pushed checkpoint step-80000 to ijinyu1113/contrastive_l1.0_layer10_s150000_seed42_v3_nopaired
  Step 80500 | nim=0.3789 cont=0.0000

--- Epoch 44 ---
  Step 81000 | nim=0.4572 cont=0.0000
  Step 81500 | nim=0.3732 cont=0.0000
  Step 82000 | nim=0.4387 cont=0.0000
  Step 82000 | Cheat Acc: 57.87% | NonCheat Acc: 19.05% | Contrastive Loss: 0.000033
  Step 82500 | nim=0.4182 cont=0.0000

--- Epoch 45 ---
  Step 83000 | nim=0.3402 cont=0.0000
  Step 83500 | nim=0.3097 cont=0.0000
  Step 84000 | nim=0.2987 cont=0.0000
  Step 84000 | Cheat Acc: 62.16% | NonCheat Acc: 19.66% | Contrastive Loss: 0.000031

--- Epoch 46 ---
  Step 84500 | nim=0.2500 cont=0.0000
  Step 85000 | nim=0.2906 cont=0.0000
  Pushed checkpoint step-85000 to ijinyu1113/contrastive_l1.0_layer10_s150000_seed42_v3_nopaired
  Step 85500 | nim=0.3272 cont=0.0001
  Step 86000 | nim=0.2961 cont=0.0000
  Step 86000 | Cheat Acc: 70.43% | NonCheat Acc: 21.20% | Contrastive Loss: 0.000045

--- Epoch 47 ---
  Step 86500 | nim=0.3644 cont=0.0000
  Step 87000 | nim=0.2641 cont=0.0000
  Step 87500 | nim=0.3976 cont=0.0000
  Step 88000 | nim=0.3565 cont=0.0001
  Step 88000 | Cheat Acc: 73.77% | NonCheat Acc: 18.43% | Contrastive Loss: 0.000052

--- Epoch 48 ---
  Step 88500 | nim=0.2981 cont=0.0000
  Step 89000 | nim=0.2847 cont=0.0001
  Step 89500 | nim=0.3470 cont=0.0000
  Step 90000 | nim=0.3836 cont=0.0000
  Step 90000 | Cheat Acc: 79.01% | NonCheat Acc: 19.97% | Contrastive Loss: 0.000042
  Pushed checkpoint step-90000 to ijinyu1113/contrastive_l1.0_layer10_s150000_seed42_v3_nopaired

--- Epoch 49 ---
  Step 90500 | nim=0.2888 cont=0.0000
  Step 91000 | nim=0.3285 cont=0.0000
  Step 91500 | nim=0.3128 cont=0.0000

--- Epoch 50 ---
  Step 92000 | nim=0.3306 cont=0.0000
  Step 92000 | Cheat Acc: 80.60% | NonCheat Acc: 17.82% | Contrastive Loss: 0.000044
  Step 92500 | nim=0.3175 cont=0.0000
  Step 93000 | nim=0.2383 cont=0.0001
  Step 93500 | nim=0.3156 cont=0.0000

--- Epoch 51 ---
  Step 94000 | nim=0.3155 cont=0.0001
  Step 94000 | Cheat Acc: 84.42% | NonCheat Acc: 18.74% | Contrastive Loss: 0.000051
  Step 94500 | nim=0.2964 cont=0.0000
  Step 95000 | nim=0.1789 cont=0.0000
  Pushed checkpoint step-95000 to ijinyu1113/contrastive_l1.0_layer10_s150000_seed42_v3_nopaired
  Step 95500 | nim=0.2623 cont=0.0000

--- Epoch 52 ---
  Step 96000 | nim=0.1674 cont=0.0000
  Step 96000 | Cheat Acc: 86.33% | NonCheat Acc: 18.74% | Contrastive Loss: 0.000047
  Step 96500 | nim=0.1504 cont=0.0000
  Step 97000 | nim=0.3065 cont=0.0000
  Step 97500 | nim=0.1980 cont=0.0000

--- Epoch 53 ---
  Step 98000 | nim=0.2012 cont=0.0000
  Step 98000 | Cheat Acc: 85.21% | NonCheat Acc: 20.43% | Contrastive Loss: 0.000049
  Step 98500 | nim=0.1719 cont=0.0000
  Step 99000 | nim=0.2083 cont=0.0001

--- Epoch 54 ---
  Step 99500 | nim=0.1673 cont=0.0000
  Step 100000 | nim=0.2155 cont=0.0001
  Step 100000 | Cheat Acc: 87.60% | NonCheat Acc: 19.51% | Contrastive Loss: 0.000052
  Pushed checkpoint step-100000 to ijinyu1113/contrastive_l1.0_layer10_s150000_seed42_v3_nopaired
  Step 100500 | nim=0.1879 cont=0.0000
  Step 101000 | nim=0.2510 cont=0.0000

--- Epoch 55 ---
  Step 101500 | nim=0.2482 cont=0.0001
  Step 102000 | nim=0.1418 cont=0.0001
  Step 102000 | Cheat Acc: 86.65% | NonCheat Acc: 18.89% | Contrastive Loss: 0.000049
  Step 102500 | nim=0.1659 cont=0.0000
  Step 103000 | nim=0.2310 cont=0.0000

--- Epoch 56 ---
  Step 103500 | nim=0.1802 cont=0.0001
  Step 104000 | nim=0.1213 cont=0.0000
  Step 104000 | Cheat Acc: 88.08% | NonCheat Acc: 19.35% | Contrastive Loss: 0.000050
  Step 104500 | nim=0.1438 cont=0.0000
  Step 105000 | nim=0.1431 cont=0.0001
  Pushed checkpoint step-105000 to ijinyu1113/contrastive_l1.0_layer10_s150000_seed42_v3_nopaired

--- Epoch 57 ---
  Step 105500 | nim=0.1749 cont=0.0000
  Step 106000 | nim=0.2383 cont=0.0001
  Step 106000 | Cheat Acc: 86.01% | NonCheat Acc: 19.05% | Contrastive Loss: 0.000063
  Step 106500 | nim=0.1644 cont=0.0001

--- Epoch 58 ---
  Step 107000 | nim=0.2069 cont=0.0001
  Step 107500 | nim=0.1432 cont=0.0001
  Step 108000 | nim=0.2120 cont=0.0000
  Step 108000 | Cheat Acc: 87.44% | NonCheat Acc: 19.51% | Contrastive Loss: 0.000045
  Step 108500 | nim=0.2395 cont=0.0000

--- Epoch 59 ---
  Step 109000 | nim=0.1443 cont=0.0001
  Step 109500 | nim=0.0746 cont=0.0001
  Step 110000 | nim=0.1489 cont=0.0001
  Step 110000 | Cheat Acc: 86.17% | NonCheat Acc: 16.90% | Contrastive Loss: 0.000064
  Pushed checkpoint step-110000 to ijinyu1113/contrastive_l1.0_layer10_s150000_seed42_v3_nopaired
  Step 110500 | nim=0.1232 cont=0.0001

--- Epoch 60 ---
  Step 111000 | nim=0.1486 cont=0.0001
  Step 111500 | nim=0.0945 cont=0.0001
  Step 112000 | nim=0.0499 cont=0.0000
  Step 112000 | Cheat Acc: 84.90% | NonCheat Acc: 21.81% | Contrastive Loss: 0.000058
  Step 112500 | nim=0.0892 cont=0.0001

--- Epoch 61 ---
  Step 113000 | nim=0.0550 cont=0.0001
  Step 113500 | nim=0.0740 cont=0.0001
  Step 114000 | nim=0.1527 cont=0.0001
  Step 114000 | Cheat Acc: 85.06% | NonCheat Acc: 20.43% | Contrastive Loss: 0.000062

--- Epoch 62 ---
  Step 114500 | nim=0.0507 cont=0.0001
  Step 115000 | nim=0.0815 cont=0.0001
  Pushed checkpoint step-115000 to ijinyu1113/contrastive_l1.0_layer10_s150000_seed42_v3_nopaired
  Step 115500 | nim=0.0600 cont=0.0001
  Step 116000 | nim=0.0675 cont=0.0001
  Step 116000 | Cheat Acc: 85.06% | NonCheat Acc: 18.43% | Contrastive Loss: 0.000055

--- Epoch 63 ---
  Step 116500 | nim=0.0849 cont=0.0001
  Step 117000 | nim=0.0508 cont=0.0001
  Step 117500 | nim=0.0462 cont=0.0000
  Step 118000 | nim=0.0721 cont=0.0001
  Step 118000 | Cheat Acc: 85.21% | NonCheat Acc: 18.13% | Contrastive Loss: 0.000055

--- Epoch 64 ---
  Step 118500 | nim=0.0983 cont=0.0001
  Step 119000 | nim=0.0528 cont=0.0000
  Step 119500 | nim=0.1096 cont=0.0001
  Step 120000 | nim=0.0716 cont=0.0000
  Step 120000 | Cheat Acc: 84.42% | NonCheat Acc: 19.51% | Contrastive Loss: 0.000058
  Pushed checkpoint step-120000 to ijinyu1113/contrastive_l1.0_layer10_s150000_seed42_v3_nopaired

--- Epoch 65 ---
  Step 120500 | nim=0.0623 cont=0.0001
  Step 121000 | nim=0.0448 cont=0.0001
  Step 121500 | nim=0.1112 cont=0.0001

--- Epoch 66 ---
  Step 122000 | nim=0.1155 cont=0.0000
  Step 122000 | Cheat Acc: 83.15% | NonCheat Acc: 20.58% | Contrastive Loss: 0.000050
  Step 122500 | nim=0.0496 cont=0.0001
  Step 123000 | nim=0.0532 cont=0.0000
  Step 123500 | nim=0.0836 cont=0.0000

--- Epoch 67 ---
  Step 124000 | nim=0.0012 cont=0.0001
  Step 124000 | Cheat Acc: 83.78% | NonCheat Acc: 20.58% | Contrastive Loss: 0.000050
  Step 124500 | nim=0.0060 cont=0.0000
  Step 125000 | nim=0.0050 cont=0.0000
  Pushed checkpoint step-125000 to ijinyu1113/contrastive_l1.0_layer10_s150000_seed42_v3_nopaired
  Step 125500 | nim=0.0528 cont=0.0000

--- Epoch 68 ---
  Step 126000 | nim=0.0130 cont=0.0000
  Step 126000 | Cheat Acc: 83.94% | NonCheat Acc: 20.28% | Contrastive Loss: 0.000055
  Step 126500 | nim=0.0213 cont=0.0001
  Step 127000 | nim=0.0562 cont=0.0000
  Step 127500 | nim=0.0169 cont=0.0001

--- Epoch 69 ---
  Step 128000 | nim=0.0643 cont=0.0001
  Step 128000 | Cheat Acc: 85.06% | NonCheat Acc: 19.97% | Contrastive Loss: 0.000052
  Step 128500 | nim=0.0355 cont=0.0000
  Step 129000 | nim=0.0165 cont=0.0000

--- Epoch 70 ---
  Step 129500 | nim=0.0025 cont=0.0000
  Step 130000 | nim=0.0002 cont=0.0000
  Step 130000 | Cheat Acc: 84.58% | NonCheat Acc: 21.04% | Contrastive Loss: 0.000045
  Pushed checkpoint step-130000 to ijinyu1113/contrastive_l1.0_layer10_s150000_seed42_v3_nopaired
  Step 130500 | nim=0.0061 cont=0.0000
  Step 131000 | nim=0.0022 cont=0.0000

--- Epoch 71 ---
  Step 131500 | nim=0.0005 cont=0.0000
  Step 132000 | nim=0.0638 cont=0.0000
  Step 132000 | Cheat Acc: 85.53% | NonCheat Acc: 19.51% | Contrastive Loss: 0.000036
  Step 132500 | nim=0.0025 cont=0.0000
  Step 133000 | nim=0.0094 cont=0.0000

--- Epoch 72 ---
  Step 133500 | nim=0.0016 cont=0.0000
  Step 134000 | nim=0.0010 cont=0.0000
  Step 134000 | Cheat Acc: 84.42% | NonCheat Acc: 19.97% | Contrastive Loss: 0.000039
  Step 134500 | nim=0.0008 cont=0.0000
  Step 135000 | nim=0.0026 cont=0.0000
  Pushed checkpoint step-135000 to ijinyu1113/contrastive_l1.0_layer10_s150000_seed42_v3_nopaired

--- Epoch 73 ---
  Step 135500 | nim=0.0450 cont=0.0000
  Step 136000 | nim=0.0205 cont=0.0000
  Step 136000 | Cheat Acc: 86.33% | NonCheat Acc: 20.28% | Contrastive Loss: 0.000030
  Step 136500 | nim=0.0006 cont=0.0000

--- Epoch 74 ---
  Step 137000 | nim=0.0042 cont=0.0000
  Step 137500 | nim=0.0322 cont=0.0000
  Step 138000 | nim=0.0001 cont=0.0000
  Step 138000 | Cheat Acc: 85.69% | NonCheat Acc: 18.13% | Contrastive Loss: 0.000031
  Step 138500 | nim=0.0009 cont=0.0000

--- Epoch 75 ---
  Step 139000 | nim=0.0000 cont=0.0000
  Step 139500 | nim=0.0004 cont=0.0000
  Step 140000 | nim=0.0003 cont=0.0000
  Step 140000 | Cheat Acc: 84.42% | NonCheat Acc: 17.67% | Contrastive Loss: 0.000027
  Pushed checkpoint step-140000 to ijinyu1113/contrastive_l1.0_layer10_s150000_seed42_v3_nopaired
  Step 140500 | nim=0.0004 cont=0.0000

--- Epoch 76 ---
  Step 141000 | nim=0.0000 cont=0.0000
  Step 141500 | nim=0.0000 cont=0.0000
  Step 142000 | nim=0.0000 cont=0.0000
  Step 142000 | Cheat Acc: 86.17% | NonCheat Acc: 17.67% | Contrastive Loss: 0.000025
  Step 142500 | nim=0.0000 cont=0.0000

--- Epoch 77 ---
  Step 143000 | nim=0.0000 cont=0.0000
  Step 143500 | nim=0.0001 cont=0.0000
  Step 144000 | nim=0.0000 cont=0.0000
  Step 144000 | Cheat Acc: 86.49% | NonCheat Acc: 19.20% | Contrastive Loss: 0.000022

--- Epoch 78 ---
  Step 144500 | nim=0.0000 cont=0.0000
  Step 145000 | nim=0.0000 cont=0.0000
  Pushed checkpoint step-145000 to ijinyu1113/contrastive_l1.0_layer10_s150000_seed42_v3_nopaired
  Step 145500 | nim=0.0000 cont=0.0000
  Step 146000 | nim=0.0000 cont=0.0000
  Step 146000 | Cheat Acc: 86.65% | NonCheat Acc: 18.59% | Contrastive Loss: 0.000019

--- Epoch 79 ---
  Step 146500 | nim=0.0000 cont=0.0000
  Step 147000 | nim=0.0000 cont=0.0000
  Step 147500 | nim=0.0000 cont=0.0000
  Step 148000 | nim=0.0000 cont=0.0000
  Step 148000 | Cheat Acc: 86.33% | NonCheat Acc: 18.59% | Contrastive Loss: 0.000017

--- Epoch 80 ---
  Step 148500 | nim=0.0000 cont=0.0000
  Step 149000 | nim=0.0000 cont=0.0000
  Step 149500 | nim=0.0000 cont=0.0000
  Step 150000 | nim=0.0000 cont=0.0000
  Step 150000 | Cheat Acc: 86.65% | NonCheat Acc: 18.13% | Contrastive Loss: 0.000017
  Pushed checkpoint step-150000 to ijinyu1113/contrastive_l1.0_layer10_s150000_seed42_v3_nopaired
  Pushed checkpoint step-150000 to ijinyu1113/contrastive_l1.0_layer10_s150000_seed42_v3_nopaired
Training complete. Checkpoints at ijinyu1113/contrastive_l1.0_layer10_s150000_seed42_v3_nopaired
