Using base checkpoint: step143000

STARTING CONTRASTIVE: Lambda=0.0, LR=3e-05, Layer=12, BS=32

--- Epoch 1 ---
  Step   500 | nim=1.0034 cont=0.0038
  Step  1000 | nim=0.9868 cont=0.0040
  Step  1500 | nim=1.0585 cont=0.0032

--- Epoch 2 ---
  Step  2000 | nim=1.0337 cont=0.0019
  Step  2000 | Cheat Acc: 20.19% | NonCheat Acc: 20.12% | Contrastive Loss: 0.001981
  Step  2500 | nim=1.0282 cont=0.0019
  Step  3000 | nim=0.9772 cont=0.0018
  Step  3500 | nim=1.0346 cont=0.0016

--- Epoch 3 ---
  Step  4000 | nim=1.0316 cont=0.0023
  Step  4000 | Cheat Acc: 20.67% | NonCheat Acc: 22.73% | Contrastive Loss: 0.002865
  Step  4500 | nim=1.0345 cont=0.0012
  Step  5000 | nim=0.9831 cont=0.0016
  Pushed checkpoint step-5000 to ijinyu1113/contrastive_l0.0_layer12_s150000_seed123_v3
  Step  5500 | nim=1.0178 cont=0.0016

--- Epoch 4 ---
  Step  6000 | nim=0.9731 cont=0.0014
  Step  6000 | Cheat Acc: 19.24% | NonCheat Acc: 19.51% | Contrastive Loss: 0.001390
  Step  6500 | nim=1.0461 cont=0.0011
  Step  7000 | nim=1.0126 cont=0.0009
  Step  7500 | nim=1.0018 cont=0.0011

--- Epoch 5 ---
  Step  8000 | nim=1.0362 cont=0.0012
  Step  8000 | Cheat Acc: 19.24% | NonCheat Acc: 19.51% | Contrastive Loss: 0.001306
  Step  8500 | nim=1.0474 cont=0.0012
  Step  9000 | nim=1.0309 cont=0.0004

--- Epoch 6 ---
  Step  9500 | nim=0.9892 cont=0.0006
  Step 10000 | nim=1.0396 cont=0.0005
  Step 10000 | Cheat Acc: 19.24% | NonCheat Acc: 19.51% | Contrastive Loss: 0.000479
  Pushed checkpoint step-10000 to ijinyu1113/contrastive_l0.0_layer12_s150000_seed123_v3
  Step 10500 | nim=0.9726 cont=0.0004
  Step 11000 | nim=1.0013 cont=0.0005

--- Epoch 7 ---
  Step 11500 | nim=1.0126 cont=0.0004
  Step 12000 | nim=0.9922 cont=0.0005
  Step 12000 | Cheat Acc: 20.35% | NonCheat Acc: 19.82% | Contrastive Loss: 0.000519
  Step 12500 | nim=0.9885 cont=0.0007
  Step 13000 | nim=1.0256 cont=0.0002

--- Epoch 8 ---
  Step 13500 | nim=0.9906 cont=0.0003
  Step 14000 | nim=1.0252 cont=0.0004
  Step 14000 | Cheat Acc: 19.55% | NonCheat Acc: 19.20% | Contrastive Loss: 0.000284
  Step 14500 | nim=1.0226 cont=0.0002
  Step 15000 | nim=1.0131 cont=0.0004
  Pushed checkpoint step-15000 to ijinyu1113/contrastive_l0.0_layer12_s150000_seed123_v3

--- Epoch 9 ---
  Step 15500 | nim=1.0149 cont=0.0003
  Step 16000 | nim=1.0239 cont=0.0851
  Step 16000 | Cheat Acc: 20.19% | NonCheat Acc: 20.12% | Contrastive Loss: 0.101880
  Step 16500 | nim=1.0128 cont=6.1713

--- Epoch 10 ---
  Step 17000 | nim=0.9939 cont=14.4760
  Step 17500 | nim=1.0395 cont=15.8543
  Step 18000 | nim=1.0246 cont=12.1732
  Step 18000 | Cheat Acc: 19.24% | NonCheat Acc: 19.51% | Contrastive Loss: 16.801698
  Step 18500 | nim=0.9945 cont=42.1894

--- Epoch 11 ---
  Step 19000 | nim=1.0034 cont=28.4846
  Step 19500 | nim=0.9954 cont=21.2957
  Step 20000 | nim=1.0187 cont=24.4797
  Step 20000 | Cheat Acc: 20.35% | NonCheat Acc: 17.67% | Contrastive Loss: 26.644597
  Pushed checkpoint step-20000 to ijinyu1113/contrastive_l0.0_layer12_s150000_seed123_v3
  Step 20500 | nim=0.9843 cont=4.3746

--- Epoch 12 ---
  Step 21000 | nim=1.0153 cont=6.2103
  Step 21500 | nim=1.0107 cont=0.3208
  Step 22000 | nim=1.0131 cont=0.1291
  Step 22000 | Cheat Acc: 20.67% | NonCheat Acc: 22.73% | Contrastive Loss: 0.137422
  Step 22500 | nim=1.0274 cont=0.1100

--- Epoch 13 ---
  Step 23000 | nim=0.9965 cont=0.5148
  Step 23500 | nim=1.0175 cont=0.1629
  Step 24000 | nim=1.0292 cont=0.2142
  Step 24000 | Cheat Acc: 19.55% | NonCheat Acc: 19.20% | Contrastive Loss: 0.354066

--- Epoch 14 ---
  Step 24500 | nim=0.9600 cont=11.6214
  Step 25000 | nim=1.0134 cont=7.6945
  Pushed checkpoint step-25000 to ijinyu1113/contrastive_l0.0_layer12_s150000_seed123_v3
  Step 25500 | nim=0.9993 cont=3.9127
  Step 26000 | nim=1.0241 cont=4.8143
  Step 26000 | Cheat Acc: 20.19% | NonCheat Acc: 20.12% | Contrastive Loss: 4.111553

--- Epoch 15 ---
  Step 26500 | nim=1.0246 cont=12.6605
  Step 27000 | nim=1.0440 cont=3.4236
  Step 27500 | nim=1.0442 cont=3.5946
  Step 28000 | nim=0.9842 cont=2.4227
  Step 28000 | Cheat Acc: 20.35% | NonCheat Acc: 18.43% | Contrastive Loss: 3.343590

--- Epoch 16 ---
  Step 28500 | nim=1.0000 cont=3.6790
  Step 29000 | nim=1.0247 cont=3.3915
  Step 29500 | nim=1.0289 cont=15.1159
  Step 30000 | nim=1.0146 cont=0.8110
  Step 30000 | Cheat Acc: 19.55% | NonCheat Acc: 19.20% | Contrastive Loss: 0.967114
  Pushed checkpoint step-30000 to ijinyu1113/contrastive_l0.0_layer12_s150000_seed123_v3

--- Epoch 17 ---
  Step 30500 | nim=1.0276 cont=0.0307
  Step 31000 | nim=1.0322 cont=0.0183
  Step 31500 | nim=0.9938 cont=0.0201

--- Epoch 18 ---
  Step 32000 | nim=0.9777 cont=0.0334
  Step 32000 | Cheat Acc: 20.03% | NonCheat Acc: 19.66% | Contrastive Loss: 0.031633
  Step 32500 | nim=0.9829 cont=0.0305
  Step 33000 | nim=0.9628 cont=1.2670
  Step 33500 | nim=1.0042 cont=0.0419

--- Epoch 19 ---
  Step 34000 | nim=1.0451 cont=0.0286
  Step 34000 | Cheat Acc: 20.19% | NonCheat Acc: 20.12% | Contrastive Loss: 0.031336
  Step 34500 | nim=0.9822 cont=0.0731
  Step 35000 | nim=1.0058 cont=3.1294
  Pushed checkpoint step-35000 to ijinyu1113/contrastive_l0.0_layer12_s150000_seed123_v3
  Step 35500 | nim=0.9837 cont=6.1889

--- Epoch 20 ---
  Step 36000 | nim=1.0597 cont=0.1263
  Step 36000 | Cheat Acc: 19.24% | NonCheat Acc: 19.51% | Contrastive Loss: 0.171211
  Step 36500 | nim=1.0165 cont=0.2628
  Step 37000 | nim=0.9775 cont=4.0490
  Step 37500 | nim=1.0249 cont=0.0965

--- Epoch 21 ---
  Step 38000 | nim=1.0415 cont=0.4683
  Step 38000 | Cheat Acc: 20.19% | NonCheat Acc: 20.12% | Contrastive Loss: 0.919083
  Step 38500 | nim=1.0179 cont=1.0021
  Step 39000 | nim=0.9618 cont=0.8193

--- Epoch 22 ---
  Step 39500 | nim=1.0019 cont=0.4511
  Step 40000 | nim=1.0203 cont=1.5465
  Step 40000 | Cheat Acc: 20.35% | NonCheat Acc: 18.43% | Contrastive Loss: 1.857542
  Pushed checkpoint step-40000 to ijinyu1113/contrastive_l0.0_layer12_s150000_seed123_v3
  Step 40500 | nim=0.9742 cont=1.0434
  Step 41000 | nim=0.9988 cont=2.0004

--- Epoch 23 ---
  Step 41500 | nim=1.0505 cont=0.3189
  Step 42000 | nim=0.9823 cont=0.4559
  Step 42000 | Cheat Acc: 20.19% | NonCheat Acc: 20.12% | Contrastive Loss: 0.473194
  Step 42500 | nim=1.0246 cont=0.3856
  Step 43000 | nim=0.9914 cont=0.3055

--- Epoch 24 ---
  Step 43500 | nim=1.0427 cont=0.3279
  Step 44000 | nim=1.0503 cont=0.2494
  Step 44000 | Cheat Acc: 19.24% | NonCheat Acc: 19.51% | Contrastive Loss: 0.266462
  Step 44500 | nim=1.0448 cont=0.1941
  Step 45000 | nim=0.9934 cont=0.3761
  Pushed checkpoint step-45000 to ijinyu1113/contrastive_l0.0_layer12_s150000_seed123_v3

--- Epoch 25 ---
  Step 45500 | nim=1.0306 cont=0.1173
  Step 46000 | nim=0.9875 cont=0.2099
  Step 46000 | Cheat Acc: 19.24% | NonCheat Acc: 19.51% | Contrastive Loss: 0.241314
  Step 46500 | nim=0.9672 cont=0.7555

--- Epoch 26 ---
  Step 47000 | nim=0.9810 cont=0.4027
  Step 47500 | nim=1.0328 cont=0.3948
  Step 48000 | nim=1.0020 cont=0.4913
  Step 48000 | Cheat Acc: 19.55% | NonCheat Acc: 19.20% | Contrastive Loss: 0.446856
  Step 48500 | nim=1.0265 cont=0.4840

--- Epoch 27 ---
  Step 49000 | nim=0.9969 cont=6.5169
  Step 49500 | nim=1.0224 cont=9.6426
  Step 50000 | nim=1.0137 cont=14.7331
  Step 50000 | Cheat Acc: 19.24% | NonCheat Acc: 19.51% | Contrastive Loss: 13.941993
  Pushed checkpoint step-50000 to ijinyu1113/contrastive_l0.0_layer12_s150000_seed123_v3
  Step 50500 | nim=0.9987 cont=11.1618

--- Epoch 28 ---
  Step 51000 | nim=1.0085 cont=14.5524
  Step 51500 | nim=0.9619 cont=0.7143
  Step 52000 | nim=1.0292 cont=12.0107
  Step 52000 | Cheat Acc: 19.24% | NonCheat Acc: 19.51% | Contrastive Loss: 9.595163
  Step 52500 | nim=0.9743 cont=26.7777

--- Epoch 29 ---
  Step 53000 | nim=1.0221 cont=36.8252
  Step 53500 | nim=1.0710 cont=0.2105
  Step 54000 | nim=1.0070 cont=3.2578
  Step 54000 | Cheat Acc: 19.24% | NonCheat Acc: 19.51% | Contrastive Loss: 3.594845

--- Epoch 30 ---
  Step 54500 | nim=1.0182 cont=4.6659
  Step 55000 | nim=1.0017 cont=0.8989
  Pushed checkpoint step-55000 to ijinyu1113/contrastive_l0.0_layer12_s150000_seed123_v3
  Step 55500 | nim=1.0198 cont=1.3037
  Step 56000 | nim=0.9908 cont=1.2355
  Step 56000 | Cheat Acc: 19.55% | NonCheat Acc: 19.20% | Contrastive Loss: 1.476787

--- Epoch 31 ---
  Step 56500 | nim=1.0314 cont=2.7775
  Step 57000 | nim=0.9859 cont=2.2448
  Step 57500 | nim=0.9979 cont=5.0650
  Step 58000 | nim=0.9690 cont=2.2143
  Step 58000 | Cheat Acc: 19.24% | NonCheat Acc: 19.51% | Contrastive Loss: 2.827972

--- Epoch 32 ---
  Step 58500 | nim=0.9949 cont=1.2754
  Step 59000 | nim=1.0362 cont=5.4354
  Step 59500 | nim=1.0430 cont=12.6964
  Step 60000 | nim=1.0132 cont=0.8285
  Step 60000 | Cheat Acc: 20.19% | NonCheat Acc: 20.12% | Contrastive Loss: 1.142141
  Pushed checkpoint step-60000 to ijinyu1113/contrastive_l0.0_layer12_s150000_seed123_v3

--- Epoch 33 ---
  Step 60500 | nim=1.0087 cont=0.9214
  Step 61000 | nim=1.0089 cont=0.7156
  Step 61500 | nim=1.0194 cont=0.3447

--- Epoch 34 ---
  Step 62000 | nim=1.0266 cont=0.1900
  Step 62000 | Cheat Acc: 19.87% | NonCheat Acc: 20.43% | Contrastive Loss: 0.223095
  Step 62500 | nim=0.9981 cont=0.2942
  Step 63000 | nim=1.0184 cont=0.7650
  Step 63500 | nim=1.0142 cont=1.7839

--- Epoch 35 ---
  Step 64000 | nim=0.9858 cont=1.0785
  Step 64000 | Cheat Acc: 20.19% | NonCheat Acc: 20.12% | Contrastive Loss: 1.119194
  Step 64500 | nim=1.0550 cont=1.2871
  Step 65000 | nim=0.9585 cont=1.2523
  Pushed checkpoint step-65000 to ijinyu1113/contrastive_l0.0_layer12_s150000_seed123_v3
  Step 65500 | nim=0.9827 cont=1.0959

--- Epoch 36 ---
  Step 66000 | nim=0.9904 cont=2.1175
  Step 66000 | Cheat Acc: 19.08% | NonCheat Acc: 21.20% | Contrastive Loss: 1.682759
  Step 66500 | nim=1.0499 cont=1.9916
  Step 67000 | nim=1.0412 cont=1.2376
  Step 67500 | nim=1.0047 cont=1.5000

--- Epoch 37 ---
  Step 68000 | nim=1.0192 cont=1.2901
  Step 68000 | Cheat Acc: 20.99% | NonCheat Acc: 18.43% | Contrastive Loss: 1.958670
  Step 68500 | nim=1.0161 cont=1.8859
  Step 69000 | nim=1.0257 cont=1.5059

--- Epoch 38 ---
  Step 69500 | nim=1.0279 cont=1.2459
  Step 70000 | nim=0.9413 cont=1.6262
  Step 70000 | Cheat Acc: 20.83% | NonCheat Acc: 18.43% | Contrastive Loss: 1.420376
  Pushed checkpoint step-70000 to ijinyu1113/contrastive_l0.0_layer12_s150000_seed123_v3
  Step 70500 | nim=1.0178 cont=1.3352
  Step 71000 | nim=0.9999 cont=1.2566

--- Epoch 39 ---
  Step 71500 | nim=1.0464 cont=0.5071
  Step 72000 | nim=0.9843 cont=1.4129
  Step 72000 | Cheat Acc: 20.67% | NonCheat Acc: 19.35% | Contrastive Loss: 1.111307
  Step 72500 | nim=0.9708 cont=2.1469
  Step 73000 | nim=1.0387 cont=2.8315

--- Epoch 40 ---
  Step 73500 | nim=0.9885 cont=3.9199
  Step 74000 | nim=1.0094 cont=1.5315
  Step 74000 | Cheat Acc: 18.92% | NonCheat Acc: 19.51% | Contrastive Loss: 1.989546
  Step 74500 | nim=1.0144 cont=2.8347
  Step 75000 | nim=0.9815 cont=3.8247
  Pushed checkpoint step-75000 to ijinyu1113/contrastive_l0.0_layer12_s150000_seed123_v3

--- Epoch 41 ---
  Step 75500 | nim=0.9358 cont=6.8321
  Step 76000 | nim=0.9846 cont=13.3627
  Step 76000 | Cheat Acc: 18.92% | NonCheat Acc: 19.51% | Contrastive Loss: 7.746149
  Step 76500 | nim=1.0223 cont=12.5680

--- Epoch 42 ---
  Step 77000 | nim=1.0156 cont=8.3347
  Step 77500 | nim=1.0549 cont=6.9815
  Step 78000 | nim=0.9949 cont=3.6524
  Step 78000 | Cheat Acc: 19.87% | NonCheat Acc: 18.74% | Contrastive Loss: 7.347883
  Step 78500 | nim=1.0498 cont=10.3555

--- Epoch 43 ---
  Step 79000 | nim=0.9994 cont=3.7309
  Step 79500 | nim=1.0080 cont=5.8110
  Step 80000 | nim=1.0216 cont=9.1638
  Step 80000 | Cheat Acc: 18.92% | NonCheat Acc: 19.97% | Contrastive Loss: 11.409785
  Pushed checkpoint step-80000 to ijinyu1113/contrastive_l0.0_layer12_s150000_seed123_v3
  Step 80500 | nim=1.0011 cont=36.5244

--- Epoch 44 ---
  Step 81000 | nim=1.0038 cont=13.5738
  Step 81500 | nim=1.0153 cont=38.2389
  Step 82000 | nim=1.0164 cont=52.4587
  Step 82000 | Cheat Acc: 19.08% | NonCheat Acc: 21.35% | Contrastive Loss: 36.627206
  Step 82500 | nim=0.9911 cont=69.0606

--- Epoch 45 ---
  Step 83000 | nim=1.0087 cont=34.4582
  Step 83500 | nim=0.9925 cont=15.9317
  Step 84000 | nim=1.0037 cont=17.9664
  Step 84000 | Cheat Acc: 20.03% | NonCheat Acc: 18.59% | Contrastive Loss: 16.920546

--- Epoch 46 ---
  Step 84500 | nim=0.9853 cont=15.9320
  Step 85000 | nim=1.0127 cont=52.6349
  Pushed checkpoint step-85000 to ijinyu1113/contrastive_l0.0_layer12_s150000_seed123_v3
  Step 85500 | nim=0.9716 cont=35.7966
  Step 86000 | nim=0.9869 cont=34.5361
  Step 86000 | Cheat Acc: 19.71% | NonCheat Acc: 20.28% | Contrastive Loss: 44.417173

--- Epoch 47 ---
  Step 86500 | nim=1.0346 cont=47.9673
  Step 87000 | nim=1.0196 cont=34.8572
  Step 87500 | nim=1.0059 cont=46.2211
  Step 88000 | nim=0.9882 cont=42.5872
  Step 88000 | Cheat Acc: 23.05% | NonCheat Acc: 19.51% | Contrastive Loss: 47.174978

--- Epoch 48 ---
  Step 88500 | nim=1.0228 cont=76.3799
  Step 89000 | nim=1.0322 cont=46.6681
  Step 89500 | nim=0.9637 cont=54.9901
  Step 90000 | nim=1.0093 cont=16.6191
  Step 90000 | Cheat Acc: 19.08% | NonCheat Acc: 22.43% | Contrastive Loss: 34.124035
  Pushed checkpoint step-90000 to ijinyu1113/contrastive_l0.0_layer12_s150000_seed123_v3

--- Epoch 49 ---
  Step 90500 | nim=1.0197 cont=16.5888
  Step 91000 | nim=1.0345 cont=31.1720
  Step 91500 | nim=0.9803 cont=40.5737

--- Epoch 50 ---
  Step 92000 | nim=0.9382 cont=36.4966
  Step 92000 | Cheat Acc: 19.40% | NonCheat Acc: 20.28% | Contrastive Loss: 55.204913
  Step 92500 | nim=1.0267 cont=39.3419
  Step 93000 | nim=1.0132 cont=42.7351
  Step 93500 | nim=1.0406 cont=42.6486

--- Epoch 51 ---
  Step 94000 | nim=0.9892 cont=55.3767
  Step 94000 | Cheat Acc: 20.03% | NonCheat Acc: 20.58% | Contrastive Loss: 51.292718
  Step 94500 | nim=1.0187 cont=91.6481
  Step 95000 | nim=0.9933 cont=61.7517
  Pushed checkpoint step-95000 to ijinyu1113/contrastive_l0.0_layer12_s150000_seed123_v3
  Step 95500 | nim=0.9591 cont=25.0669

--- Epoch 52 ---
  Step 96000 | nim=1.0009 cont=72.8733
  Step 96000 | Cheat Acc: 18.92% | NonCheat Acc: 19.82% | Contrastive Loss: 56.372853
  Step 96500 | nim=0.9850 cont=49.3408
  Step 97000 | nim=0.9923 cont=36.7480
  Step 97500 | nim=1.0279 cont=35.1788

--- Epoch 53 ---
  Step 98000 | nim=1.0247 cont=44.7603
  Step 98000 | Cheat Acc: 19.71% | NonCheat Acc: 19.66% | Contrastive Loss: 34.613644
  Step 98500 | nim=0.9918 cont=44.4540
  Step 99000 | nim=1.0004 cont=28.9798

--- Epoch 54 ---
  Step 99500 | nim=1.0353 cont=24.8715
  Step 100000 | nim=0.9886 cont=40.1027
  Step 100000 | Cheat Acc: 19.24% | NonCheat Acc: 21.20% | Contrastive Loss: 41.799848
  Pushed checkpoint step-100000 to ijinyu1113/contrastive_l0.0_layer12_s150000_seed123_v3
  Step 100500 | nim=0.9991 cont=25.7320
  Step 101000 | nim=1.0170 cont=15.4148

--- Epoch 55 ---
  Step 101500 | nim=0.9494 cont=25.8501
  Step 102000 | nim=1.0256 cont=39.9619
  Step 102000 | Cheat Acc: 18.44% | NonCheat Acc: 20.28% | Contrastive Loss: 32.275839
  Step 102500 | nim=0.9922 cont=25.7462
  Step 103000 | nim=1.0167 cont=28.8774

--- Epoch 56 ---
  Step 103500 | nim=0.9923 cont=27.9093
  Step 104000 | nim=1.0416 cont=58.8591
  Step 104000 | Cheat Acc: 19.40% | NonCheat Acc: 20.58% | Contrastive Loss: 35.728765
  Step 104500 | nim=0.9994 cont=30.3959
  Step 105000 | nim=0.9884 cont=33.8785
  Pushed checkpoint step-105000 to ijinyu1113/contrastive_l0.0_layer12_s150000_seed123_v3

--- Epoch 57 ---
  Step 105500 | nim=0.9711 cont=59.8847
  Step 106000 | nim=0.9487 cont=31.7920
  Step 106000 | Cheat Acc: 19.55% | NonCheat Acc: 21.20% | Contrastive Loss: 43.702247
  Step 106500 | nim=0.9883 cont=36.9560

--- Epoch 58 ---
  Step 107000 | nim=1.0491 cont=22.9925
  Step 107500 | nim=0.9748 cont=48.8904
  Step 108000 | nim=1.0207 cont=30.6520
  Step 108000 | Cheat Acc: 18.44% | NonCheat Acc: 20.43% | Contrastive Loss: 27.169183
  Step 108500 | nim=0.9718 cont=26.5818

--- Epoch 59 ---
  Step 109000 | nim=0.9707 cont=29.3529
  Step 109500 | nim=1.0178 cont=27.0234
  Step 110000 | nim=1.0561 cont=28.5721
  Step 110000 | Cheat Acc: 18.92% | NonCheat Acc: 19.82% | Contrastive Loss: 50.541859
  Pushed checkpoint step-110000 to ijinyu1113/contrastive_l0.0_layer12_s150000_seed123_v3
  Step 110500 | nim=1.0206 cont=46.7655

--- Epoch 60 ---
  Step 111000 | nim=0.9880 cont=58.4209
  Step 111500 | nim=1.0219 cont=49.6560
  Step 112000 | nim=0.9800 cont=61.6481
  Step 112000 | Cheat Acc: 18.60% | NonCheat Acc: 18.74% | Contrastive Loss: 59.614490
  Step 112500 | nim=1.0082 cont=65.0176

--- Epoch 61 ---
  Step 113000 | nim=1.0475 cont=58.5716
  Step 113500 | nim=0.9969 cont=38.5895
  Step 114000 | nim=1.0396 cont=69.9429
  Step 114000 | Cheat Acc: 18.28% | NonCheat Acc: 19.51% | Contrastive Loss: 56.704413

--- Epoch 62 ---
  Step 114500 | nim=0.9992 cont=49.4197
  Step 115000 | nim=0.9736 cont=64.0872
  Pushed checkpoint step-115000 to ijinyu1113/contrastive_l0.0_layer12_s150000_seed123_v3
  Step 115500 | nim=0.9738 cont=52.9701
  Step 116000 | nim=1.0322 cont=65.5031
  Step 116000 | Cheat Acc: 19.08% | NonCheat Acc: 20.28% | Contrastive Loss: 60.362956

--- Epoch 63 ---
  Step 116500 | nim=1.0103 cont=55.6023
  Step 117000 | nim=0.9827 cont=69.8127
  Step 117500 | nim=0.9950 cont=64.5327
  Step 118000 | nim=0.9815 cont=19.3208
  Step 118000 | Cheat Acc: 18.12% | NonCheat Acc: 18.89% | Contrastive Loss: 53.089322

--- Epoch 64 ---
  Step 118500 | nim=0.9672 cont=43.7944
  Step 119000 | nim=1.0043 cont=121.8199
  Step 119500 | nim=1.0309 cont=35.8498
  Step 120000 | nim=0.9997 cont=72.6964
  Step 120000 | Cheat Acc: 19.08% | NonCheat Acc: 20.28% | Contrastive Loss: 61.460640
  Pushed checkpoint step-120000 to ijinyu1113/contrastive_l0.0_layer12_s150000_seed123_v3

--- Epoch 65 ---
  Step 120500 | nim=0.9938 cont=169.4659
  Step 121000 | nim=0.9821 cont=73.5693
  Step 121500 | nim=1.0359 cont=52.1933

--- Epoch 66 ---
  Step 122000 | nim=0.9641 cont=38.0147
  Step 122000 | Cheat Acc: 19.40% | NonCheat Acc: 19.66% | Contrastive Loss: 65.820407
  Step 122500 | nim=1.0059 cont=68.4534
  Step 123000 | nim=1.0032 cont=117.0302
  Step 123500 | nim=1.0094 cont=94.5336

--- Epoch 67 ---
  Step 124000 | nim=1.0145 cont=64.0599
  Step 124000 | Cheat Acc: 21.94% | NonCheat Acc: 18.89% | Contrastive Loss: 68.409648
  Step 124500 | nim=0.9598 cont=60.4921
  Step 125000 | nim=0.9746 cont=75.0237
  Pushed checkpoint step-125000 to ijinyu1113/contrastive_l0.0_layer12_s150000_seed123_v3
  Step 125500 | nim=0.9852 cont=30.3704

--- Epoch 68 ---
  Step 126000 | nim=1.0529 cont=71.6778
  Step 126000 | Cheat Acc: 20.67% | NonCheat Acc: 19.05% | Contrastive Loss: 54.377347
  Step 126500 | nim=0.9305 cont=64.8703
  Step 127000 | nim=1.0378 cont=31.3076
  Step 127500 | nim=1.0461 cont=94.4585

--- Epoch 69 ---
  Step 128000 | nim=1.0037 cont=25.9818
  Step 128000 | Cheat Acc: 17.97% | NonCheat Acc: 20.12% | Contrastive Loss: 42.053699
  Step 128500 | nim=1.0045 cont=36.6555
  Step 129000 | nim=0.9569 cont=36.1194

--- Epoch 70 ---
  Step 129500 | nim=1.0174 cont=62.6403
  Step 130000 | nim=0.9936 cont=31.7350
  Step 130000 | Cheat Acc: 18.76% | NonCheat Acc: 21.66% | Contrastive Loss: 42.365811
  Pushed checkpoint step-130000 to ijinyu1113/contrastive_l0.0_layer12_s150000_seed123_v3
  Step 130500 | nim=0.9835 cont=73.8536
  Step 131000 | nim=0.9851 cont=43.4145

--- Epoch 71 ---
  Step 131500 | nim=1.0244 cont=27.8939
  Step 132000 | nim=1.0065 cont=41.0023
  Step 132000 | Cheat Acc: 19.40% | NonCheat Acc: 22.12% | Contrastive Loss: 46.685582
  Step 132500 | nim=0.9722 cont=42.8134
  Step 133000 | nim=0.9974 cont=67.8697

--- Epoch 72 ---
  Step 133500 | nim=1.0328 cont=79.5423
  Step 134000 | nim=1.0431 cont=49.5179
  Step 134000 | Cheat Acc: 18.44% | NonCheat Acc: 20.58% | Contrastive Loss: 53.705072
  Step 134500 | nim=1.0302 cont=62.8662
  Step 135000 | nim=1.0072 cont=35.5902
  Pushed checkpoint step-135000 to ijinyu1113/contrastive_l0.0_layer12_s150000_seed123_v3

--- Epoch 73 ---
  Step 135500 | nim=0.9624 cont=64.5330
  Step 136000 | nim=0.9906 cont=73.4046
  Step 136000 | Cheat Acc: 20.19% | NonCheat Acc: 22.58% | Contrastive Loss: 59.351695
  Step 136500 | nim=0.9647 cont=44.2872

--- Epoch 74 ---
  Step 137000 | nim=0.9940 cont=51.5040
  Step 137500 | nim=0.9894 cont=35.3731
  Step 138000 | nim=0.9955 cont=36.1546
  Step 138000 | Cheat Acc: 17.65% | NonCheat Acc: 22.58% | Contrastive Loss: 47.712746
  Step 138500 | nim=0.9600 cont=86.1181

--- Epoch 75 ---
  Step 139000 | nim=0.9928 cont=49.1579
  Step 139500 | nim=0.9897 cont=102.5806
  Step 140000 | nim=0.9950 cont=51.4960
  Step 140000 | Cheat Acc: 18.92% | NonCheat Acc: 20.74% | Contrastive Loss: 49.684014
  Pushed checkpoint step-140000 to ijinyu1113/contrastive_l0.0_layer12_s150000_seed123_v3
  Step 140500 | nim=1.0156 cont=90.3373

--- Epoch 76 ---
  Step 141000 | nim=1.0472 cont=58.3383
  Step 141500 | nim=1.0076 cont=137.2990
  Step 142000 | nim=1.0208 cont=30.9347
  Step 142000 | Cheat Acc: 19.24% | NonCheat Acc: 21.81% | Contrastive Loss: 50.224288
  Step 142500 | nim=1.0347 cont=101.9403

--- Epoch 77 ---
  Step 143000 | nim=0.9831 cont=80.8763
  Step 143500 | nim=1.0303 cont=40.2227
  Step 144000 | nim=0.9702 cont=60.5205
  Step 144000 | Cheat Acc: 19.40% | NonCheat Acc: 20.28% | Contrastive Loss: 60.893962

--- Epoch 78 ---
  Step 144500 | nim=1.0153 cont=57.7141
  Step 145000 | nim=1.0092 cont=75.3452
  Pushed checkpoint step-145000 to ijinyu1113/contrastive_l0.0_layer12_s150000_seed123_v3
  Step 145500 | nim=0.9838 cont=54.9726
  Step 146000 | nim=1.0011 cont=46.3631
  Step 146000 | Cheat Acc: 18.28% | NonCheat Acc: 21.51% | Contrastive Loss: 54.600905

--- Epoch 79 ---
  Step 146500 | nim=0.9655 cont=87.9319
  Step 147000 | nim=0.9683 cont=61.2640
  Step 147500 | nim=1.0716 cont=86.8957
  Step 148000 | nim=0.9892 cont=44.1858
  Step 148000 | Cheat Acc: 18.12% | NonCheat Acc: 21.97% | Contrastive Loss: 56.172939

--- Epoch 80 ---
  Step 148500 | nim=1.0179 cont=86.7001
  Step 149000 | nim=1.0169 cont=32.2385
  Step 149500 | nim=1.0201 cont=58.7878
  Step 150000 | nim=1.0247 cont=45.4762
  Step 150000 | Cheat Acc: 18.92% | NonCheat Acc: 21.04% | Contrastive Loss: 56.702917
  Pushed checkpoint step-150000 to ijinyu1113/contrastive_l0.0_layer12_s150000_seed123_v3
  Pushed checkpoint step-150000 to ijinyu1113/contrastive_l0.0_layer12_s150000_seed123_v3
Training complete. Checkpoints at ijinyu1113/contrastive_l0.0_layer12_s150000_seed123_v3
