Using base checkpoint: step143000

STARTING CONTRASTIVE: Lambda=1.0, LR=3e-05, Layer=10, BS=32

--- Epoch 1 ---
  Step   500 | nim=0.5056 cont=0.0012
  Step  1000 | nim=0.5248 cont=0.0003
  Step  1500 | nim=0.4736 cont=0.0001

--- Epoch 2 ---
  Step  2000 | nim=0.4902 cont=0.0001
  Step  2000 | Cheat Acc: 20.19% | NonCheat Acc: 20.12% | Contrastive Loss: 0.000057
  Step  2500 | nim=0.5023 cont=0.0000
  Step  3000 | nim=0.5068 cont=0.0000
  Step  3500 | nim=0.5187 cont=0.0000

--- Epoch 3 ---
  Step  4000 | nim=0.5010 cont=0.0000
  Step  4000 | Cheat Acc: 19.55% | NonCheat Acc: 19.20% | Contrastive Loss: 0.000010
  Step  4500 | nim=0.5141 cont=0.0000
  Step  5000 | nim=0.5210 cont=0.0000
  Pushed checkpoint step-5000 to ijinyu1113/contrastive_l1.0_layer10_s150000_seed1_v3_nopaired
  Step  5500 | nim=0.5454 cont=0.0000

--- Epoch 4 ---
  Step  6000 | nim=0.5133 cont=0.0000
  Step  6000 | Cheat Acc: 20.35% | NonCheat Acc: 18.43% | Contrastive Loss: 0.000005
  Step  6500 | nim=0.5155 cont=0.0000
  Step  7000 | nim=0.5113 cont=0.0000
  Step  7500 | nim=0.5152 cont=0.0001

--- Epoch 5 ---
  Step  8000 | nim=0.4775 cont=0.0000
  Step  8000 | Cheat Acc: 19.24% | NonCheat Acc: 19.51% | Contrastive Loss: 0.000009
  Step  8500 | nim=0.5016 cont=0.0000
  Step  9000 | nim=0.4936 cont=0.0000

--- Epoch 6 ---
  Step  9500 | nim=0.5042 cont=0.0000
  Step 10000 | nim=0.5009 cont=0.0000
  Step 10000 | Cheat Acc: 20.19% | NonCheat Acc: 20.12% | Contrastive Loss: 0.000001
  Pushed checkpoint step-10000 to ijinyu1113/contrastive_l1.0_layer10_s150000_seed1_v3_nopaired
  Step 10500 | nim=0.5081 cont=0.0000
  Step 11000 | nim=0.4804 cont=0.0000

--- Epoch 7 ---
  Step 11500 | nim=0.5086 cont=0.0000
  Step 12000 | nim=0.4888 cont=0.0000
  Step 12000 | Cheat Acc: 19.24% | NonCheat Acc: 19.51% | Contrastive Loss: 0.000001
  Step 12500 | nim=0.5062 cont=0.0000
  Step 13000 | nim=0.4955 cont=0.0000

--- Epoch 8 ---
  Step 13500 | nim=0.5290 cont=0.0000
  Step 14000 | nim=0.5086 cont=0.0000
  Step 14000 | Cheat Acc: 20.35% | NonCheat Acc: 18.43% | Contrastive Loss: 0.000002
  Step 14500 | nim=0.4926 cont=0.0000
  Step 15000 | nim=0.5136 cont=0.0000
  Pushed checkpoint step-15000 to ijinyu1113/contrastive_l1.0_layer10_s150000_seed1_v3_nopaired

--- Epoch 9 ---
  Step 15500 | nim=0.4894 cont=0.0000
  Step 16000 | nim=0.5130 cont=0.0000
  Step 16000 | Cheat Acc: 19.55% | NonCheat Acc: 19.20% | Contrastive Loss: 0.000001
  Step 16500 | nim=0.5001 cont=0.0000

--- Epoch 10 ---
  Step 17000 | nim=0.5181 cont=0.0000
  Step 17500 | nim=0.5247 cont=0.0000
  Step 18000 | nim=0.4958 cont=0.0000
  Step 18000 | Cheat Acc: 19.55% | NonCheat Acc: 19.20% | Contrastive Loss: 0.000001
  Step 18500 | nim=0.4738 cont=0.0000

--- Epoch 11 ---
  Step 19000 | nim=0.4935 cont=0.0000
  Step 19500 | nim=0.4936 cont=0.0000
  Step 20000 | nim=0.4968 cont=0.0000
  Step 20000 | Cheat Acc: 19.24% | NonCheat Acc: 19.51% | Contrastive Loss: 0.000000
  Pushed checkpoint step-20000 to ijinyu1113/contrastive_l1.0_layer10_s150000_seed1_v3_nopaired
  Step 20500 | nim=0.5184 cont=0.0000

--- Epoch 12 ---
  Step 21000 | nim=0.4947 cont=0.0000
  Step 21500 | nim=0.4907 cont=0.0000
  Step 22000 | nim=0.5175 cont=0.0000
  Step 22000 | Cheat Acc: 20.67% | NonCheat Acc: 22.73% | Contrastive Loss: 0.000000
  Step 22500 | nim=0.4845 cont=0.0000

--- Epoch 13 ---
  Step 23000 | nim=0.5226 cont=0.0000
  Step 23500 | nim=0.5019 cont=0.0000
  Step 24000 | nim=0.4573 cont=0.0000
  Step 24000 | Cheat Acc: 19.24% | NonCheat Acc: 19.51% | Contrastive Loss: 0.000000

--- Epoch 14 ---
  Step 24500 | nim=0.5161 cont=0.0000
  Step 25000 | nim=0.5413 cont=0.0000
  Pushed checkpoint step-25000 to ijinyu1113/contrastive_l1.0_layer10_s150000_seed1_v3_nopaired
  Step 25500 | nim=0.5002 cont=0.0000
  Step 26000 | nim=0.5107 cont=0.0000
  Step 26000 | Cheat Acc: 19.24% | NonCheat Acc: 19.51% | Contrastive Loss: 0.000001

--- Epoch 15 ---
  Step 26500 | nim=0.5093 cont=0.0000
  Step 27000 | nim=0.5151 cont=0.0000
  Step 27500 | nim=0.5057 cont=0.0000
  Step 28000 | nim=0.5025 cont=0.0000
  Step 28000 | Cheat Acc: 20.19% | NonCheat Acc: 20.12% | Contrastive Loss: 0.000000

--- Epoch 16 ---
  Step 28500 | nim=0.5038 cont=0.0000
  Step 29000 | nim=0.5125 cont=0.0000
  Step 29500 | nim=0.5000 cont=0.0000
  Step 30000 | nim=0.4974 cont=0.0000
  Step 30000 | Cheat Acc: 20.35% | NonCheat Acc: 18.43% | Contrastive Loss: 0.000001
  Pushed checkpoint step-30000 to ijinyu1113/contrastive_l1.0_layer10_s150000_seed1_v3_nopaired

--- Epoch 17 ---
  Step 30500 | nim=0.4986 cont=0.0000
  Step 31000 | nim=0.5152 cont=0.0000
  Step 31500 | nim=0.5102 cont=0.0000

--- Epoch 18 ---
  Step 32000 | nim=0.4897 cont=0.0000
  Step 32000 | Cheat Acc: 19.24% | NonCheat Acc: 19.51% | Contrastive Loss: 0.000024
  Step 32500 | nim=0.5177 cont=0.0000
  Step 33000 | nim=0.4786 cont=0.0000
  Step 33500 | nim=0.4978 cont=0.0000

--- Epoch 19 ---
  Step 34000 | nim=0.5077 cont=0.0000
  Step 34000 | Cheat Acc: 20.67% | NonCheat Acc: 22.73% | Contrastive Loss: 0.000000
  Step 34500 | nim=0.4989 cont=0.0000
  Step 35000 | nim=0.4789 cont=0.0000
  Pushed checkpoint step-35000 to ijinyu1113/contrastive_l1.0_layer10_s150000_seed1_v3_nopaired
  Step 35500 | nim=0.5212 cont=0.0000

--- Epoch 20 ---
  Step 36000 | nim=0.5127 cont=0.0000
  Step 36000 | Cheat Acc: 20.35% | NonCheat Acc: 18.43% | Contrastive Loss: 0.000000
  Step 36500 | nim=0.5200 cont=0.0000
  Step 37000 | nim=0.4968 cont=0.0000
  Step 37500 | nim=0.5162 cont=0.0000

--- Epoch 21 ---
  Step 38000 | nim=0.5269 cont=0.0000
  Step 38000 | Cheat Acc: 19.24% | NonCheat Acc: 19.51% | Contrastive Loss: 0.000000
  Step 38500 | nim=0.5158 cont=0.0000
  Step 39000 | nim=0.4904 cont=0.0000

--- Epoch 22 ---
  Step 39500 | nim=0.5087 cont=0.0000
  Step 40000 | nim=0.5145 cont=0.0000
  Step 40000 | Cheat Acc: 20.19% | NonCheat Acc: 20.12% | Contrastive Loss: 0.000000
  Pushed checkpoint step-40000 to ijinyu1113/contrastive_l1.0_layer10_s150000_seed1_v3_nopaired
  Step 40500 | nim=0.5250 cont=0.0000
  Step 41000 | nim=0.4950 cont=0.0000

--- Epoch 23 ---
  Step 41500 | nim=0.5090 cont=0.0000
  Step 42000 | nim=0.5082 cont=0.0000
  Step 42000 | Cheat Acc: 20.35% | NonCheat Acc: 18.43% | Contrastive Loss: 0.000000
  Step 42500 | nim=0.5285 cont=0.0000
  Step 43000 | nim=0.5010 cont=0.0000

--- Epoch 24 ---
  Step 43500 | nim=0.4999 cont=0.0000
  Step 44000 | nim=0.5041 cont=0.0000
  Step 44000 | Cheat Acc: 20.67% | NonCheat Acc: 22.73% | Contrastive Loss: 0.000000
  Step 44500 | nim=0.5050 cont=0.0000
  Step 45000 | nim=0.5098 cont=0.0000
  Pushed checkpoint step-45000 to ijinyu1113/contrastive_l1.0_layer10_s150000_seed1_v3_nopaired

--- Epoch 25 ---
  Step 45500 | nim=0.5060 cont=0.0000
  Step 46000 | nim=0.5085 cont=0.0000
  Step 46000 | Cheat Acc: 20.35% | NonCheat Acc: 18.43% | Contrastive Loss: 0.000000
  Step 46500 | nim=0.5047 cont=0.0000

--- Epoch 26 ---
  Step 47000 | nim=0.5062 cont=0.0000
  Step 47500 | nim=0.5159 cont=0.0000
  Step 48000 | nim=0.5032 cont=0.0000
  Step 48000 | Cheat Acc: 19.55% | NonCheat Acc: 19.20% | Contrastive Loss: 0.000001
  Step 48500 | nim=0.5007 cont=0.0000

--- Epoch 27 ---
  Step 49000 | nim=0.5407 cont=0.0000
  Step 49500 | nim=0.5529 cont=0.0000
  Step 50000 | nim=0.5065 cont=0.0000
  Step 50000 | Cheat Acc: 21.30% | NonCheat Acc: 18.28% | Contrastive Loss: 0.000001
  Pushed checkpoint step-50000 to ijinyu1113/contrastive_l1.0_layer10_s150000_seed1_v3_nopaired
  Step 50500 | nim=0.5250 cont=0.0000

--- Epoch 28 ---
  Step 51000 | nim=0.5060 cont=0.0000
  Step 51500 | nim=0.4945 cont=0.0000
  Step 52000 | nim=0.5111 cont=0.0000
  Step 52000 | Cheat Acc: 20.67% | NonCheat Acc: 18.59% | Contrastive Loss: 0.000001
  Step 52500 | nim=0.5087 cont=0.0000

--- Epoch 29 ---
  Step 53000 | nim=0.4893 cont=0.0000
  Step 53500 | nim=0.5044 cont=0.0000
  Step 54000 | nim=0.5134 cont=0.0000
  Step 54000 | Cheat Acc: 18.60% | NonCheat Acc: 18.59% | Contrastive Loss: 0.000000

--- Epoch 30 ---
  Step 54500 | nim=0.5077 cont=0.0000
  Step 55000 | nim=0.4921 cont=0.0000
  Pushed checkpoint step-55000 to ijinyu1113/contrastive_l1.0_layer10_s150000_seed1_v3_nopaired
  Step 55500 | nim=0.5206 cont=0.0000
  Step 56000 | nim=0.5088 cont=0.0000
  Step 56000 | Cheat Acc: 20.83% | NonCheat Acc: 19.35% | Contrastive Loss: 0.000000

--- Epoch 31 ---
  Step 56500 | nim=0.5197 cont=0.0000
  Step 57000 | nim=0.5087 cont=0.0000
  Step 57500 | nim=0.4962 cont=0.0000
  Step 58000 | nim=0.5076 cont=0.0000
  Step 58000 | Cheat Acc: 16.85% | NonCheat Acc: 21.04% | Contrastive Loss: 0.000000

--- Epoch 32 ---
  Step 58500 | nim=0.5413 cont=0.0000
  Step 59000 | nim=0.5206 cont=0.0000
  Step 59500 | nim=0.5185 cont=0.0000
  Step 60000 | nim=0.5037 cont=0.0000
  Step 60000 | Cheat Acc: 21.14% | NonCheat Acc: 21.20% | Contrastive Loss: 0.000000
  Pushed checkpoint step-60000 to ijinyu1113/contrastive_l1.0_layer10_s150000_seed1_v3_nopaired

--- Epoch 33 ---
  Step 60500 | nim=0.4884 cont=0.0000
  Step 61000 | nim=0.5248 cont=0.0000
  Step 61500 | nim=0.5053 cont=0.0000

--- Epoch 34 ---
  Step 62000 | nim=0.5153 cont=0.0000
  Step 62000 | Cheat Acc: 19.40% | NonCheat Acc: 20.12% | Contrastive Loss: 0.000000
  Step 62500 | nim=0.5150 cont=0.0000
  Step 63000 | nim=0.5033 cont=0.0000
  Step 63500 | nim=0.4863 cont=0.0000

--- Epoch 35 ---
  Step 64000 | nim=0.4903 cont=0.0000
  Step 64000 | Cheat Acc: 19.55% | NonCheat Acc: 19.82% | Contrastive Loss: 0.000000
  Step 64500 | nim=0.4898 cont=0.0000
  Step 65000 | nim=0.4966 cont=0.0000
  Pushed checkpoint step-65000 to ijinyu1113/contrastive_l1.0_layer10_s150000_seed1_v3_nopaired
  Step 65500 | nim=0.5200 cont=0.0000

--- Epoch 36 ---
  Step 66000 | nim=0.5051 cont=0.0000
  Step 66000 | Cheat Acc: 19.08% | NonCheat Acc: 21.04% | Contrastive Loss: 0.000000
  Step 66500 | nim=0.4979 cont=0.0000
  Step 67000 | nim=0.5033 cont=0.0000
  Step 67500 | nim=0.5008 cont=0.0000

--- Epoch 37 ---
  Step 68000 | nim=0.4995 cont=0.0000
  Step 68000 | Cheat Acc: 19.55% | NonCheat Acc: 20.12% | Contrastive Loss: 0.000000
  Step 68500 | nim=0.5107 cont=0.0000
  Step 69000 | nim=0.4938 cont=0.0000

--- Epoch 38 ---
  Step 69500 | nim=0.4927 cont=0.0000
  Step 70000 | nim=0.5042 cont=0.0000
  Step 70000 | Cheat Acc: 20.51% | NonCheat Acc: 20.43% | Contrastive Loss: 0.000000
  Pushed checkpoint step-70000 to ijinyu1113/contrastive_l1.0_layer10_s150000_seed1_v3_nopaired
  Step 70500 | nim=0.5043 cont=0.0000
  Step 71000 | nim=0.4955 cont=0.0000

--- Epoch 39 ---
  Step 71500 | nim=0.5189 cont=0.0000
  Step 72000 | nim=0.5186 cont=0.0000
  Step 72000 | Cheat Acc: 18.76% | NonCheat Acc: 19.97% | Contrastive Loss: 0.000000
  Step 72500 | nim=0.5059 cont=0.0000
  Step 73000 | nim=0.5074 cont=0.0000

--- Epoch 40 ---
  Step 73500 | nim=0.5240 cont=0.0000
  Step 74000 | nim=0.5240 cont=0.0000
  Step 74000 | Cheat Acc: 18.76% | NonCheat Acc: 19.35% | Contrastive Loss: 0.000000
  Step 74500 | nim=0.4890 cont=0.0000
  Step 75000 | nim=0.4915 cont=0.0000
  Pushed checkpoint step-75000 to ijinyu1113/contrastive_l1.0_layer10_s150000_seed1_v3_nopaired

--- Epoch 41 ---
  Step 75500 | nim=0.5065 cont=0.0000
  Step 76000 | nim=0.5087 cont=0.0000
  Step 76000 | Cheat Acc: 20.03% | NonCheat Acc: 20.12% | Contrastive Loss: 0.000000
  Step 76500 | nim=0.5079 cont=0.0000

--- Epoch 42 ---
  Step 77000 | nim=0.4928 cont=0.0000
  Step 77500 | nim=0.5175 cont=0.0000
  Step 78000 | nim=0.4973 cont=0.0000
  Step 78000 | Cheat Acc: 19.55% | NonCheat Acc: 19.97% | Contrastive Loss: 0.000000
  Step 78500 | nim=0.4859 cont=0.0000

--- Epoch 43 ---
  Step 79000 | nim=0.4917 cont=0.0000
  Step 79500 | nim=0.5134 cont=0.0000
  Step 80000 | nim=0.4941 cont=0.0000
  Step 80000 | Cheat Acc: 20.83% | NonCheat Acc: 22.12% | Contrastive Loss: 0.000000
  Pushed checkpoint step-80000 to ijinyu1113/contrastive_l1.0_layer10_s150000_seed1_v3_nopaired
  Step 80500 | nim=0.5105 cont=0.0000

--- Epoch 44 ---
  Step 81000 | nim=0.5096 cont=0.0000
  Step 81500 | nim=0.5004 cont=0.0000
  Step 82000 | nim=0.4866 cont=0.0000
  Step 82000 | Cheat Acc: 18.92% | NonCheat Acc: 20.58% | Contrastive Loss: 0.000000
  Step 82500 | nim=0.4898 cont=0.0000

--- Epoch 45 ---
  Step 83000 | nim=0.5005 cont=0.0000
  Step 83500 | nim=0.4933 cont=0.0000
  Step 84000 | nim=0.4943 cont=0.0000
  Step 84000 | Cheat Acc: 19.24% | NonCheat Acc: 18.59% | Contrastive Loss: 0.000000

--- Epoch 46 ---
  Step 84500 | nim=0.4946 cont=0.0000
  Step 85000 | nim=0.4909 cont=0.0000
  Pushed checkpoint step-85000 to ijinyu1113/contrastive_l1.0_layer10_s150000_seed1_v3_nopaired
  Step 85500 | nim=0.4581 cont=0.0000
  Step 86000 | nim=0.4963 cont=0.0000
  Step 86000 | Cheat Acc: 18.12% | NonCheat Acc: 19.97% | Contrastive Loss: 0.000000

--- Epoch 47 ---
  Step 86500 | nim=0.5143 cont=0.0000
  Step 87000 | nim=0.4959 cont=0.0000
  Step 87500 | nim=0.4896 cont=0.0000
  Step 88000 | nim=0.4769 cont=0.0000
  Step 88000 | Cheat Acc: 19.71% | NonCheat Acc: 18.59% | Contrastive Loss: 0.000000

--- Epoch 48 ---
  Step 88500 | nim=0.4972 cont=0.0000
  Step 89000 | nim=0.4925 cont=0.0000
  Step 89500 | nim=0.5030 cont=0.0000
  Step 90000 | nim=0.4970 cont=0.0000
  Step 90000 | Cheat Acc: 20.83% | NonCheat Acc: 19.20% | Contrastive Loss: 0.000003
  Pushed checkpoint step-90000 to ijinyu1113/contrastive_l1.0_layer10_s150000_seed1_v3_nopaired

--- Epoch 49 ---
  Step 90500 | nim=0.4847 cont=0.0000
  Step 91000 | nim=0.5156 cont=0.0000
  Step 91500 | nim=0.5076 cont=0.0000

--- Epoch 50 ---
  Step 92000 | nim=0.5148 cont=0.0000
  Step 92000 | Cheat Acc: 17.81% | NonCheat Acc: 19.51% | Contrastive Loss: 0.000001
  Step 92500 | nim=0.5160 cont=0.0000
  Step 93000 | nim=0.5253 cont=0.0000
  Step 93500 | nim=0.5068 cont=0.0000

--- Epoch 51 ---
  Step 94000 | nim=0.5080 cont=0.0000
  Step 94000 | Cheat Acc: 18.60% | NonCheat Acc: 20.74% | Contrastive Loss: 0.000002
  Step 94500 | nim=0.5128 cont=0.0000
  Step 95000 | nim=0.4934 cont=0.0000
  Pushed checkpoint step-95000 to ijinyu1113/contrastive_l1.0_layer10_s150000_seed1_v3_nopaired
  Step 95500 | nim=0.5030 cont=0.0000

--- Epoch 52 ---
  Step 96000 | nim=0.5102 cont=0.0000
  Step 96000 | Cheat Acc: 19.08% | NonCheat Acc: 21.66% | Contrastive Loss: 0.000002
  Step 96500 | nim=0.4937 cont=0.0000
  Step 97000 | nim=0.4888 cont=0.0000
  Step 97500 | nim=0.5041 cont=0.0000

--- Epoch 53 ---
  Step 98000 | nim=0.5021 cont=0.0000
  Step 98000 | Cheat Acc: 18.76% | NonCheat Acc: 21.04% | Contrastive Loss: 0.000001
  Step 98500 | nim=0.5075 cont=0.0000
  Step 99000 | nim=0.5061 cont=0.0000

--- Epoch 54 ---
  Step 99500 | nim=0.4852 cont=0.0000
  Step 100000 | nim=0.4979 cont=0.0000
  Step 100000 | Cheat Acc: 19.24% | NonCheat Acc: 21.35% | Contrastive Loss: 0.000001
  Pushed checkpoint step-100000 to ijinyu1113/contrastive_l1.0_layer10_s150000_seed1_v3_nopaired
  Step 100500 | nim=0.5086 cont=0.0000
  Step 101000 | nim=0.4695 cont=0.0000

--- Epoch 55 ---
  Step 101500 | nim=0.4856 cont=0.0000
  Step 102000 | nim=0.5148 cont=0.0000
  Step 102000 | Cheat Acc: 18.12% | NonCheat Acc: 21.04% | Contrastive Loss: 0.000001
  Step 102500 | nim=0.5310 cont=0.0000
  Step 103000 | nim=0.4988 cont=0.0000

--- Epoch 56 ---
  Step 103500 | nim=0.5015 cont=0.0000
  Step 104000 | nim=0.5010 cont=0.0000
  Step 104000 | Cheat Acc: 18.12% | NonCheat Acc: 21.04% | Contrastive Loss: 0.000001
  Step 104500 | nim=0.5080 cont=0.0000
  Step 105000 | nim=0.4997 cont=0.0000
  Pushed checkpoint step-105000 to ijinyu1113/contrastive_l1.0_layer10_s150000_seed1_v3_nopaired

--- Epoch 57 ---
  Step 105500 | nim=0.5043 cont=0.0000
  Step 106000 | nim=0.5078 cont=0.0000
  Step 106000 | Cheat Acc: 18.76% | NonCheat Acc: 21.66% | Contrastive Loss: 0.000002
  Step 106500 | nim=0.5160 cont=0.0000

--- Epoch 58 ---
  Step 107000 | nim=0.5131 cont=0.0000
  Step 107500 | nim=0.4927 cont=0.0000
  Step 108000 | nim=0.5065 cont=0.0000
  Step 108000 | Cheat Acc: 19.55% | NonCheat Acc: 20.28% | Contrastive Loss: 0.000002
  Step 108500 | nim=0.5133 cont=0.0000

--- Epoch 59 ---
  Step 109000 | nim=0.4970 cont=0.0000
  Step 109500 | nim=0.5096 cont=0.0000
  Step 110000 | nim=0.4991 cont=0.0000
  Step 110000 | Cheat Acc: 18.12% | NonCheat Acc: 21.51% | Contrastive Loss: 0.000002
  Pushed checkpoint step-110000 to ijinyu1113/contrastive_l1.0_layer10_s150000_seed1_v3_nopaired
  Step 110500 | nim=0.5198 cont=0.0000

--- Epoch 60 ---
  Step 111000 | nim=0.5045 cont=0.0000
  Step 111500 | nim=0.5041 cont=0.0000
  Step 112000 | nim=0.5057 cont=0.0000
  Step 112000 | Cheat Acc: 17.65% | NonCheat Acc: 20.89% | Contrastive Loss: 0.000002
  Step 112500 | nim=0.4987 cont=0.0000

--- Epoch 61 ---
  Step 113000 | nim=0.5178 cont=0.0000
  Step 113500 | nim=0.5070 cont=0.0000
  Step 114000 | nim=0.4937 cont=0.0000
  Step 114000 | Cheat Acc: 18.76% | NonCheat Acc: 21.66% | Contrastive Loss: 0.000002

--- Epoch 62 ---
  Step 114500 | nim=0.5059 cont=0.0000
  Step 115000 | nim=0.5018 cont=0.0000
  Pushed checkpoint step-115000 to ijinyu1113/contrastive_l1.0_layer10_s150000_seed1_v3_nopaired
  Step 115500 | nim=0.4949 cont=0.0000
  Step 116000 | nim=0.4878 cont=0.0000
  Step 116000 | Cheat Acc: 17.81% | NonCheat Acc: 21.81% | Contrastive Loss: 0.000003

--- Epoch 63 ---
  Step 116500 | nim=0.5163 cont=0.0000
  Step 117000 | nim=0.5133 cont=0.0000
  Step 117500 | nim=0.5208 cont=0.0000
  Step 118000 | nim=0.4957 cont=0.0000
  Step 118000 | Cheat Acc: 19.55% | NonCheat Acc: 21.35% | Contrastive Loss: 0.000005

--- Epoch 64 ---
  Step 118500 | nim=0.4960 cont=0.0000
  Step 119000 | nim=0.5166 cont=0.0000
  Step 119500 | nim=0.4914 cont=0.0000
  Step 120000 | nim=0.5130 cont=0.0000
  Step 120000 | Cheat Acc: 18.12% | NonCheat Acc: 20.28% | Contrastive Loss: 0.000003
  Pushed checkpoint step-120000 to ijinyu1113/contrastive_l1.0_layer10_s150000_seed1_v3_nopaired

--- Epoch 65 ---
  Step 120500 | nim=0.5186 cont=0.0000
  Step 121000 | nim=0.5122 cont=0.0000
  Step 121500 | nim=0.4744 cont=0.0000

--- Epoch 66 ---
  Step 122000 | nim=0.5201 cont=0.0000
  Step 122000 | Cheat Acc: 17.65% | NonCheat Acc: 20.89% | Contrastive Loss: 0.000004
  Step 122500 | nim=0.5135 cont=0.0000
  Step 123000 | nim=0.5044 cont=0.0000
  Step 123500 | nim=0.4646 cont=0.0000

--- Epoch 67 ---
  Step 124000 | nim=0.5248 cont=0.0000
  Step 124000 | Cheat Acc: 19.40% | NonCheat Acc: 20.89% | Contrastive Loss: 0.000005
  Step 124500 | nim=0.4893 cont=0.0000
  Step 125000 | nim=0.4975 cont=0.0000
  Pushed checkpoint step-125000 to ijinyu1113/contrastive_l1.0_layer10_s150000_seed1_v3_nopaired
  Step 125500 | nim=0.4735 cont=0.0000

--- Epoch 68 ---
  Step 126000 | nim=0.5060 cont=0.0000
  Step 126000 | Cheat Acc: 17.49% | NonCheat Acc: 20.74% | Contrastive Loss: 0.000006
  Step 126500 | nim=0.4794 cont=0.0000
  Step 127000 | nim=0.5200 cont=0.0000
  Step 127500 | nim=0.4806 cont=0.0000

--- Epoch 69 ---
  Step 128000 | nim=0.4954 cont=0.0000
  Step 128000 | Cheat Acc: 20.83% | NonCheat Acc: 22.89% | Contrastive Loss: 0.000007
  Step 128500 | nim=0.5145 cont=0.0000
  Step 129000 | nim=0.4654 cont=0.0000

--- Epoch 70 ---
  Step 129500 | nim=0.4264 cont=0.0000
  Step 130000 | nim=0.4578 cont=0.0000
  Step 130000 | Cheat Acc: 31.96% | NonCheat Acc: 33.03% | Contrastive Loss: 0.000008
  Pushed checkpoint step-130000 to ijinyu1113/contrastive_l1.0_layer10_s150000_seed1_v3_nopaired
  Step 130500 | nim=0.4536 cont=0.0000
  Step 131000 | nim=0.3400 cont=0.0000

--- Epoch 71 ---
  Step 131500 | nim=0.4149 cont=0.0000
  Step 132000 | nim=0.3267 cont=0.0000
  Step 132000 | Cheat Acc: 44.67% | NonCheat Acc: 45.47% | Contrastive Loss: 0.000007
  Step 132500 | nim=0.4271 cont=0.0000
  Step 133000 | nim=0.3023 cont=0.0000

--- Epoch 72 ---
  Step 133500 | nim=0.3456 cont=0.0000
  Step 134000 | nim=0.2783 cont=0.0000
  Step 134000 | Cheat Acc: 48.81% | NonCheat Acc: 52.07% | Contrastive Loss: 0.000006
  Step 134500 | nim=0.2890 cont=0.0000
  Step 135000 | nim=0.2543 cont=0.0000
  Pushed checkpoint step-135000 to ijinyu1113/contrastive_l1.0_layer10_s150000_seed1_v3_nopaired

--- Epoch 73 ---
  Step 135500 | nim=0.2512 cont=0.0000
  Step 136000 | nim=0.2947 cont=0.0000
  Step 136000 | Cheat Acc: 52.15% | NonCheat Acc: 54.99% | Contrastive Loss: 0.000006
  Step 136500 | nim=0.2670 cont=0.0000

--- Epoch 74 ---
  Step 137000 | nim=0.3163 cont=0.0000
  Step 137500 | nim=0.2321 cont=0.0000
  Step 138000 | nim=0.2953 cont=0.0000
  Step 138000 | Cheat Acc: 55.48% | NonCheat Acc: 58.37% | Contrastive Loss: 0.000006
  Step 138500 | nim=0.2730 cont=0.0000

--- Epoch 75 ---
  Step 139000 | nim=0.2752 cont=0.0000
  Step 139500 | nim=0.2604 cont=0.0000
  Step 140000 | nim=0.2960 cont=0.0000
  Step 140000 | Cheat Acc: 56.28% | NonCheat Acc: 58.22% | Contrastive Loss: 0.000006
  Pushed checkpoint step-140000 to ijinyu1113/contrastive_l1.0_layer10_s150000_seed1_v3_nopaired
  Step 140500 | nim=0.3607 cont=0.0000

--- Epoch 76 ---
  Step 141000 | nim=0.2335 cont=0.0000
  Step 141500 | nim=0.2393 cont=0.0000
  Step 142000 | nim=0.2334 cont=0.0000
  Step 142000 | Cheat Acc: 58.66% | NonCheat Acc: 61.75% | Contrastive Loss: 0.000006
  Step 142500 | nim=0.2432 cont=0.0000

--- Epoch 77 ---
  Step 143000 | nim=0.2105 cont=0.0000
  Step 143500 | nim=0.2621 cont=0.0000
  Step 144000 | nim=0.2080 cont=0.0000
  Step 144000 | Cheat Acc: 64.23% | NonCheat Acc: 64.21% | Contrastive Loss: 0.000006

--- Epoch 78 ---
  Step 144500 | nim=0.2419 cont=0.0000
  Step 145000 | nim=0.2148 cont=0.0000
  Pushed checkpoint step-145000 to ijinyu1113/contrastive_l1.0_layer10_s150000_seed1_v3_nopaired
  Step 145500 | nim=0.2893 cont=0.0000
  Step 146000 | nim=0.2184 cont=0.0000
  Step 146000 | Cheat Acc: 64.23% | NonCheat Acc: 66.21% | Contrastive Loss: 0.000006

--- Epoch 79 ---
  Step 146500 | nim=0.1911 cont=0.0000
  Step 147000 | nim=0.2011 cont=0.0000
  Step 147500 | nim=0.2698 cont=0.0000
  Step 148000 | nim=0.1590 cont=0.0000
  Step 148000 | Cheat Acc: 65.82% | NonCheat Acc: 66.21% | Contrastive Loss: 0.000006

--- Epoch 80 ---
  Step 148500 | nim=0.1650 cont=0.0000
  Step 149000 | nim=0.1506 cont=0.0000
  Step 149500 | nim=0.2699 cont=0.0000
  Step 150000 | nim=0.1934 cont=0.0000
  Step 150000 | Cheat Acc: 65.98% | NonCheat Acc: 65.90% | Contrastive Loss: 0.000005
  Pushed checkpoint step-150000 to ijinyu1113/contrastive_l1.0_layer10_s150000_seed1_v3_nopaired
  Pushed checkpoint step-150000 to ijinyu1113/contrastive_l1.0_layer10_s150000_seed1_v3_nopaired
Training complete. Checkpoints at ijinyu1113/contrastive_l1.0_layer10_s150000_seed1_v3_nopaired
