Using base checkpoint: step143000

STARTING CONTRASTIVE: Lambda=1.0, LR=3e-05, Layer=12, BS=32

--- Epoch 1 ---
  Step   500 | nim=0.5017 cont=0.0009
  Step  1000 | nim=0.4947 cont=0.0003
  Step  1500 | nim=0.5276 cont=0.0001

--- Epoch 2 ---
  Step  2000 | nim=0.5188 cont=0.0000
  Step  2000 | Cheat Acc: 19.24% | NonCheat Acc: 20.43% | Contrastive Loss: 0.000048
  Step  2500 | nim=0.5145 cont=0.0000
  Step  3000 | nim=0.4930 cont=0.0000
  Step  3500 | nim=0.5184 cont=0.0000

--- Epoch 3 ---
  Step  4000 | nim=0.5152 cont=0.0000
  Step  4000 | Cheat Acc: 20.67% | NonCheat Acc: 22.73% | Contrastive Loss: 0.000012
  Step  4500 | nim=0.5191 cont=0.0000
  Step  5000 | nim=0.4911 cont=0.0000
  Pushed checkpoint step-5000 to ijinyu1113/contrastive_l1.0_layer12_s150000_seed123_v3_nopaired
  Step  5500 | nim=0.5083 cont=0.0000

--- Epoch 4 ---
  Step  6000 | nim=0.4873 cont=0.0000
  Step  6000 | Cheat Acc: 20.67% | NonCheat Acc: 22.73% | Contrastive Loss: 0.000004
  Step  6500 | nim=0.5234 cont=0.0000
  Step  7000 | nim=0.5065 cont=0.0000
  Step  7500 | nim=0.5012 cont=0.0000

--- Epoch 5 ---
  Step  8000 | nim=0.5637 cont=0.0002
  Step  8000 | Cheat Acc: 0.64% | NonCheat Acc: 0.92% | Contrastive Loss: 0.000274
  Step  8500 | nim=0.5221 cont=0.0000
  Step  9000 | nim=0.5174 cont=0.0000

--- Epoch 6 ---
  Step  9500 | nim=0.4942 cont=0.0000
  Step 10000 | nim=0.5119 cont=0.0000
  Step 10000 | Cheat Acc: 19.55% | NonCheat Acc: 19.20% | Contrastive Loss: 0.000004
  Pushed checkpoint step-10000 to ijinyu1113/contrastive_l1.0_layer12_s150000_seed123_v3_nopaired
  Step 10500 | nim=0.4884 cont=0.0000
  Step 11000 | nim=0.5012 cont=0.0000

--- Epoch 7 ---
  Step 11500 | nim=0.5107 cont=0.0000
  Step 12000 | nim=0.4946 cont=0.0000
  Step 12000 | Cheat Acc: 19.55% | NonCheat Acc: 19.20% | Contrastive Loss: 0.000010
  Step 12500 | nim=0.4970 cont=0.0000
  Step 13000 | nim=0.5209 cont=0.0000

--- Epoch 8 ---
  Step 13500 | nim=0.5191 cont=0.0000
  Step 14000 | nim=0.5050 cont=0.0000
  Step 14000 | Cheat Acc: 20.67% | NonCheat Acc: 22.73% | Contrastive Loss: 0.000016
  Step 14500 | nim=0.5116 cont=0.0000
  Step 15000 | nim=0.5085 cont=0.0000
  Pushed checkpoint step-15000 to ijinyu1113/contrastive_l1.0_layer12_s150000_seed123_v3_nopaired

--- Epoch 9 ---
  Step 15500 | nim=0.5073 cont=0.0000
  Step 16000 | nim=0.5151 cont=0.0000
  Step 16000 | Cheat Acc: 20.19% | NonCheat Acc: 20.12% | Contrastive Loss: 0.000001
  Step 16500 | nim=0.5212 cont=0.0000

--- Epoch 10 ---
  Step 17000 | nim=0.4965 cont=0.0000
  Step 17500 | nim=0.5177 cont=0.0000
  Step 18000 | nim=0.5119 cont=0.0000
  Step 18000 | Cheat Acc: 19.24% | NonCheat Acc: 19.51% | Contrastive Loss: 0.000004
  Step 18500 | nim=0.4991 cont=0.0000

--- Epoch 11 ---
  Step 19000 | nim=0.5016 cont=0.0000
  Step 19500 | nim=0.4977 cont=0.0000
  Step 20000 | nim=0.5093 cont=0.0000
  Step 20000 | Cheat Acc: 20.35% | NonCheat Acc: 18.43% | Contrastive Loss: 0.000001
  Pushed checkpoint step-20000 to ijinyu1113/contrastive_l1.0_layer12_s150000_seed123_v3_nopaired
  Step 20500 | nim=0.5076 cont=0.0000

--- Epoch 12 ---
  Step 21000 | nim=0.5087 cont=0.0000
  Step 21500 | nim=0.5083 cont=0.0000
  Step 22000 | nim=0.5066 cont=0.0000
  Step 22000 | Cheat Acc: 20.67% | NonCheat Acc: 22.73% | Contrastive Loss: 0.000001
  Step 22500 | nim=0.5130 cont=0.0000

--- Epoch 13 ---
  Step 23000 | nim=0.4986 cont=0.0000
  Step 23500 | nim=0.5086 cont=0.0000
  Step 24000 | nim=0.5142 cont=0.0000
  Step 24000 | Cheat Acc: 19.55% | NonCheat Acc: 19.20% | Contrastive Loss: 0.000001

--- Epoch 14 ---
  Step 24500 | nim=0.4777 cont=0.0000
  Step 25000 | nim=0.5065 cont=0.0000
  Pushed checkpoint step-25000 to ijinyu1113/contrastive_l1.0_layer12_s150000_seed123_v3_nopaired
  Step 25500 | nim=0.5007 cont=0.0000
  Step 26000 | nim=0.5112 cont=0.0000
  Step 26000 | Cheat Acc: 20.35% | NonCheat Acc: 18.43% | Contrastive Loss: 0.000002

--- Epoch 15 ---
  Step 26500 | nim=0.5108 cont=0.0000
  Step 27000 | nim=0.5216 cont=0.0000
  Step 27500 | nim=0.5214 cont=0.0000
  Step 28000 | nim=0.4936 cont=0.0000
  Step 28000 | Cheat Acc: 20.35% | NonCheat Acc: 18.43% | Contrastive Loss: 0.000003

--- Epoch 16 ---
  Step 28500 | nim=0.5012 cont=0.0000
  Step 29000 | nim=0.5128 cont=0.0000
  Step 29500 | nim=0.5143 cont=0.0000
  Step 30000 | nim=0.5077 cont=0.0000
  Step 30000 | Cheat Acc: 19.55% | NonCheat Acc: 19.20% | Contrastive Loss: 0.000000
  Pushed checkpoint step-30000 to ijinyu1113/contrastive_l1.0_layer12_s150000_seed123_v3_nopaired

--- Epoch 17 ---
  Step 30500 | nim=0.5139 cont=0.0000
  Step 31000 | nim=0.5155 cont=0.0000
  Step 31500 | nim=0.4955 cont=0.0000

--- Epoch 18 ---
  Step 32000 | nim=0.4908 cont=0.0000
  Step 32000 | Cheat Acc: 19.55% | NonCheat Acc: 19.20% | Contrastive Loss: 0.000001
  Step 32500 | nim=0.4915 cont=0.0000
  Step 33000 | nim=0.4827 cont=0.0000
  Step 33500 | nim=0.5024 cont=0.0000

--- Epoch 19 ---
  Step 34000 | nim=0.5216 cont=0.0000
  Step 34000 | Cheat Acc: 20.19% | NonCheat Acc: 20.12% | Contrastive Loss: 0.000001
  Step 34500 | nim=0.4907 cont=0.0000
  Step 35000 | nim=0.5029 cont=0.0000
  Pushed checkpoint step-35000 to ijinyu1113/contrastive_l1.0_layer12_s150000_seed123_v3_nopaired
  Step 35500 | nim=0.4916 cont=0.0000

--- Epoch 20 ---
  Step 36000 | nim=0.5259 cont=0.0000
  Step 36000 | Cheat Acc: 20.19% | NonCheat Acc: 20.12% | Contrastive Loss: 0.000001
  Step 36500 | nim=0.5087 cont=0.0000
  Step 37000 | nim=0.4886 cont=0.0000
  Step 37500 | nim=0.5123 cont=0.0000

--- Epoch 21 ---
  Step 38000 | nim=0.5200 cont=0.0000
  Step 38000 | Cheat Acc: 20.19% | NonCheat Acc: 20.12% | Contrastive Loss: 0.000000
  Step 38500 | nim=0.5091 cont=0.0000
  Step 39000 | nim=0.4873 cont=0.0000

--- Epoch 22 ---
  Step 39500 | nim=0.5027 cont=0.0000
  Step 40000 | nim=0.5110 cont=0.0000
  Step 40000 | Cheat Acc: 20.35% | NonCheat Acc: 18.43% | Contrastive Loss: 0.000001
  Pushed checkpoint step-40000 to ijinyu1113/contrastive_l1.0_layer12_s150000_seed123_v3_nopaired
  Step 40500 | nim=0.4859 cont=0.0000
  Step 41000 | nim=0.4999 cont=0.0000

--- Epoch 23 ---
  Step 41500 | nim=0.5252 cont=0.0000
  Step 42000 | nim=0.4902 cont=0.0000
  Step 42000 | Cheat Acc: 19.24% | NonCheat Acc: 19.51% | Contrastive Loss: 0.000001
  Step 42500 | nim=0.5117 cont=0.0000
  Step 43000 | nim=0.4960 cont=0.0000

--- Epoch 24 ---
  Step 43500 | nim=0.5203 cont=0.0000
  Step 44000 | nim=0.5250 cont=0.0000
  Step 44000 | Cheat Acc: 19.24% | NonCheat Acc: 19.51% | Contrastive Loss: 0.000000
  Step 44500 | nim=0.5212 cont=0.0000
  Step 45000 | nim=0.4967 cont=0.0000
  Pushed checkpoint step-45000 to ijinyu1113/contrastive_l1.0_layer12_s150000_seed123_v3_nopaired

--- Epoch 25 ---
  Step 45500 | nim=0.5150 cont=0.0000
  Step 46000 | nim=0.4939 cont=0.0000
  Step 46000 | Cheat Acc: 19.24% | NonCheat Acc: 19.51% | Contrastive Loss: 0.000000
  Step 46500 | nim=0.4860 cont=0.0000

--- Epoch 26 ---
  Step 47000 | nim=0.4912 cont=0.0000
  Step 47500 | nim=0.5169 cont=0.0000
  Step 48000 | nim=0.5000 cont=0.0000
  Step 48000 | Cheat Acc: 20.35% | NonCheat Acc: 19.20% | Contrastive Loss: 0.000001
  Step 48500 | nim=0.5137 cont=0.0000

--- Epoch 27 ---
  Step 49000 | nim=0.4966 cont=0.0000
  Step 49500 | nim=0.5099 cont=0.0000
  Step 50000 | nim=0.5061 cont=0.0000
  Step 50000 | Cheat Acc: 19.55% | NonCheat Acc: 22.73% | Contrastive Loss: 0.000000
  Pushed checkpoint step-50000 to ijinyu1113/contrastive_l1.0_layer12_s150000_seed123_v3_nopaired
  Step 50500 | nim=0.4994 cont=0.0000

--- Epoch 28 ---
  Step 51000 | nim=0.5053 cont=0.0000
  Step 51500 | nim=0.4796 cont=0.0000
  Step 52000 | nim=0.5133 cont=0.0000
  Step 52000 | Cheat Acc: 19.08% | NonCheat Acc: 19.51% | Contrastive Loss: 0.000000
  Step 52500 | nim=0.4872 cont=0.0000

--- Epoch 29 ---
  Step 53000 | nim=0.5086 cont=0.0000
  Step 53500 | nim=0.5352 cont=0.0000
  Step 54000 | nim=0.5014 cont=0.0000
  Step 54000 | Cheat Acc: 19.40% | NonCheat Acc: 23.50% | Contrastive Loss: 0.000000

--- Epoch 30 ---
  Step 54500 | nim=0.5089 cont=0.0000
  Step 55000 | nim=0.5022 cont=0.0000
  Pushed checkpoint step-55000 to ijinyu1113/contrastive_l1.0_layer12_s150000_seed123_v3_nopaired
  Step 55500 | nim=0.5071 cont=0.0000
  Step 56000 | nim=0.4963 cont=0.0000
  Step 56000 | Cheat Acc: 18.28% | NonCheat Acc: 19.05% | Contrastive Loss: 0.000001

--- Epoch 31 ---
  Step 56500 | nim=0.5173 cont=0.0000
  Step 57000 | nim=0.4832 cont=0.0000
  Step 57500 | nim=0.4991 cont=0.0000
  Step 58000 | nim=0.4833 cont=0.0000
  Step 58000 | Cheat Acc: 20.51% | NonCheat Acc: 20.28% | Contrastive Loss: 0.000001

--- Epoch 32 ---
  Step 58500 | nim=0.4978 cont=0.0000
  Step 59000 | nim=0.5155 cont=0.0000
  Step 59500 | nim=0.5259 cont=0.0000
  Step 60000 | nim=0.5100 cont=0.0000
  Step 60000 | Cheat Acc: 18.92% | NonCheat Acc: 20.28% | Contrastive Loss: 0.000001
  Pushed checkpoint step-60000 to ijinyu1113/contrastive_l1.0_layer12_s150000_seed123_v3_nopaired

--- Epoch 33 ---
  Step 60500 | nim=0.5049 cont=0.0000
  Step 61000 | nim=0.4943 cont=0.0000
  Step 61500 | nim=0.5077 cont=0.0000

--- Epoch 34 ---
  Step 62000 | nim=0.5083 cont=0.0000
  Step 62000 | Cheat Acc: 19.24% | NonCheat Acc: 21.66% | Contrastive Loss: 0.000001
  Step 62500 | nim=0.4940 cont=0.0000
  Step 63000 | nim=0.5042 cont=0.0000
  Step 63500 | nim=0.5066 cont=0.0000

--- Epoch 35 ---
  Step 64000 | nim=0.4787 cont=0.0000
  Step 64000 | Cheat Acc: 18.60% | NonCheat Acc: 22.27% | Contrastive Loss: 0.000001
  Step 64500 | nim=0.5190 cont=0.0000
  Step 65000 | nim=0.4767 cont=0.0000
  Pushed checkpoint step-65000 to ijinyu1113/contrastive_l1.0_layer12_s150000_seed123_v3_nopaired
  Step 65500 | nim=0.4892 cont=0.0000

--- Epoch 36 ---
  Step 66000 | nim=0.4985 cont=0.0000
  Step 66000 | Cheat Acc: 18.28% | NonCheat Acc: 21.35% | Contrastive Loss: 0.000004
  Step 66500 | nim=0.5121 cont=0.0000
  Step 67000 | nim=0.5121 cont=0.0000
  Step 67500 | nim=0.4999 cont=0.0000

--- Epoch 37 ---
  Step 68000 | nim=0.5085 cont=0.0000
  Step 68000 | Cheat Acc: 18.60% | NonCheat Acc: 23.04% | Contrastive Loss: 0.000001
  Step 68500 | nim=0.5007 cont=0.0000
  Step 69000 | nim=0.5140 cont=0.0000

--- Epoch 38 ---
  Step 69500 | nim=0.5053 cont=0.0000
  Step 70000 | nim=0.4734 cont=0.0000
  Step 70000 | Cheat Acc: 20.99% | NonCheat Acc: 20.89% | Contrastive Loss: 0.000005
  Pushed checkpoint step-70000 to ijinyu1113/contrastive_l1.0_layer12_s150000_seed123_v3_nopaired
  Step 70500 | nim=0.5084 cont=0.0000
  Step 71000 | nim=0.4942 cont=0.0000

--- Epoch 39 ---
  Step 71500 | nim=0.5270 cont=0.0000
  Step 72000 | nim=0.4948 cont=0.0000
  Step 72000 | Cheat Acc: 21.78% | NonCheat Acc: 18.28% | Contrastive Loss: 0.000002
  Step 72500 | nim=0.4894 cont=0.0000
  Step 73000 | nim=0.5197 cont=0.0000

--- Epoch 40 ---
  Step 73500 | nim=0.4927 cont=0.0000
  Step 74000 | nim=0.5022 cont=0.0000
  Step 74000 | Cheat Acc: 21.30% | NonCheat Acc: 19.51% | Contrastive Loss: 0.000003
  Step 74500 | nim=0.5085 cont=0.0000
  Step 75000 | nim=0.4966 cont=0.0000
  Pushed checkpoint step-75000 to ijinyu1113/contrastive_l1.0_layer12_s150000_seed123_v3_nopaired

--- Epoch 41 ---
  Step 75500 | nim=0.4886 cont=0.0000
  Step 76000 | nim=0.4937 cont=0.0000
  Step 76000 | Cheat Acc: 19.87% | NonCheat Acc: 19.66% | Contrastive Loss: 0.000003
  Step 76500 | nim=0.5072 cont=0.0000

--- Epoch 42 ---
  Step 77000 | nim=0.5031 cont=0.0000
  Step 77500 | nim=0.5223 cont=0.0000
  Step 78000 | nim=0.4985 cont=0.0000
  Step 78000 | Cheat Acc: 20.35% | NonCheat Acc: 19.35% | Contrastive Loss: 0.000002
  Step 78500 | nim=0.5196 cont=0.0000

--- Epoch 43 ---
  Step 79000 | nim=0.5104 cont=0.0000
  Step 79500 | nim=0.5055 cont=0.0000
  Step 80000 | nim=0.5146 cont=0.0000
  Step 80000 | Cheat Acc: 19.71% | NonCheat Acc: 21.35% | Contrastive Loss: 0.000003
  Pushed checkpoint step-80000 to ijinyu1113/contrastive_l1.0_layer12_s150000_seed123_v3_nopaired
  Step 80500 | nim=0.4881 cont=0.0000

--- Epoch 44 ---
  Step 81000 | nim=0.4960 cont=0.0000
  Step 81500 | nim=0.5119 cont=0.0000
  Step 82000 | nim=0.5043 cont=0.0000
  Step 82000 | Cheat Acc: 22.58% | NonCheat Acc: 20.28% | Contrastive Loss: 0.000004
  Step 82500 | nim=0.4827 cont=0.0000

--- Epoch 45 ---
  Step 83000 | nim=0.5010 cont=0.0000
  Step 83500 | nim=0.4906 cont=0.0000
  Step 84000 | nim=0.5021 cont=0.0000
  Step 84000 | Cheat Acc: 21.94% | NonCheat Acc: 20.28% | Contrastive Loss: 0.000003

--- Epoch 46 ---
  Step 84500 | nim=0.4765 cont=0.0000
  Step 85000 | nim=0.5019 cont=0.0000
  Pushed checkpoint step-85000 to ijinyu1113/contrastive_l1.0_layer12_s150000_seed123_v3_nopaired
  Step 85500 | nim=0.4849 cont=0.0000
  Step 86000 | nim=0.5029 cont=0.0000
  Step 86000 | Cheat Acc: 22.10% | NonCheat Acc: 21.51% | Contrastive Loss: 0.000012

--- Epoch 47 ---
  Step 86500 | nim=0.4936 cont=0.0000
  Step 87000 | nim=0.4917 cont=0.0000
  Step 87500 | nim=0.5129 cont=0.0000
  Step 88000 | nim=0.4717 cont=0.0000
  Step 88000 | Cheat Acc: 23.21% | NonCheat Acc: 20.89% | Contrastive Loss: 0.000005

--- Epoch 48 ---
  Step 88500 | nim=0.5116 cont=0.0000
  Step 89000 | nim=0.5052 cont=0.0000
  Step 89500 | nim=0.4801 cont=0.0000
  Step 90000 | nim=0.5103 cont=0.0000
  Step 90000 | Cheat Acc: 23.05% | NonCheat Acc: 23.50% | Contrastive Loss: 0.000006
  Pushed checkpoint step-90000 to ijinyu1113/contrastive_l1.0_layer12_s150000_seed123_v3_nopaired

--- Epoch 49 ---
  Step 90500 | nim=0.4858 cont=0.0000
  Step 91000 | nim=0.4857 cont=0.0000
  Step 91500 | nim=0.4648 cont=0.0000

--- Epoch 50 ---
  Step 92000 | nim=0.4666 cont=0.0000
  Step 92000 | Cheat Acc: 27.50% | NonCheat Acc: 21.81% | Contrastive Loss: 0.000007
  Step 92500 | nim=0.4915 cont=0.0000
  Step 93000 | nim=0.5045 cont=0.0000
  Step 93500 | nim=0.4649 cont=0.0000

--- Epoch 51 ---
  Step 94000 | nim=0.4818 cont=0.0000
  Step 94000 | Cheat Acc: 28.46% | NonCheat Acc: 24.42% | Contrastive Loss: 0.000007
  Step 94500 | nim=0.4972 cont=0.0000
  Step 95000 | nim=0.5099 cont=0.0000
  Pushed checkpoint step-95000 to ijinyu1113/contrastive_l1.0_layer12_s150000_seed123_v3_nopaired
  Step 95500 | nim=0.4718 cont=0.0000

--- Epoch 52 ---
  Step 96000 | nim=0.4943 cont=0.0000
  Step 96000 | Cheat Acc: 26.23% | NonCheat Acc: 21.20% | Contrastive Loss: 0.000012
  Step 96500 | nim=0.4732 cont=0.0000
  Step 97000 | nim=0.4600 cont=0.0000
  Step 97500 | nim=0.4808 cont=0.0000

--- Epoch 53 ---
  Step 98000 | nim=0.4987 cont=0.0000
  Step 98000 | Cheat Acc: 29.57% | NonCheat Acc: 21.81% | Contrastive Loss: 0.000018
  Step 98500 | nim=0.5012 cont=0.0000
  Step 99000 | nim=0.4764 cont=0.0000

--- Epoch 54 ---
  Step 99500 | nim=0.4621 cont=0.0000
  Step 100000 | nim=0.4572 cont=0.0000
  Step 100000 | Cheat Acc: 29.73% | NonCheat Acc: 23.04% | Contrastive Loss: 0.000025
  Pushed checkpoint step-100000 to ijinyu1113/contrastive_l1.0_layer12_s150000_seed123_v3_nopaired
  Step 100500 | nim=0.4577 cont=0.0000
  Step 101000 | nim=0.4529 cont=0.0000

--- Epoch 55 ---
  Step 101500 | nim=0.4296 cont=0.0000
  Step 102000 | nim=0.5440 cont=0.0000
  Step 102000 | Cheat Acc: 30.37% | NonCheat Acc: 25.19% | Contrastive Loss: 0.000023
  Step 102500 | nim=0.4763 cont=0.0000
  Step 103000 | nim=0.4432 cont=0.0000

--- Epoch 56 ---
  Step 103500 | nim=0.4346 cont=0.0000
  Step 104000 | nim=0.4813 cont=0.0000
  Step 104000 | Cheat Acc: 37.36% | NonCheat Acc: 23.96% | Contrastive Loss: 0.000025
  Step 104500 | nim=0.4157 cont=0.0000
  Step 105000 | nim=0.4414 cont=0.0000
  Pushed checkpoint step-105000 to ijinyu1113/contrastive_l1.0_layer12_s150000_seed123_v3_nopaired

--- Epoch 57 ---
  Step 105500 | nim=0.3957 cont=0.0000
  Step 106000 | nim=0.3549 cont=0.0000
  Step 106000 | Cheat Acc: 37.04% | NonCheat Acc: 19.35% | Contrastive Loss: 0.000029
  Step 106500 | nim=0.4129 cont=0.0000

--- Epoch 58 ---
  Step 107000 | nim=0.4054 cont=0.0000
  Step 107500 | nim=0.3684 cont=0.0000
  Step 108000 | nim=0.3969 cont=0.0000
  Step 108000 | Cheat Acc: 41.81% | NonCheat Acc: 21.20% | Contrastive Loss: 0.000030
  Step 108500 | nim=0.4453 cont=0.0000

--- Epoch 59 ---
  Step 109000 | nim=0.3879 cont=0.0000
  Step 109500 | nim=0.4189 cont=0.0000
  Step 110000 | nim=0.3641 cont=0.0000
  Step 110000 | Cheat Acc: 44.83% | NonCheat Acc: 18.59% | Contrastive Loss: 0.000033
  Pushed checkpoint step-110000 to ijinyu1113/contrastive_l1.0_layer12_s150000_seed123_v3_nopaired
  Step 110500 | nim=0.5154 cont=0.0000

--- Epoch 60 ---
  Step 111000 | nim=0.2306 cont=0.0000
  Step 111500 | nim=0.3704 cont=0.0000
  Step 112000 | nim=0.3854 cont=0.0000
  Step 112000 | Cheat Acc: 48.97% | NonCheat Acc: 21.04% | Contrastive Loss: 0.000040
  Step 112500 | nim=0.3795 cont=0.0000

--- Epoch 61 ---
  Step 113000 | nim=0.3365 cont=0.0000
  Step 113500 | nim=0.2507 cont=0.0000
  Step 114000 | nim=0.2927 cont=0.0000
  Step 114000 | Cheat Acc: 51.51% | NonCheat Acc: 21.66% | Contrastive Loss: 0.000038

--- Epoch 62 ---
  Step 114500 | nim=0.1967 cont=0.0000
  Step 115000 | nim=0.2774 cont=0.0000
  Pushed checkpoint step-115000 to ijinyu1113/contrastive_l1.0_layer12_s150000_seed123_v3_nopaired
  Step 115500 | nim=0.3038 cont=0.0000
  Step 116000 | nim=0.2275 cont=0.0000
  Step 116000 | Cheat Acc: 54.53% | NonCheat Acc: 19.35% | Contrastive Loss: 0.000038

--- Epoch 63 ---
  Step 116500 | nim=0.2907 cont=0.0001
  Step 117000 | nim=0.2717 cont=0.0001
  Step 117500 | nim=0.2436 cont=0.0000
  Step 118000 | nim=0.2335 cont=0.0000
  Step 118000 | Cheat Acc: 56.44% | NonCheat Acc: 19.66% | Contrastive Loss: 0.000040

--- Epoch 64 ---
  Step 118500 | nim=0.2404 cont=0.0000
  Step 119000 | nim=0.2628 cont=0.0003
  Step 119500 | nim=0.2359 cont=0.0001
  Step 120000 | nim=0.2615 cont=0.0000
  Step 120000 | Cheat Acc: 59.62% | NonCheat Acc: 20.58% | Contrastive Loss: 0.000042
  Pushed checkpoint step-120000 to ijinyu1113/contrastive_l1.0_layer12_s150000_seed123_v3_nopaired

--- Epoch 65 ---
  Step 120500 | nim=0.1582 cont=0.0000
  Step 121000 | nim=0.1254 cont=0.0000
  Step 121500 | nim=0.2314 cont=0.0000

--- Epoch 66 ---
  Step 122000 | nim=0.1517 cont=0.0000
  Step 122000 | Cheat Acc: 59.30% | NonCheat Acc: 18.43% | Contrastive Loss: 0.000055
  Step 122500 | nim=0.2275 cont=0.0002
  Step 123000 | nim=0.1778 cont=0.0000
  Step 123500 | nim=0.1620 cont=0.0000

--- Epoch 67 ---
  Step 124000 | nim=0.2440 cont=0.0000
  Step 124000 | Cheat Acc: 59.30% | NonCheat Acc: 19.66% | Contrastive Loss: 0.000048
  Step 124500 | nim=0.1947 cont=0.0000
  Step 125000 | nim=0.1216 cont=0.0001
  Pushed checkpoint step-125000 to ijinyu1113/contrastive_l1.0_layer12_s150000_seed123_v3_nopaired
  Step 125500 | nim=0.2163 cont=0.0000

--- Epoch 68 ---
  Step 126000 | nim=0.0940 cont=0.0001
  Step 126000 | Cheat Acc: 61.37% | NonCheat Acc: 17.82% | Contrastive Loss: 0.000052
  Step 126500 | nim=0.1714 cont=0.0000
  Step 127000 | nim=0.1045 cont=0.0000
  Step 127500 | nim=0.1160 cont=0.0001

--- Epoch 69 ---
  Step 128000 | nim=0.1110 cont=0.0000
  Step 128000 | Cheat Acc: 60.41% | NonCheat Acc: 20.74% | Contrastive Loss: 0.000045
  Step 128500 | nim=0.0803 cont=0.0000
  Step 129000 | nim=0.1800 cont=0.0000

--- Epoch 70 ---
  Step 129500 | nim=0.1775 cont=0.0000
  Step 130000 | nim=0.1110 cont=0.0000
  Step 130000 | Cheat Acc: 61.37% | NonCheat Acc: 20.12% | Contrastive Loss: 0.000045
  Pushed checkpoint step-130000 to ijinyu1113/contrastive_l1.0_layer12_s150000_seed123_v3_nopaired
  Step 130500 | nim=0.0840 cont=0.0000
  Step 131000 | nim=0.0830 cont=0.0001

--- Epoch 71 ---
  Step 131500 | nim=0.1169 cont=0.0000
  Step 132000 | nim=0.0769 cont=0.0000
  Step 132000 | Cheat Acc: 61.21% | NonCheat Acc: 20.12% | Contrastive Loss: 0.000049
  Step 132500 | nim=0.1260 cont=0.0001
  Step 133000 | nim=0.0914 cont=0.0000

--- Epoch 72 ---
  Step 133500 | nim=0.2351 cont=0.0000
  Step 134000 | nim=0.0298 cont=0.0001
  Step 134000 | Cheat Acc: 62.96% | NonCheat Acc: 20.89% | Contrastive Loss: 0.000043
  Step 134500 | nim=0.0551 cont=0.0000
  Step 135000 | nim=0.0446 cont=0.0001
  Pushed checkpoint step-135000 to ijinyu1113/contrastive_l1.0_layer12_s150000_seed123_v3_nopaired

--- Epoch 73 ---
  Step 135500 | nim=0.1427 cont=0.0000
  Step 136000 | nim=0.0764 cont=0.0000
  Step 136000 | Cheat Acc: 61.53% | NonCheat Acc: 20.12% | Contrastive Loss: 0.000046
  Step 136500 | nim=0.0718 cont=0.0001

--- Epoch 74 ---
  Step 137000 | nim=0.0474 cont=0.0000
  Step 137500 | nim=0.0558 cont=0.0000
  Step 138000 | nim=0.0303 cont=0.0000
  Step 138000 | Cheat Acc: 59.62% | NonCheat Acc: 19.97% | Contrastive Loss: 0.000046
  Step 138500 | nim=0.0424 cont=0.0000

--- Epoch 75 ---
  Step 139000 | nim=0.0112 cont=0.0001
  Step 139500 | nim=0.0521 cont=0.0000
  Step 140000 | nim=0.0448 cont=0.0000
  Step 140000 | Cheat Acc: 62.80% | NonCheat Acc: 19.20% | Contrastive Loss: 0.000043
  Pushed checkpoint step-140000 to ijinyu1113/contrastive_l1.0_layer12_s150000_seed123_v3_nopaired
  Step 140500 | nim=0.0309 cont=0.0001

--- Epoch 76 ---
  Step 141000 | nim=0.0187 cont=0.0001
  Step 141500 | nim=0.0606 cont=0.0000
  Step 142000 | nim=0.0879 cont=0.0000
  Step 142000 | Cheat Acc: 62.00% | NonCheat Acc: 19.66% | Contrastive Loss: 0.000045
  Step 142500 | nim=0.0259 cont=0.0000

--- Epoch 77 ---
  Step 143000 | nim=0.0068 cont=0.0000
  Step 143500 | nim=0.0064 cont=0.0001
  Step 144000 | nim=0.0005 cont=0.0000
  Step 144000 | Cheat Acc: 60.41% | NonCheat Acc: 21.04% | Contrastive Loss: 0.000050

--- Epoch 78 ---
  Step 144500 | nim=0.0004 cont=0.0000
  Step 145000 | nim=0.0105 cont=0.0000
  Pushed checkpoint step-145000 to ijinyu1113/contrastive_l1.0_layer12_s150000_seed123_v3_nopaired
  Step 145500 | nim=0.0002 cont=0.0000
  Step 146000 | nim=0.0278 cont=0.0000
  Step 146000 | Cheat Acc: 61.37% | NonCheat Acc: 21.35% | Contrastive Loss: 0.000044

--- Epoch 79 ---
  Step 146500 | nim=0.0036 cont=0.0000
  Step 147000 | nim=0.0050 cont=0.0000
  Step 147500 | nim=0.0702 cont=0.0000
  Step 148000 | nim=0.0160 cont=0.0000
  Step 148000 | Cheat Acc: 61.37% | NonCheat Acc: 21.51% | Contrastive Loss: 0.000043

--- Epoch 80 ---
  Step 148500 | nim=0.0039 cont=0.0001
  Step 149000 | nim=0.0000 cont=0.0000
  Step 149500 | nim=0.0002 cont=0.0000
  Step 150000 | nim=0.0002 cont=0.0000
  Step 150000 | Cheat Acc: 60.89% | NonCheat Acc: 21.51% | Contrastive Loss: 0.000040
  Pushed checkpoint step-150000 to ijinyu1113/contrastive_l1.0_layer12_s150000_seed123_v3_nopaired
  Pushed checkpoint step-150000 to ijinyu1113/contrastive_l1.0_layer12_s150000_seed123_v3_nopaired
Training complete. Checkpoints at ijinyu1113/contrastive_l1.0_layer12_s150000_seed123_v3_nopaired
