Using base checkpoint: step143000

STARTING DANN (mean pool): Lambda=0.025, LR=3e-05, Layer=10, BS=64, Warmup=15000

--- Epoch 1 ---
  Step   500 | n_loss=0.4909 a_loss=0.6924

--- Epoch 2 ---
  Step  1000 | n_loss=0.4887 a_loss=0.6891
  Step  1500 | n_loss=0.5009 a_loss=0.6918

--- Epoch 3 ---
  Step  2000 | n_loss=0.5093 a_loss=0.6924
Step  2000 | Cheat Acc: 19.21% | NonCheat Acc: 18.06% | Adv Acc: 51.25%
  Step  2500 | n_loss=0.5179 a_loss=0.6955

--- Epoch 4 ---
  Step  3000 | n_loss=0.5048 a_loss=0.6979
  Step  3500 | n_loss=0.5046 a_loss=0.6861

--- Epoch 5 ---
  Step  4000 | n_loss=0.5166 a_loss=0.6844
Step  4000 | Cheat Acc: 18.32% | NonCheat Acc: 18.80% | Adv Acc: 49.75%
  Step  4500 | n_loss=0.5053 a_loss=0.6919

--- Epoch 6 ---
  Step  5000 | n_loss=0.5002 a_loss=0.7094
  Pushed checkpoint step-5000 to ijinyu1113/dann_mp_l0.025_s150000_seed20
  Step  5500 | n_loss=0.4997 a_loss=0.6834

--- Epoch 7 ---
  Step  6000 | n_loss=0.5007 a_loss=0.6503
Step  6000 | Cheat Acc: 21.12% | NonCheat Acc: 21.01% | Adv Acc: 51.00%
  Step  6500 | n_loss=0.5017 a_loss=0.6552

--- Epoch 8 ---
  Step  7000 | n_loss=0.5129 a_loss=0.6771
  Step  7500 | n_loss=0.5003 a_loss=0.6982

--- Epoch 9 ---
  Step  8000 | n_loss=0.5184 a_loss=0.6902
Step  8000 | Cheat Acc: 18.32% | NonCheat Acc: 18.80% | Adv Acc: 49.88%

--- Epoch 10 ---
  Step  8500 | n_loss=0.5054 a_loss=0.9945
  Step  9000 | n_loss=0.5252 a_loss=1.9694

--- Epoch 11 ---
  Step  9500 | n_loss=0.5148 a_loss=3.1155
  Step 10000 | n_loss=0.5098 a_loss=0.7255
Step 10000 | Cheat Acc: 20.48% | NonCheat Acc: 25.06% | Adv Acc: 50.56%
  Pushed checkpoint step-10000 to ijinyu1113/dann_mp_l0.025_s150000_seed20

--- Epoch 12 ---
  Step 10500 | n_loss=0.5150 a_loss=0.7093
  Step 11000 | n_loss=0.5116 a_loss=0.7168

--- Epoch 13 ---
  Step 11500 | n_loss=0.5196 a_loss=0.6985
  Step 12000 | n_loss=0.5062 a_loss=0.7192
Step 12000 | Cheat Acc: 18.32% | NonCheat Acc: 18.80% | Adv Acc: 49.56%

--- Epoch 14 ---
  Step 12500 | n_loss=0.5065 a_loss=1.1984
  Step 13000 | n_loss=0.5036 a_loss=0.9284

--- Epoch 15 ---
  Step 13500 | n_loss=0.5015 a_loss=0.7034
  Step 14000 | n_loss=0.5134 a_loss=0.6839
Step 14000 | Cheat Acc: 18.19% | NonCheat Acc: 18.43% | Adv Acc: 48.88%

--- Epoch 16 ---
  Step 14500 | n_loss=0.5200 a_loss=0.6737
  Step 15000 | n_loss=0.4892 a_loss=0.9394
  Pushed checkpoint step-15000 to ijinyu1113/dann_mp_l0.025_s150000_seed20

--- Epoch 17 ---
  Step 15500 | n_loss=0.5037 a_loss=0.7618

--- Epoch 18 ---
  Step 16000 | n_loss=0.4954 a_loss=1.9705
Step 16000 | Cheat Acc: 18.32% | NonCheat Acc: 18.80% | Adv Acc: 50.88%
  Step 16500 | n_loss=0.5158 a_loss=0.7980

--- Epoch 19 ---
  Step 17000 | n_loss=0.5094 a_loss=0.7120
  Step 17500 | n_loss=0.4979 a_loss=0.6807

--- Epoch 20 ---
  Step 18000 | n_loss=0.5160 a_loss=0.7200
Step 18000 | Cheat Acc: 19.34% | NonCheat Acc: 20.15% | Adv Acc: 50.25%
  Step 18500 | n_loss=0.5068 a_loss=0.7241

--- Epoch 21 ---
  Step 19000 | n_loss=0.5039 a_loss=0.6936
  Step 19500 | n_loss=0.5136 a_loss=0.7121

--- Epoch 22 ---
  Step 20000 | n_loss=0.4959 a_loss=0.6758
Step 20000 | Cheat Acc: 20.36% | NonCheat Acc: 19.16% | Adv Acc: 51.31%
  Pushed checkpoint step-20000 to ijinyu1113/dann_mp_l0.025_s150000_seed20
  Step 20500 | n_loss=0.5049 a_loss=0.9272

--- Epoch 23 ---
  Step 21000 | n_loss=0.4838 a_loss=0.7285
  Step 21500 | n_loss=0.5116 a_loss=0.7022

--- Epoch 24 ---
  Step 22000 | n_loss=0.5027 a_loss=0.6899
Step 22000 | Cheat Acc: 21.12% | NonCheat Acc: 21.01% | Adv Acc: 50.62%
  Step 22500 | n_loss=0.5163 a_loss=0.7228

--- Epoch 25 ---
  Step 23000 | n_loss=0.5084 a_loss=1.1295

--- Epoch 26 ---
  Step 23500 | n_loss=0.4990 a_loss=0.8356
  Step 24000 | n_loss=0.5072 a_loss=0.7202
Step 24000 | Cheat Acc: 18.32% | NonCheat Acc: 18.80% | Adv Acc: 50.75%

--- Epoch 27 ---
  Step 24500 | n_loss=0.5173 a_loss=1.0197
  Step 25000 | n_loss=0.4921 a_loss=0.8904
  Pushed checkpoint step-25000 to ijinyu1113/dann_mp_l0.025_s150000_seed20

--- Epoch 28 ---
  Step 25500 | n_loss=0.5085 a_loss=0.7569
  Step 26000 | n_loss=0.4995 a_loss=0.7219
Step 26000 | Cheat Acc: 19.97% | NonCheat Acc: 19.90% | Adv Acc: 51.06%

--- Epoch 29 ---
  Step 26500 | n_loss=0.5023 a_loss=0.7716
  Step 27000 | n_loss=0.5014 a_loss=0.6980

--- Epoch 30 ---
  Step 27500 | n_loss=0.4975 a_loss=0.8166
  Step 28000 | n_loss=0.5048 a_loss=0.7614
Step 28000 | Cheat Acc: 18.32% | NonCheat Acc: 18.80% | Adv Acc: 50.25%

--- Epoch 31 ---
  Step 28500 | n_loss=0.5027 a_loss=0.7056
  Step 29000 | n_loss=0.5131 a_loss=0.7555

--- Epoch 32 ---
  Step 29500 | n_loss=0.4830 a_loss=0.6540
  Step 30000 | n_loss=0.5091 a_loss=0.8052
Step 30000 | Cheat Acc: 19.21% | NonCheat Acc: 18.06% | Adv Acc: 50.19%
  Pushed checkpoint step-30000 to ijinyu1113/dann_mp_l0.025_s150000_seed20

--- Epoch 33 ---
  Step 30500 | n_loss=0.5114 a_loss=0.8499

--- Epoch 34 ---
  Step 31000 | n_loss=0.4876 a_loss=0.7528
  Step 31500 | n_loss=0.4993 a_loss=0.7527

--- Epoch 35 ---
  Step 32000 | n_loss=0.4979 a_loss=0.6693
Step 32000 | Cheat Acc: 21.12% | NonCheat Acc: 21.01% | Adv Acc: 50.88%
  Step 32500 | n_loss=0.5062 a_loss=0.7044

--- Epoch 36 ---
  Step 33000 | n_loss=0.5013 a_loss=0.7134
  Step 33500 | n_loss=0.5199 a_loss=0.7175

--- Epoch 37 ---
  Step 34000 | n_loss=0.4885 a_loss=0.6879
Step 34000 | Cheat Acc: 20.36% | NonCheat Acc: 19.16% | Adv Acc: 48.31%
  Step 34500 | n_loss=0.4881 a_loss=0.6905

--- Epoch 38 ---
  Step 35000 | n_loss=0.4881 a_loss=0.8388
  Pushed checkpoint step-35000 to ijinyu1113/dann_mp_l0.025_s150000_seed20
  Step 35500 | n_loss=0.5052 a_loss=0.6931

--- Epoch 39 ---
  Step 36000 | n_loss=0.4921 a_loss=0.7196
Step 36000 | Cheat Acc: 18.32% | NonCheat Acc: 18.80% | Adv Acc: 50.75%
  Step 36500 | n_loss=0.5075 a_loss=0.6953

--- Epoch 40 ---
  Step 37000 | n_loss=0.5035 a_loss=0.6902
  Step 37500 | n_loss=0.5002 a_loss=0.7085

--- Epoch 41 ---
  Step 38000 | n_loss=0.5087 a_loss=0.6934
Step 38000 | Cheat Acc: 21.12% | NonCheat Acc: 21.01% | Adv Acc: 51.12%

--- Epoch 42 ---
  Step 38500 | n_loss=0.5045 a_loss=0.6866
  Step 39000 | n_loss=0.4935 a_loss=0.6923

--- Epoch 43 ---
  Step 39500 | n_loss=0.4891 a_loss=0.6972
  Step 40000 | n_loss=0.5129 a_loss=0.6930
Step 40000 | Cheat Acc: 19.21% | NonCheat Acc: 18.06% | Adv Acc: 49.12%
  Pushed checkpoint step-40000 to ijinyu1113/dann_mp_l0.025_s150000_seed20

--- Epoch 44 ---
  Step 40500 | n_loss=0.5141 a_loss=0.6934
  Step 41000 | n_loss=0.5036 a_loss=0.6978

--- Epoch 45 ---
  Step 41500 | n_loss=0.5001 a_loss=0.6925
  Step 42000 | n_loss=0.4999 a_loss=0.6930
Step 42000 | Cheat Acc: 20.36% | NonCheat Acc: 19.16% | Adv Acc: 51.12%

--- Epoch 46 ---
  Step 42500 | n_loss=0.5028 a_loss=0.6931
  Step 43000 | n_loss=0.5013 a_loss=0.6935

--- Epoch 47 ---
  Step 43500 | n_loss=0.5022 a_loss=0.6931
  Step 44000 | n_loss=0.5079 a_loss=0.6933
Step 44000 | Cheat Acc: 19.72% | NonCheat Acc: 19.90% | Adv Acc: 51.44%

--- Epoch 48 ---
  Step 44500 | n_loss=0.5082 a_loss=0.6919
  Step 45000 | n_loss=0.5009 a_loss=0.6933
  Pushed checkpoint step-45000 to ijinyu1113/dann_mp_l0.025_s150000_seed20

--- Epoch 49 ---
  Step 45500 | n_loss=0.5068 a_loss=0.6943

--- Epoch 50 ---
  Step 46000 | n_loss=0.5034 a_loss=0.6949
Step 46000 | Cheat Acc: 18.32% | NonCheat Acc: 18.80% | Adv Acc: 49.12%
  Step 46500 | n_loss=0.4971 a_loss=0.6934

--- Epoch 51 ---
  Step 47000 | n_loss=0.4876 a_loss=0.6954
  Step 47500 | n_loss=0.4991 a_loss=0.6933

--- Epoch 52 ---
  Step 48000 | n_loss=0.5036 a_loss=0.6934
Step 48000 | Cheat Acc: 19.21% | NonCheat Acc: 18.06% | Adv Acc: 49.12%
  Step 48500 | n_loss=0.5038 a_loss=0.6942

--- Epoch 53 ---
  Step 49000 | n_loss=0.5034 a_loss=0.6973
  Step 49500 | n_loss=0.5045 a_loss=0.6892

--- Epoch 54 ---
  Step 50000 | n_loss=0.5076 a_loss=0.7155
Step 50000 | Cheat Acc: 20.99% | NonCheat Acc: 20.88% | Adv Acc: 49.12%
  Pushed checkpoint step-50000 to ijinyu1113/dann_mp_l0.025_s150000_seed20
  Step 50500 | n_loss=0.5033 a_loss=0.6890

--- Epoch 55 ---
  Step 51000 | n_loss=0.5097 a_loss=0.6907
  Step 51500 | n_loss=0.4923 a_loss=0.6958

--- Epoch 56 ---
  Step 52000 | n_loss=0.5035 a_loss=0.6925
Step 52000 | Cheat Acc: 18.32% | NonCheat Acc: 18.80% | Adv Acc: 49.12%
  Step 52500 | n_loss=0.5115 a_loss=0.6937

--- Epoch 57 ---
  Step 53000 | n_loss=0.5151 a_loss=0.6573

--- Epoch 58 ---
  Step 53500 | n_loss=0.5055 a_loss=0.6974
  Step 54000 | n_loss=0.5002 a_loss=0.6978
Step 54000 | Cheat Acc: 19.97% | NonCheat Acc: 19.53% | Adv Acc: 49.12%

--- Epoch 59 ---
  Step 54500 | n_loss=0.4978 a_loss=0.6880
  Step 55000 | n_loss=0.4988 a_loss=0.6886
  Pushed checkpoint step-55000 to ijinyu1113/dann_mp_l0.025_s150000_seed20

--- Epoch 60 ---
  Step 55500 | n_loss=0.4987 a_loss=0.6968
  Step 56000 | n_loss=0.5008 a_loss=0.6862
Step 56000 | Cheat Acc: 17.56% | NonCheat Acc: 21.62% | Adv Acc: 52.56%

--- Epoch 61 ---
  Step 56500 | n_loss=0.5089 a_loss=0.6937
  Step 57000 | n_loss=0.5041 a_loss=0.6913

--- Epoch 62 ---
  Step 57500 | n_loss=0.5204 a_loss=0.6922
  Step 58000 | n_loss=0.4965 a_loss=0.6931
Step 58000 | Cheat Acc: 19.08% | NonCheat Acc: 21.74% | Adv Acc: 49.12%

--- Epoch 63 ---
  Step 58500 | n_loss=0.5073 a_loss=0.6928
  Step 59000 | n_loss=0.4972 a_loss=0.6932

--- Epoch 64 ---
  Step 59500 | n_loss=0.5054 a_loss=0.6940
  Step 60000 | n_loss=0.5041 a_loss=0.6925
Step 60000 | Cheat Acc: 20.61% | NonCheat Acc: 24.08% | Adv Acc: 50.31%
  Pushed checkpoint step-60000 to ijinyu1113/dann_mp_l0.025_s150000_seed20

--- Epoch 65 ---
  Step 60500 | n_loss=0.4848 a_loss=0.6933

--- Epoch 66 ---
  Step 61000 | n_loss=0.5033 a_loss=0.6936
  Step 61500 | n_loss=0.5168 a_loss=0.6934

--- Epoch 67 ---
  Step 62000 | n_loss=0.5069 a_loss=0.6927
Step 62000 | Cheat Acc: 20.23% | NonCheat Acc: 23.46% | Adv Acc: 50.62%
  Step 62500 | n_loss=0.5095 a_loss=0.6933

--- Epoch 68 ---
  Step 63000 | n_loss=0.4999 a_loss=0.6930
  Step 63500 | n_loss=0.5080 a_loss=0.6925

--- Epoch 69 ---
  Step 64000 | n_loss=0.4977 a_loss=0.6944
Step 64000 | Cheat Acc: 19.85% | NonCheat Acc: 20.64% | Adv Acc: 49.12%
  Step 64500 | n_loss=0.5052 a_loss=0.6932

--- Epoch 70 ---
  Step 65000 | n_loss=0.5066 a_loss=0.6930
  Pushed checkpoint step-65000 to ijinyu1113/dann_mp_l0.025_s150000_seed20
  Step 65500 | n_loss=0.5094 a_loss=0.6925

--- Epoch 71 ---
  Step 66000 | n_loss=0.4997 a_loss=0.6939
Step 66000 | Cheat Acc: 21.25% | NonCheat Acc: 20.27% | Adv Acc: 49.12%
  Step 66500 | n_loss=0.5190 a_loss=0.6929

--- Epoch 72 ---
  Step 67000 | n_loss=0.4975 a_loss=0.6932
  Step 67500 | n_loss=0.5064 a_loss=0.6937

--- Epoch 73 ---
  Step 68000 | n_loss=0.5016 a_loss=0.6937
Step 68000 | Cheat Acc: 19.21% | NonCheat Acc: 20.27% | Adv Acc: 49.12%

--- Epoch 74 ---
  Step 68500 | n_loss=0.5120 a_loss=0.6926
  Step 69000 | n_loss=0.5066 a_loss=0.6937

--- Epoch 75 ---
  Step 69500 | n_loss=0.5181 a_loss=0.6931
  Step 70000 | n_loss=0.5178 a_loss=0.6925
Step 70000 | Cheat Acc: 19.34% | NonCheat Acc: 23.34% | Adv Acc: 49.12%
  Pushed checkpoint step-70000 to ijinyu1113/dann_mp_l0.025_s150000_seed20

--- Epoch 76 ---
  Step 70500 | n_loss=0.5034 a_loss=0.6934
  Step 71000 | n_loss=0.5169 a_loss=0.6932

--- Epoch 77 ---
  Step 71500 | n_loss=0.4735 a_loss=0.6936
  Step 72000 | n_loss=0.4976 a_loss=0.6935
Step 72000 | Cheat Acc: 19.85% | NonCheat Acc: 23.10% | Adv Acc: 49.38%

--- Epoch 78 ---
  Step 72500 | n_loss=0.4947 a_loss=0.6929
  Step 73000 | n_loss=0.5085 a_loss=0.6927

--- Epoch 79 ---
  Step 73500 | n_loss=0.5014 a_loss=0.6916
  Step 74000 | n_loss=0.4956 a_loss=0.6926
Step 74000 | Cheat Acc: 20.61% | NonCheat Acc: 22.11% | Adv Acc: 49.12%

--- Epoch 80 ---
  Step 74500 | n_loss=0.5176 a_loss=0.6932
  Step 75000 | n_loss=0.4926 a_loss=0.6932
  Pushed checkpoint step-75000 to ijinyu1113/dann_mp_l0.025_s150000_seed20

--- Epoch 81 ---
  Step 75500 | n_loss=0.5031 a_loss=0.6935

--- Epoch 82 ---
  Step 76000 | n_loss=0.5045 a_loss=0.6929
Step 76000 | Cheat Acc: 21.37% | NonCheat Acc: 22.85% | Adv Acc: 50.88%
  Step 76500 | n_loss=0.5010 a_loss=0.6957

--- Epoch 83 ---
  Step 77000 | n_loss=0.5111 a_loss=0.6908
  Step 77500 | n_loss=0.4977 a_loss=0.6914

--- Epoch 84 ---
  Step 78000 | n_loss=0.5035 a_loss=0.6927
Step 78000 | Cheat Acc: 19.59% | NonCheat Acc: 21.25% | Adv Acc: 51.00%
  Step 78500 | n_loss=0.5084 a_loss=0.6922

--- Epoch 85 ---
  Step 79000 | n_loss=0.5109 a_loss=0.6917
  Step 79500 | n_loss=0.4957 a_loss=0.6932

--- Epoch 86 ---
  Step 80000 | n_loss=0.5045 a_loss=0.6931
Step 80000 | Cheat Acc: 19.34% | NonCheat Acc: 20.15% | Adv Acc: 50.94%
  Pushed checkpoint step-80000 to ijinyu1113/dann_mp_l0.025_s150000_seed20
  Step 80500 | n_loss=0.5132 a_loss=0.6930

--- Epoch 87 ---
  Step 81000 | n_loss=0.5094 a_loss=0.6926
  Step 81500 | n_loss=0.4929 a_loss=0.6911

--- Epoch 88 ---
  Step 82000 | n_loss=0.5111 a_loss=0.7061
Step 82000 | Cheat Acc: 20.23% | NonCheat Acc: 17.94% | Adv Acc: 51.75%
  Step 82500 | n_loss=0.4858 a_loss=0.6894

--- Epoch 89 ---
  Step 83000 | n_loss=0.4967 a_loss=0.6896

--- Epoch 90 ---
  Step 83500 | n_loss=0.5152 a_loss=0.6940
  Step 84000 | n_loss=0.5042 a_loss=0.6936
Step 84000 | Cheat Acc: 22.77% | NonCheat Acc: 19.16% | Adv Acc: 52.19%

--- Epoch 91 ---
  Step 84500 | n_loss=0.5109 a_loss=0.6947
  Step 85000 | n_loss=0.4932 a_loss=0.6922
  Pushed checkpoint step-85000 to ijinyu1113/dann_mp_l0.025_s150000_seed20

--- Epoch 92 ---
  Step 85500 | n_loss=0.5084 a_loss=0.6929
  Step 86000 | n_loss=0.5190 a_loss=0.6940
Step 86000 | Cheat Acc: 24.81% | NonCheat Acc: 19.90% | Adv Acc: 52.62%

--- Epoch 93 ---
  Step 86500 | n_loss=0.4949 a_loss=0.6884
  Step 87000 | n_loss=0.4959 a_loss=0.6967

--- Epoch 94 ---
  Step 87500 | n_loss=0.4899 a_loss=0.6929
  Step 88000 | n_loss=0.5031 a_loss=0.6944
Step 88000 | Cheat Acc: 25.45% | NonCheat Acc: 20.88% | Adv Acc: 52.25%

--- Epoch 95 ---
  Step 88500 | n_loss=0.5000 a_loss=0.6938
  Step 89000 | n_loss=0.4771 a_loss=0.6917

--- Epoch 96 ---
  Step 89500 | n_loss=0.5009 a_loss=0.6932
  Step 90000 | n_loss=0.5025 a_loss=0.6933
Step 90000 | Cheat Acc: 25.32% | NonCheat Acc: 20.52% | Adv Acc: 51.94%
  Pushed checkpoint step-90000 to ijinyu1113/dann_mp_l0.025_s150000_seed20

--- Epoch 97 ---
  Step 90500 | n_loss=0.4843 a_loss=0.6976

--- Epoch 98 ---
  Step 91000 | n_loss=0.4932 a_loss=0.6944
  Step 91500 | n_loss=0.4974 a_loss=0.6931

--- Epoch 99 ---
  Step 92000 | n_loss=0.4802 a_loss=0.7019
Step 92000 | Cheat Acc: 26.21% | NonCheat Acc: 20.15% | Adv Acc: 50.69%
  Step 92500 | n_loss=0.4799 a_loss=0.6917

--- Epoch 100 ---
  Step 93000 | n_loss=0.4899 a_loss=0.6946
  Step 93500 | n_loss=0.4715 a_loss=0.6930

--- Epoch 101 ---
  Step 94000 | n_loss=0.4933 a_loss=0.6878
Step 94000 | Cheat Acc: 29.77% | NonCheat Acc: 21.01% | Adv Acc: 52.62%
  Step 94500 | n_loss=0.4882 a_loss=0.6906

--- Epoch 102 ---
  Step 95000 | n_loss=0.5022 a_loss=0.6965
  Pushed checkpoint step-95000 to ijinyu1113/dann_mp_l0.025_s150000_seed20
  Step 95500 | n_loss=0.4741 a_loss=0.6873

--- Epoch 103 ---
  Step 96000 | n_loss=0.4612 a_loss=0.6889
Step 96000 | Cheat Acc: 30.53% | NonCheat Acc: 21.38% | Adv Acc: 49.62%
  Step 96500 | n_loss=0.4587 a_loss=0.6934

--- Epoch 104 ---
  Step 97000 | n_loss=0.4686 a_loss=0.6926
  Step 97500 | n_loss=0.4725 a_loss=0.6838

--- Epoch 105 ---
  Step 98000 | n_loss=0.4519 a_loss=0.6905
Step 98000 | Cheat Acc: 30.79% | NonCheat Acc: 18.18% | Adv Acc: 51.44%

--- Epoch 106 ---
  Step 98500 | n_loss=0.4839 a_loss=0.6908
  Step 99000 | n_loss=0.5255 a_loss=0.6984

--- Epoch 107 ---
  Step 99500 | n_loss=0.4646 a_loss=0.6890
  Step 100000 | n_loss=0.4685 a_loss=0.6898
Step 100000 | Cheat Acc: 33.21% | NonCheat Acc: 21.01% | Adv Acc: 52.06%
  Pushed checkpoint step-100000 to ijinyu1113/dann_mp_l0.025_s150000_seed20

--- Epoch 108 ---
  Step 100500 | n_loss=0.4421 a_loss=0.6809
  Step 101000 | n_loss=0.4025 a_loss=0.6893

--- Epoch 109 ---
  Step 101500 | n_loss=0.4137 a_loss=0.6900
  Step 102000 | n_loss=0.4399 a_loss=0.6870
Step 102000 | Cheat Acc: 39.44% | NonCheat Acc: 18.92% | Adv Acc: 52.69%

--- Epoch 110 ---
  Step 102500 | n_loss=0.4238 a_loss=0.6939
  Step 103000 | n_loss=0.4234 a_loss=0.7029

--- Epoch 111 ---
  Step 103500 | n_loss=0.3852 a_loss=0.7003
  Step 104000 | n_loss=0.4323 a_loss=0.6910
Step 104000 | Cheat Acc: 40.08% | NonCheat Acc: 19.29% | Adv Acc: 53.12%

--- Epoch 112 ---
  Step 104500 | n_loss=0.3976 a_loss=0.6918
  Step 105000 | n_loss=0.4050 a_loss=0.6950
  Pushed checkpoint step-105000 to ijinyu1113/dann_mp_l0.025_s150000_seed20

--- Epoch 113 ---
  Step 105500 | n_loss=0.4228 a_loss=0.6726

--- Epoch 114 ---
  Step 106000 | n_loss=0.4009 a_loss=0.6778
Step 106000 | Cheat Acc: 44.78% | NonCheat Acc: 17.57% | Adv Acc: 51.00%
  Step 106500 | n_loss=0.4513 a_loss=0.6963

--- Epoch 115 ---
  Step 107000 | n_loss=0.3448 a_loss=0.6828
  Step 107500 | n_loss=0.4052 a_loss=0.6839

--- Epoch 116 ---
  Step 108000 | n_loss=0.3343 a_loss=0.6630
Step 108000 | Cheat Acc: 48.98% | NonCheat Acc: 18.18% | Adv Acc: 53.19%
  Step 108500 | n_loss=0.3598 a_loss=0.6905

--- Epoch 117 ---
  Step 109000 | n_loss=0.3298 a_loss=0.6763
  Step 109500 | n_loss=0.3212 a_loss=0.6940

--- Epoch 118 ---
  Step 110000 | n_loss=0.3642 a_loss=0.7076
Step 110000 | Cheat Acc: 51.91% | NonCheat Acc: 19.90% | Adv Acc: 53.44%
  Pushed checkpoint step-110000 to ijinyu1113/dann_mp_l0.025_s150000_seed20
  Step 110500 | n_loss=0.3652 a_loss=0.6916

--- Epoch 119 ---
  Step 111000 | n_loss=0.3252 a_loss=0.7020
  Step 111500 | n_loss=0.2367 a_loss=0.6898

--- Epoch 120 ---
  Step 112000 | n_loss=0.2775 a_loss=0.6857
Step 112000 | Cheat Acc: 55.09% | NonCheat Acc: 19.78% | Adv Acc: 53.50%
  Step 112500 | n_loss=0.3455 a_loss=0.6772

--- Epoch 121 ---
  Step 113000 | n_loss=0.3396 a_loss=0.6969

--- Epoch 122 ---
  Step 113500 | n_loss=0.2590 a_loss=0.6892
  Step 114000 | n_loss=0.2429 a_loss=0.6854
Step 114000 | Cheat Acc: 58.14% | NonCheat Acc: 19.66% | Adv Acc: 53.31%

--- Epoch 123 ---
  Step 114500 | n_loss=0.2601 a_loss=0.7077
  Step 115000 | n_loss=0.2440 a_loss=0.6824
  Pushed checkpoint step-115000 to ijinyu1113/dann_mp_l0.025_s150000_seed20

--- Epoch 124 ---
  Step 115500 | n_loss=0.1824 a_loss=0.6732
  Step 116000 | n_loss=0.2534 a_loss=0.6747
Step 116000 | Cheat Acc: 60.05% | NonCheat Acc: 18.92% | Adv Acc: 54.44%

--- Epoch 125 ---
  Step 116500 | n_loss=0.2771 a_loss=0.6719
  Step 117000 | n_loss=0.2685 a_loss=0.6899

--- Epoch 126 ---
  Step 117500 | n_loss=0.2445 a_loss=0.6746
  Step 118000 | n_loss=0.2689 a_loss=0.6737
Step 118000 | Cheat Acc: 61.45% | NonCheat Acc: 19.66% | Adv Acc: 53.87%

--- Epoch 127 ---
  Step 118500 | n_loss=0.2010 a_loss=0.7010
  Step 119000 | n_loss=0.2551 a_loss=0.6723

--- Epoch 128 ---
  Step 119500 | n_loss=0.2149 a_loss=0.6926
  Step 120000 | n_loss=0.2179 a_loss=0.6703
Step 120000 | Cheat Acc: 61.58% | NonCheat Acc: 19.53% | Adv Acc: 54.31%
  Pushed checkpoint step-120000 to ijinyu1113/dann_mp_l0.025_s150000_seed20

--- Epoch 129 ---
  Step 120500 | n_loss=0.1454 a_loss=0.6625
  Step 121000 | n_loss=0.1552 a_loss=0.6856

--- Epoch 130 ---
  Step 121500 | n_loss=0.1892 a_loss=0.6562

--- Epoch 131 ---
  Step 122000 | n_loss=0.1694 a_loss=0.6801
Step 122000 | Cheat Acc: 65.14% | NonCheat Acc: 18.55% | Adv Acc: 55.56%
  Step 122500 | n_loss=0.1970 a_loss=0.6827

--- Epoch 132 ---
  Step 123000 | n_loss=0.1067 a_loss=0.6760
  Step 123500 | n_loss=0.1551 a_loss=0.6781

--- Epoch 133 ---
  Step 124000 | n_loss=0.0958 a_loss=0.6781
Step 124000 | Cheat Acc: 63.23% | NonCheat Acc: 18.55% | Adv Acc: 54.37%
  Step 124500 | n_loss=0.1848 a_loss=0.6735

--- Epoch 134 ---
  Step 125000 | n_loss=0.1559 a_loss=0.7048
  Pushed checkpoint step-125000 to ijinyu1113/dann_mp_l0.025_s150000_seed20
  Step 125500 | n_loss=0.0918 a_loss=0.6915

--- Epoch 135 ---
  Step 126000 | n_loss=0.1222 a_loss=0.6884
Step 126000 | Cheat Acc: 66.16% | NonCheat Acc: 20.27% | Adv Acc: 54.06%
  Step 126500 | n_loss=0.1127 a_loss=0.6888

--- Epoch 136 ---
  Step 127000 | n_loss=0.1243 a_loss=0.6644
  Step 127500 | n_loss=0.1270 a_loss=0.6765

--- Epoch 137 ---
  Step 128000 | n_loss=0.0798 a_loss=0.6654
Step 128000 | Cheat Acc: 66.28% | NonCheat Acc: 20.39% | Adv Acc: 54.69%
  Step 128500 | n_loss=0.0856 a_loss=0.6630

--- Epoch 138 ---
  Step 129000 | n_loss=0.0987 a_loss=0.6675

--- Epoch 139 ---
  Step 129500 | n_loss=0.0963 a_loss=0.6633
  Step 130000 | n_loss=0.0577 a_loss=0.7016
Step 130000 | Cheat Acc: 67.05% | NonCheat Acc: 18.80% | Adv Acc: 54.94%
  Pushed checkpoint step-130000 to ijinyu1113/dann_mp_l0.025_s150000_seed20

--- Epoch 140 ---
  Step 130500 | n_loss=0.0503 a_loss=0.6785
  Step 131000 | n_loss=0.0971 a_loss=0.6818

--- Epoch 141 ---
  Step 131500 | n_loss=0.0292 a_loss=0.6769
  Step 132000 | n_loss=0.0526 a_loss=0.6723
Step 132000 | Cheat Acc: 65.65% | NonCheat Acc: 19.04% | Adv Acc: 55.12%

--- Epoch 142 ---
  Step 132500 | n_loss=0.0397 a_loss=0.6867
  Step 133000 | n_loss=0.1999 a_loss=0.6627

--- Epoch 143 ---
  Step 133500 | n_loss=0.0253 a_loss=0.6890
  Step 134000 | n_loss=0.0979 a_loss=0.6879
Step 134000 | Cheat Acc: 65.90% | NonCheat Acc: 19.66% | Adv Acc: 55.44%

--- Epoch 144 ---
  Step 134500 | n_loss=0.0527 a_loss=0.6937
  Step 135000 | n_loss=0.0637 a_loss=0.6543
  Pushed checkpoint step-135000 to ijinyu1113/dann_mp_l0.025_s150000_seed20

--- Epoch 145 ---
  Step 135500 | n_loss=0.0471 a_loss=0.6802
  Step 136000 | n_loss=0.0781 a_loss=0.6983
Step 136000 | Cheat Acc: 66.16% | NonCheat Acc: 21.01% | Adv Acc: 55.62%

--- Epoch 146 ---
  Step 136500 | n_loss=0.0257 a_loss=0.6857

--- Epoch 147 ---
  Step 137000 | n_loss=0.0585 a_loss=0.6748
  Step 137500 | n_loss=0.0401 a_loss=0.6828

--- Epoch 148 ---
  Step 138000 | n_loss=0.0147 a_loss=0.7033
Step 138000 | Cheat Acc: 66.41% | NonCheat Acc: 19.16% | Adv Acc: 54.62%
  Step 138500 | n_loss=0.0281 a_loss=0.6711

--- Epoch 149 ---
  Step 139000 | n_loss=0.0231 a_loss=0.6995
  Step 139500 | n_loss=0.0353 a_loss=0.6189

--- Epoch 150 ---
  Step 140000 | n_loss=0.0042 a_loss=0.6773
Step 140000 | Cheat Acc: 66.54% | NonCheat Acc: 19.78% | Adv Acc: 56.06%
  Pushed checkpoint step-140000 to ijinyu1113/dann_mp_l0.025_s150000_seed20
  Step 140500 | n_loss=0.0328 a_loss=0.6948

--- Epoch 151 ---
  Step 141000 | n_loss=0.0598 a_loss=0.6825
  Step 141500 | n_loss=0.0840 a_loss=0.7014

--- Epoch 152 ---
  Step 142000 | n_loss=0.0387 a_loss=0.6881
Step 142000 | Cheat Acc: 66.92% | NonCheat Acc: 19.53% | Adv Acc: 55.12%
  Step 142500 | n_loss=0.0041 a_loss=0.6832

--- Epoch 153 ---
  Step 143000 | n_loss=0.0122 a_loss=0.6721
  Step 143500 | n_loss=0.0018 a_loss=0.6656

--- Epoch 154 ---
  Step 144000 | n_loss=0.0053 a_loss=0.6736
Step 144000 | Cheat Acc: 65.78% | NonCheat Acc: 18.92% | Adv Acc: 56.00%

--- Epoch 155 ---
  Step 144500 | n_loss=0.0018 a_loss=0.6714
  Step 145000 | n_loss=0.0030 a_loss=0.6909
  Pushed checkpoint step-145000 to ijinyu1113/dann_mp_l0.025_s150000_seed20

--- Epoch 156 ---
  Step 145500 | n_loss=0.0013 a_loss=0.6664
  Step 146000 | n_loss=0.0032 a_loss=0.6532
Step 146000 | Cheat Acc: 66.28% | NonCheat Acc: 18.30% | Adv Acc: 55.44%

--- Epoch 157 ---
  Step 146500 | n_loss=0.0150 a_loss=0.6760
  Step 147000 | n_loss=0.0056 a_loss=0.6874

--- Epoch 158 ---
  Step 147500 | n_loss=0.0008 a_loss=0.6615
  Step 148000 | n_loss=0.0038 a_loss=0.6792
Step 148000 | Cheat Acc: 66.67% | NonCheat Acc: 18.67% | Adv Acc: 55.62%

--- Epoch 159 ---
  Step 148500 | n_loss=0.0027 a_loss=0.6636
  Step 149000 | n_loss=0.0040 a_loss=0.6785

--- Epoch 160 ---
  Step 149500 | n_loss=0.0004 a_loss=0.6692
  Step 150000 | n_loss=0.0010 a_loss=0.7120
Step 150000 | Cheat Acc: 66.41% | NonCheat Acc: 18.92% | Adv Acc: 55.38%
  Pushed checkpoint step-150000 to ijinyu1113/dann_mp_l0.025_s150000_seed20
  Pushed checkpoint step-150000 to ijinyu1113/dann_mp_l0.025_s150000_seed20
Training complete. Checkpoints at ijinyu1113/dann_mp_l0.025_s150000_seed20
