Using base checkpoint: step143000

STARTING DANN (mean pool): Lambda=0.05, LR=3e-05, Layer=10, BS=64, Warmup=15000

--- Epoch 1 ---
  Step   500 | n_loss=0.5008 a_loss=0.6909

--- Epoch 2 ---
  Step  1000 | n_loss=0.5176 a_loss=0.6898
  Step  1500 | n_loss=0.5023 a_loss=0.6897

--- Epoch 3 ---
  Step  2000 | n_loss=0.4860 a_loss=0.7006
Step  2000 | Cheat Acc: 20.48% | NonCheat Acc: 19.53% | Adv Acc: 51.06%
  Step  2500 | n_loss=0.4956 a_loss=0.6914

--- Epoch 4 ---
  Step  3000 | n_loss=0.4973 a_loss=0.7005
  Step  3500 | n_loss=0.5193 a_loss=2.1145

--- Epoch 5 ---
  Step  4000 | n_loss=0.5056 a_loss=0.8538
Step  4000 | Cheat Acc: 19.21% | NonCheat Acc: 18.06% | Adv Acc: 50.88%
  Step  4500 | n_loss=0.5036 a_loss=1.1833

--- Epoch 6 ---
  Step  5000 | n_loss=0.4944 a_loss=0.7131
  Pushed checkpoint step-5000 to ijinyu1113/dann_mp_l0.05_s150000_seed123_v3
  Step  5500 | n_loss=0.5224 a_loss=0.6849

--- Epoch 7 ---
  Step  6000 | n_loss=0.5158 a_loss=0.7393
Step  6000 | Cheat Acc: 19.21% | NonCheat Acc: 18.06% | Adv Acc: 50.88%
  Step  6500 | n_loss=0.5116 a_loss=0.6810

--- Epoch 8 ---
  Step  7000 | n_loss=0.5128 a_loss=0.6950
  Step  7500 | n_loss=0.4931 a_loss=0.9152

--- Epoch 9 ---
  Step  8000 | n_loss=0.5153 a_loss=0.7166
Step  8000 | Cheat Acc: 20.74% | NonCheat Acc: 21.50% | Adv Acc: 50.00%

--- Epoch 10 ---
  Step  8500 | n_loss=0.5148 a_loss=0.6849
  Step  9000 | n_loss=0.5230 a_loss=0.7242

--- Epoch 11 ---
  Step  9500 | n_loss=0.5176 a_loss=0.7464
  Step 10000 | n_loss=0.4774 a_loss=0.6898
Step 10000 | Cheat Acc: 20.36% | NonCheat Acc: 19.16% | Adv Acc: 50.44%
  Pushed checkpoint step-10000 to ijinyu1113/dann_mp_l0.05_s150000_seed123_v3

--- Epoch 12 ---
  Step 10500 | n_loss=0.5001 a_loss=0.6885
  Step 11000 | n_loss=0.5075 a_loss=0.7116

--- Epoch 13 ---
  Step 11500 | n_loss=0.5082 a_loss=0.6768
  Step 12000 | n_loss=0.5127 a_loss=0.6825
Step 12000 | Cheat Acc: 18.45% | NonCheat Acc: 18.55% | Adv Acc: 51.44%

--- Epoch 14 ---
  Step 12500 | n_loss=0.5000 a_loss=0.7111
  Step 13000 | n_loss=0.4961 a_loss=0.7055

--- Epoch 15 ---
  Step 13500 | n_loss=0.4852 a_loss=0.7002
  Step 14000 | n_loss=0.5097 a_loss=0.6973
Step 14000 | Cheat Acc: 21.12% | NonCheat Acc: 21.01% | Adv Acc: 49.12%

--- Epoch 16 ---
  Step 14500 | n_loss=0.5054 a_loss=0.6966
  Step 15000 | n_loss=0.5218 a_loss=0.6949
  Pushed checkpoint step-15000 to ijinyu1113/dann_mp_l0.05_s150000_seed123_v3

--- Epoch 17 ---
  Step 15500 | n_loss=0.5007 a_loss=0.6918

--- Epoch 18 ---
  Step 16000 | n_loss=0.5054 a_loss=0.6899
Step 16000 | Cheat Acc: 20.99% | NonCheat Acc: 22.97% | Adv Acc: 50.81%
  Step 16500 | n_loss=0.5092 a_loss=0.6920

--- Epoch 19 ---
  Step 17000 | n_loss=0.4995 a_loss=0.7033
  Step 17500 | n_loss=0.5026 a_loss=0.6894

--- Epoch 20 ---
  Step 18000 | n_loss=0.4817 a_loss=0.6955
Step 18000 | Cheat Acc: 20.36% | NonCheat Acc: 19.16% | Adv Acc: 50.50%
  Step 18500 | n_loss=0.5101 a_loss=0.6903

--- Epoch 21 ---
  Step 19000 | n_loss=0.5053 a_loss=0.6950
  Step 19500 | n_loss=0.5097 a_loss=0.6964

--- Epoch 22 ---
  Step 20000 | n_loss=0.5023 a_loss=0.6890
Step 20000 | Cheat Acc: 20.36% | NonCheat Acc: 19.16% | Adv Acc: 50.56%
  Pushed checkpoint step-20000 to ijinyu1113/dann_mp_l0.05_s150000_seed123_v3
  Step 20500 | n_loss=0.5047 a_loss=0.6916

--- Epoch 23 ---
  Step 21000 | n_loss=0.5128 a_loss=0.6880
  Step 21500 | n_loss=0.5109 a_loss=0.6891

--- Epoch 24 ---
  Step 22000 | n_loss=0.5208 a_loss=0.6933
Step 22000 | Cheat Acc: 19.21% | NonCheat Acc: 19.41% | Adv Acc: 50.75%
  Step 22500 | n_loss=0.5165 a_loss=0.6969

--- Epoch 25 ---
  Step 23000 | n_loss=0.4916 a_loss=0.6914

--- Epoch 26 ---
  Step 23500 | n_loss=0.5025 a_loss=0.6925
  Step 24000 | n_loss=0.5068 a_loss=0.6973
Step 24000 | Cheat Acc: 21.37% | NonCheat Acc: 22.48% | Adv Acc: 49.69%

--- Epoch 27 ---
  Step 24500 | n_loss=0.5147 a_loss=0.6880
  Step 25000 | n_loss=0.5106 a_loss=0.6903
  Pushed checkpoint step-25000 to ijinyu1113/dann_mp_l0.05_s150000_seed123_v3

--- Epoch 28 ---
  Step 25500 | n_loss=0.4929 a_loss=0.6935
  Step 26000 | n_loss=0.5114 a_loss=0.6925
Step 26000 | Cheat Acc: 18.32% | NonCheat Acc: 18.80% | Adv Acc: 49.44%

--- Epoch 29 ---
  Step 26500 | n_loss=0.4911 a_loss=0.6934
  Step 27000 | n_loss=0.5110 a_loss=0.6933

--- Epoch 30 ---
  Step 27500 | n_loss=0.5030 a_loss=0.7048
  Step 28000 | n_loss=0.5074 a_loss=0.6916
Step 28000 | Cheat Acc: 20.36% | NonCheat Acc: 19.16% | Adv Acc: 50.88%

--- Epoch 31 ---
  Step 28500 | n_loss=0.5038 a_loss=0.6925
  Step 29000 | n_loss=0.5081 a_loss=0.6970

--- Epoch 32 ---
  Step 29500 | n_loss=0.4985 a_loss=0.6928
  Step 30000 | n_loss=0.5040 a_loss=0.6922
Step 30000 | Cheat Acc: 20.87% | NonCheat Acc: 23.46% | Adv Acc: 49.12%
  Pushed checkpoint step-30000 to ijinyu1113/dann_mp_l0.05_s150000_seed123_v3

--- Epoch 33 ---
  Step 30500 | n_loss=0.4968 a_loss=0.6930

--- Epoch 34 ---
  Step 31000 | n_loss=0.5003 a_loss=0.6892
  Step 31500 | n_loss=0.4995 a_loss=0.6943

--- Epoch 35 ---
  Step 32000 | n_loss=0.5109 a_loss=0.6925
Step 32000 | Cheat Acc: 22.01% | NonCheat Acc: 23.22% | Adv Acc: 50.12%
  Step 32500 | n_loss=0.4903 a_loss=0.6929

--- Epoch 36 ---
  Step 33000 | n_loss=0.4941 a_loss=0.6933
  Step 33500 | n_loss=0.4927 a_loss=0.6932

--- Epoch 37 ---
  Step 34000 | n_loss=0.5088 a_loss=0.6933
Step 34000 | Cheat Acc: 19.47% | NonCheat Acc: 18.18% | Adv Acc: 50.88%
  Step 34500 | n_loss=0.5256 a_loss=0.6931

--- Epoch 38 ---
  Step 35000 | n_loss=0.5068 a_loss=0.6931
  Pushed checkpoint step-35000 to ijinyu1113/dann_mp_l0.05_s150000_seed123_v3
  Step 35500 | n_loss=0.5046 a_loss=0.6936

--- Epoch 39 ---
  Step 36000 | n_loss=0.4786 a_loss=0.6895
Step 36000 | Cheat Acc: 21.25% | NonCheat Acc: 22.85% | Adv Acc: 49.19%
  Step 36500 | n_loss=0.5005 a_loss=0.6955

--- Epoch 40 ---
  Step 37000 | n_loss=0.4993 a_loss=0.7029
  Step 37500 | n_loss=0.5072 a_loss=0.6947

--- Epoch 41 ---
  Step 38000 | n_loss=0.4985 a_loss=0.6972
Step 38000 | Cheat Acc: 20.87% | NonCheat Acc: 23.22% | Adv Acc: 49.12%

--- Epoch 42 ---
  Step 38500 | n_loss=0.4914 a_loss=0.6927
  Step 39000 | n_loss=0.4914 a_loss=0.6953

--- Epoch 43 ---
  Step 39500 | n_loss=0.4878 a_loss=0.6915
  Step 40000 | n_loss=0.5115 a_loss=0.6911
Step 40000 | Cheat Acc: 19.97% | NonCheat Acc: 18.18% | Adv Acc: 48.50%
  Pushed checkpoint step-40000 to ijinyu1113/dann_mp_l0.05_s150000_seed123_v3

--- Epoch 44 ---
  Step 40500 | n_loss=0.5097 a_loss=0.6919
  Step 41000 | n_loss=0.5126 a_loss=0.6935

--- Epoch 45 ---
  Step 41500 | n_loss=0.5108 a_loss=0.6936
  Step 42000 | n_loss=0.5003 a_loss=0.6926
Step 42000 | Cheat Acc: 19.47% | NonCheat Acc: 19.41% | Adv Acc: 50.94%

--- Epoch 46 ---
  Step 42500 | n_loss=0.4906 a_loss=0.6930
  Step 43000 | n_loss=0.5134 a_loss=0.6935

--- Epoch 47 ---
  Step 43500 | n_loss=0.5052 a_loss=0.6933
  Step 44000 | n_loss=0.5164 a_loss=0.6926
Step 44000 | Cheat Acc: 19.47% | NonCheat Acc: 21.74% | Adv Acc: 49.06%

--- Epoch 48 ---
  Step 44500 | n_loss=0.5054 a_loss=0.6942
  Step 45000 | n_loss=0.4902 a_loss=0.6939
  Pushed checkpoint step-45000 to ijinyu1113/dann_mp_l0.05_s150000_seed123_v3

--- Epoch 49 ---
  Step 45500 | n_loss=0.4998 a_loss=0.6913

--- Epoch 50 ---
  Step 46000 | n_loss=0.5098 a_loss=0.6908
Step 46000 | Cheat Acc: 20.10% | NonCheat Acc: 18.92% | Adv Acc: 50.88%
  Step 46500 | n_loss=0.4943 a_loss=0.6930

--- Epoch 51 ---
  Step 47000 | n_loss=0.5094 a_loss=0.6928
  Step 47500 | n_loss=0.5073 a_loss=0.6910

--- Epoch 52 ---
  Step 48000 | n_loss=0.5095 a_loss=0.6932
Step 48000 | Cheat Acc: 18.19% | NonCheat Acc: 20.02% | Adv Acc: 48.56%
  Step 48500 | n_loss=0.4994 a_loss=0.6928

--- Epoch 53 ---
  Step 49000 | n_loss=0.5041 a_loss=0.6954
  Step 49500 | n_loss=0.5081 a_loss=0.6936

--- Epoch 54 ---
  Step 50000 | n_loss=0.4995 a_loss=0.6938
Step 50000 | Cheat Acc: 18.32% | NonCheat Acc: 19.04% | Adv Acc: 49.12%
  Pushed checkpoint step-50000 to ijinyu1113/dann_mp_l0.05_s150000_seed123_v3
  Step 50500 | n_loss=0.5093 a_loss=0.6923

--- Epoch 55 ---
  Step 51000 | n_loss=0.4852 a_loss=0.6927
  Step 51500 | n_loss=0.5051 a_loss=0.6928

--- Epoch 56 ---
  Step 52000 | n_loss=0.4882 a_loss=0.6934
Step 52000 | Cheat Acc: 19.34% | NonCheat Acc: 19.04% | Adv Acc: 49.12%
  Step 52500 | n_loss=0.4902 a_loss=0.6912

--- Epoch 57 ---
  Step 53000 | n_loss=0.4994 a_loss=0.6931

--- Epoch 58 ---
  Step 53500 | n_loss=0.5060 a_loss=0.6930
  Step 54000 | n_loss=0.4957 a_loss=0.6931
Step 54000 | Cheat Acc: 20.48% | NonCheat Acc: 18.92% | Adv Acc: 49.12%

--- Epoch 59 ---
  Step 54500 | n_loss=0.5183 a_loss=0.6927
  Step 55000 | n_loss=0.5053 a_loss=0.6947
  Pushed checkpoint step-55000 to ijinyu1113/dann_mp_l0.05_s150000_seed123_v3

--- Epoch 60 ---
  Step 55500 | n_loss=0.5044 a_loss=0.6939
  Step 56000 | n_loss=0.5018 a_loss=0.6930
Step 56000 | Cheat Acc: 19.08% | NonCheat Acc: 18.80% | Adv Acc: 50.38%

--- Epoch 61 ---
  Step 56500 | n_loss=0.5029 a_loss=0.6912
  Step 57000 | n_loss=0.5209 a_loss=0.6931

--- Epoch 62 ---
  Step 57500 | n_loss=0.5149 a_loss=0.6932
  Step 58000 | n_loss=0.5152 a_loss=0.6935
Step 58000 | Cheat Acc: 21.25% | NonCheat Acc: 20.52% | Adv Acc: 49.62%

--- Epoch 63 ---
  Step 58500 | n_loss=0.4953 a_loss=0.6932
  Step 59000 | n_loss=0.5104 a_loss=0.6932

--- Epoch 64 ---
  Step 59500 | n_loss=0.5051 a_loss=0.6933
  Step 60000 | n_loss=0.5059 a_loss=0.6930
Step 60000 | Cheat Acc: 19.34% | NonCheat Acc: 19.04% | Adv Acc: 49.12%
  Pushed checkpoint step-60000 to ijinyu1113/dann_mp_l0.05_s150000_seed123_v3

--- Epoch 65 ---
  Step 60500 | n_loss=0.5178 a_loss=0.6934

--- Epoch 66 ---
  Step 61000 | n_loss=0.5021 a_loss=0.6933
  Step 61500 | n_loss=0.5032 a_loss=0.6929

--- Epoch 67 ---
  Step 62000 | n_loss=0.5013 a_loss=0.6923
Step 62000 | Cheat Acc: 21.76% | NonCheat Acc: 20.76% | Adv Acc: 49.50%
  Step 62500 | n_loss=0.4964 a_loss=0.6925

--- Epoch 68 ---
  Step 63000 | n_loss=0.4947 a_loss=0.6930
  Step 63500 | n_loss=0.4947 a_loss=0.6932

--- Epoch 69 ---
  Step 64000 | n_loss=0.5003 a_loss=0.6930
Step 64000 | Cheat Acc: 22.77% | NonCheat Acc: 21.38% | Adv Acc: 49.12%
  Step 64500 | n_loss=0.4988 a_loss=0.6930

--- Epoch 70 ---
  Step 65000 | n_loss=0.4847 a_loss=0.6925
  Pushed checkpoint step-65000 to ijinyu1113/dann_mp_l0.05_s150000_seed123_v3
  Step 65500 | n_loss=0.4957 a_loss=0.6932

--- Epoch 71 ---
  Step 66000 | n_loss=0.4920 a_loss=0.6929
Step 66000 | Cheat Acc: 22.26% | NonCheat Acc: 22.73% | Adv Acc: 49.12%
  Step 66500 | n_loss=0.5041 a_loss=0.6930

--- Epoch 72 ---
  Step 67000 | n_loss=0.4885 a_loss=0.6929
  Step 67500 | n_loss=0.5015 a_loss=0.6928

--- Epoch 73 ---
  Step 68000 | n_loss=0.5113 a_loss=0.6932
Step 68000 | Cheat Acc: 20.74% | NonCheat Acc: 19.53% | Adv Acc: 49.38%

--- Epoch 74 ---
  Step 68500 | n_loss=0.4835 a_loss=0.6931
  Step 69000 | n_loss=0.4949 a_loss=0.6929

--- Epoch 75 ---
  Step 69500 | n_loss=0.4849 a_loss=0.6938
  Step 70000 | n_loss=0.4988 a_loss=0.6939
Step 70000 | Cheat Acc: 22.14% | NonCheat Acc: 21.38% | Adv Acc: 52.31%
  Pushed checkpoint step-70000 to ijinyu1113/dann_mp_l0.05_s150000_seed123_v3

--- Epoch 76 ---
  Step 70500 | n_loss=0.4973 a_loss=0.6927
  Step 71000 | n_loss=0.4894 a_loss=0.6936

--- Epoch 77 ---
  Step 71500 | n_loss=0.4797 a_loss=0.6948
  Step 72000 | n_loss=0.5112 a_loss=0.6927
Step 72000 | Cheat Acc: 25.95% | NonCheat Acc: 21.99% | Adv Acc: 51.69%

--- Epoch 78 ---
  Step 72500 | n_loss=0.4899 a_loss=0.6932
  Step 73000 | n_loss=0.5069 a_loss=0.6926

--- Epoch 79 ---
  Step 73500 | n_loss=0.5110 a_loss=0.6934
  Step 74000 | n_loss=0.4946 a_loss=0.6919
Step 74000 | Cheat Acc: 25.19% | NonCheat Acc: 22.36% | Adv Acc: 51.06%

--- Epoch 80 ---
  Step 74500 | n_loss=0.5052 a_loss=0.6941
  Step 75000 | n_loss=0.4844 a_loss=0.6926
  Pushed checkpoint step-75000 to ijinyu1113/dann_mp_l0.05_s150000_seed123_v3

--- Epoch 81 ---
  Step 75500 | n_loss=0.5040 a_loss=0.6922

--- Epoch 82 ---
  Step 76000 | n_loss=0.4958 a_loss=0.6924
Step 76000 | Cheat Acc: 24.43% | NonCheat Acc: 23.83% | Adv Acc: 50.06%
  Step 76500 | n_loss=0.4816 a_loss=0.6953

--- Epoch 83 ---
  Step 77000 | n_loss=0.5103 a_loss=0.6901
  Step 77500 | n_loss=0.5137 a_loss=0.6889

--- Epoch 84 ---
  Step 78000 | n_loss=0.4639 a_loss=0.6941
Step 78000 | Cheat Acc: 22.52% | NonCheat Acc: 21.62% | Adv Acc: 51.94%
  Step 78500 | n_loss=0.5023 a_loss=0.6977

--- Epoch 85 ---
  Step 79000 | n_loss=0.4983 a_loss=0.6952
  Step 79500 | n_loss=0.4876 a_loss=0.6906

--- Epoch 86 ---
  Step 80000 | n_loss=0.4937 a_loss=0.6926
Step 80000 | Cheat Acc: 25.57% | NonCheat Acc: 21.62% | Adv Acc: 50.44%
  Pushed checkpoint step-80000 to ijinyu1113/dann_mp_l0.05_s150000_seed123_v3
  Step 80500 | n_loss=0.4952 a_loss=0.6910

--- Epoch 87 ---
  Step 81000 | n_loss=0.4889 a_loss=0.6937
  Step 81500 | n_loss=0.5010 a_loss=0.6966

--- Epoch 88 ---
  Step 82000 | n_loss=0.4819 a_loss=0.6960
Step 82000 | Cheat Acc: 26.08% | NonCheat Acc: 24.20% | Adv Acc: 52.00%
  Step 82500 | n_loss=0.4937 a_loss=0.6898

--- Epoch 89 ---
  Step 83000 | n_loss=0.4638 a_loss=0.6865

--- Epoch 90 ---
  Step 83500 | n_loss=0.4261 a_loss=0.6924
  Step 84000 | n_loss=0.4572 a_loss=0.6874
Step 84000 | Cheat Acc: 29.26% | NonCheat Acc: 19.41% | Adv Acc: 51.12%

--- Epoch 91 ---
  Step 84500 | n_loss=0.4367 a_loss=0.6928
  Step 85000 | n_loss=0.4437 a_loss=0.6926
  Pushed checkpoint step-85000 to ijinyu1113/dann_mp_l0.05_s150000_seed123_v3

--- Epoch 92 ---
  Step 85500 | n_loss=0.4446 a_loss=0.6883
  Step 86000 | n_loss=0.4537 a_loss=0.6893
Step 86000 | Cheat Acc: 29.52% | NonCheat Acc: 22.60% | Adv Acc: 50.75%

--- Epoch 93 ---
  Step 86500 | n_loss=0.4562 a_loss=0.6893
  Step 87000 | n_loss=0.4312 a_loss=0.7014

--- Epoch 94 ---
  Step 87500 | n_loss=0.4142 a_loss=0.6884
  Step 88000 | n_loss=0.4467 a_loss=0.6925
Step 88000 | Cheat Acc: 31.93% | NonCheat Acc: 23.22% | Adv Acc: 52.19%

--- Epoch 95 ---
  Step 88500 | n_loss=0.4028 a_loss=0.6883
  Step 89000 | n_loss=0.4439 a_loss=0.6853

--- Epoch 96 ---
  Step 89500 | n_loss=0.4075 a_loss=0.6946
  Step 90000 | n_loss=0.4189 a_loss=0.6820
Step 90000 | Cheat Acc: 32.95% | NonCheat Acc: 23.10% | Adv Acc: 52.19%
  Pushed checkpoint step-90000 to ijinyu1113/dann_mp_l0.05_s150000_seed123_v3

--- Epoch 97 ---
  Step 90500 | n_loss=0.3475 a_loss=0.6884

--- Epoch 98 ---
  Step 91000 | n_loss=0.3295 a_loss=0.6815
  Step 91500 | n_loss=0.3320 a_loss=0.6934

--- Epoch 99 ---
  Step 92000 | n_loss=0.3629 a_loss=0.6939
Step 92000 | Cheat Acc: 33.33% | NonCheat Acc: 21.01% | Adv Acc: 52.81%
  Step 92500 | n_loss=0.3080 a_loss=0.6912

--- Epoch 100 ---
  Step 93000 | n_loss=0.3095 a_loss=0.6853
  Step 93500 | n_loss=0.3594 a_loss=0.6899

--- Epoch 101 ---
  Step 94000 | n_loss=0.3115 a_loss=0.6950
Step 94000 | Cheat Acc: 34.22% | NonCheat Acc: 19.66% | Adv Acc: 52.50%
  Step 94500 | n_loss=0.2991 a_loss=0.6861

--- Epoch 102 ---
  Step 95000 | n_loss=0.2304 a_loss=0.6955
  Pushed checkpoint step-95000 to ijinyu1113/dann_mp_l0.05_s150000_seed123_v3
  Step 95500 | n_loss=0.2988 a_loss=0.6925

--- Epoch 103 ---
  Step 96000 | n_loss=0.2939 a_loss=0.6876
Step 96000 | Cheat Acc: 35.75% | NonCheat Acc: 20.15% | Adv Acc: 51.75%
  Step 96500 | n_loss=0.2900 a_loss=0.6911

--- Epoch 104 ---
  Step 97000 | n_loss=0.1687 a_loss=0.6916
  Step 97500 | n_loss=0.2563 a_loss=0.6872

--- Epoch 105 ---
  Step 98000 | n_loss=0.1877 a_loss=0.6904
Step 98000 | Cheat Acc: 35.88% | NonCheat Acc: 20.88% | Adv Acc: 53.62%

--- Epoch 106 ---
  Step 98500 | n_loss=0.2236 a_loss=0.7021
  Step 99000 | n_loss=0.2113 a_loss=0.7010

--- Epoch 107 ---
  Step 99500 | n_loss=0.1811 a_loss=0.6973
  Step 100000 | n_loss=0.1644 a_loss=0.6851
Step 100000 | Cheat Acc: 36.77% | NonCheat Acc: 18.80% | Adv Acc: 54.06%
  Pushed checkpoint step-100000 to ijinyu1113/dann_mp_l0.05_s150000_seed123_v3

--- Epoch 108 ---
  Step 100500 | n_loss=0.1567 a_loss=0.6978
  Step 101000 | n_loss=0.1798 a_loss=0.6934

--- Epoch 109 ---
  Step 101500 | n_loss=0.1445 a_loss=0.6820
  Step 102000 | n_loss=0.1874 a_loss=0.6906
Step 102000 | Cheat Acc: 36.39% | NonCheat Acc: 18.43% | Adv Acc: 52.44%

--- Epoch 110 ---
  Step 102500 | n_loss=0.1386 a_loss=0.6895
  Step 103000 | n_loss=0.1313 a_loss=0.6915

--- Epoch 111 ---
  Step 103500 | n_loss=0.1247 a_loss=0.6963
  Step 104000 | n_loss=0.1161 a_loss=0.6885
Step 104000 | Cheat Acc: 37.91% | NonCheat Acc: 19.78% | Adv Acc: 52.62%

--- Epoch 112 ---
  Step 104500 | n_loss=0.0773 a_loss=0.6805
  Step 105000 | n_loss=0.2532 a_loss=0.6894
  Pushed checkpoint step-105000 to ijinyu1113/dann_mp_l0.05_s150000_seed123_v3

--- Epoch 113 ---
  Step 105500 | n_loss=0.0963 a_loss=0.6710

--- Epoch 114 ---
  Step 106000 | n_loss=0.0515 a_loss=0.6980
Step 106000 | Cheat Acc: 38.55% | NonCheat Acc: 20.02% | Adv Acc: 52.62%
  Step 106500 | n_loss=0.0880 a_loss=0.6904

--- Epoch 115 ---
  Step 107000 | n_loss=0.1159 a_loss=0.6936
  Step 107500 | n_loss=0.0680 a_loss=0.6843

--- Epoch 116 ---
  Step 108000 | n_loss=0.0738 a_loss=0.6730
Step 108000 | Cheat Acc: 40.20% | NonCheat Acc: 18.80% | Adv Acc: 53.12%
  Step 108500 | n_loss=0.0867 a_loss=0.6893

--- Epoch 117 ---
  Step 109000 | n_loss=0.0367 a_loss=0.7002
  Step 109500 | n_loss=0.0802 a_loss=0.6813

--- Epoch 118 ---
  Step 110000 | n_loss=0.0642 a_loss=0.6852
Step 110000 | Cheat Acc: 40.20% | NonCheat Acc: 21.01% | Adv Acc: 53.00%
  Pushed checkpoint step-110000 to ijinyu1113/dann_mp_l0.05_s150000_seed123_v3
  Step 110500 | n_loss=0.0478 a_loss=0.6804

--- Epoch 119 ---
  Step 111000 | n_loss=0.0332 a_loss=0.6875
  Step 111500 | n_loss=0.0528 a_loss=0.6892

--- Epoch 120 ---
  Step 112000 | n_loss=0.0491 a_loss=0.6876
Step 112000 | Cheat Acc: 41.98% | NonCheat Acc: 20.64% | Adv Acc: 52.75%
  Step 112500 | n_loss=0.0265 a_loss=0.6867

--- Epoch 121 ---
  Step 113000 | n_loss=0.0497 a_loss=0.6953

--- Epoch 122 ---
  Step 113500 | n_loss=0.0538 a_loss=0.6787
  Step 114000 | n_loss=0.0990 a_loss=0.6722
Step 114000 | Cheat Acc: 40.08% | NonCheat Acc: 21.87% | Adv Acc: 52.75%

--- Epoch 123 ---
  Step 114500 | n_loss=0.0601 a_loss=0.6724
  Step 115000 | n_loss=0.0310 a_loss=0.6806
  Pushed checkpoint step-115000 to ijinyu1113/dann_mp_l0.05_s150000_seed123_v3

--- Epoch 124 ---
  Step 115500 | n_loss=0.0063 a_loss=0.6674
  Step 116000 | n_loss=0.0257 a_loss=0.6741
Step 116000 | Cheat Acc: 42.11% | NonCheat Acc: 21.62% | Adv Acc: 53.87%

--- Epoch 125 ---
  Step 116500 | n_loss=0.0484 a_loss=0.6771
  Step 117000 | n_loss=0.0633 a_loss=0.6800

--- Epoch 126 ---
  Step 117500 | n_loss=0.0141 a_loss=0.6713
  Step 118000 | n_loss=0.0103 a_loss=0.6709
Step 118000 | Cheat Acc: 42.49% | NonCheat Acc: 19.04% | Adv Acc: 52.62%

--- Epoch 127 ---
  Step 118500 | n_loss=0.0447 a_loss=0.6936
  Step 119000 | n_loss=0.0405 a_loss=0.6982

--- Epoch 128 ---
  Step 119500 | n_loss=0.0431 a_loss=0.6671
  Step 120000 | n_loss=0.0189 a_loss=0.6916
Step 120000 | Cheat Acc: 40.84% | NonCheat Acc: 19.66% | Adv Acc: 53.62%
  Pushed checkpoint step-120000 to ijinyu1113/dann_mp_l0.05_s150000_seed123_v3

--- Epoch 129 ---
  Step 120500 | n_loss=0.0093 a_loss=0.6782
  Step 121000 | n_loss=0.0053 a_loss=0.6861

--- Epoch 130 ---
  Step 121500 | n_loss=0.0231 a_loss=0.6904

--- Epoch 131 ---
  Step 122000 | n_loss=0.0410 a_loss=0.6834
Step 122000 | Cheat Acc: 40.84% | NonCheat Acc: 18.67% | Adv Acc: 53.44%
  Step 122500 | n_loss=0.0308 a_loss=0.6657

--- Epoch 132 ---
  Step 123000 | n_loss=0.0113 a_loss=0.6712
  Step 123500 | n_loss=0.0135 a_loss=0.6687

--- Epoch 133 ---
  Step 124000 | n_loss=0.0393 a_loss=0.6871
Step 124000 | Cheat Acc: 40.46% | NonCheat Acc: 19.16% | Adv Acc: 53.56%
  Step 124500 | n_loss=0.0199 a_loss=0.6732

--- Epoch 134 ---
  Step 125000 | n_loss=0.0006 a_loss=0.6751
  Pushed checkpoint step-125000 to ijinyu1113/dann_mp_l0.05_s150000_seed123_v3
  Step 125500 | n_loss=0.0046 a_loss=0.6908

--- Epoch 135 ---
  Step 126000 | n_loss=0.0016 a_loss=0.7018
Step 126000 | Cheat Acc: 42.49% | NonCheat Acc: 19.66% | Adv Acc: 53.62%
  Step 126500 | n_loss=0.0049 a_loss=0.6774

--- Epoch 136 ---
  Step 127000 | n_loss=0.0006 a_loss=0.6784
  Step 127500 | n_loss=0.0191 a_loss=0.6955

--- Epoch 137 ---
  Step 128000 | n_loss=0.0138 a_loss=0.6785
Step 128000 | Cheat Acc: 42.62% | NonCheat Acc: 18.80% | Adv Acc: 53.12%
  Step 128500 | n_loss=0.0035 a_loss=0.7050

--- Epoch 138 ---
  Step 129000 | n_loss=0.0022 a_loss=0.6793

--- Epoch 139 ---
  Step 129500 | n_loss=0.0221 a_loss=0.6797
  Step 130000 | n_loss=0.0026 a_loss=0.6861
Step 130000 | Cheat Acc: 42.75% | NonCheat Acc: 20.02% | Adv Acc: 53.44%
  Pushed checkpoint step-130000 to ijinyu1113/dann_mp_l0.05_s150000_seed123_v3

--- Epoch 140 ---
  Step 130500 | n_loss=0.0002 a_loss=0.6957
  Step 131000 | n_loss=0.0003 a_loss=0.6986

--- Epoch 141 ---
  Step 131500 | n_loss=0.0060 a_loss=0.7024
  Step 132000 | n_loss=0.0048 a_loss=0.6597
Step 132000 | Cheat Acc: 42.62% | NonCheat Acc: 19.29% | Adv Acc: 53.69%

--- Epoch 142 ---
  Step 132500 | n_loss=0.0004 a_loss=0.6825
  Step 133000 | n_loss=0.0072 a_loss=0.6541

--- Epoch 143 ---
  Step 133500 | n_loss=0.0022 a_loss=0.6822
  Step 134000 | n_loss=0.0009 a_loss=0.6697
Step 134000 | Cheat Acc: 42.62% | NonCheat Acc: 20.02% | Adv Acc: 53.94%

--- Epoch 144 ---
  Step 134500 | n_loss=0.0001 a_loss=0.6555
  Step 135000 | n_loss=0.0002 a_loss=0.6841
  Pushed checkpoint step-135000 to ijinyu1113/dann_mp_l0.05_s150000_seed123_v3

--- Epoch 145 ---
  Step 135500 | n_loss=0.0000 a_loss=0.6815
  Step 136000 | n_loss=0.0001 a_loss=0.6740
Step 136000 | Cheat Acc: 43.26% | NonCheat Acc: 18.92% | Adv Acc: 53.25%

--- Epoch 146 ---
  Step 136500 | n_loss=0.0000 a_loss=0.6842

--- Epoch 147 ---
  Step 137000 | n_loss=0.0000 a_loss=0.6970
  Step 137500 | n_loss=0.0013 a_loss=0.6714

--- Epoch 148 ---
  Step 138000 | n_loss=0.0061 a_loss=0.6848
Step 138000 | Cheat Acc: 43.00% | NonCheat Acc: 20.15% | Adv Acc: 53.37%
  Step 138500 | n_loss=0.0001 a_loss=0.6775

--- Epoch 149 ---
  Step 139000 | n_loss=0.0000 a_loss=0.6681
  Step 139500 | n_loss=0.0001 a_loss=0.6704

--- Epoch 150 ---
  Step 140000 | n_loss=0.0000 a_loss=0.6987
Step 140000 | Cheat Acc: 42.62% | NonCheat Acc: 19.78% | Adv Acc: 53.69%
  Pushed checkpoint step-140000 to ijinyu1113/dann_mp_l0.05_s150000_seed123_v3
  Step 140500 | n_loss=0.0004 a_loss=0.6779

--- Epoch 151 ---
  Step 141000 | n_loss=0.0000 a_loss=0.7003
  Step 141500 | n_loss=0.0000 a_loss=0.6895

--- Epoch 152 ---
  Step 142000 | n_loss=0.0001 a_loss=0.6865
Step 142000 | Cheat Acc: 43.38% | NonCheat Acc: 19.90% | Adv Acc: 53.25%
  Step 142500 | n_loss=0.0000 a_loss=0.6937

--- Epoch 153 ---
  Step 143000 | n_loss=0.0001 a_loss=0.6759
  Step 143500 | n_loss=0.0014 a_loss=0.6774

--- Epoch 154 ---
  Step 144000 | n_loss=0.0000 a_loss=0.6786
Step 144000 | Cheat Acc: 43.38% | NonCheat Acc: 17.69% | Adv Acc: 52.69%

--- Epoch 155 ---
  Step 144500 | n_loss=0.0000 a_loss=0.7047
  Step 145000 | n_loss=0.0000 a_loss=0.7064
  Pushed checkpoint step-145000 to ijinyu1113/dann_mp_l0.05_s150000_seed123_v3

--- Epoch 156 ---
  Step 145500 | n_loss=0.0000 a_loss=0.7108
  Step 146000 | n_loss=0.0000 a_loss=0.6927
Step 146000 | Cheat Acc: 42.88% | NonCheat Acc: 20.15% | Adv Acc: 52.62%

--- Epoch 157 ---
  Step 146500 | n_loss=0.0001 a_loss=0.6969
  Step 147000 | n_loss=0.0000 a_loss=0.6776

--- Epoch 158 ---
  Step 147500 | n_loss=0.0000 a_loss=0.7032
  Step 148000 | n_loss=0.0001 a_loss=0.6828
Step 148000 | Cheat Acc: 42.75% | NonCheat Acc: 19.90% | Adv Acc: 53.00%

--- Epoch 159 ---
  Step 148500 | n_loss=0.0000 a_loss=0.6829
  Step 149000 | n_loss=0.0008 a_loss=0.6304

--- Epoch 160 ---
  Step 149500 | n_loss=0.0000 a_loss=0.7151
  Step 150000 | n_loss=0.0000 a_loss=0.6916
Step 150000 | Cheat Acc: 42.49% | NonCheat Acc: 20.27% | Adv Acc: 53.12%
  Pushed checkpoint step-150000 to ijinyu1113/dann_mp_l0.05_s150000_seed123_v3
  Pushed checkpoint step-150000 to ijinyu1113/dann_mp_l0.05_s150000_seed123_v3
Training complete. Checkpoints at ijinyu1113/dann_mp_l0.05_s150000_seed123_v3
