Using base checkpoint: step143000

STARTING DANN (mean pool): Lambda=0.025, LR=3e-05, Layer=10, BS=64, Warmup=15000

--- Epoch 1 ---
  Step   500 | n_loss=0.5184 a_loss=0.6950

--- Epoch 2 ---
  Step  1000 | n_loss=0.5124 a_loss=0.6907
  Step  1500 | n_loss=0.5122 a_loss=0.6937

--- Epoch 3 ---
  Step  2000 | n_loss=0.4966 a_loss=0.6891
Step  2000 | Cheat Acc: 20.99% | NonCheat Acc: 22.85% | Adv Acc: 52.25%
  Step  2500 | n_loss=0.5150 a_loss=0.6878

--- Epoch 4 ---
  Step  3000 | n_loss=0.5110 a_loss=0.6909
  Step  3500 | n_loss=0.5020 a_loss=0.6969

--- Epoch 5 ---
  Step  4000 | n_loss=0.4985 a_loss=0.6840
Step  4000 | Cheat Acc: 20.99% | NonCheat Acc: 22.97% | Adv Acc: 53.37%
  Step  4500 | n_loss=0.4945 a_loss=0.6940

--- Epoch 6 ---
  Step  5000 | n_loss=0.5182 a_loss=0.7127
  Pushed checkpoint step-5000 to ijinyu1113/dann_mp_l0.025_s150000_seed10
  Step  5500 | n_loss=0.5035 a_loss=0.6901

--- Epoch 7 ---
  Step  6000 | n_loss=0.5151 a_loss=0.9300
Step  6000 | Cheat Acc: 20.99% | NonCheat Acc: 22.97% | Adv Acc: 49.12%
  Step  6500 | n_loss=0.5146 a_loss=0.7614

--- Epoch 8 ---
  Step  7000 | n_loss=0.5052 a_loss=0.6917
  Step  7500 | n_loss=0.4992 a_loss=0.6907

--- Epoch 9 ---
  Step  8000 | n_loss=0.5046 a_loss=0.6882
Step  8000 | Cheat Acc: 20.99% | NonCheat Acc: 22.97% | Adv Acc: 50.75%

--- Epoch 10 ---
  Step  8500 | n_loss=0.5119 a_loss=0.7242
  Step  9000 | n_loss=0.4962 a_loss=0.6967

--- Epoch 11 ---
  Step  9500 | n_loss=0.5048 a_loss=0.6891
  Step 10000 | n_loss=0.5039 a_loss=0.7266
Step 10000 | Cheat Acc: 21.12% | NonCheat Acc: 21.01% | Adv Acc: 49.81%
  Pushed checkpoint step-10000 to ijinyu1113/dann_mp_l0.025_s150000_seed10

--- Epoch 12 ---
  Step 10500 | n_loss=0.4930 a_loss=0.7053
  Step 11000 | n_loss=0.5108 a_loss=0.7073

--- Epoch 13 ---
  Step 11500 | n_loss=0.5178 a_loss=0.7056
  Step 12000 | n_loss=0.5146 a_loss=0.7045
Step 12000 | Cheat Acc: 18.32% | NonCheat Acc: 18.80% | Adv Acc: 51.12%

--- Epoch 14 ---
  Step 12500 | n_loss=0.5108 a_loss=0.7006
  Step 13000 | n_loss=0.5032 a_loss=0.7126

--- Epoch 15 ---
  Step 13500 | n_loss=0.5056 a_loss=0.6599
  Step 14000 | n_loss=0.5096 a_loss=0.8616
Step 14000 | Cheat Acc: 20.48% | NonCheat Acc: 22.60% | Adv Acc: 50.88%

--- Epoch 16 ---
  Step 14500 | n_loss=0.4957 a_loss=1.0720
  Step 15000 | n_loss=0.5076 a_loss=0.8316
  Pushed checkpoint step-15000 to ijinyu1113/dann_mp_l0.025_s150000_seed10

--- Epoch 17 ---
  Step 15500 | n_loss=0.5023 a_loss=0.7996

--- Epoch 18 ---
  Step 16000 | n_loss=0.4975 a_loss=0.9022
Step 16000 | Cheat Acc: 20.36% | NonCheat Acc: 19.16% | Adv Acc: 48.81%
  Step 16500 | n_loss=0.4998 a_loss=0.7435

--- Epoch 19 ---
  Step 17000 | n_loss=0.4921 a_loss=0.7538
  Step 17500 | n_loss=0.5101 a_loss=0.8435

--- Epoch 20 ---
  Step 18000 | n_loss=0.5067 a_loss=1.1338
Step 18000 | Cheat Acc: 18.32% | NonCheat Acc: 18.80% | Adv Acc: 49.56%
  Step 18500 | n_loss=0.5005 a_loss=0.8135

--- Epoch 21 ---
  Step 19000 | n_loss=0.6076 a_loss=0.7033
  Step 19500 | n_loss=0.4944 a_loss=1.6347

--- Epoch 22 ---
  Step 20000 | n_loss=0.5050 a_loss=1.3016
Step 20000 | Cheat Acc: 18.32% | NonCheat Acc: 18.80% | Adv Acc: 49.12%
  Pushed checkpoint step-20000 to ijinyu1113/dann_mp_l0.025_s150000_seed10
  Step 20500 | n_loss=0.5065 a_loss=1.1992

--- Epoch 23 ---
  Step 21000 | n_loss=0.5014 a_loss=0.6755
  Step 21500 | n_loss=0.4972 a_loss=0.7753

--- Epoch 24 ---
  Step 22000 | n_loss=0.5005 a_loss=0.8781
Step 22000 | Cheat Acc: 19.21% | NonCheat Acc: 18.06% | Adv Acc: 51.12%
  Step 22500 | n_loss=0.5258 a_loss=0.7726

--- Epoch 25 ---
  Step 23000 | n_loss=0.5101 a_loss=0.7099

--- Epoch 26 ---
  Step 23500 | n_loss=0.5114 a_loss=0.6831
  Step 24000 | n_loss=0.5151 a_loss=0.7490
Step 24000 | Cheat Acc: 20.36% | NonCheat Acc: 19.16% | Adv Acc: 49.75%

--- Epoch 27 ---
  Step 24500 | n_loss=0.5100 a_loss=0.7478
  Step 25000 | n_loss=0.4943 a_loss=0.8848
  Pushed checkpoint step-25000 to ijinyu1113/dann_mp_l0.025_s150000_seed10

--- Epoch 28 ---
  Step 25500 | n_loss=0.4930 a_loss=0.8169
  Step 26000 | n_loss=0.5139 a_loss=0.9009
Step 26000 | Cheat Acc: 18.32% | NonCheat Acc: 18.80% | Adv Acc: 51.12%

--- Epoch 29 ---
  Step 26500 | n_loss=0.5184 a_loss=0.6808
  Step 27000 | n_loss=0.5191 a_loss=0.6826

--- Epoch 30 ---
  Step 27500 | n_loss=0.5152 a_loss=0.6870
  Step 28000 | n_loss=0.5192 a_loss=0.7253
Step 28000 | Cheat Acc: 18.32% | NonCheat Acc: 18.80% | Adv Acc: 50.44%

--- Epoch 31 ---
  Step 28500 | n_loss=0.5038 a_loss=0.7111
  Step 29000 | n_loss=0.5223 a_loss=0.7598

--- Epoch 32 ---
  Step 29500 | n_loss=0.5140 a_loss=0.6982
  Step 30000 | n_loss=0.5045 a_loss=0.9202
Step 30000 | Cheat Acc: 19.21% | NonCheat Acc: 18.06% | Adv Acc: 49.50%
  Pushed checkpoint step-30000 to ijinyu1113/dann_mp_l0.025_s150000_seed10

--- Epoch 33 ---
  Step 30500 | n_loss=0.5523 a_loss=0.7202

--- Epoch 34 ---
  Step 31000 | n_loss=0.5161 a_loss=0.7308
  Step 31500 | n_loss=0.5219 a_loss=0.7001

--- Epoch 35 ---
  Step 32000 | n_loss=0.5048 a_loss=0.7568
Step 32000 | Cheat Acc: 20.99% | NonCheat Acc: 22.97% | Adv Acc: 50.50%
  Step 32500 | n_loss=0.5627 a_loss=0.7765

--- Epoch 36 ---
  Step 33000 | n_loss=0.5101 a_loss=0.7095
  Step 33500 | n_loss=0.5090 a_loss=0.8177

--- Epoch 37 ---
  Step 34000 | n_loss=0.4952 a_loss=0.7006
Step 34000 | Cheat Acc: 20.99% | NonCheat Acc: 22.97% | Adv Acc: 51.94%
  Step 34500 | n_loss=0.4839 a_loss=0.6850

--- Epoch 38 ---
  Step 35000 | n_loss=0.5206 a_loss=0.7113
  Pushed checkpoint step-35000 to ijinyu1113/dann_mp_l0.025_s150000_seed10
  Step 35500 | n_loss=0.5091 a_loss=0.7459

--- Epoch 39 ---
  Step 36000 | n_loss=0.5067 a_loss=0.7260
Step 36000 | Cheat Acc: 20.36% | NonCheat Acc: 19.16% | Adv Acc: 50.75%
  Step 36500 | n_loss=0.5052 a_loss=0.9000

--- Epoch 40 ---
  Step 37000 | n_loss=0.5118 a_loss=0.7054
  Step 37500 | n_loss=0.5182 a_loss=1.1124

--- Epoch 41 ---
  Step 38000 | n_loss=0.4966 a_loss=0.7266
Step 38000 | Cheat Acc: 18.32% | NonCheat Acc: 18.80% | Adv Acc: 50.25%

--- Epoch 42 ---
  Step 38500 | n_loss=0.5033 a_loss=0.7051
  Step 39000 | n_loss=0.5067 a_loss=0.7787

--- Epoch 43 ---
  Step 39500 | n_loss=0.5056 a_loss=0.7035
  Step 40000 | n_loss=0.5158 a_loss=0.7163
Step 40000 | Cheat Acc: 19.21% | NonCheat Acc: 18.06% | Adv Acc: 48.25%
  Pushed checkpoint step-40000 to ijinyu1113/dann_mp_l0.025_s150000_seed10

--- Epoch 44 ---
  Step 40500 | n_loss=0.4994 a_loss=0.9185
  Step 41000 | n_loss=0.4956 a_loss=0.7917

--- Epoch 45 ---
  Step 41500 | n_loss=0.5081 a_loss=0.7707
  Step 42000 | n_loss=0.4907 a_loss=0.8194
Step 42000 | Cheat Acc: 20.61% | NonCheat Acc: 18.06% | Adv Acc: 49.44%

--- Epoch 46 ---
  Step 42500 | n_loss=0.5084 a_loss=0.7754
  Step 43000 | n_loss=0.5125 a_loss=0.6982

--- Epoch 47 ---
  Step 43500 | n_loss=0.4947 a_loss=1.4626
  Step 44000 | n_loss=0.4973 a_loss=1.1281
Step 44000 | Cheat Acc: 21.12% | NonCheat Acc: 21.01% | Adv Acc: 50.88%

--- Epoch 48 ---
  Step 44500 | n_loss=0.5132 a_loss=0.6641
  Step 45000 | n_loss=0.5097 a_loss=0.6982
  Pushed checkpoint step-45000 to ijinyu1113/dann_mp_l0.025_s150000_seed10

--- Epoch 49 ---
  Step 45500 | n_loss=0.4888 a_loss=0.7861

--- Epoch 50 ---
  Step 46000 | n_loss=0.5065 a_loss=0.7157
Step 46000 | Cheat Acc: 21.25% | NonCheat Acc: 22.48% | Adv Acc: 51.19%
  Step 46500 | n_loss=0.4970 a_loss=0.8341

--- Epoch 51 ---
  Step 47000 | n_loss=0.5057 a_loss=0.7424
  Step 47500 | n_loss=0.5090 a_loss=0.6838

--- Epoch 52 ---
  Step 48000 | n_loss=0.5096 a_loss=0.7500
Step 48000 | Cheat Acc: 18.32% | NonCheat Acc: 21.74% | Adv Acc: 50.69%
  Step 48500 | n_loss=0.5195 a_loss=0.7144

--- Epoch 53 ---
  Step 49000 | n_loss=0.5034 a_loss=0.6938
  Step 49500 | n_loss=0.4957 a_loss=0.7255

--- Epoch 54 ---
  Step 50000 | n_loss=0.5031 a_loss=0.6993
Step 50000 | Cheat Acc: 20.36% | NonCheat Acc: 19.16% | Adv Acc: 49.00%
  Pushed checkpoint step-50000 to ijinyu1113/dann_mp_l0.025_s150000_seed10
  Step 50500 | n_loss=0.4976 a_loss=0.6622

--- Epoch 55 ---
  Step 51000 | n_loss=0.4981 a_loss=0.6906
  Step 51500 | n_loss=0.5223 a_loss=0.7565

--- Epoch 56 ---
  Step 52000 | n_loss=0.5082 a_loss=0.6930
Step 52000 | Cheat Acc: 20.36% | NonCheat Acc: 19.16% | Adv Acc: 51.38%
  Step 52500 | n_loss=0.5032 a_loss=0.7118

--- Epoch 57 ---
  Step 53000 | n_loss=0.5269 a_loss=0.7192

--- Epoch 58 ---
  Step 53500 | n_loss=0.5139 a_loss=0.7513
  Step 54000 | n_loss=0.5170 a_loss=0.6820
Step 54000 | Cheat Acc: 20.10% | NonCheat Acc: 22.97% | Adv Acc: 47.25%

--- Epoch 59 ---
  Step 54500 | n_loss=0.5051 a_loss=0.6930
  Step 55000 | n_loss=0.5032 a_loss=0.6500
  Pushed checkpoint step-55000 to ijinyu1113/dann_mp_l0.025_s150000_seed10

--- Epoch 60 ---
  Step 55500 | n_loss=0.5053 a_loss=0.6947
  Step 56000 | n_loss=0.5090 a_loss=0.6885
Step 56000 | Cheat Acc: 21.37% | NonCheat Acc: 21.50% | Adv Acc: 50.50%

--- Epoch 61 ---
  Step 56500 | n_loss=0.5028 a_loss=0.7007
  Step 57000 | n_loss=0.5143 a_loss=0.7368

--- Epoch 62 ---
  Step 57500 | n_loss=0.5066 a_loss=0.7556
  Step 58000 | n_loss=0.4957 a_loss=0.7113
Step 58000 | Cheat Acc: 22.26% | NonCheat Acc: 20.02% | Adv Acc: 49.12%

--- Epoch 63 ---
  Step 58500 | n_loss=0.5038 a_loss=0.6802
  Step 59000 | n_loss=0.4943 a_loss=0.7131

--- Epoch 64 ---
  Step 59500 | n_loss=0.5102 a_loss=0.6996
  Step 60000 | n_loss=0.4895 a_loss=0.6964
Step 60000 | Cheat Acc: 19.34% | NonCheat Acc: 22.60% | Adv Acc: 50.88%
  Pushed checkpoint step-60000 to ijinyu1113/dann_mp_l0.025_s150000_seed10

--- Epoch 65 ---
  Step 60500 | n_loss=0.4983 a_loss=0.7400

--- Epoch 66 ---
  Step 61000 | n_loss=0.5080 a_loss=0.6976
  Step 61500 | n_loss=0.5105 a_loss=0.6782

--- Epoch 67 ---
  Step 62000 | n_loss=0.5153 a_loss=0.7506
Step 62000 | Cheat Acc: 20.23% | NonCheat Acc: 21.74% | Adv Acc: 50.88%
  Step 62500 | n_loss=0.4982 a_loss=0.6959

--- Epoch 68 ---
  Step 63000 | n_loss=0.4955 a_loss=0.7026
  Step 63500 | n_loss=0.5112 a_loss=0.6868

--- Epoch 69 ---
  Step 64000 | n_loss=0.5094 a_loss=0.6948
Step 64000 | Cheat Acc: 23.16% | NonCheat Acc: 20.02% | Adv Acc: 48.88%
  Step 64500 | n_loss=0.4904 a_loss=0.6890

--- Epoch 70 ---
  Step 65000 | n_loss=0.5140 a_loss=0.6929
  Pushed checkpoint step-65000 to ijinyu1113/dann_mp_l0.025_s150000_seed10
  Step 65500 | n_loss=0.4963 a_loss=0.6936

--- Epoch 71 ---
  Step 66000 | n_loss=0.5023 a_loss=0.6931
Step 66000 | Cheat Acc: 19.47% | NonCheat Acc: 20.15% | Adv Acc: 48.88%
  Step 66500 | n_loss=0.4895 a_loss=0.6932

--- Epoch 72 ---
  Step 67000 | n_loss=0.4805 a_loss=0.6935
  Step 67500 | n_loss=0.4910 a_loss=0.6931

--- Epoch 73 ---
  Step 68000 | n_loss=0.5185 a_loss=0.6929
Step 68000 | Cheat Acc: 19.47% | NonCheat Acc: 21.99% | Adv Acc: 49.12%

--- Epoch 74 ---
  Step 68500 | n_loss=0.4959 a_loss=0.6931
  Step 69000 | n_loss=0.4947 a_loss=0.6940

--- Epoch 75 ---
  Step 69500 | n_loss=0.5148 a_loss=0.6931
  Step 70000 | n_loss=0.5181 a_loss=0.6929
Step 70000 | Cheat Acc: 20.74% | NonCheat Acc: 20.39% | Adv Acc: 49.12%
  Pushed checkpoint step-70000 to ijinyu1113/dann_mp_l0.025_s150000_seed10

--- Epoch 76 ---
  Step 70500 | n_loss=0.5063 a_loss=0.6931
  Step 71000 | n_loss=0.4960 a_loss=0.6925

--- Epoch 77 ---
  Step 71500 | n_loss=0.5166 a_loss=0.6930
  Step 72000 | n_loss=0.4927 a_loss=0.6935
Step 72000 | Cheat Acc: 23.28% | NonCheat Acc: 19.29% | Adv Acc: 49.12%

--- Epoch 78 ---
  Step 72500 | n_loss=0.4982 a_loss=0.6926
  Step 73000 | n_loss=0.5127 a_loss=0.6930

--- Epoch 79 ---
  Step 73500 | n_loss=0.5086 a_loss=0.6933
  Step 74000 | n_loss=0.5051 a_loss=0.6929
Step 74000 | Cheat Acc: 24.17% | NonCheat Acc: 20.52% | Adv Acc: 49.12%

--- Epoch 80 ---
  Step 74500 | n_loss=0.4855 a_loss=0.6931
  Step 75000 | n_loss=0.4900 a_loss=0.6930
  Pushed checkpoint step-75000 to ijinyu1113/dann_mp_l0.025_s150000_seed10

--- Epoch 81 ---
  Step 75500 | n_loss=0.5057 a_loss=0.6934

--- Epoch 82 ---
  Step 76000 | n_loss=0.4929 a_loss=0.6931
Step 76000 | Cheat Acc: 23.41% | NonCheat Acc: 20.76% | Adv Acc: 49.12%
  Step 76500 | n_loss=0.4897 a_loss=0.6930

--- Epoch 83 ---
  Step 77000 | n_loss=0.4997 a_loss=0.6932
  Step 77500 | n_loss=0.4847 a_loss=0.6926

--- Epoch 84 ---
  Step 78000 | n_loss=0.4929 a_loss=0.6933
Step 78000 | Cheat Acc: 25.19% | NonCheat Acc: 20.88% | Adv Acc: 49.12%
  Step 78500 | n_loss=0.5020 a_loss=0.6937

--- Epoch 85 ---
  Step 79000 | n_loss=0.4995 a_loss=0.6929
  Step 79500 | n_loss=0.4823 a_loss=0.6880

--- Epoch 86 ---
  Step 80000 | n_loss=0.4945 a_loss=0.6932
Step 80000 | Cheat Acc: 27.35% | NonCheat Acc: 19.66% | Adv Acc: 49.06%
  Pushed checkpoint step-80000 to ijinyu1113/dann_mp_l0.025_s150000_seed10
  Step 80500 | n_loss=0.5254 a_loss=0.6839

--- Epoch 87 ---
  Step 81000 | n_loss=0.4851 a_loss=0.6924
  Step 81500 | n_loss=0.4697 a_loss=0.6933

--- Epoch 88 ---
  Step 82000 | n_loss=0.4668 a_loss=0.6936
Step 82000 | Cheat Acc: 30.15% | NonCheat Acc: 19.78% | Adv Acc: 49.12%
  Step 82500 | n_loss=0.4534 a_loss=0.6922

--- Epoch 89 ---
  Step 83000 | n_loss=0.4684 a_loss=0.6931

--- Epoch 90 ---
  Step 83500 | n_loss=0.4505 a_loss=0.6930
  Step 84000 | n_loss=0.4443 a_loss=0.6944
Step 84000 | Cheat Acc: 34.22% | NonCheat Acc: 17.69% | Adv Acc: 49.12%

--- Epoch 91 ---
  Step 84500 | n_loss=0.4366 a_loss=0.6867
  Step 85000 | n_loss=0.4607 a_loss=0.6902
  Pushed checkpoint step-85000 to ijinyu1113/dann_mp_l0.025_s150000_seed10

--- Epoch 92 ---
  Step 85500 | n_loss=0.4629 a_loss=0.6933
  Step 86000 | n_loss=0.3855 a_loss=0.6924
Step 86000 | Cheat Acc: 36.64% | NonCheat Acc: 20.02% | Adv Acc: 49.25%

--- Epoch 93 ---
  Step 86500 | n_loss=0.4314 a_loss=0.6935
  Step 87000 | n_loss=0.3954 a_loss=0.6928

--- Epoch 94 ---
  Step 87500 | n_loss=0.3899 a_loss=0.6970
  Step 88000 | n_loss=0.4256 a_loss=0.6927
Step 88000 | Cheat Acc: 39.82% | NonCheat Acc: 18.06% | Adv Acc: 49.75%

--- Epoch 95 ---
  Step 88500 | n_loss=0.4384 a_loss=0.6935
  Step 89000 | n_loss=0.4546 a_loss=0.6939

--- Epoch 96 ---
  Step 89500 | n_loss=0.4433 a_loss=0.6933
  Step 90000 | n_loss=0.4581 a_loss=0.6923
Step 90000 | Cheat Acc: 44.78% | NonCheat Acc: 17.20% | Adv Acc: 47.81%
  Pushed checkpoint step-90000 to ijinyu1113/dann_mp_l0.025_s150000_seed10

--- Epoch 97 ---
  Step 90500 | n_loss=0.3958 a_loss=0.6937

--- Epoch 98 ---
  Step 91000 | n_loss=0.3528 a_loss=0.6980
  Step 91500 | n_loss=0.4151 a_loss=0.6937

--- Epoch 99 ---
  Step 92000 | n_loss=0.3413 a_loss=0.6926
Step 92000 | Cheat Acc: 46.56% | NonCheat Acc: 17.81% | Adv Acc: 49.25%
  Step 92500 | n_loss=0.3996 a_loss=0.6939

--- Epoch 100 ---
  Step 93000 | n_loss=0.3430 a_loss=0.6973
  Step 93500 | n_loss=0.3670 a_loss=0.6930

--- Epoch 101 ---
  Step 94000 | n_loss=0.2928 a_loss=0.6928
Step 94000 | Cheat Acc: 49.24% | NonCheat Acc: 17.32% | Adv Acc: 49.31%
  Step 94500 | n_loss=0.3570 a_loss=0.6927

--- Epoch 102 ---
  Step 95000 | n_loss=0.3818 a_loss=0.6946
  Pushed checkpoint step-95000 to ijinyu1113/dann_mp_l0.025_s150000_seed10
  Step 95500 | n_loss=0.3520 a_loss=0.6930

--- Epoch 103 ---
  Step 96000 | n_loss=0.3218 a_loss=0.6942
Step 96000 | Cheat Acc: 50.64% | NonCheat Acc: 18.67% | Adv Acc: 48.75%
  Step 96500 | n_loss=0.3249 a_loss=0.6932

--- Epoch 104 ---
  Step 97000 | n_loss=0.3250 a_loss=0.6935
  Step 97500 | n_loss=0.2769 a_loss=0.6934

--- Epoch 105 ---
  Step 98000 | n_loss=0.2262 a_loss=0.6955
Step 98000 | Cheat Acc: 53.69% | NonCheat Acc: 18.43% | Adv Acc: 49.31%

--- Epoch 106 ---
  Step 98500 | n_loss=0.2216 a_loss=0.6946
  Step 99000 | n_loss=0.2757 a_loss=0.6934

--- Epoch 107 ---
  Step 99500 | n_loss=0.1972 a_loss=0.6952
  Step 100000 | n_loss=0.2602 a_loss=0.6932
Step 100000 | Cheat Acc: 54.07% | NonCheat Acc: 18.06% | Adv Acc: 51.00%
  Pushed checkpoint step-100000 to ijinyu1113/dann_mp_l0.025_s150000_seed10

--- Epoch 108 ---
  Step 100500 | n_loss=0.2518 a_loss=0.6940
  Step 101000 | n_loss=0.1841 a_loss=0.6914

--- Epoch 109 ---
  Step 101500 | n_loss=0.2394 a_loss=0.6934
  Step 102000 | n_loss=0.2451 a_loss=0.6935
Step 102000 | Cheat Acc: 55.22% | NonCheat Acc: 17.94% | Adv Acc: 49.31%

--- Epoch 110 ---
  Step 102500 | n_loss=0.2010 a_loss=0.6943
  Step 103000 | n_loss=0.2364 a_loss=0.6929

--- Epoch 111 ---
  Step 103500 | n_loss=0.2083 a_loss=0.6936
  Step 104000 | n_loss=0.1831 a_loss=0.6916
Step 104000 | Cheat Acc: 54.58% | NonCheat Acc: 20.02% | Adv Acc: 49.00%

--- Epoch 112 ---
  Step 104500 | n_loss=0.1738 a_loss=0.6921
  Step 105000 | n_loss=0.1473 a_loss=0.6929
  Pushed checkpoint step-105000 to ijinyu1113/dann_mp_l0.025_s150000_seed10

--- Epoch 113 ---
  Step 105500 | n_loss=0.1942 a_loss=0.6924

--- Epoch 114 ---
  Step 106000 | n_loss=0.1054 a_loss=0.6925
Step 106000 | Cheat Acc: 57.38% | NonCheat Acc: 17.69% | Adv Acc: 48.81%
  Step 106500 | n_loss=0.1451 a_loss=0.6944

--- Epoch 115 ---
  Step 107000 | n_loss=0.0898 a_loss=0.6920
  Step 107500 | n_loss=0.1453 a_loss=0.6945

--- Epoch 116 ---
  Step 108000 | n_loss=0.1144 a_loss=0.6917
Step 108000 | Cheat Acc: 56.23% | NonCheat Acc: 18.18% | Adv Acc: 49.38%
  Step 108500 | n_loss=0.1011 a_loss=0.6947

--- Epoch 117 ---
  Step 109000 | n_loss=0.0695 a_loss=0.6932
  Step 109500 | n_loss=0.0924 a_loss=0.6918

--- Epoch 118 ---
  Step 110000 | n_loss=0.0549 a_loss=0.6932
Step 110000 | Cheat Acc: 58.02% | NonCheat Acc: 19.16% | Adv Acc: 50.31%
  Pushed checkpoint step-110000 to ijinyu1113/dann_mp_l0.025_s150000_seed10
  Step 110500 | n_loss=0.0757 a_loss=0.6978

--- Epoch 119 ---
  Step 111000 | n_loss=0.0869 a_loss=0.6957
  Step 111500 | n_loss=0.1101 a_loss=0.6893

--- Epoch 120 ---
  Step 112000 | n_loss=0.0443 a_loss=0.6927
Step 112000 | Cheat Acc: 58.65% | NonCheat Acc: 18.92% | Adv Acc: 49.19%
  Step 112500 | n_loss=0.0887 a_loss=0.6957

--- Epoch 121 ---
  Step 113000 | n_loss=0.0454 a_loss=0.6913

--- Epoch 122 ---
  Step 113500 | n_loss=0.0492 a_loss=0.6927
  Step 114000 | n_loss=0.0679 a_loss=0.6935
Step 114000 | Cheat Acc: 58.65% | NonCheat Acc: 19.04% | Adv Acc: 50.44%

--- Epoch 123 ---
  Step 114500 | n_loss=0.0759 a_loss=0.6932
  Step 115000 | n_loss=0.0811 a_loss=0.6902
  Pushed checkpoint step-115000 to ijinyu1113/dann_mp_l0.025_s150000_seed10

--- Epoch 124 ---
  Step 115500 | n_loss=0.0633 a_loss=0.6966
  Step 116000 | n_loss=0.0712 a_loss=0.6903
Step 116000 | Cheat Acc: 58.02% | NonCheat Acc: 18.06% | Adv Acc: 49.25%

--- Epoch 125 ---
  Step 116500 | n_loss=0.0304 a_loss=0.6938
  Step 117000 | n_loss=0.0555 a_loss=0.6928

--- Epoch 126 ---
  Step 117500 | n_loss=0.0195 a_loss=0.6924
  Step 118000 | n_loss=0.0609 a_loss=0.6924
Step 118000 | Cheat Acc: 57.38% | NonCheat Acc: 17.81% | Adv Acc: 48.94%

--- Epoch 127 ---
  Step 118500 | n_loss=0.0400 a_loss=0.6920
  Step 119000 | n_loss=0.0335 a_loss=0.6935

--- Epoch 128 ---
  Step 119500 | n_loss=0.0305 a_loss=0.6932
  Step 120000 | n_loss=0.0322 a_loss=0.6925
Step 120000 | Cheat Acc: 57.38% | NonCheat Acc: 18.18% | Adv Acc: 51.44%
  Pushed checkpoint step-120000 to ijinyu1113/dann_mp_l0.025_s150000_seed10

--- Epoch 129 ---
  Step 120500 | n_loss=0.0519 a_loss=0.6924
  Step 121000 | n_loss=0.0415 a_loss=0.6933

--- Epoch 130 ---
  Step 121500 | n_loss=0.0139 a_loss=0.6935

--- Epoch 131 ---
  Step 122000 | n_loss=0.0100 a_loss=0.6942
Step 122000 | Cheat Acc: 59.16% | NonCheat Acc: 17.32% | Adv Acc: 48.75%
  Step 122500 | n_loss=0.0027 a_loss=0.6901

--- Epoch 132 ---
  Step 123000 | n_loss=0.0009 a_loss=0.6931
  Step 123500 | n_loss=0.0236 a_loss=0.6926

--- Epoch 133 ---
  Step 124000 | n_loss=0.0056 a_loss=0.6972
Step 124000 | Cheat Acc: 57.38% | NonCheat Acc: 18.80% | Adv Acc: 49.19%
  Step 124500 | n_loss=0.0137 a_loss=0.6944

--- Epoch 134 ---
  Step 125000 | n_loss=0.0624 a_loss=0.6939
  Pushed checkpoint step-125000 to ijinyu1113/dann_mp_l0.025_s150000_seed10
  Step 125500 | n_loss=0.0262 a_loss=0.6971

--- Epoch 135 ---
  Step 126000 | n_loss=0.0827 a_loss=0.6923
Step 126000 | Cheat Acc: 55.60% | NonCheat Acc: 17.57% | Adv Acc: 48.62%
  Step 126500 | n_loss=0.0239 a_loss=0.6907

--- Epoch 136 ---
  Step 127000 | n_loss=0.0331 a_loss=0.6932
  Step 127500 | n_loss=0.0086 a_loss=0.6870

--- Epoch 137 ---
  Step 128000 | n_loss=0.0036 a_loss=0.6938
Step 128000 | Cheat Acc: 57.89% | NonCheat Acc: 17.32% | Adv Acc: 49.75%
  Step 128500 | n_loss=0.0005 a_loss=0.6935

--- Epoch 138 ---
  Step 129000 | n_loss=0.0530 a_loss=0.6970

--- Epoch 139 ---
  Step 129500 | n_loss=0.0029 a_loss=0.6911
  Step 130000 | n_loss=0.0302 a_loss=0.6932
Step 130000 | Cheat Acc: 58.52% | NonCheat Acc: 18.67% | Adv Acc: 50.25%
  Pushed checkpoint step-130000 to ijinyu1113/dann_mp_l0.025_s150000_seed10

--- Epoch 140 ---
  Step 130500 | n_loss=0.0119 a_loss=0.6941
  Step 131000 | n_loss=0.0035 a_loss=0.6933

--- Epoch 141 ---
  Step 131500 | n_loss=0.0005 a_loss=0.6947
  Step 132000 | n_loss=0.0007 a_loss=0.6928
Step 132000 | Cheat Acc: 56.23% | NonCheat Acc: 18.18% | Adv Acc: 49.81%

--- Epoch 142 ---
  Step 132500 | n_loss=0.0004 a_loss=0.6915
  Step 133000 | n_loss=0.0003 a_loss=0.7018

--- Epoch 143 ---
  Step 133500 | n_loss=0.0074 a_loss=0.6897
  Step 134000 | n_loss=0.0003 a_loss=0.6824
Step 134000 | Cheat Acc: 58.52% | NonCheat Acc: 16.58% | Adv Acc: 49.44%

--- Epoch 144 ---
  Step 134500 | n_loss=0.0004 a_loss=0.6942
  Step 135000 | n_loss=0.0004 a_loss=0.6945
  Pushed checkpoint step-135000 to ijinyu1113/dann_mp_l0.025_s150000_seed10

--- Epoch 145 ---
  Step 135500 | n_loss=0.0230 a_loss=0.6929
  Step 136000 | n_loss=0.0000 a_loss=0.6969
Step 136000 | Cheat Acc: 60.31% | NonCheat Acc: 17.94% | Adv Acc: 50.12%

--- Epoch 146 ---
  Step 136500 | n_loss=0.0214 a_loss=0.6953

--- Epoch 147 ---
  Step 137000 | n_loss=0.0004 a_loss=0.6906
  Step 137500 | n_loss=0.0174 a_loss=0.6926

--- Epoch 148 ---
  Step 138000 | n_loss=0.0003 a_loss=0.6946
Step 138000 | Cheat Acc: 59.16% | NonCheat Acc: 18.92% | Adv Acc: 49.94%
  Step 138500 | n_loss=0.0000 a_loss=0.6950

--- Epoch 149 ---
  Step 139000 | n_loss=0.0073 a_loss=0.6928
  Step 139500 | n_loss=0.0000 a_loss=0.6878

--- Epoch 150 ---
  Step 140000 | n_loss=0.0000 a_loss=0.6939
Step 140000 | Cheat Acc: 60.69% | NonCheat Acc: 17.69% | Adv Acc: 50.50%
  Pushed checkpoint step-140000 to ijinyu1113/dann_mp_l0.025_s150000_seed10
  Step 140500 | n_loss=0.0000 a_loss=0.6870

--- Epoch 151 ---
  Step 141000 | n_loss=0.0001 a_loss=0.6938
  Step 141500 | n_loss=0.0000 a_loss=0.6888

--- Epoch 152 ---
  Step 142000 | n_loss=0.0000 a_loss=0.6916
Step 142000 | Cheat Acc: 58.40% | NonCheat Acc: 16.95% | Adv Acc: 50.25%
  Step 142500 | n_loss=0.0000 a_loss=0.6955

--- Epoch 153 ---
  Step 143000 | n_loss=0.0000 a_loss=0.6898
  Step 143500 | n_loss=0.0007 a_loss=0.6954

--- Epoch 154 ---
  Step 144000 | n_loss=0.0000 a_loss=0.6936
Step 144000 | Cheat Acc: 58.65% | NonCheat Acc: 17.57% | Adv Acc: 49.88%

--- Epoch 155 ---
  Step 144500 | n_loss=0.0000 a_loss=0.6889
  Step 145000 | n_loss=0.0000 a_loss=0.6953
  Pushed checkpoint step-145000 to ijinyu1113/dann_mp_l0.025_s150000_seed10

--- Epoch 156 ---
  Step 145500 | n_loss=0.0000 a_loss=0.6956
  Step 146000 | n_loss=0.0000 a_loss=0.6950
Step 146000 | Cheat Acc: 58.14% | NonCheat Acc: 16.09% | Adv Acc: 50.50%

--- Epoch 157 ---
  Step 146500 | n_loss=0.0000 a_loss=0.6928
  Step 147000 | n_loss=0.0000 a_loss=0.6972

--- Epoch 158 ---
  Step 147500 | n_loss=0.0000 a_loss=0.6918
  Step 148000 | n_loss=0.0000 a_loss=0.6935
Step 148000 | Cheat Acc: 58.78% | NonCheat Acc: 16.34% | Adv Acc: 50.50%

--- Epoch 159 ---
  Step 148500 | n_loss=0.0000 a_loss=0.6963
  Step 149000 | n_loss=0.0000 a_loss=0.6917

--- Epoch 160 ---
  Step 149500 | n_loss=0.0000 a_loss=0.6952
  Step 150000 | n_loss=0.0000 a_loss=0.6916
Step 150000 | Cheat Acc: 58.14% | NonCheat Acc: 16.34% | Adv Acc: 50.12%
  Pushed checkpoint step-150000 to ijinyu1113/dann_mp_l0.025_s150000_seed10
  Pushed checkpoint step-150000 to ijinyu1113/dann_mp_l0.025_s150000_seed10
Training complete. Checkpoints at ijinyu1113/dann_mp_l0.025_s150000_seed10
