Using base checkpoint: step143000

STARTING DANN (mean pool): Lambda=0.03, LR=3e-05, Layer=10, BS=64, Warmup=15000

--- Epoch 1 ---
  Step   500 | n_loss=0.4953 a_loss=0.6919

--- Epoch 2 ---
  Step  1000 | n_loss=0.5021 a_loss=0.6934
  Step  1500 | n_loss=0.5031 a_loss=0.6898

--- Epoch 3 ---
  Step  2000 | n_loss=0.4938 a_loss=0.6962
Step  2000 | Cheat Acc: 19.21% | NonCheat Acc: 18.30% | Adv Acc: 51.69%
  Step  2500 | n_loss=0.5182 a_loss=0.6921

--- Epoch 4 ---
  Step  3000 | n_loss=0.5075 a_loss=0.7008
  Step  3500 | n_loss=0.4862 a_loss=0.6919

--- Epoch 5 ---
  Step  4000 | n_loss=0.5319 a_loss=0.6803
Step  4000 | Cheat Acc: 20.36% | NonCheat Acc: 19.66% | Adv Acc: 51.62%
  Step  4500 | n_loss=0.5114 a_loss=0.6962

--- Epoch 6 ---
  Step  5000 | n_loss=0.4919 a_loss=0.6919
  Pushed checkpoint step-5000 to ijinyu1113/dann_mp_l0.03_s150000_seed42_v3
  Step  5500 | n_loss=0.5086 a_loss=1.0574

--- Epoch 7 ---
  Step  6000 | n_loss=0.5065 a_loss=0.6851
Step  6000 | Cheat Acc: 18.32% | NonCheat Acc: 18.80% | Adv Acc: 49.50%
  Step  6500 | n_loss=0.5042 a_loss=0.7332

--- Epoch 8 ---
  Step  7000 | n_loss=0.4994 a_loss=1.3126
  Step  7500 | n_loss=0.5142 a_loss=0.6796

--- Epoch 9 ---
  Step  8000 | n_loss=0.5110 a_loss=0.9235
Step  8000 | Cheat Acc: 20.87% | NonCheat Acc: 18.80% | Adv Acc: 50.88%

--- Epoch 10 ---
  Step  8500 | n_loss=0.5079 a_loss=0.7079
  Step  9000 | n_loss=0.5129 a_loss=0.8037

--- Epoch 11 ---
  Step  9500 | n_loss=0.4990 a_loss=0.6942
  Step 10000 | n_loss=0.5288 a_loss=0.7633
Step 10000 | Cheat Acc: 19.97% | NonCheat Acc: 18.80% | Adv Acc: 49.88%
  Pushed checkpoint step-10000 to ijinyu1113/dann_mp_l0.03_s150000_seed42_v3

--- Epoch 12 ---
  Step 10500 | n_loss=0.5161 a_loss=0.7284
  Step 11000 | n_loss=0.5132 a_loss=1.3913

--- Epoch 13 ---
  Step 11500 | n_loss=0.5040 a_loss=0.6954
  Step 12000 | n_loss=0.5183 a_loss=0.7895
Step 12000 | Cheat Acc: 19.21% | NonCheat Acc: 18.06% | Adv Acc: 50.88%

--- Epoch 14 ---
  Step 12500 | n_loss=0.5068 a_loss=0.7239
  Step 13000 | n_loss=0.5041 a_loss=0.7087

--- Epoch 15 ---
  Step 13500 | n_loss=0.4829 a_loss=0.7018
  Step 14000 | n_loss=0.4929 a_loss=0.8320
Step 14000 | Cheat Acc: 21.12% | NonCheat Acc: 21.01% | Adv Acc: 50.75%

--- Epoch 16 ---
  Step 14500 | n_loss=0.5072 a_loss=1.0093
  Step 15000 | n_loss=0.5215 a_loss=0.7025
  Pushed checkpoint step-15000 to ijinyu1113/dann_mp_l0.03_s150000_seed42_v3

--- Epoch 17 ---
  Step 15500 | n_loss=0.5079 a_loss=0.7038

--- Epoch 18 ---
  Step 16000 | n_loss=0.4933 a_loss=0.6596
Step 16000 | Cheat Acc: 19.21% | NonCheat Acc: 18.06% | Adv Acc: 50.88%
  Step 16500 | n_loss=0.5148 a_loss=0.6995

--- Epoch 19 ---
  Step 17000 | n_loss=0.5182 a_loss=0.6948
  Step 17500 | n_loss=0.5205 a_loss=0.6932

--- Epoch 20 ---
  Step 18000 | n_loss=0.5081 a_loss=0.6919
Step 18000 | Cheat Acc: 18.32% | NonCheat Acc: 18.80% | Adv Acc: 49.12%
  Step 18500 | n_loss=0.4996 a_loss=0.7040

--- Epoch 21 ---
  Step 19000 | n_loss=0.4987 a_loss=0.6934
  Step 19500 | n_loss=0.4953 a_loss=0.6965

--- Epoch 22 ---
  Step 20000 | n_loss=0.5094 a_loss=0.7043
Step 20000 | Cheat Acc: 20.36% | NonCheat Acc: 19.16% | Adv Acc: 50.56%
  Pushed checkpoint step-20000 to ijinyu1113/dann_mp_l0.03_s150000_seed42_v3
  Step 20500 | n_loss=0.5037 a_loss=0.6914

--- Epoch 23 ---
  Step 21000 | n_loss=0.5038 a_loss=0.7048
  Step 21500 | n_loss=0.5038 a_loss=0.7032

--- Epoch 24 ---
  Step 22000 | n_loss=0.5105 a_loss=0.6947
Step 22000 | Cheat Acc: 20.36% | NonCheat Acc: 19.16% | Adv Acc: 50.12%
  Step 22500 | n_loss=0.5142 a_loss=0.6985

--- Epoch 25 ---
  Step 23000 | n_loss=0.5047 a_loss=0.6884

--- Epoch 26 ---
  Step 23500 | n_loss=0.5173 a_loss=0.8906
  Step 24000 | n_loss=0.5033 a_loss=0.7316
Step 24000 | Cheat Acc: 20.36% | NonCheat Acc: 19.16% | Adv Acc: 48.31%

--- Epoch 27 ---
  Step 24500 | n_loss=0.5178 a_loss=0.6909
  Step 25000 | n_loss=0.5081 a_loss=0.6935
  Pushed checkpoint step-25000 to ijinyu1113/dann_mp_l0.03_s150000_seed42_v3

--- Epoch 28 ---
  Step 25500 | n_loss=0.5097 a_loss=0.6926
  Step 26000 | n_loss=0.5079 a_loss=0.6929
Step 26000 | Cheat Acc: 20.99% | NonCheat Acc: 22.97% | Adv Acc: 50.88%

--- Epoch 29 ---
  Step 26500 | n_loss=0.4968 a_loss=0.6938
  Step 27000 | n_loss=0.4978 a_loss=0.6930

--- Epoch 30 ---
  Step 27500 | n_loss=0.5106 a_loss=0.6958
  Step 28000 | n_loss=0.5078 a_loss=0.6913
Step 28000 | Cheat Acc: 21.12% | NonCheat Acc: 21.01% | Adv Acc: 49.12%

--- Epoch 31 ---
  Step 28500 | n_loss=0.5112 a_loss=0.7147
  Step 29000 | n_loss=0.5063 a_loss=0.6978

--- Epoch 32 ---
  Step 29500 | n_loss=0.5013 a_loss=0.7226
  Step 30000 | n_loss=0.4870 a_loss=0.7329
Step 30000 | Cheat Acc: 19.21% | NonCheat Acc: 18.06% | Adv Acc: 49.12%
  Pushed checkpoint step-30000 to ijinyu1113/dann_mp_l0.03_s150000_seed42_v3

--- Epoch 33 ---
  Step 30500 | n_loss=0.5194 a_loss=0.6946

--- Epoch 34 ---
  Step 31000 | n_loss=0.4979 a_loss=0.6905
  Step 31500 | n_loss=0.5178 a_loss=0.6938

--- Epoch 35 ---
  Step 32000 | n_loss=0.4979 a_loss=0.6884
Step 32000 | Cheat Acc: 19.21% | NonCheat Acc: 18.06% | Adv Acc: 49.06%
  Step 32500 | n_loss=0.4946 a_loss=0.6890

--- Epoch 36 ---
  Step 33000 | n_loss=0.5061 a_loss=0.6939
  Step 33500 | n_loss=0.5110 a_loss=0.6943

--- Epoch 37 ---
  Step 34000 | n_loss=0.5120 a_loss=0.6970
Step 34000 | Cheat Acc: 21.12% | NonCheat Acc: 21.01% | Adv Acc: 50.75%
  Step 34500 | n_loss=0.4948 a_loss=0.6907

--- Epoch 38 ---
  Step 35000 | n_loss=0.4970 a_loss=0.6978
  Pushed checkpoint step-35000 to ijinyu1113/dann_mp_l0.03_s150000_seed42_v3
  Step 35500 | n_loss=0.5092 a_loss=0.6873

--- Epoch 39 ---
  Step 36000 | n_loss=0.5069 a_loss=0.6938
Step 36000 | Cheat Acc: 20.99% | NonCheat Acc: 22.97% | Adv Acc: 51.12%
  Step 36500 | n_loss=0.5009 a_loss=0.6864

--- Epoch 40 ---
  Step 37000 | n_loss=0.5134 a_loss=0.6914
  Step 37500 | n_loss=0.5080 a_loss=0.6938

--- Epoch 41 ---
  Step 38000 | n_loss=0.5068 a_loss=0.6927
Step 38000 | Cheat Acc: 21.12% | NonCheat Acc: 21.01% | Adv Acc: 49.12%

--- Epoch 42 ---
  Step 38500 | n_loss=0.5055 a_loss=0.6926
  Step 39000 | n_loss=0.4927 a_loss=0.6966

--- Epoch 43 ---
  Step 39500 | n_loss=0.4979 a_loss=0.6917
  Step 40000 | n_loss=0.5012 a_loss=0.6929
Step 40000 | Cheat Acc: 20.36% | NonCheat Acc: 19.16% | Adv Acc: 49.31%
  Pushed checkpoint step-40000 to ijinyu1113/dann_mp_l0.03_s150000_seed42_v3

--- Epoch 44 ---
  Step 40500 | n_loss=0.4925 a_loss=0.6923
  Step 41000 | n_loss=0.5046 a_loss=0.6920

--- Epoch 45 ---
  Step 41500 | n_loss=0.4982 a_loss=0.7166
  Step 42000 | n_loss=0.5152 a_loss=0.7264
Step 42000 | Cheat Acc: 20.36% | NonCheat Acc: 19.16% | Adv Acc: 49.12%

--- Epoch 46 ---
  Step 42500 | n_loss=0.4975 a_loss=0.6955
  Step 43000 | n_loss=0.4998 a_loss=0.6977

--- Epoch 47 ---
  Step 43500 | n_loss=0.5051 a_loss=0.7425
  Step 44000 | n_loss=0.5002 a_loss=0.6935
Step 44000 | Cheat Acc: 20.99% | NonCheat Acc: 22.97% | Adv Acc: 50.88%

--- Epoch 48 ---
  Step 44500 | n_loss=0.4943 a_loss=0.6931
  Step 45000 | n_loss=0.5001 a_loss=0.6931
  Pushed checkpoint step-45000 to ijinyu1113/dann_mp_l0.03_s150000_seed42_v3

--- Epoch 49 ---
  Step 45500 | n_loss=0.5133 a_loss=0.6931

--- Epoch 50 ---
  Step 46000 | n_loss=0.5001 a_loss=0.6930
Step 46000 | Cheat Acc: 20.99% | NonCheat Acc: 22.97% | Adv Acc: 49.12%
  Step 46500 | n_loss=0.5051 a_loss=0.6916

--- Epoch 51 ---
  Step 47000 | n_loss=0.5032 a_loss=0.6933
  Step 47500 | n_loss=0.5028 a_loss=0.6931

--- Epoch 52 ---
  Step 48000 | n_loss=0.5005 a_loss=0.6931
Step 48000 | Cheat Acc: 19.21% | NonCheat Acc: 18.06% | Adv Acc: 49.12%
  Step 48500 | n_loss=0.5149 a_loss=0.6933

--- Epoch 53 ---
  Step 49000 | n_loss=0.5087 a_loss=0.6933
  Step 49500 | n_loss=0.5041 a_loss=0.6930

--- Epoch 54 ---
  Step 50000 | n_loss=0.5031 a_loss=0.6986
Step 50000 | Cheat Acc: 18.96% | NonCheat Acc: 18.67% | Adv Acc: 49.12%
  Pushed checkpoint step-50000 to ijinyu1113/dann_mp_l0.03_s150000_seed42_v3
  Step 50500 | n_loss=0.4912 a_loss=0.6930

--- Epoch 55 ---
  Step 51000 | n_loss=0.5115 a_loss=0.6932
  Step 51500 | n_loss=0.5050 a_loss=0.6934

--- Epoch 56 ---
  Step 52000 | n_loss=0.4989 a_loss=0.6934
Step 52000 | Cheat Acc: 21.37% | NonCheat Acc: 23.46% | Adv Acc: 49.12%
  Step 52500 | n_loss=0.5117 a_loss=0.6933

--- Epoch 57 ---
  Step 53000 | n_loss=0.5098 a_loss=0.6932

--- Epoch 58 ---
  Step 53500 | n_loss=0.5082 a_loss=0.6925
  Step 54000 | n_loss=0.5069 a_loss=0.6936
Step 54000 | Cheat Acc: 18.96% | NonCheat Acc: 21.25% | Adv Acc: 49.12%

--- Epoch 59 ---
  Step 54500 | n_loss=0.4989 a_loss=0.6932
  Step 55000 | n_loss=0.4951 a_loss=0.6931
  Pushed checkpoint step-55000 to ijinyu1113/dann_mp_l0.03_s150000_seed42_v3

--- Epoch 60 ---
  Step 55500 | n_loss=0.4968 a_loss=0.6942
  Step 56000 | n_loss=0.5113 a_loss=0.6815
Step 56000 | Cheat Acc: 21.12% | NonCheat Acc: 21.01% | Adv Acc: 50.88%

--- Epoch 61 ---
  Step 56500 | n_loss=0.5095 a_loss=0.6871
  Step 57000 | n_loss=0.5078 a_loss=0.6949

--- Epoch 62 ---
  Step 57500 | n_loss=0.5088 a_loss=0.6926
  Step 58000 | n_loss=0.5159 a_loss=0.6941
Step 58000 | Cheat Acc: 18.70% | NonCheat Acc: 19.90% | Adv Acc: 50.88%

--- Epoch 63 ---
  Step 58500 | n_loss=0.4945 a_loss=0.6986
  Step 59000 | n_loss=0.5001 a_loss=0.7089

--- Epoch 64 ---
  Step 59500 | n_loss=0.4833 a_loss=0.6970
  Step 60000 | n_loss=0.4974 a_loss=0.6940
Step 60000 | Cheat Acc: 19.21% | NonCheat Acc: 18.06% | Adv Acc: 48.75%
  Pushed checkpoint step-60000 to ijinyu1113/dann_mp_l0.03_s150000_seed42_v3

--- Epoch 65 ---
  Step 60500 | n_loss=0.5051 a_loss=0.6990

--- Epoch 66 ---
  Step 61000 | n_loss=0.4992 a_loss=0.6933
  Step 61500 | n_loss=0.5067 a_loss=0.6803

--- Epoch 67 ---
  Step 62000 | n_loss=0.5143 a_loss=0.6971
Step 62000 | Cheat Acc: 19.21% | NonCheat Acc: 18.06% | Adv Acc: 49.38%
  Step 62500 | n_loss=0.5233 a_loss=0.6928

--- Epoch 68 ---
  Step 63000 | n_loss=0.4996 a_loss=0.6956
  Step 63500 | n_loss=0.5090 a_loss=0.7021

--- Epoch 69 ---
  Step 64000 | n_loss=0.5033 a_loss=0.6933
Step 64000 | Cheat Acc: 20.36% | NonCheat Acc: 19.16% | Adv Acc: 49.12%
  Step 64500 | n_loss=0.4968 a_loss=0.6936

--- Epoch 70 ---
  Step 65000 | n_loss=0.4959 a_loss=0.6971
  Pushed checkpoint step-65000 to ijinyu1113/dann_mp_l0.03_s150000_seed42_v3
  Step 65500 | n_loss=0.5100 a_loss=0.6968

--- Epoch 71 ---
  Step 66000 | n_loss=0.5113 a_loss=0.7026
Step 66000 | Cheat Acc: 18.58% | NonCheat Acc: 19.53% | Adv Acc: 49.12%
  Step 66500 | n_loss=0.5062 a_loss=0.6904

--- Epoch 72 ---
  Step 67000 | n_loss=0.5122 a_loss=0.6954
  Step 67500 | n_loss=0.5159 a_loss=0.6930

--- Epoch 73 ---
  Step 68000 | n_loss=0.5094 a_loss=0.6908
Step 68000 | Cheat Acc: 18.70% | NonCheat Acc: 19.29% | Adv Acc: 52.25%

--- Epoch 74 ---
  Step 68500 | n_loss=0.5043 a_loss=0.6895
  Step 69000 | n_loss=0.5027 a_loss=0.6963

--- Epoch 75 ---
  Step 69500 | n_loss=0.4856 a_loss=0.6921
  Step 70000 | n_loss=0.5019 a_loss=0.6904
Step 70000 | Cheat Acc: 19.59% | NonCheat Acc: 19.29% | Adv Acc: 50.88%
  Pushed checkpoint step-70000 to ijinyu1113/dann_mp_l0.03_s150000_seed42_v3

--- Epoch 76 ---
  Step 70500 | n_loss=0.5017 a_loss=0.6741
  Step 71000 | n_loss=0.4931 a_loss=0.6926

--- Epoch 77 ---
  Step 71500 | n_loss=0.5018 a_loss=0.6900
  Step 72000 | n_loss=0.5013 a_loss=0.6907
Step 72000 | Cheat Acc: 19.72% | NonCheat Acc: 19.04% | Adv Acc: 50.88%

--- Epoch 78 ---
  Step 72500 | n_loss=0.4851 a_loss=0.6930
  Step 73000 | n_loss=0.5068 a_loss=0.6989

--- Epoch 79 ---
  Step 73500 | n_loss=0.4895 a_loss=0.6962
  Step 74000 | n_loss=0.5117 a_loss=0.6929
Step 74000 | Cheat Acc: 19.97% | NonCheat Acc: 20.02% | Adv Acc: 49.31%

--- Epoch 80 ---
  Step 74500 | n_loss=0.5125 a_loss=0.7144
  Step 75000 | n_loss=0.5072 a_loss=0.6912
  Pushed checkpoint step-75000 to ijinyu1113/dann_mp_l0.03_s150000_seed42_v3

--- Epoch 81 ---
  Step 75500 | n_loss=0.5158 a_loss=0.6942

--- Epoch 82 ---
  Step 76000 | n_loss=0.5043 a_loss=0.6925
Step 76000 | Cheat Acc: 22.52% | NonCheat Acc: 19.04% | Adv Acc: 49.12%
  Step 76500 | n_loss=0.4970 a_loss=0.6931

--- Epoch 83 ---
  Step 77000 | n_loss=0.5027 a_loss=0.6929
  Step 77500 | n_loss=0.5043 a_loss=0.6930

--- Epoch 84 ---
  Step 78000 | n_loss=0.5043 a_loss=0.7179
Step 78000 | Cheat Acc: 19.85% | NonCheat Acc: 18.06% | Adv Acc: 50.88%
  Step 78500 | n_loss=0.5091 a_loss=0.6919

--- Epoch 85 ---
  Step 79000 | n_loss=0.4894 a_loss=0.6965
  Step 79500 | n_loss=0.4917 a_loss=0.6913

--- Epoch 86 ---
  Step 80000 | n_loss=0.5056 a_loss=0.6923
Step 80000 | Cheat Acc: 20.61% | NonCheat Acc: 22.48% | Adv Acc: 51.00%
  Pushed checkpoint step-80000 to ijinyu1113/dann_mp_l0.03_s150000_seed42_v3
  Step 80500 | n_loss=0.5039 a_loss=0.6938

--- Epoch 87 ---
  Step 81000 | n_loss=0.4993 a_loss=0.6931
  Step 81500 | n_loss=0.5073 a_loss=0.6933

--- Epoch 88 ---
  Step 82000 | n_loss=0.5040 a_loss=0.6936
Step 82000 | Cheat Acc: 23.28% | NonCheat Acc: 22.48% | Adv Acc: 51.19%
  Step 82500 | n_loss=0.5008 a_loss=0.6932

--- Epoch 89 ---
  Step 83000 | n_loss=0.5132 a_loss=0.6928

--- Epoch 90 ---
  Step 83500 | n_loss=0.5082 a_loss=0.6920
  Step 84000 | n_loss=0.5121 a_loss=0.6934
Step 84000 | Cheat Acc: 21.12% | NonCheat Acc: 22.60% | Adv Acc: 51.06%

--- Epoch 91 ---
  Step 84500 | n_loss=0.4911 a_loss=0.6917
  Step 85000 | n_loss=0.4997 a_loss=0.6884
  Pushed checkpoint step-85000 to ijinyu1113/dann_mp_l0.03_s150000_seed42_v3

--- Epoch 92 ---
  Step 85500 | n_loss=0.4987 a_loss=0.6844
  Step 86000 | n_loss=0.4940 a_loss=0.7050
Step 86000 | Cheat Acc: 22.14% | NonCheat Acc: 20.76% | Adv Acc: 49.12%

--- Epoch 93 ---
  Step 86500 | n_loss=0.5090 a_loss=0.6948
  Step 87000 | n_loss=0.5177 a_loss=0.6947

--- Epoch 94 ---
  Step 87500 | n_loss=0.4913 a_loss=0.7010
  Step 88000 | n_loss=0.4952 a_loss=0.7001
Step 88000 | Cheat Acc: 21.37% | NonCheat Acc: 20.39% | Adv Acc: 49.12%

--- Epoch 95 ---
  Step 88500 | n_loss=0.5118 a_loss=0.6938
  Step 89000 | n_loss=0.5243 a_loss=0.6937

--- Epoch 96 ---
  Step 89500 | n_loss=0.5076 a_loss=0.6968
  Step 90000 | n_loss=0.4942 a_loss=0.6916
Step 90000 | Cheat Acc: 22.52% | NonCheat Acc: 20.15% | Adv Acc: 50.25%
  Pushed checkpoint step-90000 to ijinyu1113/dann_mp_l0.03_s150000_seed42_v3

--- Epoch 97 ---
  Step 90500 | n_loss=0.4959 a_loss=0.6951

--- Epoch 98 ---
  Step 91000 | n_loss=0.4880 a_loss=0.6931
  Step 91500 | n_loss=0.5076 a_loss=0.6970

--- Epoch 99 ---
  Step 92000 | n_loss=0.5139 a_loss=0.6926
Step 92000 | Cheat Acc: 22.65% | NonCheat Acc: 21.99% | Adv Acc: 50.50%
  Step 92500 | n_loss=0.4988 a_loss=0.6927

--- Epoch 100 ---
  Step 93000 | n_loss=0.5049 a_loss=0.6941
  Step 93500 | n_loss=0.4878 a_loss=0.6922

--- Epoch 101 ---
  Step 94000 | n_loss=0.4963 a_loss=0.6897
Step 94000 | Cheat Acc: 22.77% | NonCheat Acc: 20.76% | Adv Acc: 51.75%
  Step 94500 | n_loss=0.5013 a_loss=0.6935

--- Epoch 102 ---
  Step 95000 | n_loss=0.4903 a_loss=0.6967
  Pushed checkpoint step-95000 to ijinyu1113/dann_mp_l0.03_s150000_seed42_v3
  Step 95500 | n_loss=0.5073 a_loss=0.6925

--- Epoch 103 ---
  Step 96000 | n_loss=0.5017 a_loss=0.6949
Step 96000 | Cheat Acc: 25.06% | NonCheat Acc: 22.48% | Adv Acc: 51.06%
  Step 96500 | n_loss=0.4984 a_loss=0.6970

--- Epoch 104 ---
  Step 97000 | n_loss=0.5070 a_loss=0.6906
  Step 97500 | n_loss=0.5043 a_loss=0.6958

--- Epoch 105 ---
  Step 98000 | n_loss=0.4870 a_loss=0.6943
Step 98000 | Cheat Acc: 25.95% | NonCheat Acc: 21.13% | Adv Acc: 52.88%

--- Epoch 106 ---
  Step 98500 | n_loss=0.4867 a_loss=0.6939
  Step 99000 | n_loss=0.4933 a_loss=0.6878

--- Epoch 107 ---
  Step 99500 | n_loss=0.4966 a_loss=0.6915
  Step 100000 | n_loss=0.4994 a_loss=0.6969
Step 100000 | Cheat Acc: 23.92% | NonCheat Acc: 20.76% | Adv Acc: 48.50%
  Pushed checkpoint step-100000 to ijinyu1113/dann_mp_l0.03_s150000_seed42_v3

--- Epoch 108 ---
  Step 100500 | n_loss=0.4986 a_loss=0.6952
  Step 101000 | n_loss=0.4983 a_loss=0.6861

--- Epoch 109 ---
  Step 101500 | n_loss=0.5108 a_loss=0.7027
  Step 102000 | n_loss=0.4886 a_loss=0.6966
Step 102000 | Cheat Acc: 24.30% | NonCheat Acc: 20.52% | Adv Acc: 50.81%

--- Epoch 110 ---
  Step 102500 | n_loss=0.4833 a_loss=0.6969
  Step 103000 | n_loss=0.5061 a_loss=0.6960

--- Epoch 111 ---
  Step 103500 | n_loss=0.4957 a_loss=0.6912
  Step 104000 | n_loss=0.4883 a_loss=0.6920
Step 104000 | Cheat Acc: 24.43% | NonCheat Acc: 20.02% | Adv Acc: 49.19%

--- Epoch 112 ---
  Step 104500 | n_loss=0.4771 a_loss=0.6920
  Step 105000 | n_loss=0.4896 a_loss=0.6933
  Pushed checkpoint step-105000 to ijinyu1113/dann_mp_l0.03_s150000_seed42_v3

--- Epoch 113 ---
  Step 105500 | n_loss=0.4794 a_loss=0.7000

--- Epoch 114 ---
  Step 106000 | n_loss=0.5064 a_loss=0.6926
Step 106000 | Cheat Acc: 25.19% | NonCheat Acc: 18.67% | Adv Acc: 50.75%
  Step 106500 | n_loss=0.4882 a_loss=0.6957

--- Epoch 115 ---
  Step 107000 | n_loss=0.4893 a_loss=0.6991
  Step 107500 | n_loss=0.5163 a_loss=0.6971

--- Epoch 116 ---
  Step 108000 | n_loss=0.4758 a_loss=0.6964
Step 108000 | Cheat Acc: 25.19% | NonCheat Acc: 20.27% | Adv Acc: 50.31%
  Step 108500 | n_loss=0.4793 a_loss=0.6849

--- Epoch 117 ---
  Step 109000 | n_loss=0.4752 a_loss=0.7001
  Step 109500 | n_loss=0.5042 a_loss=0.6948

--- Epoch 118 ---
  Step 110000 | n_loss=0.5151 a_loss=0.7017
Step 110000 | Cheat Acc: 28.75% | NonCheat Acc: 21.13% | Adv Acc: 50.75%
  Pushed checkpoint step-110000 to ijinyu1113/dann_mp_l0.03_s150000_seed42_v3
  Step 110500 | n_loss=0.4876 a_loss=0.7000

--- Epoch 119 ---
  Step 111000 | n_loss=0.4644 a_loss=0.6941
  Step 111500 | n_loss=0.4691 a_loss=0.6916

--- Epoch 120 ---
  Step 112000 | n_loss=0.4562 a_loss=0.6862
Step 112000 | Cheat Acc: 30.79% | NonCheat Acc: 19.66% | Adv Acc: 51.00%
  Step 112500 | n_loss=0.4822 a_loss=0.6998

--- Epoch 121 ---
  Step 113000 | n_loss=0.4279 a_loss=0.6825

--- Epoch 122 ---
  Step 113500 | n_loss=0.4872 a_loss=0.6862
  Step 114000 | n_loss=0.4958 a_loss=0.6983
Step 114000 | Cheat Acc: 32.32% | NonCheat Acc: 21.01% | Adv Acc: 50.50%

--- Epoch 123 ---
  Step 114500 | n_loss=0.4800 a_loss=0.6846
  Step 115000 | n_loss=0.4494 a_loss=0.6822
  Pushed checkpoint step-115000 to ijinyu1113/dann_mp_l0.03_s150000_seed42_v3

--- Epoch 124 ---
  Step 115500 | n_loss=0.4687 a_loss=0.6970
  Step 116000 | n_loss=0.4909 a_loss=0.6864
Step 116000 | Cheat Acc: 34.99% | NonCheat Acc: 20.52% | Adv Acc: 50.12%

--- Epoch 125 ---
  Step 116500 | n_loss=0.4667 a_loss=0.6779
  Step 117000 | n_loss=0.4483 a_loss=0.6957

--- Epoch 126 ---
  Step 117500 | n_loss=0.4553 a_loss=0.6841
  Step 118000 | n_loss=0.4454 a_loss=0.6917
Step 118000 | Cheat Acc: 35.37% | NonCheat Acc: 21.25% | Adv Acc: 52.44%

--- Epoch 127 ---
  Step 118500 | n_loss=0.4417 a_loss=0.6938
  Step 119000 | n_loss=0.4627 a_loss=0.6870

--- Epoch 128 ---
  Step 119500 | n_loss=0.4507 a_loss=0.6820
  Step 120000 | n_loss=0.4550 a_loss=0.6894
Step 120000 | Cheat Acc: 36.64% | NonCheat Acc: 21.38% | Adv Acc: 52.44%
  Pushed checkpoint step-120000 to ijinyu1113/dann_mp_l0.03_s150000_seed42_v3

--- Epoch 129 ---
  Step 120500 | n_loss=0.4692 a_loss=0.6900
  Step 121000 | n_loss=0.4151 a_loss=0.6998

--- Epoch 130 ---
  Step 121500 | n_loss=0.4684 a_loss=0.6860

--- Epoch 131 ---
  Step 122000 | n_loss=0.4750 a_loss=0.6896
Step 122000 | Cheat Acc: 41.35% | NonCheat Acc: 19.41% | Adv Acc: 52.19%
  Step 122500 | n_loss=0.3817 a_loss=0.6904

--- Epoch 132 ---
  Step 123000 | n_loss=0.4177 a_loss=0.6922
  Step 123500 | n_loss=0.4480 a_loss=0.6958

--- Epoch 133 ---
  Step 124000 | n_loss=0.3726 a_loss=0.6870
Step 124000 | Cheat Acc: 44.53% | NonCheat Acc: 21.01% | Adv Acc: 52.44%
  Step 124500 | n_loss=0.3713 a_loss=0.7058

--- Epoch 134 ---
  Step 125000 | n_loss=0.4343 a_loss=0.6861
  Pushed checkpoint step-125000 to ijinyu1113/dann_mp_l0.03_s150000_seed42_v3
  Step 125500 | n_loss=0.3708 a_loss=0.6818

--- Epoch 135 ---
  Step 126000 | n_loss=0.4403 a_loss=0.6806
Step 126000 | Cheat Acc: 47.58% | NonCheat Acc: 20.27% | Adv Acc: 53.19%
  Step 126500 | n_loss=0.3895 a_loss=0.7044

--- Epoch 136 ---
  Step 127000 | n_loss=0.3815 a_loss=0.6891
  Step 127500 | n_loss=0.3656 a_loss=0.6930

--- Epoch 137 ---
  Step 128000 | n_loss=0.3885 a_loss=0.7014
Step 128000 | Cheat Acc: 49.49% | NonCheat Acc: 21.62% | Adv Acc: 52.56%
  Step 128500 | n_loss=0.3965 a_loss=0.6840

--- Epoch 138 ---
  Step 129000 | n_loss=0.3611 a_loss=0.6839

--- Epoch 139 ---
  Step 129500 | n_loss=0.3499 a_loss=0.6747
  Step 130000 | n_loss=0.4086 a_loss=0.6824
Step 130000 | Cheat Acc: 51.27% | NonCheat Acc: 20.52% | Adv Acc: 53.31%
  Pushed checkpoint step-130000 to ijinyu1113/dann_mp_l0.03_s150000_seed42_v3

--- Epoch 140 ---
  Step 130500 | n_loss=0.3650 a_loss=0.6996
  Step 131000 | n_loss=0.3625 a_loss=0.6852

--- Epoch 141 ---
  Step 131500 | n_loss=0.3577 a_loss=0.6777
  Step 132000 | n_loss=0.3369 a_loss=0.6645
Step 132000 | Cheat Acc: 53.94% | NonCheat Acc: 21.01% | Adv Acc: 54.62%

--- Epoch 142 ---
  Step 132500 | n_loss=0.3014 a_loss=0.6769
  Step 133000 | n_loss=0.3003 a_loss=0.7012

--- Epoch 143 ---
  Step 133500 | n_loss=0.3733 a_loss=0.6968
  Step 134000 | n_loss=0.2968 a_loss=0.6832
Step 134000 | Cheat Acc: 55.34% | NonCheat Acc: 21.13% | Adv Acc: 53.00%

--- Epoch 144 ---
  Step 134500 | n_loss=0.3132 a_loss=0.6821
  Step 135000 | n_loss=0.3076 a_loss=0.6794
  Pushed checkpoint step-135000 to ijinyu1113/dann_mp_l0.03_s150000_seed42_v3

--- Epoch 145 ---
  Step 135500 | n_loss=0.2989 a_loss=0.6744
  Step 136000 | n_loss=0.3204 a_loss=0.6926
Step 136000 | Cheat Acc: 58.27% | NonCheat Acc: 20.39% | Adv Acc: 53.50%

--- Epoch 146 ---
  Step 136500 | n_loss=0.3682 a_loss=0.6912

--- Epoch 147 ---
  Step 137000 | n_loss=0.2432 a_loss=0.6747
  Step 137500 | n_loss=0.3061 a_loss=0.6619

--- Epoch 148 ---
  Step 138000 | n_loss=0.3001 a_loss=0.6718
Step 138000 | Cheat Acc: 56.62% | NonCheat Acc: 20.27% | Adv Acc: 53.00%
  Step 138500 | n_loss=0.2911 a_loss=0.6827

--- Epoch 149 ---
  Step 139000 | n_loss=0.2995 a_loss=0.6910
  Step 139500 | n_loss=0.2118 a_loss=0.6814

--- Epoch 150 ---
  Step 140000 | n_loss=0.1942 a_loss=0.6778
Step 140000 | Cheat Acc: 57.51% | NonCheat Acc: 19.04% | Adv Acc: 53.81%
  Pushed checkpoint step-140000 to ijinyu1113/dann_mp_l0.03_s150000_seed42_v3
  Step 140500 | n_loss=0.2454 a_loss=0.6827

--- Epoch 151 ---
  Step 141000 | n_loss=0.2000 a_loss=0.6772
  Step 141500 | n_loss=0.2450 a_loss=0.6863

--- Epoch 152 ---
  Step 142000 | n_loss=0.2275 a_loss=0.6783
Step 142000 | Cheat Acc: 59.67% | NonCheat Acc: 20.88% | Adv Acc: 54.25%
  Step 142500 | n_loss=0.2117 a_loss=0.6828

--- Epoch 153 ---
  Step 143000 | n_loss=0.2158 a_loss=0.6796
  Step 143500 | n_loss=0.1706 a_loss=0.6914

--- Epoch 154 ---
  Step 144000 | n_loss=0.2329 a_loss=0.6902
Step 144000 | Cheat Acc: 59.41% | NonCheat Acc: 20.64% | Adv Acc: 53.62%

--- Epoch 155 ---
  Step 144500 | n_loss=0.1946 a_loss=0.6745
  Step 145000 | n_loss=0.2288 a_loss=0.6905
  Pushed checkpoint step-145000 to ijinyu1113/dann_mp_l0.03_s150000_seed42_v3

--- Epoch 156 ---
  Step 145500 | n_loss=0.1814 a_loss=0.6887
  Step 146000 | n_loss=0.2004 a_loss=0.6736
Step 146000 | Cheat Acc: 59.29% | NonCheat Acc: 19.41% | Adv Acc: 53.81%

--- Epoch 157 ---
  Step 146500 | n_loss=0.1872 a_loss=0.6987
  Step 147000 | n_loss=0.1561 a_loss=0.6816

--- Epoch 158 ---
  Step 147500 | n_loss=0.1869 a_loss=0.6756
  Step 148000 | n_loss=0.1611 a_loss=0.6822
Step 148000 | Cheat Acc: 59.29% | NonCheat Acc: 19.78% | Adv Acc: 53.19%

--- Epoch 159 ---
  Step 148500 | n_loss=0.1445 a_loss=0.6716
  Step 149000 | n_loss=0.1938 a_loss=0.6769

--- Epoch 160 ---
  Step 149500 | n_loss=0.1665 a_loss=0.6757
  Step 150000 | n_loss=0.1230 a_loss=0.6817
Step 150000 | Cheat Acc: 58.52% | NonCheat Acc: 20.64% | Adv Acc: 53.56%
  Pushed checkpoint step-150000 to ijinyu1113/dann_mp_l0.03_s150000_seed42_v3
  Pushed checkpoint step-150000 to ijinyu1113/dann_mp_l0.03_s150000_seed42_v3
Training complete. Checkpoints at ijinyu1113/dann_mp_l0.03_s150000_seed42_v3
