Using base checkpoint: step143000

STARTING DANN (mean pool): Lambda=0.025, LR=3e-05, Layer=10, BS=64, Warmup=15000

--- Epoch 1 ---
  Step   500 | n_loss=0.4946 a_loss=0.6917

--- Epoch 2 ---
  Step  1000 | n_loss=0.5021 a_loss=0.6937
  Step  1500 | n_loss=0.5040 a_loss=0.6893

--- Epoch 3 ---
  Step  2000 | n_loss=0.4933 a_loss=0.6936
Step  2000 | Cheat Acc: 20.48% | NonCheat Acc: 18.55% | Adv Acc: 50.69%
  Step  2500 | n_loss=0.5156 a_loss=0.6890

--- Epoch 4 ---
  Step  3000 | n_loss=0.5020 a_loss=0.7079
  Step  3500 | n_loss=0.4844 a_loss=0.6901

--- Epoch 5 ---
  Step  4000 | n_loss=0.5282 a_loss=0.6817
Step  4000 | Cheat Acc: 18.96% | NonCheat Acc: 20.52% | Adv Acc: 50.56%
  Step  4500 | n_loss=0.5122 a_loss=0.6971

--- Epoch 6 ---
  Step  5000 | n_loss=0.4895 a_loss=0.6892
  Pushed checkpoint step-5000 to ijinyu1113/dann_mp_l0.025_s150000_seed42_v3
  Step  5500 | n_loss=0.5099 a_loss=0.6943

--- Epoch 7 ---
  Step  6000 | n_loss=0.5036 a_loss=0.6966
Step  6000 | Cheat Acc: 19.59% | NonCheat Acc: 19.16% | Adv Acc: 49.19%
  Step  6500 | n_loss=0.5055 a_loss=0.6852

--- Epoch 8 ---
  Step  7000 | n_loss=0.4967 a_loss=0.7074
  Step  7500 | n_loss=0.5073 a_loss=0.6866

--- Epoch 9 ---
  Step  8000 | n_loss=0.5055 a_loss=0.6988
Step  8000 | Cheat Acc: 24.17% | NonCheat Acc: 18.43% | Adv Acc: 49.69%

--- Epoch 10 ---
  Step  8500 | n_loss=0.5020 a_loss=0.6979
  Step  9000 | n_loss=0.5011 a_loss=0.6947

--- Epoch 11 ---
  Step  9500 | n_loss=0.5041 a_loss=0.6967
  Step 10000 | n_loss=0.5208 a_loss=0.6992
Step 10000 | Cheat Acc: 22.77% | NonCheat Acc: 20.15% | Adv Acc: 51.75%
  Pushed checkpoint step-10000 to ijinyu1113/dann_mp_l0.025_s150000_seed42_v3

--- Epoch 12 ---
  Step 10500 | n_loss=0.5185 a_loss=0.7013
  Step 11000 | n_loss=0.5173 a_loss=0.6952

--- Epoch 13 ---
  Step 11500 | n_loss=0.4784 a_loss=0.6941
  Step 12000 | n_loss=0.5054 a_loss=0.6947
Step 12000 | Cheat Acc: 31.81% | NonCheat Acc: 19.41% | Adv Acc: 54.00%

--- Epoch 14 ---
  Step 12500 | n_loss=0.4677 a_loss=0.6922
  Step 13000 | n_loss=0.4989 a_loss=0.6753

--- Epoch 15 ---
  Step 13500 | n_loss=0.4415 a_loss=0.6873
  Step 14000 | n_loss=0.4281 a_loss=0.7024
Step 14000 | Cheat Acc: 49.62% | NonCheat Acc: 17.69% | Adv Acc: 53.31%

--- Epoch 16 ---
  Step 14500 | n_loss=0.3795 a_loss=0.6806
  Step 15000 | n_loss=0.4125 a_loss=0.6858
  Pushed checkpoint step-15000 to ijinyu1113/dann_mp_l0.025_s150000_seed42_v3

--- Epoch 17 ---
  Step 15500 | n_loss=0.3872 a_loss=0.6601

--- Epoch 18 ---
  Step 16000 | n_loss=0.3451 a_loss=0.6827
Step 16000 | Cheat Acc: 80.79% | NonCheat Acc: 20.76% | Adv Acc: 55.12%
  Step 16500 | n_loss=0.3305 a_loss=0.6662

--- Epoch 19 ---
  Step 17000 | n_loss=0.3523 a_loss=0.6811
  Step 17500 | n_loss=0.2433 a_loss=0.6610

--- Epoch 20 ---
  Step 18000 | n_loss=0.2784 a_loss=0.6568
Step 18000 | Cheat Acc: 90.08% | NonCheat Acc: 21.50% | Adv Acc: 59.50%
  Step 18500 | n_loss=0.2861 a_loss=0.6378

--- Epoch 21 ---
  Step 19000 | n_loss=0.2838 a_loss=0.6380
  Step 19500 | n_loss=0.2317 a_loss=0.6506

--- Epoch 22 ---
  Step 20000 | n_loss=0.3022 a_loss=0.6563
Step 20000 | Cheat Acc: 93.38% | NonCheat Acc: 19.16% | Adv Acc: 63.44%
  Pushed checkpoint step-20000 to ijinyu1113/dann_mp_l0.025_s150000_seed42_v3
  Step 20500 | n_loss=0.2972 a_loss=0.6306

--- Epoch 23 ---
  Step 21000 | n_loss=0.2582 a_loss=0.5930
  Step 21500 | n_loss=0.2841 a_loss=0.5886

--- Epoch 24 ---
  Step 22000 | n_loss=0.2436 a_loss=0.6250
Step 22000 | Cheat Acc: 92.24% | NonCheat Acc: 19.41% | Adv Acc: 65.38%
  Step 22500 | n_loss=0.3087 a_loss=0.5892

--- Epoch 25 ---
  Step 23000 | n_loss=0.2322 a_loss=0.6578

--- Epoch 26 ---
  Step 23500 | n_loss=0.1876 a_loss=0.5671
  Step 24000 | n_loss=0.1940 a_loss=0.6482
Step 24000 | Cheat Acc: 95.67% | NonCheat Acc: 20.27% | Adv Acc: 67.00%

--- Epoch 27 ---
  Step 24500 | n_loss=0.2365 a_loss=0.5951
  Step 25000 | n_loss=0.1995 a_loss=0.5988
  Pushed checkpoint step-25000 to ijinyu1113/dann_mp_l0.025_s150000_seed42_v3

--- Epoch 28 ---
  Step 25500 | n_loss=0.1143 a_loss=0.5063
  Step 26000 | n_loss=0.2039 a_loss=0.5946
Step 26000 | Cheat Acc: 94.53% | NonCheat Acc: 21.99% | Adv Acc: 68.19%

--- Epoch 29 ---
  Step 26500 | n_loss=0.0841 a_loss=0.5528
  Step 27000 | n_loss=0.1200 a_loss=0.5421

--- Epoch 30 ---
  Step 27500 | n_loss=0.0511 a_loss=0.5221
  Step 28000 | n_loss=0.0898 a_loss=0.5091
Step 28000 | Cheat Acc: 93.64% | NonCheat Acc: 22.60% | Adv Acc: 66.94%

--- Epoch 31 ---
  Step 28500 | n_loss=0.1024 a_loss=0.5203
  Step 29000 | n_loss=0.0523 a_loss=0.5841

--- Epoch 32 ---
  Step 29500 | n_loss=0.1322 a_loss=0.5168
  Step 30000 | n_loss=0.0967 a_loss=0.5657
Step 30000 | Cheat Acc: 93.77% | NonCheat Acc: 19.90% | Adv Acc: 69.56%
  Pushed checkpoint step-30000 to ijinyu1113/dann_mp_l0.025_s150000_seed42_v3

--- Epoch 33 ---
  Step 30500 | n_loss=0.0448 a_loss=0.5853

--- Epoch 34 ---
  Step 31000 | n_loss=0.0251 a_loss=0.4697
  Step 31500 | n_loss=0.0465 a_loss=0.5469

--- Epoch 35 ---
  Step 32000 | n_loss=0.0360 a_loss=0.5024
Step 32000 | Cheat Acc: 91.22% | NonCheat Acc: 19.29% | Adv Acc: 70.12%
  Step 32500 | n_loss=0.0749 a_loss=0.5214

--- Epoch 36 ---
  Step 33000 | n_loss=0.0126 a_loss=0.4897
  Step 33500 | n_loss=0.0223 a_loss=0.5786

--- Epoch 37 ---
  Step 34000 | n_loss=0.0087 a_loss=0.5138
Step 34000 | Cheat Acc: 91.60% | NonCheat Acc: 20.02% | Adv Acc: 67.25%
  Step 34500 | n_loss=0.0616 a_loss=0.5437

--- Epoch 38 ---
  Step 35000 | n_loss=0.0111 a_loss=0.5105
  Pushed checkpoint step-35000 to ijinyu1113/dann_mp_l0.025_s150000_seed42_v3
  Step 35500 | n_loss=0.0157 a_loss=0.4338

--- Epoch 39 ---
  Step 36000 | n_loss=0.0251 a_loss=0.5109
Step 36000 | Cheat Acc: 90.84% | NonCheat Acc: 20.02% | Adv Acc: 71.31%
  Step 36500 | n_loss=0.0243 a_loss=0.5617

--- Epoch 40 ---
  Step 37000 | n_loss=0.0196 a_loss=0.5035
  Step 37500 | n_loss=0.0231 a_loss=0.4931

--- Epoch 41 ---
  Step 38000 | n_loss=0.0321 a_loss=0.5189
Step 38000 | Cheat Acc: 90.46% | NonCheat Acc: 19.04% | Adv Acc: 68.50%

--- Epoch 42 ---
  Step 38500 | n_loss=0.0130 a_loss=0.4845
  Step 39000 | n_loss=0.0089 a_loss=0.6226

--- Epoch 43 ---
  Step 39500 | n_loss=0.0147 a_loss=0.4937
  Step 40000 | n_loss=0.0291 a_loss=0.4804
Step 40000 | Cheat Acc: 89.57% | NonCheat Acc: 20.27% | Adv Acc: 66.94%
  Pushed checkpoint step-40000 to ijinyu1113/dann_mp_l0.025_s150000_seed42_v3

--- Epoch 44 ---
  Step 40500 | n_loss=0.0050 a_loss=0.5377
  Step 41000 | n_loss=0.0419 a_loss=0.5050

--- Epoch 45 ---
  Step 41500 | n_loss=0.0128 a_loss=0.5747
  Step 42000 | n_loss=0.0597 a_loss=0.4572
Step 42000 | Cheat Acc: 91.22% | NonCheat Acc: 22.24% | Adv Acc: 67.50%

--- Epoch 46 ---
  Step 42500 | n_loss=0.0091 a_loss=0.4725
  Step 43000 | n_loss=0.0059 a_loss=0.5538

--- Epoch 47 ---
  Step 43500 | n_loss=0.0022 a_loss=0.6151
  Step 44000 | n_loss=0.0023 a_loss=0.4555
Step 44000 | Cheat Acc: 89.57% | NonCheat Acc: 19.53% | Adv Acc: 67.69%

--- Epoch 48 ---
  Step 44500 | n_loss=0.0100 a_loss=0.5327
  Step 45000 | n_loss=0.0248 a_loss=0.4859
  Pushed checkpoint step-45000 to ijinyu1113/dann_mp_l0.025_s150000_seed42_v3

--- Epoch 49 ---
  Step 45500 | n_loss=0.0444 a_loss=0.5182

--- Epoch 50 ---
  Step 46000 | n_loss=0.0005 a_loss=0.5107
Step 46000 | Cheat Acc: 90.71% | NonCheat Acc: 20.39% | Adv Acc: 65.25%
  Step 46500 | n_loss=0.0070 a_loss=0.5537

--- Epoch 51 ---
  Step 47000 | n_loss=0.0086 a_loss=0.5402
  Step 47500 | n_loss=0.0058 a_loss=0.6304

--- Epoch 52 ---
  Step 48000 | n_loss=0.0031 a_loss=0.6429
Step 48000 | Cheat Acc: 87.91% | NonCheat Acc: 21.74% | Adv Acc: 63.69%
  Step 48500 | n_loss=0.0099 a_loss=0.6078

--- Epoch 53 ---
  Step 49000 | n_loss=0.0129 a_loss=0.5802
  Step 49500 | n_loss=0.0502 a_loss=0.5718

--- Epoch 54 ---
  Step 50000 | n_loss=0.0027 a_loss=0.5252
Step 50000 | Cheat Acc: 88.68% | NonCheat Acc: 20.88% | Adv Acc: 64.38%
  Pushed checkpoint step-50000 to ijinyu1113/dann_mp_l0.025_s150000_seed42_v3
  Step 50500 | n_loss=0.0136 a_loss=0.5590

--- Epoch 55 ---
  Step 51000 | n_loss=0.0171 a_loss=0.5879
  Step 51500 | n_loss=0.0053 a_loss=0.5458

--- Epoch 56 ---
  Step 52000 | n_loss=0.0009 a_loss=0.5780
Step 52000 | Cheat Acc: 89.19% | NonCheat Acc: 19.66% | Adv Acc: 61.81%
  Step 52500 | n_loss=0.0037 a_loss=0.6231

--- Epoch 57 ---
  Step 53000 | n_loss=0.0194 a_loss=0.6123

--- Epoch 58 ---
  Step 53500 | n_loss=0.0062 a_loss=0.5556
  Step 54000 | n_loss=0.0049 a_loss=0.5959
Step 54000 | Cheat Acc: 89.82% | NonCheat Acc: 19.78% | Adv Acc: 60.25%

--- Epoch 59 ---
  Step 54500 | n_loss=0.0264 a_loss=0.5515
  Step 55000 | n_loss=0.0018 a_loss=0.5981
  Pushed checkpoint step-55000 to ijinyu1113/dann_mp_l0.025_s150000_seed42_v3

--- Epoch 60 ---
  Step 55500 | n_loss=0.0013 a_loss=0.6057
  Step 56000 | n_loss=0.0027 a_loss=0.6477
Step 56000 | Cheat Acc: 87.66% | NonCheat Acc: 19.29% | Adv Acc: 61.88%

--- Epoch 61 ---
  Step 56500 | n_loss=0.0157 a_loss=0.6062
  Step 57000 | n_loss=0.0343 a_loss=0.5773

--- Epoch 62 ---
  Step 57500 | n_loss=0.0011 a_loss=0.6027
  Step 58000 | n_loss=0.0650 a_loss=0.6929
Step 58000 | Cheat Acc: 87.53% | NonCheat Acc: 18.92% | Adv Acc: 60.06%

--- Epoch 63 ---
  Step 58500 | n_loss=0.0036 a_loss=0.6408
  Step 59000 | n_loss=0.0110 a_loss=0.6135

--- Epoch 64 ---
  Step 59500 | n_loss=0.0025 a_loss=0.5678
  Step 60000 | n_loss=0.0086 a_loss=0.5999
Step 60000 | Cheat Acc: 88.55% | NonCheat Acc: 19.16% | Adv Acc: 59.19%
  Pushed checkpoint step-60000 to ijinyu1113/dann_mp_l0.025_s150000_seed42_v3

--- Epoch 65 ---
  Step 60500 | n_loss=0.0163 a_loss=0.6551

--- Epoch 66 ---
  Step 61000 | n_loss=0.0009 a_loss=0.6280
  Step 61500 | n_loss=0.0015 a_loss=0.5072

--- Epoch 67 ---
  Step 62000 | n_loss=0.0008 a_loss=0.5903
Step 62000 | Cheat Acc: 90.08% | NonCheat Acc: 19.90% | Adv Acc: 58.00%
  Step 62500 | n_loss=0.0128 a_loss=0.6074

--- Epoch 68 ---
  Step 63000 | n_loss=0.0017 a_loss=0.5886
  Step 63500 | n_loss=0.0342 a_loss=0.6214

--- Epoch 69 ---
  Step 64000 | n_loss=0.0004 a_loss=0.6315
Step 64000 | Cheat Acc: 88.68% | NonCheat Acc: 20.15% | Adv Acc: 58.88%
  Step 64500 | n_loss=0.0147 a_loss=0.6398

--- Epoch 70 ---
  Step 65000 | n_loss=0.0035 a_loss=0.6876
  Pushed checkpoint step-65000 to ijinyu1113/dann_mp_l0.025_s150000_seed42_v3
  Step 65500 | n_loss=0.0014 a_loss=0.6095

--- Epoch 71 ---
  Step 66000 | n_loss=0.0019 a_loss=0.6425
Step 66000 | Cheat Acc: 87.53% | NonCheat Acc: 19.66% | Adv Acc: 57.88%
  Step 66500 | n_loss=0.0457 a_loss=0.6717

--- Epoch 72 ---
  Step 67000 | n_loss=0.0013 a_loss=0.6938
  Step 67500 | n_loss=0.0037 a_loss=0.7121

--- Epoch 73 ---
  Step 68000 | n_loss=0.0007 a_loss=0.7356
Step 68000 | Cheat Acc: 86.39% | NonCheat Acc: 20.64% | Adv Acc: 53.69%

--- Epoch 74 ---
  Step 68500 | n_loss=0.0135 a_loss=0.6725
  Step 69000 | n_loss=0.0170 a_loss=0.6762

--- Epoch 75 ---
  Step 69500 | n_loss=0.0044 a_loss=0.7867
  Step 70000 | n_loss=0.0015 a_loss=0.7573
Step 70000 | Cheat Acc: 86.64% | NonCheat Acc: 20.15% | Adv Acc: 52.94%
  Pushed checkpoint step-70000 to ijinyu1113/dann_mp_l0.025_s150000_seed42_v3

--- Epoch 76 ---
  Step 70500 | n_loss=0.0002 a_loss=0.8099
  Step 71000 | n_loss=0.0027 a_loss=0.7100

--- Epoch 77 ---
  Step 71500 | n_loss=0.0048 a_loss=0.6996
  Step 72000 | n_loss=0.0004 a_loss=0.8593
Step 72000 | Cheat Acc: 87.91% | NonCheat Acc: 21.99% | Adv Acc: 53.56%

--- Epoch 78 ---
  Step 72500 | n_loss=0.0133 a_loss=0.7868
  Step 73000 | n_loss=0.0008 a_loss=0.8799

--- Epoch 79 ---
  Step 73500 | n_loss=0.0088 a_loss=0.9408
  Step 74000 | n_loss=0.0038 a_loss=0.7933
Step 74000 | Cheat Acc: 88.30% | NonCheat Acc: 20.27% | Adv Acc: 48.31%

--- Epoch 80 ---
  Step 74500 | n_loss=0.0429 a_loss=0.8044
  Step 75000 | n_loss=0.0010 a_loss=0.9099
  Pushed checkpoint step-75000 to ijinyu1113/dann_mp_l0.025_s150000_seed42_v3

--- Epoch 81 ---
  Step 75500 | n_loss=0.0075 a_loss=0.7661

--- Epoch 82 ---
  Step 76000 | n_loss=0.0007 a_loss=0.8516
Step 76000 | Cheat Acc: 89.06% | NonCheat Acc: 19.53% | Adv Acc: 46.56%
  Step 76500 | n_loss=0.0018 a_loss=0.9154

--- Epoch 83 ---
  Step 77000 | n_loss=0.0012 a_loss=1.2225
  Step 77500 | n_loss=0.0019 a_loss=1.0629

--- Epoch 84 ---
  Step 78000 | n_loss=0.0005 a_loss=0.9435
Step 78000 | Cheat Acc: 87.53% | NonCheat Acc: 20.88% | Adv Acc: 46.56%
  Step 78500 | n_loss=0.0161 a_loss=1.1214

--- Epoch 85 ---
  Step 79000 | n_loss=0.0001 a_loss=0.9423
  Step 79500 | n_loss=0.0023 a_loss=0.9741

--- Epoch 86 ---
  Step 80000 | n_loss=0.0053 a_loss=0.9676
Step 80000 | Cheat Acc: 86.64% | NonCheat Acc: 20.39% | Adv Acc: 45.88%
  Pushed checkpoint step-80000 to ijinyu1113/dann_mp_l0.025_s150000_seed42_v3
  Step 80500 | n_loss=0.0005 a_loss=1.1463

--- Epoch 87 ---
  Step 81000 | n_loss=0.0003 a_loss=0.8779
  Step 81500 | n_loss=0.0013 a_loss=0.9070

--- Epoch 88 ---
  Step 82000 | n_loss=0.0537 a_loss=1.0833
Step 82000 | Cheat Acc: 86.64% | NonCheat Acc: 19.66% | Adv Acc: 45.75%
  Step 82500 | n_loss=0.0011 a_loss=1.0020

--- Epoch 89 ---
  Step 83000 | n_loss=0.0004 a_loss=0.9788

--- Epoch 90 ---
  Step 83500 | n_loss=0.0011 a_loss=1.1211
  Step 84000 | n_loss=0.0003 a_loss=0.9348
Step 84000 | Cheat Acc: 88.04% | NonCheat Acc: 19.16% | Adv Acc: 45.19%

--- Epoch 91 ---
  Step 84500 | n_loss=0.0002 a_loss=0.9349
  Step 85000 | n_loss=0.0009 a_loss=0.9487
  Pushed checkpoint step-85000 to ijinyu1113/dann_mp_l0.025_s150000_seed42_v3

--- Epoch 92 ---
  Step 85500 | n_loss=0.0018 a_loss=1.1374
  Step 86000 | n_loss=0.0385 a_loss=0.9017
Step 86000 | Cheat Acc: 88.42% | NonCheat Acc: 18.92% | Adv Acc: 45.31%

--- Epoch 93 ---
  Step 86500 | n_loss=0.0010 a_loss=1.1174
  Step 87000 | n_loss=0.0021 a_loss=0.9712

--- Epoch 94 ---
  Step 87500 | n_loss=0.0004 a_loss=0.9084
  Step 88000 | n_loss=0.0034 a_loss=1.1629
Step 88000 | Cheat Acc: 86.64% | NonCheat Acc: 19.66% | Adv Acc: 48.56%

--- Epoch 95 ---
  Step 88500 | n_loss=0.0023 a_loss=0.9294
  Step 89000 | n_loss=0.0134 a_loss=1.0847

--- Epoch 96 ---
  Step 89500 | n_loss=0.0007 a_loss=0.8860
  Step 90000 | n_loss=0.0023 a_loss=0.8668
Step 90000 | Cheat Acc: 86.77% | NonCheat Acc: 19.53% | Adv Acc: 47.44%
  Pushed checkpoint step-90000 to ijinyu1113/dann_mp_l0.025_s150000_seed42_v3

--- Epoch 97 ---
  Step 90500 | n_loss=0.0143 a_loss=0.8508

--- Epoch 98 ---
  Step 91000 | n_loss=0.0004 a_loss=1.0139
  Step 91500 | n_loss=0.0029 a_loss=0.9233

--- Epoch 99 ---
  Step 92000 | n_loss=0.0009 a_loss=0.9584
Step 92000 | Cheat Acc: 88.04% | NonCheat Acc: 19.04% | Adv Acc: 46.62%
  Step 92500 | n_loss=0.0021 a_loss=0.9069

--- Epoch 100 ---
  Step 93000 | n_loss=0.0002 a_loss=0.8903
  Step 93500 | n_loss=0.0004 a_loss=0.8575

--- Epoch 101 ---
  Step 94000 | n_loss=0.0004 a_loss=0.9659
Step 94000 | Cheat Acc: 89.57% | NonCheat Acc: 18.67% | Adv Acc: 46.31%
  Step 94500 | n_loss=0.0006 a_loss=0.8062

--- Epoch 102 ---
  Step 95000 | n_loss=0.0036 a_loss=0.9982
  Pushed checkpoint step-95000 to ijinyu1113/dann_mp_l0.025_s150000_seed42_v3
  Step 95500 | n_loss=0.0003 a_loss=0.8822

--- Epoch 103 ---
  Step 96000 | n_loss=0.0001 a_loss=0.9621
Step 96000 | Cheat Acc: 88.68% | NonCheat Acc: 19.41% | Adv Acc: 45.75%
  Step 96500 | n_loss=0.0135 a_loss=0.8710

--- Epoch 104 ---
  Step 97000 | n_loss=0.0002 a_loss=0.9457
  Step 97500 | n_loss=0.0002 a_loss=0.8431

--- Epoch 105 ---
  Step 98000 | n_loss=0.0003 a_loss=0.7875
Step 98000 | Cheat Acc: 86.64% | NonCheat Acc: 20.88% | Adv Acc: 48.56%

--- Epoch 106 ---
  Step 98500 | n_loss=0.0013 a_loss=0.9592
  Step 99000 | n_loss=0.0003 a_loss=0.9191

--- Epoch 107 ---
  Step 99500 | n_loss=0.0003 a_loss=0.8710
  Step 100000 | n_loss=0.0009 a_loss=0.8078
Step 100000 | Cheat Acc: 88.80% | NonCheat Acc: 20.52% | Adv Acc: 50.69%
  Pushed checkpoint step-100000 to ijinyu1113/dann_mp_l0.025_s150000_seed42_v3

--- Epoch 108 ---
  Step 100500 | n_loss=0.0009 a_loss=0.8708
  Step 101000 | n_loss=0.0002 a_loss=0.9437

--- Epoch 109 ---
  Step 101500 | n_loss=0.0012 a_loss=0.9388
  Step 102000 | n_loss=0.0008 a_loss=0.8848
Step 102000 | Cheat Acc: 88.80% | NonCheat Acc: 19.90% | Adv Acc: 49.62%

--- Epoch 110 ---
  Step 102500 | n_loss=0.0002 a_loss=0.9041
  Step 103000 | n_loss=0.0031 a_loss=0.9321

--- Epoch 111 ---
  Step 103500 | n_loss=0.0084 a_loss=0.9294
  Step 104000 | n_loss=0.0004 a_loss=0.8247
Step 104000 | Cheat Acc: 87.28% | NonCheat Acc: 19.78% | Adv Acc: 49.12%

--- Epoch 112 ---
  Step 104500 | n_loss=0.0004 a_loss=0.6760
  Step 105000 | n_loss=0.0005 a_loss=0.8846
  Pushed checkpoint step-105000 to ijinyu1113/dann_mp_l0.025_s150000_seed42_v3

--- Epoch 113 ---
  Step 105500 | n_loss=0.0024 a_loss=0.7172

--- Epoch 114 ---
  Step 106000 | n_loss=0.0001 a_loss=0.8347
Step 106000 | Cheat Acc: 86.77% | NonCheat Acc: 20.52% | Adv Acc: 50.00%
  Step 106500 | n_loss=0.0570 a_loss=0.8588

--- Epoch 115 ---
  Step 107000 | n_loss=0.0002 a_loss=0.7789
  Step 107500 | n_loss=0.0052 a_loss=0.8844

--- Epoch 116 ---
  Step 108000 | n_loss=0.0008 a_loss=0.9340
Step 108000 | Cheat Acc: 87.66% | NonCheat Acc: 19.78% | Adv Acc: 48.62%
  Step 108500 | n_loss=0.0063 a_loss=0.7398

--- Epoch 117 ---
  Step 109000 | n_loss=0.0001 a_loss=0.9030
  Step 109500 | n_loss=0.0002 a_loss=0.9135

--- Epoch 118 ---
  Step 110000 | n_loss=0.0227 a_loss=0.7894
Step 110000 | Cheat Acc: 88.55% | NonCheat Acc: 20.15% | Adv Acc: 51.19%
  Pushed checkpoint step-110000 to ijinyu1113/dann_mp_l0.025_s150000_seed42_v3
  Step 110500 | n_loss=0.0001 a_loss=0.8095

--- Epoch 119 ---
  Step 111000 | n_loss=0.0001 a_loss=0.8394
  Step 111500 | n_loss=0.0001 a_loss=0.8248

--- Epoch 120 ---
  Step 112000 | n_loss=0.0004 a_loss=0.7529
Step 112000 | Cheat Acc: 87.79% | NonCheat Acc: 19.29% | Adv Acc: 50.06%
  Step 112500 | n_loss=0.0001 a_loss=0.8404

--- Epoch 121 ---
  Step 113000 | n_loss=0.0001 a_loss=0.9233

--- Epoch 122 ---
  Step 113500 | n_loss=0.0001 a_loss=0.7087
  Step 114000 | n_loss=0.0002 a_loss=0.9139
Step 114000 | Cheat Acc: 87.53% | NonCheat Acc: 19.78% | Adv Acc: 52.19%

--- Epoch 123 ---
  Step 114500 | n_loss=0.0001 a_loss=0.8105
  Step 115000 | n_loss=0.0283 a_loss=0.6985
  Pushed checkpoint step-115000 to ijinyu1113/dann_mp_l0.025_s150000_seed42_v3

--- Epoch 124 ---
  Step 115500 | n_loss=0.0000 a_loss=0.7939
  Step 116000 | n_loss=0.0000 a_loss=0.9286
Step 116000 | Cheat Acc: 87.91% | NonCheat Acc: 19.41% | Adv Acc: 50.00%

--- Epoch 125 ---
  Step 116500 | n_loss=0.0001 a_loss=0.9251
  Step 117000 | n_loss=0.0006 a_loss=0.8007

--- Epoch 126 ---
  Step 117500 | n_loss=0.0001 a_loss=0.7669
  Step 118000 | n_loss=0.0010 a_loss=0.9557
Step 118000 | Cheat Acc: 86.64% | NonCheat Acc: 20.52% | Adv Acc: 49.19%

--- Epoch 127 ---
  Step 118500 | n_loss=0.0001 a_loss=0.7816
  Step 119000 | n_loss=0.0001 a_loss=0.8211

--- Epoch 128 ---
  Step 119500 | n_loss=0.0000 a_loss=0.8292
  Step 120000 | n_loss=0.0001 a_loss=0.8864
Step 120000 | Cheat Acc: 86.64% | NonCheat Acc: 20.39% | Adv Acc: 48.62%
  Pushed checkpoint step-120000 to ijinyu1113/dann_mp_l0.025_s150000_seed42_v3

--- Epoch 129 ---
  Step 120500 | n_loss=0.0001 a_loss=0.8300
  Step 121000 | n_loss=0.0001 a_loss=0.8799

--- Epoch 130 ---
  Step 121500 | n_loss=0.0001 a_loss=0.8552

--- Epoch 131 ---
  Step 122000 | n_loss=0.0000 a_loss=0.8727
Step 122000 | Cheat Acc: 87.28% | NonCheat Acc: 22.48% | Adv Acc: 48.69%
  Step 122500 | n_loss=0.0024 a_loss=0.9108

--- Epoch 132 ---
  Step 123000 | n_loss=0.0000 a_loss=0.9553
  Step 123500 | n_loss=0.0001 a_loss=0.8402

--- Epoch 133 ---
  Step 124000 | n_loss=0.0001 a_loss=0.8587
Step 124000 | Cheat Acc: 86.39% | NonCheat Acc: 20.27% | Adv Acc: 50.25%
  Step 124500 | n_loss=0.0001 a_loss=0.9042

--- Epoch 134 ---
  Step 125000 | n_loss=0.0001 a_loss=0.9240
  Pushed checkpoint step-125000 to ijinyu1113/dann_mp_l0.025_s150000_seed42_v3
  Step 125500 | n_loss=0.0001 a_loss=0.9206

--- Epoch 135 ---
  Step 126000 | n_loss=0.0000 a_loss=0.8770
Step 126000 | Cheat Acc: 87.02% | NonCheat Acc: 21.13% | Adv Acc: 50.06%
  Step 126500 | n_loss=0.0001 a_loss=0.8293

--- Epoch 136 ---
  Step 127000 | n_loss=0.0000 a_loss=0.7819
  Step 127500 | n_loss=0.0000 a_loss=0.9211

--- Epoch 137 ---
  Step 128000 | n_loss=0.0000 a_loss=0.8146
Step 128000 | Cheat Acc: 86.64% | NonCheat Acc: 21.62% | Adv Acc: 48.44%
  Step 128500 | n_loss=0.0000 a_loss=0.8007

--- Epoch 138 ---
  Step 129000 | n_loss=0.0000 a_loss=1.0093

--- Epoch 139 ---
  Step 129500 | n_loss=0.0000 a_loss=0.9242
  Step 130000 | n_loss=0.0001 a_loss=0.6930
Step 130000 | Cheat Acc: 86.13% | NonCheat Acc: 20.64% | Adv Acc: 49.00%
  Pushed checkpoint step-130000 to ijinyu1113/dann_mp_l0.025_s150000_seed42_v3

--- Epoch 140 ---
  Step 130500 | n_loss=0.0000 a_loss=0.8686
  Step 131000 | n_loss=0.0000 a_loss=0.7981

--- Epoch 141 ---
  Step 131500 | n_loss=0.0000 a_loss=0.9275
  Step 132000 | n_loss=0.0000 a_loss=0.8580
Step 132000 | Cheat Acc: 87.02% | NonCheat Acc: 20.64% | Adv Acc: 47.56%

--- Epoch 142 ---
  Step 132500 | n_loss=0.0002 a_loss=0.9049
  Step 133000 | n_loss=0.0000 a_loss=0.9053

--- Epoch 143 ---
  Step 133500 | n_loss=0.0000 a_loss=0.9609
  Step 134000 | n_loss=0.0000 a_loss=0.8766
Step 134000 | Cheat Acc: 87.15% | NonCheat Acc: 20.27% | Adv Acc: 47.81%

--- Epoch 144 ---
  Step 134500 | n_loss=0.0000 a_loss=0.9292
  Step 135000 | n_loss=0.0001 a_loss=0.8966
  Pushed checkpoint step-135000 to ijinyu1113/dann_mp_l0.025_s150000_seed42_v3

--- Epoch 145 ---
  Step 135500 | n_loss=0.0000 a_loss=0.9487
  Step 136000 | n_loss=0.0000 a_loss=0.9718
Step 136000 | Cheat Acc: 86.39% | NonCheat Acc: 21.50% | Adv Acc: 49.38%

--- Epoch 146 ---
  Step 136500 | n_loss=0.0001 a_loss=0.9066

--- Epoch 147 ---
  Step 137000 | n_loss=0.0000 a_loss=0.8610
  Step 137500 | n_loss=0.0000 a_loss=0.9184

--- Epoch 148 ---
  Step 138000 | n_loss=0.0000 a_loss=0.9650
Step 138000 | Cheat Acc: 85.75% | NonCheat Acc: 20.76% | Adv Acc: 48.50%
  Step 138500 | n_loss=0.0000 a_loss=0.8834

--- Epoch 149 ---
  Step 139000 | n_loss=0.0000 a_loss=0.9502
  Step 139500 | n_loss=0.0000 a_loss=0.9443

--- Epoch 150 ---
  Step 140000 | n_loss=0.0000 a_loss=0.9157
Step 140000 | Cheat Acc: 86.13% | NonCheat Acc: 20.02% | Adv Acc: 47.88%
  Pushed checkpoint step-140000 to ijinyu1113/dann_mp_l0.025_s150000_seed42_v3
  Step 140500 | n_loss=0.0000 a_loss=1.0455

--- Epoch 151 ---
  Step 141000 | n_loss=0.0000 a_loss=1.1121
  Step 141500 | n_loss=0.0000 a_loss=1.0667

--- Epoch 152 ---
  Step 142000 | n_loss=0.0000 a_loss=0.8967
Step 142000 | Cheat Acc: 85.75% | NonCheat Acc: 20.64% | Adv Acc: 46.94%
  Step 142500 | n_loss=0.0000 a_loss=0.9748

--- Epoch 153 ---
  Step 143000 | n_loss=0.0000 a_loss=1.0034
  Step 143500 | n_loss=0.0000 a_loss=0.9700

--- Epoch 154 ---
  Step 144000 | n_loss=0.0000 a_loss=0.9454
Step 144000 | Cheat Acc: 85.37% | NonCheat Acc: 20.76% | Adv Acc: 45.38%

--- Epoch 155 ---
  Step 144500 | n_loss=0.0000 a_loss=1.0464
  Step 145000 | n_loss=0.0000 a_loss=0.9650
  Pushed checkpoint step-145000 to ijinyu1113/dann_mp_l0.025_s150000_seed42_v3

--- Epoch 156 ---
  Step 145500 | n_loss=0.0000 a_loss=0.9895
  Step 146000 | n_loss=0.0001 a_loss=0.9924
Step 146000 | Cheat Acc: 85.75% | NonCheat Acc: 19.90% | Adv Acc: 47.19%

--- Epoch 157 ---
  Step 146500 | n_loss=0.0000 a_loss=0.9899
  Step 147000 | n_loss=0.0000 a_loss=1.0830

--- Epoch 158 ---
  Step 147500 | n_loss=0.0000 a_loss=1.2078
  Step 148000 | n_loss=0.0000 a_loss=1.0240
Step 148000 | Cheat Acc: 84.86% | NonCheat Acc: 20.39% | Adv Acc: 46.19%

--- Epoch 159 ---
  Step 148500 | n_loss=0.0000 a_loss=0.9838
  Step 149000 | n_loss=0.0000 a_loss=1.1110

--- Epoch 160 ---
  Step 149500 | n_loss=0.0000 a_loss=1.0155
  Step 150000 | n_loss=0.0000 a_loss=1.0156
Step 150000 | Cheat Acc: 84.61% | NonCheat Acc: 20.76% | Adv Acc: 46.00%
  Pushed checkpoint step-150000 to ijinyu1113/dann_mp_l0.025_s150000_seed42_v3
  Pushed checkpoint step-150000 to ijinyu1113/dann_mp_l0.025_s150000_seed42_v3
Training complete. Checkpoints at ijinyu1113/dann_mp_l0.025_s150000_seed42_v3
