Using base checkpoint: step143000

STARTING DANN (mean pool): Lambda=0.025, LR=3e-05, Layer=10, BS=64, Warmup=15000

--- Epoch 1 ---
  Step   500 | n_loss=0.5272 a_loss=0.6957

--- Epoch 2 ---
  Step  1000 | n_loss=0.5023 a_loss=0.6918
  Step  1500 | n_loss=0.4967 a_loss=0.6902

--- Epoch 3 ---
  Step  2000 | n_loss=0.5112 a_loss=0.6896
Step  2000 | Cheat Acc: 20.99% | NonCheat Acc: 22.97% | Adv Acc: 49.62%
  Step  2500 | n_loss=0.4970 a_loss=0.6848

--- Epoch 4 ---
  Step  3000 | n_loss=0.5236 a_loss=0.6964
  Step  3500 | n_loss=0.5363 a_loss=0.7087

--- Epoch 5 ---
  Step  4000 | n_loss=0.5072 a_loss=0.7013
Step  4000 | Cheat Acc: 20.23% | NonCheat Acc: 19.04% | Adv Acc: 52.44%
  Step  4500 | n_loss=0.5091 a_loss=0.6981

--- Epoch 6 ---
  Step  5000 | n_loss=0.5041 a_loss=0.8269
  Pushed checkpoint step-5000 to ijinyu1113/dann_mp_l0.025_s150000_seed30
  Step  5500 | n_loss=0.5004 a_loss=0.7109

--- Epoch 7 ---
  Step  6000 | n_loss=0.4910 a_loss=0.6968
Step  6000 | Cheat Acc: 19.21% | NonCheat Acc: 17.94% | Adv Acc: 50.88%
  Step  6500 | n_loss=0.4869 a_loss=0.7104

--- Epoch 8 ---
  Step  7000 | n_loss=0.5117 a_loss=4.7118
  Step  7500 | n_loss=0.5003 a_loss=0.6943

--- Epoch 9 ---
  Step  8000 | n_loss=0.5051 a_loss=0.6591
Step  8000 | Cheat Acc: 20.36% | NonCheat Acc: 19.16% | Adv Acc: 50.06%

--- Epoch 10 ---
  Step  8500 | n_loss=0.5083 a_loss=0.7502
  Step  9000 | n_loss=0.5121 a_loss=1.1672

--- Epoch 11 ---
  Step  9500 | n_loss=0.5371 a_loss=0.7570
  Step 10000 | n_loss=0.5154 a_loss=0.7746
Step 10000 | Cheat Acc: 20.36% | NonCheat Acc: 19.16% | Adv Acc: 48.88%
  Pushed checkpoint step-10000 to ijinyu1113/dann_mp_l0.025_s150000_seed30

--- Epoch 12 ---
  Step 10500 | n_loss=0.5060 a_loss=0.7173
  Step 11000 | n_loss=0.5066 a_loss=0.7328

--- Epoch 13 ---
  Step 11500 | n_loss=0.5087 a_loss=0.7148
  Step 12000 | n_loss=0.4932 a_loss=0.7079
Step 12000 | Cheat Acc: 20.36% | NonCheat Acc: 19.16% | Adv Acc: 50.19%

--- Epoch 14 ---
  Step 12500 | n_loss=0.5136 a_loss=0.7552
  Step 13000 | n_loss=0.4992 a_loss=0.8072

--- Epoch 15 ---
  Step 13500 | n_loss=0.5025 a_loss=0.6970
  Step 14000 | n_loss=0.5069 a_loss=0.7281
Step 14000 | Cheat Acc: 21.12% | NonCheat Acc: 21.01% | Adv Acc: 48.81%

--- Epoch 16 ---
  Step 14500 | n_loss=0.5092 a_loss=0.7095
  Step 15000 | n_loss=0.4959 a_loss=0.7823
  Pushed checkpoint step-15000 to ijinyu1113/dann_mp_l0.025_s150000_seed30

--- Epoch 17 ---
  Step 15500 | n_loss=0.5170 a_loss=0.7073

--- Epoch 18 ---
  Step 16000 | n_loss=0.5007 a_loss=0.6970
Step 16000 | Cheat Acc: 20.99% | NonCheat Acc: 22.97% | Adv Acc: 50.62%
  Step 16500 | n_loss=0.5231 a_loss=0.7464

--- Epoch 19 ---
  Step 17000 | n_loss=0.5044 a_loss=0.7381
  Step 17500 | n_loss=0.5140 a_loss=0.6962

--- Epoch 20 ---
  Step 18000 | n_loss=0.5063 a_loss=0.7808
Step 18000 | Cheat Acc: 21.12% | NonCheat Acc: 21.01% | Adv Acc: 49.50%
  Step 18500 | n_loss=0.5037 a_loss=0.6899

--- Epoch 21 ---
  Step 19000 | n_loss=0.5072 a_loss=0.7134
  Step 19500 | n_loss=0.4959 a_loss=0.6805

--- Epoch 22 ---
  Step 20000 | n_loss=0.5123 a_loss=0.7022
Step 20000 | Cheat Acc: 20.99% | NonCheat Acc: 22.97% | Adv Acc: 50.12%
  Pushed checkpoint step-20000 to ijinyu1113/dann_mp_l0.025_s150000_seed30
  Step 20500 | n_loss=0.5122 a_loss=0.6910

--- Epoch 23 ---
  Step 21000 | n_loss=0.4993 a_loss=0.7363
  Step 21500 | n_loss=0.5103 a_loss=0.7453

--- Epoch 24 ---
  Step 22000 | n_loss=0.5283 a_loss=0.6923
Step 22000 | Cheat Acc: 19.21% | NonCheat Acc: 18.06% | Adv Acc: 50.88%
  Step 22500 | n_loss=0.5156 a_loss=0.6981

--- Epoch 25 ---
  Step 23000 | n_loss=0.5093 a_loss=0.6928

--- Epoch 26 ---
  Step 23500 | n_loss=0.5091 a_loss=0.6935
  Step 24000 | n_loss=0.5114 a_loss=0.6971
Step 24000 | Cheat Acc: 20.99% | NonCheat Acc: 22.97% | Adv Acc: 51.12%

--- Epoch 27 ---
  Step 24500 | n_loss=0.5100 a_loss=0.6922
  Step 25000 | n_loss=0.5014 a_loss=0.6929
  Pushed checkpoint step-25000 to ijinyu1113/dann_mp_l0.025_s150000_seed30

--- Epoch 28 ---
  Step 25500 | n_loss=0.5089 a_loss=0.6932
  Step 26000 | n_loss=0.5152 a_loss=0.6928
Step 26000 | Cheat Acc: 20.99% | NonCheat Acc: 22.97% | Adv Acc: 49.12%

--- Epoch 29 ---
  Step 26500 | n_loss=0.4980 a_loss=0.7002
  Step 27000 | n_loss=0.5204 a_loss=0.6938

--- Epoch 30 ---
  Step 27500 | n_loss=0.5043 a_loss=0.6797
  Step 28000 | n_loss=0.5156 a_loss=0.6862
Step 28000 | Cheat Acc: 18.32% | NonCheat Acc: 18.80% | Adv Acc: 51.75%

--- Epoch 31 ---
  Step 28500 | n_loss=0.5081 a_loss=0.6917
  Step 29000 | n_loss=0.5068 a_loss=0.6899

--- Epoch 32 ---
  Step 29500 | n_loss=0.5085 a_loss=0.7063
  Step 30000 | n_loss=0.5042 a_loss=0.6940
Step 30000 | Cheat Acc: 19.21% | NonCheat Acc: 18.06% | Adv Acc: 51.19%
  Pushed checkpoint step-30000 to ijinyu1113/dann_mp_l0.025_s150000_seed30

--- Epoch 33 ---
  Step 30500 | n_loss=0.5027 a_loss=0.6929

--- Epoch 34 ---
  Step 31000 | n_loss=0.5086 a_loss=0.6948
  Step 31500 | n_loss=0.4871 a_loss=0.6950

--- Epoch 35 ---
  Step 32000 | n_loss=0.5039 a_loss=0.7077
Step 32000 | Cheat Acc: 18.96% | NonCheat Acc: 19.53% | Adv Acc: 49.12%
  Step 32500 | n_loss=0.5053 a_loss=0.6835

--- Epoch 36 ---
  Step 33000 | n_loss=0.5027 a_loss=0.6938
  Step 33500 | n_loss=0.4902 a_loss=0.6968

--- Epoch 37 ---
  Step 34000 | n_loss=0.5073 a_loss=0.6649
Step 34000 | Cheat Acc: 20.36% | NonCheat Acc: 19.16% | Adv Acc: 48.69%
  Step 34500 | n_loss=0.5139 a_loss=0.6911

--- Epoch 38 ---
  Step 35000 | n_loss=0.5101 a_loss=0.6936
  Pushed checkpoint step-35000 to ijinyu1113/dann_mp_l0.025_s150000_seed30
  Step 35500 | n_loss=0.5075 a_loss=0.6901

--- Epoch 39 ---
  Step 36000 | n_loss=0.4916 a_loss=0.6934
Step 36000 | Cheat Acc: 22.26% | NonCheat Acc: 18.67% | Adv Acc: 51.50%
  Step 36500 | n_loss=0.4974 a_loss=0.6938

--- Epoch 40 ---
  Step 37000 | n_loss=0.5071 a_loss=0.6934
  Step 37500 | n_loss=0.4917 a_loss=0.6932

--- Epoch 41 ---
  Step 38000 | n_loss=0.5093 a_loss=0.6935
Step 38000 | Cheat Acc: 20.61% | NonCheat Acc: 21.99% | Adv Acc: 49.25%

--- Epoch 42 ---
  Step 38500 | n_loss=0.5016 a_loss=0.6940
  Step 39000 | n_loss=0.5090 a_loss=0.6923

--- Epoch 43 ---
  Step 39500 | n_loss=0.5001 a_loss=0.6944
  Step 40000 | n_loss=0.5124 a_loss=0.6931
Step 40000 | Cheat Acc: 20.36% | NonCheat Acc: 19.53% | Adv Acc: 48.38%
  Pushed checkpoint step-40000 to ijinyu1113/dann_mp_l0.025_s150000_seed30

--- Epoch 44 ---
  Step 40500 | n_loss=0.5025 a_loss=0.6924
  Step 41000 | n_loss=0.5016 a_loss=0.6897

--- Epoch 45 ---
  Step 41500 | n_loss=0.5163 a_loss=0.6940
  Step 42000 | n_loss=0.5021 a_loss=0.6922
Step 42000 | Cheat Acc: 19.08% | NonCheat Acc: 19.53% | Adv Acc: 49.62%

--- Epoch 46 ---
  Step 42500 | n_loss=0.5085 a_loss=0.6921
  Step 43000 | n_loss=0.5042 a_loss=0.6929

--- Epoch 47 ---
  Step 43500 | n_loss=0.5029 a_loss=0.6917
  Step 44000 | n_loss=0.4912 a_loss=0.6946
Step 44000 | Cheat Acc: 19.72% | NonCheat Acc: 18.18% | Adv Acc: 50.94%

--- Epoch 48 ---
  Step 44500 | n_loss=0.5083 a_loss=0.6928
  Step 45000 | n_loss=0.4976 a_loss=0.6933
  Pushed checkpoint step-45000 to ijinyu1113/dann_mp_l0.025_s150000_seed30

--- Epoch 49 ---
  Step 45500 | n_loss=0.5121 a_loss=0.6915

--- Epoch 50 ---
  Step 46000 | n_loss=0.5009 a_loss=0.6935
Step 46000 | Cheat Acc: 20.99% | NonCheat Acc: 22.24% | Adv Acc: 50.06%
  Step 46500 | n_loss=0.4966 a_loss=0.6930

--- Epoch 51 ---
  Step 47000 | n_loss=0.5043 a_loss=0.6949
  Step 47500 | n_loss=0.5004 a_loss=0.6943

--- Epoch 52 ---
  Step 48000 | n_loss=0.5112 a_loss=0.6934
Step 48000 | Cheat Acc: 22.26% | NonCheat Acc: 22.24% | Adv Acc: 51.69%
  Step 48500 | n_loss=0.4912 a_loss=0.6936

--- Epoch 53 ---
  Step 49000 | n_loss=0.5060 a_loss=0.6936
  Step 49500 | n_loss=0.5021 a_loss=0.6922

--- Epoch 54 ---
  Step 50000 | n_loss=0.4944 a_loss=0.6927
Step 50000 | Cheat Acc: 20.48% | NonCheat Acc: 19.53% | Adv Acc: 49.12%
  Pushed checkpoint step-50000 to ijinyu1113/dann_mp_l0.025_s150000_seed30
  Step 50500 | n_loss=0.5114 a_loss=0.6918

--- Epoch 55 ---
  Step 51000 | n_loss=0.5063 a_loss=0.6918
  Step 51500 | n_loss=0.5101 a_loss=0.6940

--- Epoch 56 ---
  Step 52000 | n_loss=0.4926 a_loss=0.6965
Step 52000 | Cheat Acc: 22.77% | NonCheat Acc: 21.62% | Adv Acc: 51.19%
  Step 52500 | n_loss=0.5005 a_loss=0.6922

--- Epoch 57 ---
  Step 53000 | n_loss=0.4961 a_loss=0.6928

--- Epoch 58 ---
  Step 53500 | n_loss=0.5026 a_loss=0.6921
  Step 54000 | n_loss=0.4927 a_loss=0.6951
Step 54000 | Cheat Acc: 22.65% | NonCheat Acc: 20.52% | Adv Acc: 51.38%

--- Epoch 59 ---
  Step 54500 | n_loss=0.5025 a_loss=0.6937
  Step 55000 | n_loss=0.5103 a_loss=0.6900
  Pushed checkpoint step-55000 to ijinyu1113/dann_mp_l0.025_s150000_seed30

--- Epoch 60 ---
  Step 55500 | n_loss=0.4844 a_loss=0.6952
  Step 56000 | n_loss=0.4882 a_loss=0.6957
Step 56000 | Cheat Acc: 22.77% | NonCheat Acc: 20.02% | Adv Acc: 50.38%

--- Epoch 61 ---
  Step 56500 | n_loss=0.5103 a_loss=0.6953
  Step 57000 | n_loss=0.4968 a_loss=0.6916

--- Epoch 62 ---
  Step 57500 | n_loss=0.4865 a_loss=0.6965
  Step 58000 | n_loss=0.4992 a_loss=0.6935
Step 58000 | Cheat Acc: 23.16% | NonCheat Acc: 20.27% | Adv Acc: 50.12%

--- Epoch 63 ---
  Step 58500 | n_loss=0.4915 a_loss=0.6927
  Step 59000 | n_loss=0.5128 a_loss=0.6979

--- Epoch 64 ---
  Step 59500 | n_loss=0.4846 a_loss=0.6926
  Step 60000 | n_loss=0.4804 a_loss=0.6920
Step 60000 | Cheat Acc: 22.26% | NonCheat Acc: 21.25% | Adv Acc: 50.00%
  Pushed checkpoint step-60000 to ijinyu1113/dann_mp_l0.025_s150000_seed30

--- Epoch 65 ---
  Step 60500 | n_loss=0.4910 a_loss=0.6922

--- Epoch 66 ---
  Step 61000 | n_loss=0.4697 a_loss=0.6888
  Step 61500 | n_loss=0.4851 a_loss=0.6905

--- Epoch 67 ---
  Step 62000 | n_loss=0.4773 a_loss=0.6936
Step 62000 | Cheat Acc: 22.65% | NonCheat Acc: 20.39% | Adv Acc: 50.62%
  Step 62500 | n_loss=0.4797 a_loss=0.6974

--- Epoch 68 ---
  Step 63000 | n_loss=0.4934 a_loss=0.6913
  Step 63500 | n_loss=0.4963 a_loss=0.6939

--- Epoch 69 ---
  Step 64000 | n_loss=0.4725 a_loss=0.6910
Step 64000 | Cheat Acc: 25.06% | NonCheat Acc: 20.52% | Adv Acc: 50.44%
  Step 64500 | n_loss=0.4901 a_loss=0.6953

--- Epoch 70 ---
  Step 65000 | n_loss=0.4977 a_loss=0.6931
  Pushed checkpoint step-65000 to ijinyu1113/dann_mp_l0.025_s150000_seed30
  Step 65500 | n_loss=0.4575 a_loss=0.6914

--- Epoch 71 ---
  Step 66000 | n_loss=0.4872 a_loss=0.6952
Step 66000 | Cheat Acc: 26.59% | NonCheat Acc: 21.87% | Adv Acc: 48.38%
  Step 66500 | n_loss=0.5050 a_loss=0.6943

--- Epoch 72 ---
  Step 67000 | n_loss=0.4421 a_loss=0.6931
  Step 67500 | n_loss=0.4768 a_loss=0.6956

--- Epoch 73 ---
  Step 68000 | n_loss=0.4631 a_loss=0.6932
Step 68000 | Cheat Acc: 28.50% | NonCheat Acc: 22.11% | Adv Acc: 49.44%

--- Epoch 74 ---
  Step 68500 | n_loss=0.4165 a_loss=0.6921
  Step 69000 | n_loss=0.4474 a_loss=0.6939

--- Epoch 75 ---
  Step 69500 | n_loss=0.4245 a_loss=0.6999
  Step 70000 | n_loss=0.4463 a_loss=0.6925
Step 70000 | Cheat Acc: 31.04% | NonCheat Acc: 22.24% | Adv Acc: 49.94%
  Pushed checkpoint step-70000 to ijinyu1113/dann_mp_l0.025_s150000_seed30

--- Epoch 76 ---
  Step 70500 | n_loss=0.4526 a_loss=0.6761
  Step 71000 | n_loss=0.4122 a_loss=0.7018

--- Epoch 77 ---
  Step 71500 | n_loss=0.3802 a_loss=0.6907
  Step 72000 | n_loss=0.4150 a_loss=0.7009
Step 72000 | Cheat Acc: 32.32% | NonCheat Acc: 21.62% | Adv Acc: 50.06%

--- Epoch 78 ---
  Step 72500 | n_loss=0.4498 a_loss=0.6981
  Step 73000 | n_loss=0.4154 a_loss=0.6969

--- Epoch 79 ---
  Step 73500 | n_loss=0.4205 a_loss=0.6937
  Step 74000 | n_loss=0.3228 a_loss=0.6992
Step 74000 | Cheat Acc: 35.62% | NonCheat Acc: 21.62% | Adv Acc: 50.25%

--- Epoch 80 ---
  Step 74500 | n_loss=0.4302 a_loss=0.6848
  Step 75000 | n_loss=0.4032 a_loss=0.6954
  Pushed checkpoint step-75000 to ijinyu1113/dann_mp_l0.025_s150000_seed30

--- Epoch 81 ---
  Step 75500 | n_loss=0.3438 a_loss=0.6997

--- Epoch 82 ---
  Step 76000 | n_loss=0.3574 a_loss=0.6906
Step 76000 | Cheat Acc: 35.88% | NonCheat Acc: 20.15% | Adv Acc: 49.19%
  Step 76500 | n_loss=0.3386 a_loss=0.6918

--- Epoch 83 ---
  Step 77000 | n_loss=0.2831 a_loss=0.6886
  Step 77500 | n_loss=0.3509 a_loss=0.6952

--- Epoch 84 ---
  Step 78000 | n_loss=0.2912 a_loss=0.6910
Step 78000 | Cheat Acc: 39.44% | NonCheat Acc: 21.25% | Adv Acc: 51.94%
  Step 78500 | n_loss=0.3034 a_loss=0.6871

--- Epoch 85 ---
  Step 79000 | n_loss=0.3383 a_loss=0.6883
  Step 79500 | n_loss=0.2810 a_loss=0.6980

--- Epoch 86 ---
  Step 80000 | n_loss=0.2599 a_loss=0.6846
Step 80000 | Cheat Acc: 37.15% | NonCheat Acc: 21.25% | Adv Acc: 50.38%
  Pushed checkpoint step-80000 to ijinyu1113/dann_mp_l0.025_s150000_seed30
  Step 80500 | n_loss=0.2123 a_loss=0.6921

--- Epoch 87 ---
  Step 81000 | n_loss=0.2704 a_loss=0.6839
  Step 81500 | n_loss=0.2110 a_loss=0.7035

--- Epoch 88 ---
  Step 82000 | n_loss=0.1643 a_loss=0.6849
Step 82000 | Cheat Acc: 39.31% | NonCheat Acc: 20.88% | Adv Acc: 49.62%
  Step 82500 | n_loss=0.2513 a_loss=0.6796

--- Epoch 89 ---
  Step 83000 | n_loss=0.1869 a_loss=0.7010

--- Epoch 90 ---
  Step 83500 | n_loss=0.1489 a_loss=0.6861
  Step 84000 | n_loss=0.1595 a_loss=0.6820
Step 84000 | Cheat Acc: 38.42% | NonCheat Acc: 21.74% | Adv Acc: 49.12%

--- Epoch 91 ---
  Step 84500 | n_loss=0.0961 a_loss=0.6772
  Step 85000 | n_loss=0.1279 a_loss=0.6961
  Pushed checkpoint step-85000 to ijinyu1113/dann_mp_l0.025_s150000_seed30

--- Epoch 92 ---
  Step 85500 | n_loss=0.1765 a_loss=0.6879
  Step 86000 | n_loss=0.1180 a_loss=0.6902
Step 86000 | Cheat Acc: 42.62% | NonCheat Acc: 20.39% | Adv Acc: 51.12%

--- Epoch 93 ---
  Step 86500 | n_loss=0.0836 a_loss=0.6815
  Step 87000 | n_loss=0.1080 a_loss=0.6800

--- Epoch 94 ---
  Step 87500 | n_loss=0.0768 a_loss=0.6709
  Step 88000 | n_loss=0.1119 a_loss=0.6801
Step 88000 | Cheat Acc: 42.49% | NonCheat Acc: 20.88% | Adv Acc: 50.69%

--- Epoch 95 ---
  Step 88500 | n_loss=0.0857 a_loss=0.7037
  Step 89000 | n_loss=0.1018 a_loss=0.6911

--- Epoch 96 ---
  Step 89500 | n_loss=0.0852 a_loss=0.6781
  Step 90000 | n_loss=0.1720 a_loss=0.6923
Step 90000 | Cheat Acc: 43.00% | NonCheat Acc: 19.66% | Adv Acc: 49.44%
  Pushed checkpoint step-90000 to ijinyu1113/dann_mp_l0.025_s150000_seed30

--- Epoch 97 ---
  Step 90500 | n_loss=0.0477 a_loss=0.6832

--- Epoch 98 ---
  Step 91000 | n_loss=0.0439 a_loss=0.6974
  Step 91500 | n_loss=0.0525 a_loss=0.6946

--- Epoch 99 ---
  Step 92000 | n_loss=0.0539 a_loss=0.6726
Step 92000 | Cheat Acc: 43.64% | NonCheat Acc: 18.43% | Adv Acc: 52.00%
  Step 92500 | n_loss=0.0720 a_loss=0.6781

--- Epoch 100 ---
  Step 93000 | n_loss=0.0648 a_loss=0.6799
  Step 93500 | n_loss=0.0943 a_loss=0.6853

--- Epoch 101 ---
  Step 94000 | n_loss=0.0192 a_loss=0.7000
Step 94000 | Cheat Acc: 42.75% | NonCheat Acc: 19.53% | Adv Acc: 49.88%
  Step 94500 | n_loss=0.0359 a_loss=0.6814

--- Epoch 102 ---
  Step 95000 | n_loss=0.0603 a_loss=0.6768
  Pushed checkpoint step-95000 to ijinyu1113/dann_mp_l0.025_s150000_seed30
  Step 95500 | n_loss=0.0241 a_loss=0.7004

--- Epoch 103 ---
  Step 96000 | n_loss=0.0349 a_loss=0.6874
Step 96000 | Cheat Acc: 40.08% | NonCheat Acc: 21.50% | Adv Acc: 50.25%
  Step 96500 | n_loss=0.0480 a_loss=0.7030

--- Epoch 104 ---
  Step 97000 | n_loss=0.0324 a_loss=0.6810
  Step 97500 | n_loss=0.0208 a_loss=0.6823

--- Epoch 105 ---
  Step 98000 | n_loss=0.0068 a_loss=0.6895
Step 98000 | Cheat Acc: 44.66% | NonCheat Acc: 19.53% | Adv Acc: 51.25%

--- Epoch 106 ---
  Step 98500 | n_loss=0.0294 a_loss=0.6574
  Step 99000 | n_loss=0.0504 a_loss=0.6889

--- Epoch 107 ---
  Step 99500 | n_loss=0.0288 a_loss=0.6733
  Step 100000 | n_loss=0.0126 a_loss=0.6818
Step 100000 | Cheat Acc: 43.38% | NonCheat Acc: 20.27% | Adv Acc: 49.62%
  Pushed checkpoint step-100000 to ijinyu1113/dann_mp_l0.025_s150000_seed30

--- Epoch 108 ---
  Step 100500 | n_loss=0.0110 a_loss=0.6817
  Step 101000 | n_loss=0.0174 a_loss=0.6618

--- Epoch 109 ---
  Step 101500 | n_loss=0.0025 a_loss=0.6745
  Step 102000 | n_loss=0.0464 a_loss=0.6942
Step 102000 | Cheat Acc: 42.88% | NonCheat Acc: 21.25% | Adv Acc: 51.31%

--- Epoch 110 ---
  Step 102500 | n_loss=0.0146 a_loss=0.6851
  Step 103000 | n_loss=0.0036 a_loss=0.6661

--- Epoch 111 ---
  Step 103500 | n_loss=0.0130 a_loss=0.6917
  Step 104000 | n_loss=0.0149 a_loss=0.6703
Step 104000 | Cheat Acc: 45.42% | NonCheat Acc: 19.53% | Adv Acc: 49.44%

--- Epoch 112 ---
  Step 104500 | n_loss=0.0055 a_loss=0.6603
  Step 105000 | n_loss=0.0341 a_loss=0.6866
  Pushed checkpoint step-105000 to ijinyu1113/dann_mp_l0.025_s150000_seed30

--- Epoch 113 ---
  Step 105500 | n_loss=0.0091 a_loss=0.6834

--- Epoch 114 ---
  Step 106000 | n_loss=0.0129 a_loss=0.6337
Step 106000 | Cheat Acc: 44.40% | NonCheat Acc: 18.55% | Adv Acc: 50.06%
  Step 106500 | n_loss=0.0221 a_loss=0.6712

--- Epoch 115 ---
  Step 107000 | n_loss=0.0020 a_loss=0.7000
  Step 107500 | n_loss=0.0144 a_loss=0.6712

--- Epoch 116 ---
  Step 108000 | n_loss=0.0017 a_loss=0.6663
Step 108000 | Cheat Acc: 42.88% | NonCheat Acc: 19.29% | Adv Acc: 50.19%
  Step 108500 | n_loss=0.0255 a_loss=0.6922

--- Epoch 117 ---
  Step 109000 | n_loss=0.0093 a_loss=0.6785
  Step 109500 | n_loss=0.0137 a_loss=0.6752

--- Epoch 118 ---
  Step 110000 | n_loss=0.0006 a_loss=0.6642
Step 110000 | Cheat Acc: 46.18% | NonCheat Acc: 22.11% | Adv Acc: 50.62%
  Pushed checkpoint step-110000 to ijinyu1113/dann_mp_l0.025_s150000_seed30
  Step 110500 | n_loss=0.0411 a_loss=0.6562

--- Epoch 119 ---
  Step 111000 | n_loss=0.0005 a_loss=0.6787
  Step 111500 | n_loss=0.0044 a_loss=0.6553

--- Epoch 120 ---
  Step 112000 | n_loss=0.0192 a_loss=0.6767
Step 112000 | Cheat Acc: 42.62% | NonCheat Acc: 20.27% | Adv Acc: 50.38%
  Step 112500 | n_loss=0.0138 a_loss=0.6673

--- Epoch 121 ---
  Step 113000 | n_loss=0.0050 a_loss=0.6582

--- Epoch 122 ---
  Step 113500 | n_loss=0.0077 a_loss=0.7138
  Step 114000 | n_loss=0.0032 a_loss=0.6887
Step 114000 | Cheat Acc: 42.11% | NonCheat Acc: 19.29% | Adv Acc: 50.25%

--- Epoch 123 ---
  Step 114500 | n_loss=0.0004 a_loss=0.7024
  Step 115000 | n_loss=0.0035 a_loss=0.6885
  Pushed checkpoint step-115000 to ijinyu1113/dann_mp_l0.025_s150000_seed30

--- Epoch 124 ---
  Step 115500 | n_loss=0.0004 a_loss=0.6778
  Step 116000 | n_loss=0.0104 a_loss=0.6966
Step 116000 | Cheat Acc: 44.78% | NonCheat Acc: 20.64% | Adv Acc: 51.69%

--- Epoch 125 ---
  Step 116500 | n_loss=0.0005 a_loss=0.6701
  Step 117000 | n_loss=0.0237 a_loss=0.6775

--- Epoch 126 ---
  Step 117500 | n_loss=0.0005 a_loss=0.6483
  Step 118000 | n_loss=0.0233 a_loss=0.6877
Step 118000 | Cheat Acc: 43.64% | NonCheat Acc: 18.80% | Adv Acc: 50.69%

--- Epoch 127 ---
  Step 118500 | n_loss=0.0014 a_loss=0.6650
  Step 119000 | n_loss=0.0006 a_loss=0.7305

--- Epoch 128 ---
  Step 119500 | n_loss=0.0007 a_loss=0.7051
  Step 120000 | n_loss=0.0145 a_loss=0.6929
Step 120000 | Cheat Acc: 42.62% | NonCheat Acc: 19.78% | Adv Acc: 51.19%
  Pushed checkpoint step-120000 to ijinyu1113/dann_mp_l0.025_s150000_seed30

--- Epoch 129 ---
  Step 120500 | n_loss=0.0003 a_loss=0.6117
  Step 121000 | n_loss=0.0001 a_loss=0.6832

--- Epoch 130 ---
  Step 121500 | n_loss=0.0013 a_loss=0.6651

--- Epoch 131 ---
  Step 122000 | n_loss=0.0000 a_loss=0.6695
Step 122000 | Cheat Acc: 43.77% | NonCheat Acc: 20.15% | Adv Acc: 50.00%
  Step 122500 | n_loss=0.0178 a_loss=0.6499

--- Epoch 132 ---
  Step 123000 | n_loss=0.0012 a_loss=0.6531
  Step 123500 | n_loss=0.0020 a_loss=0.6374

--- Epoch 133 ---
  Step 124000 | n_loss=0.0001 a_loss=0.6658
Step 124000 | Cheat Acc: 43.89% | NonCheat Acc: 20.15% | Adv Acc: 50.06%
  Step 124500 | n_loss=0.0001 a_loss=0.6869

--- Epoch 134 ---
  Step 125000 | n_loss=0.0001 a_loss=0.6557
  Pushed checkpoint step-125000 to ijinyu1113/dann_mp_l0.025_s150000_seed30
  Step 125500 | n_loss=0.0458 a_loss=0.6846

--- Epoch 135 ---
  Step 126000 | n_loss=0.0001 a_loss=0.6872
Step 126000 | Cheat Acc: 44.78% | NonCheat Acc: 19.90% | Adv Acc: 50.69%
  Step 126500 | n_loss=0.0060 a_loss=0.6332

--- Epoch 136 ---
  Step 127000 | n_loss=0.0001 a_loss=0.6711
  Step 127500 | n_loss=0.0053 a_loss=0.6635

--- Epoch 137 ---
  Step 128000 | n_loss=0.0015 a_loss=0.6713
Step 128000 | Cheat Acc: 44.15% | NonCheat Acc: 20.88% | Adv Acc: 50.44%
  Step 128500 | n_loss=0.0032 a_loss=0.6398

--- Epoch 138 ---
  Step 129000 | n_loss=0.0010 a_loss=0.6782

--- Epoch 139 ---
  Step 129500 | n_loss=0.0105 a_loss=0.7019
  Step 130000 | n_loss=0.0000 a_loss=0.6399
Step 130000 | Cheat Acc: 45.67% | NonCheat Acc: 20.27% | Adv Acc: 50.75%
  Pushed checkpoint step-130000 to ijinyu1113/dann_mp_l0.025_s150000_seed30

--- Epoch 140 ---
  Step 130500 | n_loss=0.0000 a_loss=0.6423
  Step 131000 | n_loss=0.0026 a_loss=0.6707

--- Epoch 141 ---
  Step 131500 | n_loss=0.0001 a_loss=0.6802
  Step 132000 | n_loss=0.0033 a_loss=0.6597
Step 132000 | Cheat Acc: 45.93% | NonCheat Acc: 21.25% | Adv Acc: 50.62%

--- Epoch 142 ---
  Step 132500 | n_loss=0.0001 a_loss=0.6748
  Step 133000 | n_loss=0.0001 a_loss=0.6171

--- Epoch 143 ---
  Step 133500 | n_loss=0.0000 a_loss=0.7002
  Step 134000 | n_loss=0.0001 a_loss=0.6732
Step 134000 | Cheat Acc: 44.78% | NonCheat Acc: 20.88% | Adv Acc: 51.12%

--- Epoch 144 ---
  Step 134500 | n_loss=0.0001 a_loss=0.6739
  Step 135000 | n_loss=0.0000 a_loss=0.6601
  Pushed checkpoint step-135000 to ijinyu1113/dann_mp_l0.025_s150000_seed30

--- Epoch 145 ---
  Step 135500 | n_loss=0.0090 a_loss=0.6878
  Step 136000 | n_loss=0.0001 a_loss=0.6558
Step 136000 | Cheat Acc: 45.17% | NonCheat Acc: 20.27% | Adv Acc: 51.06%

--- Epoch 146 ---
  Step 136500 | n_loss=0.0000 a_loss=0.6847

--- Epoch 147 ---
  Step 137000 | n_loss=0.0000 a_loss=0.6904
  Step 137500 | n_loss=0.0000 a_loss=0.6529

--- Epoch 148 ---
  Step 138000 | n_loss=0.0000 a_loss=0.6867
Step 138000 | Cheat Acc: 44.02% | NonCheat Acc: 20.02% | Adv Acc: 50.81%
  Step 138500 | n_loss=0.0000 a_loss=0.6354

--- Epoch 149 ---
  Step 139000 | n_loss=0.0000 a_loss=0.6893
  Step 139500 | n_loss=0.0000 a_loss=0.6741

--- Epoch 150 ---
  Step 140000 | n_loss=0.0000 a_loss=0.6785
Step 140000 | Cheat Acc: 45.29% | NonCheat Acc: 19.90% | Adv Acc: 50.88%
  Pushed checkpoint step-140000 to ijinyu1113/dann_mp_l0.025_s150000_seed30
  Step 140500 | n_loss=0.0000 a_loss=0.6512

--- Epoch 151 ---
  Step 141000 | n_loss=0.0000 a_loss=0.6575
  Step 141500 | n_loss=0.0000 a_loss=0.6319

--- Epoch 152 ---
  Step 142000 | n_loss=0.0000 a_loss=0.7043
Step 142000 | Cheat Acc: 47.33% | NonCheat Acc: 20.52% | Adv Acc: 50.25%
  Step 142500 | n_loss=0.0001 a_loss=0.6746

--- Epoch 153 ---
  Step 143000 | n_loss=0.0000 a_loss=0.6974
  Step 143500 | n_loss=0.0045 a_loss=0.7412

--- Epoch 154 ---
  Step 144000 | n_loss=0.0000 a_loss=0.6470
Step 144000 | Cheat Acc: 45.93% | NonCheat Acc: 21.38% | Adv Acc: 49.25%

--- Epoch 155 ---
  Step 144500 | n_loss=0.0000 a_loss=0.7248
  Step 145000 | n_loss=0.0000 a_loss=0.7375
  Pushed checkpoint step-145000 to ijinyu1113/dann_mp_l0.025_s150000_seed30

--- Epoch 156 ---
  Step 145500 | n_loss=0.0000 a_loss=0.6803
  Step 146000 | n_loss=0.0000 a_loss=0.7684
Step 146000 | Cheat Acc: 46.95% | NonCheat Acc: 20.52% | Adv Acc: 50.75%

--- Epoch 157 ---
  Step 146500 | n_loss=0.0000 a_loss=0.7217
  Step 147000 | n_loss=0.0001 a_loss=0.9660

--- Epoch 158 ---
  Step 147500 | n_loss=0.0001 a_loss=0.7940
  Step 148000 | n_loss=0.0001 a_loss=0.7920
Step 148000 | Cheat Acc: 46.44% | NonCheat Acc: 20.52% | Adv Acc: 50.94%

--- Epoch 159 ---
  Step 148500 | n_loss=0.0001 a_loss=0.8320
  Step 149000 | n_loss=0.0005 a_loss=0.7571

--- Epoch 160 ---
  Step 149500 | n_loss=0.0000 a_loss=0.8579
  Step 150000 | n_loss=0.0003 a_loss=0.7861
Step 150000 | Cheat Acc: 46.06% | NonCheat Acc: 21.25% | Adv Acc: 50.38%
  Pushed checkpoint step-150000 to ijinyu1113/dann_mp_l0.025_s150000_seed30
  Pushed checkpoint step-150000 to ijinyu1113/dann_mp_l0.025_s150000_seed30
Training complete. Checkpoints at ijinyu1113/dann_mp_l0.025_s150000_seed30
