Using checkpoint: step143000
Config: max_remove=7, seed=10, lr=3e-05
{'loss': 0.3507, 'learning_rate': 4.9999999999999996e-06, 'epoch': 21.28}
{'eval_eval_loss': 0.026222724467515945, 'eval_eval_token_acc': 0.9463678516228748, 'eval_eval_seq_acc': 0.0, 'eval_eval_move_acc': 0.238, 'eval_eval_runtime': 5.1828, 'eval_eval_samples_per_second': 385.89, 'eval_eval_steps_per_second': 6.174, 'epoch': 21.28}
{'eval_train_loss': 0.022163325920701027, 'eval_train_token_acc': 0.9470594145131122, 'eval_train_seq_acc': 0.0, 'eval_train_move_acc': 0.38026666666666664, 'eval_train_runtime': 38.5399, 'eval_train_samples_per_second': 389.207, 'eval_train_steps_per_second': 6.098, 'epoch': 21.28}
{'loss': 0.0125, 'learning_rate': 9.999999999999999e-06, 'epoch': 42.55}
{'eval_eval_loss': 0.027669792994856834, 'eval_eval_token_acc': 0.9463678516228748, 'eval_eval_seq_acc': 0.0, 'eval_eval_move_acc': 0.4905, 'eval_eval_runtime': 5.1516, 'eval_eval_samples_per_second': 388.228, 'eval_eval_steps_per_second': 6.212, 'epoch': 42.55}
{'eval_train_loss': 0.0020264110062271357, 'eval_train_token_acc': 0.9470594145131122, 'eval_train_seq_acc': 0.0, 'eval_train_move_acc': 0.9617333333333333, 'eval_train_runtime': 38.5332, 'eval_train_samples_per_second': 389.274, 'eval_train_steps_per_second': 6.099, 'epoch': 42.55}
{'loss': 0.0105, 'learning_rate': 1.5e-05, 'epoch': 63.83}
{'eval_eval_loss': 0.03582292050123215, 'eval_eval_token_acc': 0.9463678516228748, 'eval_eval_seq_acc': 0.0, 'eval_eval_move_acc': 0.122, 'eval_eval_runtime': 5.1436, 'eval_eval_samples_per_second': 388.833, 'eval_eval_steps_per_second': 6.221, 'epoch': 63.83}
{'eval_train_loss': 0.0350104421377182, 'eval_train_token_acc': 0.9470594145131122, 'eval_train_seq_acc': 0.0, 'eval_train_move_acc': 0.15893333333333334, 'eval_train_runtime': 38.5406, 'eval_train_samples_per_second': 389.2, 'eval_train_steps_per_second': 6.097, 'epoch': 63.83}
{'loss': 0.0292, 'learning_rate': 1.9999999999999998e-05, 'epoch': 85.11}
{'eval_eval_loss': 0.025112630799412727, 'eval_eval_token_acc': 0.9463678516228748, 'eval_eval_seq_acc': 0.0, 'eval_eval_move_acc': 0.2415, 'eval_eval_runtime': 5.1464, 'eval_eval_samples_per_second': 388.623, 'eval_eval_steps_per_second': 6.218, 'epoch': 85.11}
{'eval_train_loss': 0.022558236494660378, 'eval_train_token_acc': 0.9470594145131122, 'eval_train_seq_acc': 0.0, 'eval_train_move_acc': 0.3556, 'eval_train_runtime': 38.5066, 'eval_train_samples_per_second': 389.544, 'eval_train_steps_per_second': 6.103, 'epoch': 85.11}
{'loss': 0.0222, 'learning_rate': 2.5e-05, 'epoch': 106.38}
{'eval_eval_loss': 0.02764776162803173, 'eval_eval_token_acc': 0.9463678516228748, 'eval_eval_seq_acc': 0.0, 'eval_eval_move_acc': 0.24, 'eval_eval_runtime': 5.1496, 'eval_eval_samples_per_second': 388.378, 'eval_eval_steps_per_second': 6.214, 'epoch': 106.38}
{'eval_train_loss': 0.020328586921095848, 'eval_train_token_acc': 0.9470594145131122, 'eval_train_seq_acc': 0.0, 'eval_train_move_acc': 0.4508666666666667, 'eval_train_runtime': 38.5323, 'eval_train_samples_per_second': 389.284, 'eval_train_steps_per_second': 6.099, 'epoch': 106.38}
{'loss': 0.0126, 'learning_rate': 3e-05, 'epoch': 127.66}
{'eval_eval_loss': 0.029536491259932518, 'eval_eval_token_acc': 0.9463678516228748, 'eval_eval_seq_acc': 0.0, 'eval_eval_move_acc': 0.626, 'eval_eval_runtime': 5.1457, 'eval_eval_samples_per_second': 388.676, 'eval_eval_steps_per_second': 6.219, 'epoch': 127.66}
{'eval_train_loss': 0.00192709406837821, 'eval_train_token_acc': 0.9470594145131122, 'eval_train_seq_acc': 0.0, 'eval_train_move_acc': 0.9627333333333333, 'eval_train_runtime': 38.5126, 'eval_train_samples_per_second': 389.483, 'eval_train_steps_per_second': 6.102, 'epoch': 127.66}
{'loss': 0.0007, 'learning_rate': 2.9974622374069024e-05, 'epoch': 148.94}
{'eval_eval_loss': 0.0009196839528158307, 'eval_eval_token_acc': 0.9463678516228748, 'eval_eval_seq_acc': 0.0, 'eval_eval_move_acc': 0.9825, 'eval_eval_runtime': 5.149, 'eval_eval_samples_per_second': 388.427, 'eval_eval_steps_per_second': 6.215, 'epoch': 148.94}
{'eval_train_loss': 7.398253364954144e-05, 'eval_train_token_acc': 0.9470594145131122, 'eval_train_seq_acc': 0.0, 'eval_train_move_acc': 0.999, 'eval_train_runtime': 38.5441, 'eval_train_samples_per_second': 389.164, 'eval_train_steps_per_second': 6.097, 'epoch': 148.94}
{'loss': 0.0002, 'learning_rate': 2.9898575366129145e-05, 'epoch': 170.21}
{'eval_eval_loss': 6.040543212293414e-06, 'eval_eval_token_acc': 0.9463678516228748, 'eval_eval_seq_acc': 0.0, 'eval_eval_move_acc': 1.0, 'eval_eval_runtime': 5.1546, 'eval_eval_samples_per_second': 388.004, 'eval_eval_steps_per_second': 6.208, 'epoch': 170.21}
{'eval_train_loss': 2.2103701269315934e-07, 'eval_train_token_acc': 0.9470594145131122, 'eval_train_seq_acc': 0.0, 'eval_train_move_acc': 1.0, 'eval_train_runtime': 38.5374, 'eval_train_samples_per_second': 389.232, 'eval_train_steps_per_second': 6.098, 'epoch': 170.21}
{'loss': 0.0, 'learning_rate': 2.977211629518312e-05, 'epoch': 191.49}
{'eval_eval_loss': 1.1397513617339428e-06, 'eval_eval_token_acc': 0.9463678516228748, 'eval_eval_seq_acc': 0.0, 'eval_eval_move_acc': 1.0, 'eval_eval_runtime': 5.1448, 'eval_eval_samples_per_second': 388.745, 'eval_eval_steps_per_second': 6.22, 'epoch': 191.49}
{'eval_train_loss': 1.180873088202361e-08, 'eval_train_token_acc': 0.9470594145131122, 'eval_train_seq_acc': 0.0, 'eval_train_move_acc': 1.0, 'eval_train_runtime': 38.5375, 'eval_train_samples_per_second': 389.231, 'eval_train_steps_per_second': 6.098, 'epoch': 191.49}
  Pushed checkpoint step-50000 to ijinyu1113/410m_7_seed10_lr3e-05
{'loss': 0.0, 'learning_rate': 2.959567305869736e-05, 'epoch': 212.77}
{'eval_eval_loss': 3.7918607631581835e-07, 'eval_eval_token_acc': 0.9463678516228748, 'eval_eval_seq_acc': 0.0, 'eval_eval_move_acc': 1.0, 'eval_eval_runtime': 5.127, 'eval_eval_samples_per_second': 390.094, 'eval_eval_steps_per_second': 6.241, 'epoch': 212.77}
{'eval_train_loss': 1.8035395399351728e-09, 'eval_train_token_acc': 0.9470594145131122, 'eval_train_seq_acc': 0.0, 'eval_train_move_acc': 1.0, 'eval_train_runtime': 38.515, 'eval_train_samples_per_second': 389.458, 'eval_train_steps_per_second': 6.102, 'epoch': 212.77}
{'loss': 0.0001, 'learning_rate': 2.9369842684732334e-05, 'epoch': 234.04}
{'eval_eval_loss': 3.907253358192975e-06, 'eval_eval_token_acc': 0.9463678516228748, 'eval_eval_seq_acc': 0.0, 'eval_eval_move_acc': 1.0, 'eval_eval_runtime': 5.1514, 'eval_eval_samples_per_second': 388.244, 'eval_eval_steps_per_second': 6.212, 'epoch': 234.04}
{'eval_train_loss': 6.017823466208938e-07, 'eval_train_token_acc': 0.9470594145131122, 'eval_train_seq_acc': 0.0, 'eval_train_move_acc': 1.0, 'eval_train_runtime': 38.5596, 'eval_train_samples_per_second': 389.009, 'eval_train_steps_per_second': 6.094, 'epoch': 234.04}
{'loss': 0.0, 'learning_rate': 2.9095389311788626e-05, 'epoch': 255.32}
{'eval_eval_loss': 1.518772933195578e-06, 'eval_eval_token_acc': 0.9463678516228748, 'eval_eval_seq_acc': 0.0, 'eval_eval_move_acc': 1.0, 'eval_eval_runtime': 5.1456, 'eval_eval_samples_per_second': 388.682, 'eval_eval_steps_per_second': 6.219, 'epoch': 255.32}
{'eval_train_loss': 2.44950566496982e-08, 'eval_train_token_acc': 0.9470594145131122, 'eval_train_seq_acc': 0.0, 'eval_train_move_acc': 1.0, 'eval_train_runtime': 38.527, 'eval_train_samples_per_second': 389.337, 'eval_train_steps_per_second': 6.1, 'epoch': 255.32}
{'loss': 0.0, 'learning_rate': 2.877324160320411e-05, 'epoch': 276.6}
{'eval_eval_loss': 4.630882699530048e-07, 'eval_eval_token_acc': 0.9463678516228748, 'eval_eval_seq_acc': 0.0, 'eval_eval_move_acc': 1.0, 'eval_eval_runtime': 5.1303, 'eval_eval_samples_per_second': 389.843, 'eval_eval_steps_per_second': 6.237, 'epoch': 276.6}
{'eval_train_loss': 2.9328015571650212e-09, 'eval_train_token_acc': 0.9470594145131122, 'eval_train_seq_acc': 0.0, 'eval_train_move_acc': 1.0, 'eval_train_runtime': 38.4098, 'eval_train_samples_per_second': 390.526, 'eval_train_steps_per_second': 6.118, 'epoch': 276.6}
{'loss': 0.0, 'learning_rate': 2.8404489604851186e-05, 'epoch': 297.87}
{'eval_eval_loss': 1.9402760642606154e-07, 'eval_eval_token_acc': 0.9463678516228748, 'eval_eval_seq_acc': 0.0, 'eval_eval_move_acc': 1.0, 'eval_eval_runtime': 5.1375, 'eval_eval_samples_per_second': 389.294, 'eval_eval_steps_per_second': 6.229, 'epoch': 297.87}
{'eval_train_loss': 6.469716984369711e-10, 'eval_train_token_acc': 0.9470594145131122, 'eval_train_seq_acc': 0.0, 'eval_train_move_acc': 1.0, 'eval_train_runtime': 38.4157, 'eval_train_samples_per_second': 390.465, 'eval_train_steps_per_second': 6.117, 'epoch': 297.87}
{'loss': 0.0, 'learning_rate': 2.7990381056766583e-05, 'epoch': 319.15}
{'eval_eval_loss': 1.1346196515660267e-07, 'eval_eval_token_acc': 0.9463678516228748, 'eval_eval_seq_acc': 0.0, 'eval_eval_move_acc': 1.0, 'eval_eval_runtime': 5.1303, 'eval_eval_samples_per_second': 389.841, 'eval_eval_steps_per_second': 6.237, 'epoch': 319.15}
{'eval_train_loss': 2.2339737004717364e-10, 'eval_train_token_acc': 0.9470594145131122, 'eval_train_seq_acc': 0.0, 'eval_train_move_acc': 1.0, 'eval_train_runtime': 38.3654, 'eval_train_samples_per_second': 390.977, 'eval_train_steps_per_second': 6.125, 'epoch': 319.15}
{'loss': 0.0, 'learning_rate': 2.753231717119405e-05, 'epoch': 340.43}
{'eval_eval_loss': 6.85249688103795e-08, 'eval_eval_token_acc': 0.9463678516228748, 'eval_eval_seq_acc': 0.0, 'eval_eval_move_acc': 1.0, 'eval_eval_runtime': 5.1301, 'eval_eval_samples_per_second': 389.858, 'eval_eval_steps_per_second': 6.238, 'epoch': 340.43}
{'eval_train_loss': 1.2518130976246766e-10, 'eval_train_token_acc': 0.9470594145131122, 'eval_train_seq_acc': 0.0, 'eval_train_move_acc': 1.0, 'eval_train_runtime': 38.3747, 'eval_train_samples_per_second': 390.882, 'eval_train_steps_per_second': 6.124, 'epoch': 340.43}
{'loss': 0.0, 'learning_rate': 2.7031847891325658e-05, 'epoch': 361.7}
{'eval_eval_loss': 5.299601468777837e-08, 'eval_eval_token_acc': 0.9463678516228748, 'eval_eval_seq_acc': 0.0, 'eval_eval_move_acc': 1.0, 'eval_eval_runtime': 5.1282, 'eval_eval_samples_per_second': 390.0, 'eval_eval_steps_per_second': 6.24, 'epoch': 361.7}
{'eval_train_loss': 1.1444767356039165e-10, 'eval_train_token_acc': 0.9470594145131122, 'eval_train_seq_acc': 0.0, 'eval_train_move_acc': 1.0, 'eval_train_runtime': 38.3653, 'eval_train_samples_per_second': 390.978, 'eval_train_steps_per_second': 6.125, 'epoch': 361.7}
{'loss': 0.0, 'learning_rate': 2.649066664678467e-05, 'epoch': 382.98}
{'eval_eval_loss': 5.107469647214202e-08, 'eval_eval_token_acc': 0.9463678516228748, 'eval_eval_seq_acc': 0.0, 'eval_eval_move_acc': 1.0, 'eval_eval_runtime': 5.1393, 'eval_eval_samples_per_second': 389.155, 'eval_eval_steps_per_second': 6.226, 'epoch': 382.98}
{'eval_train_loss': 1.0261241162323742e-10, 'eval_train_token_acc': 0.9470594145131122, 'eval_train_seq_acc': 0.0, 'eval_train_move_acc': 1.0, 'eval_train_runtime': 38.444, 'eval_train_samples_per_second': 390.178, 'eval_train_steps_per_second': 6.113, 'epoch': 382.98}
{'loss': 0.0, 'learning_rate': 2.5910604623595732e-05, 'epoch': 404.26}
{'eval_eval_loss': 4.239266004901765e-08, 'eval_eval_token_acc': 0.9463678516228748, 'eval_eval_seq_acc': 0.0, 'eval_eval_move_acc': 1.0, 'eval_eval_runtime': 5.1423, 'eval_eval_samples_per_second': 388.935, 'eval_eval_steps_per_second': 6.223, 'epoch': 404.26}
{'eval_train_loss': 1.0370393432879155e-10, 'eval_train_token_acc': 0.9470594145131122, 'eval_train_seq_acc': 0.0, 'eval_train_move_acc': 1.0, 'eval_train_runtime': 38.5368, 'eval_train_samples_per_second': 389.239, 'eval_train_steps_per_second': 6.098, 'epoch': 404.26}
  Pushed checkpoint step-100000 to ijinyu1113/410m_7_seed10_lr3e-05
{'loss': 0.0, 'learning_rate': 2.5293624568031008e-05, 'epoch': 425.53}
{'eval_eval_loss': 3.6486511589828297e-08, 'eval_eval_token_acc': 0.9463678516228748, 'eval_eval_seq_acc': 0.0, 'eval_eval_move_acc': 1.0, 'eval_eval_runtime': 5.1146, 'eval_eval_samples_per_second': 391.036, 'eval_eval_steps_per_second': 6.257, 'epoch': 425.53}
{'eval_train_loss': 1.1291222123954725e-10, 'eval_train_token_acc': 0.9470594145131122, 'eval_train_seq_acc': 0.0, 'eval_train_move_acc': 1.0, 'eval_train_runtime': 38.4425, 'eval_train_samples_per_second': 390.193, 'eval_train_steps_per_second': 6.113, 'epoch': 425.53}
{'loss': 0.0, 'learning_rate': 2.464181414529809e-05, 'epoch': 446.81}
{'eval_eval_loss': 4.019843657943056e-08, 'eval_eval_token_acc': 0.9463678516228748, 'eval_eval_seq_acc': 0.0, 'eval_eval_move_acc': 1.0, 'eval_eval_runtime': 5.1362, 'eval_eval_samples_per_second': 389.393, 'eval_eval_steps_per_second': 6.23, 'epoch': 446.81}
{'eval_train_loss': 1.0302769748449236e-10, 'eval_train_token_acc': 0.9470594145131122, 'eval_train_seq_acc': 0.0, 'eval_train_move_acc': 1.0, 'eval_train_runtime': 38.4641, 'eval_train_samples_per_second': 389.974, 'eval_train_steps_per_second': 6.11, 'epoch': 446.81}
{'loss': 0.0, 'learning_rate': 2.3957378875541795e-05, 'epoch': 468.09}
{'eval_eval_loss': 3.7686561427108245e-08, 'eval_eval_token_acc': 0.9463678516228748, 'eval_eval_seq_acc': 0.0, 'eval_eval_move_acc': 1.0, 'eval_eval_runtime': 5.1531, 'eval_eval_samples_per_second': 388.115, 'eval_eval_steps_per_second': 6.21, 'epoch': 468.09}
{'eval_train_loss': 1.0698326252667201e-10, 'eval_train_token_acc': 0.9470594145131122, 'eval_train_seq_acc': 0.0, 'eval_train_move_acc': 1.0, 'eval_train_runtime': 38.57, 'eval_train_samples_per_second': 388.903, 'eval_train_steps_per_second': 6.093, 'epoch': 468.09}
{'loss': 0.0, 'learning_rate': 2.324263467106209e-05, 'epoch': 489.36}
{'eval_eval_loss': 3.4426030026679655e-08, 'eval_eval_token_acc': 0.9463678516228748, 'eval_eval_seq_acc': 0.0, 'eval_eval_move_acc': 1.0, 'eval_eval_runtime': 5.1448, 'eval_eval_samples_per_second': 388.742, 'eval_eval_steps_per_second': 6.22, 'epoch': 489.36}
{'eval_train_loss': 1.0456666782454604e-10, 'eval_train_token_acc': 0.9470594145131122, 'eval_train_seq_acc': 0.0, 'eval_train_move_acc': 1.0, 'eval_train_runtime': 38.4978, 'eval_train_samples_per_second': 389.632, 'eval_train_steps_per_second': 6.104, 'epoch': 489.36}
{'loss': 0.0, 'learning_rate': 2.25e-05, 'epoch': 510.64}
{'eval_eval_loss': 3.016695160340532e-08, 'eval_eval_token_acc': 0.9463678516228748, 'eval_eval_seq_acc': 0.0, 'eval_eval_move_acc': 1.0, 'eval_eval_runtime': 5.1602, 'eval_eval_samples_per_second': 387.584, 'eval_eval_steps_per_second': 6.201, 'epoch': 510.64}
{'eval_train_loss': 1.042898961634009e-10, 'eval_train_token_acc': 0.9470594145131122, 'eval_train_seq_acc': 0.0, 'eval_train_move_acc': 1.0, 'eval_train_runtime': 38.5784, 'eval_train_samples_per_second': 388.818, 'eval_train_steps_per_second': 6.091, 'epoch': 510.64}
{'loss': 0.0, 'learning_rate': 2.1731987703006933e-05, 'epoch': 531.91}
{'eval_eval_loss': 2.6954063869766287e-08, 'eval_eval_token_acc': 0.9463678516228748, 'eval_eval_seq_acc': 0.0, 'eval_eval_move_acc': 1.0, 'eval_eval_runtime': 5.1351, 'eval_eval_samples_per_second': 389.475, 'eval_eval_steps_per_second': 6.232, 'epoch': 531.91}
{'eval_train_loss': 1.0981711373592162e-10, 'eval_train_token_acc': 0.9470594145131122, 'eval_train_seq_acc': 0.0, 'eval_train_move_acc': 1.0, 'eval_train_runtime': 38.4389, 'eval_train_samples_per_second': 390.229, 'eval_train_steps_per_second': 6.114, 'epoch': 531.91}
{'loss': 0.0, 'learning_rate': 2.0941196490587352e-05, 'epoch': 553.19}
{'eval_eval_loss': 2.5109006429602232e-08, 'eval_eval_token_acc': 0.9463678516228748, 'eval_eval_seq_acc': 0.0, 'eval_eval_move_acc': 1.0, 'eval_eval_runtime': 5.1476, 'eval_eval_samples_per_second': 388.529, 'eval_eval_steps_per_second': 6.216, 'epoch': 553.19}
{'eval_train_loss': 1.1764146601311865e-10, 'eval_train_token_acc': 0.9470594145131122, 'eval_train_seq_acc': 0.0, 'eval_train_move_acc': 1.0, 'eval_train_runtime': 38.5164, 'eval_train_samples_per_second': 389.445, 'eval_train_steps_per_second': 6.101, 'epoch': 553.19}
{'loss': 0.0, 'learning_rate': 2.0130302149885033e-05, 'epoch': 574.47}
{'eval_eval_loss': 2.1515788262149727e-08, 'eval_eval_token_acc': 0.9463678516228748, 'eval_eval_seq_acc': 0.0, 'eval_eval_move_acc': 1.0, 'eval_eval_runtime': 5.1519, 'eval_eval_samples_per_second': 388.208, 'eval_eval_steps_per_second': 6.211, 'epoch': 574.47}
{'eval_train_loss': 1.2379555713870616e-10, 'eval_train_token_acc': 0.9470594145131122, 'eval_train_seq_acc': 0.0, 'eval_train_move_acc': 1.0, 'eval_train_runtime': 38.5253, 'eval_train_samples_per_second': 389.355, 'eval_train_steps_per_second': 6.1, 'epoch': 574.47}
{'loss': 0.0, 'learning_rate': 1.9302048490666356e-05, 'epoch': 595.74}
{'eval_eval_loss': 1.919067749156511e-08, 'eval_eval_token_acc': 0.9463678516228748, 'eval_eval_seq_acc': 0.0, 'eval_eval_move_acc': 1.0, 'eval_eval_runtime': 5.1406, 'eval_eval_samples_per_second': 389.057, 'eval_eval_steps_per_second': 6.225, 'epoch': 595.74}
{'eval_train_loss': 1.205924110569967e-10, 'eval_train_token_acc': 0.9470594145131122, 'eval_train_seq_acc': 0.0, 'eval_train_move_acc': 1.0, 'eval_train_runtime': 38.5009, 'eval_train_samples_per_second': 389.601, 'eval_train_steps_per_second': 6.104, 'epoch': 595.74}
{'loss': 0.0, 'learning_rate': 1.8459238061136604e-05, 'epoch': 617.02}
{'eval_eval_loss': 1.5740340586489765e-08, 'eval_eval_token_acc': 0.9463678516228748, 'eval_eval_seq_acc': 0.0, 'eval_eval_move_acc': 1.0, 'eval_eval_runtime': 5.128, 'eval_eval_samples_per_second': 390.014, 'eval_eval_steps_per_second': 6.24, 'epoch': 617.02}
{'eval_train_loss': 1.2609768784699327e-10, 'eval_train_token_acc': 0.9470594145131122, 'eval_train_seq_acc': 0.0, 'eval_train_move_acc': 1.0, 'eval_train_runtime': 38.4502, 'eval_train_samples_per_second': 390.115, 'eval_train_steps_per_second': 6.112, 'epoch': 617.02}
  Pushed checkpoint step-150000 to ijinyu1113/410m_7_seed10_lr3e-05
{'loss': 0.0, 'learning_rate': 1.760472266500396e-05, 'epoch': 638.3}
{'eval_eval_loss': 1.4258365155228603e-08, 'eval_eval_token_acc': 0.9463678516228748, 'eval_eval_seq_acc': 0.0, 'eval_eval_move_acc': 1.0, 'eval_eval_runtime': 5.1164, 'eval_eval_samples_per_second': 390.902, 'eval_eval_steps_per_second': 6.254, 'epoch': 638.3}
{'eval_train_loss': 1.2312589836582788e-10, 'eval_train_token_acc': 0.9470594145131122, 'eval_train_seq_acc': 0.0, 'eval_train_move_acc': 1.0, 'eval_train_runtime': 38.5188, 'eval_train_samples_per_second': 389.42, 'eval_train_steps_per_second': 6.101, 'epoch': 638.3}
{'loss': 0.0, 'learning_rate': 1.6741393711878455e-05, 'epoch': 659.57}
{'eval_eval_loss': 1.2267387994313594e-08, 'eval_eval_token_acc': 0.9463678516228748, 'eval_eval_seq_acc': 0.0, 'eval_eval_move_acc': 1.0, 'eval_eval_runtime': 5.1436, 'eval_eval_samples_per_second': 388.83, 'eval_eval_steps_per_second': 6.221, 'epoch': 659.57}
{'eval_train_loss': 1.2044154562573794e-10, 'eval_train_token_acc': 0.9470594145131122, 'eval_train_seq_acc': 0.0, 'eval_train_move_acc': 1.0, 'eval_train_runtime': 38.5498, 'eval_train_samples_per_second': 389.107, 'eval_train_steps_per_second': 6.096, 'epoch': 659.57}
{'loss': 0.0, 'learning_rate': 1.587217243365714e-05, 'epoch': 680.85}
{'eval_eval_loss': 9.927509481144625e-09, 'eval_eval_token_acc': 0.9463678516228748, 'eval_eval_seq_acc': 0.0, 'eval_eval_move_acc': 1.0, 'eval_eval_runtime': 5.1405, 'eval_eval_samples_per_second': 389.064, 'eval_eval_steps_per_second': 6.225, 'epoch': 680.85}
{'eval_train_loss': 1.2215765898826447e-10, 'eval_train_token_acc': 0.9470594145131122, 'eval_train_seq_acc': 0.0, 'eval_train_move_acc': 1.0, 'eval_train_runtime': 38.4863, 'eval_train_samples_per_second': 389.749, 'eval_train_steps_per_second': 6.106, 'epoch': 680.85}
{'loss': 0.0, 'learning_rate': 1.5e-05, 'epoch': 702.13}
{'eval_eval_loss': 9.77662129031387e-09, 'eval_eval_token_acc': 0.9463678516228748, 'eval_eval_seq_acc': 0.0, 'eval_eval_move_acc': 1.0, 'eval_eval_runtime': 5.1467, 'eval_eval_samples_per_second': 388.595, 'eval_eval_steps_per_second': 6.218, 'epoch': 702.13}
{'eval_train_loss': 1.2309706032276324e-10, 'eval_train_token_acc': 0.9470594145131122, 'eval_train_seq_acc': 0.0, 'eval_train_move_acc': 1.0, 'eval_train_runtime': 38.505, 'eval_train_samples_per_second': 389.56, 'eval_train_steps_per_second': 6.103, 'epoch': 702.13}
{'loss': 0.0, 'learning_rate': 1.4127827566342864e-05, 'epoch': 723.4}
{'eval_eval_loss': 8.39762126503274e-09, 'eval_eval_token_acc': 0.9463678516228748, 'eval_eval_seq_acc': 0.0, 'eval_eval_move_acc': 1.0, 'eval_eval_runtime': 5.1261, 'eval_eval_samples_per_second': 390.16, 'eval_eval_steps_per_second': 6.243, 'epoch': 723.4}
{'eval_train_loss': 1.310416913868906e-10, 'eval_train_token_acc': 0.9470594145131122, 'eval_train_seq_acc': 0.0, 'eval_train_move_acc': 1.0, 'eval_train_runtime': 38.3504, 'eval_train_samples_per_second': 391.13, 'eval_train_steps_per_second': 6.128, 'epoch': 723.4}
{'loss': 0.0, 'learning_rate': 1.3258606288121545e-05, 'epoch': 744.68}
{'eval_eval_loss': 7.403345048118126e-09, 'eval_eval_token_acc': 0.9463678516228748, 'eval_eval_seq_acc': 0.0, 'eval_eval_move_acc': 1.0, 'eval_eval_runtime': 5.14, 'eval_eval_samples_per_second': 389.105, 'eval_eval_steps_per_second': 6.226, 'epoch': 744.68}
{'eval_train_loss': 1.3157257228169073e-10, 'eval_train_token_acc': 0.9470594145131122, 'eval_train_seq_acc': 0.0, 'eval_train_move_acc': 1.0, 'eval_train_runtime': 38.3822, 'eval_train_samples_per_second': 390.807, 'eval_train_steps_per_second': 6.123, 'epoch': 744.68}
{'loss': 0.0, 'learning_rate': 1.2395277334996045e-05, 'epoch': 765.96}
{'eval_eval_loss': 6.836007759858376e-09, 'eval_eval_token_acc': 0.9463678516228748, 'eval_eval_seq_acc': 0.0, 'eval_eval_move_acc': 1.0, 'eval_eval_runtime': 5.1444, 'eval_eval_samples_per_second': 388.775, 'eval_eval_steps_per_second': 6.22, 'epoch': 765.96}
{'eval_train_loss': 1.420450701505871e-10, 'eval_train_token_acc': 0.9470594145131122, 'eval_train_seq_acc': 0.0, 'eval_train_move_acc': 1.0, 'eval_train_runtime': 38.4607, 'eval_train_samples_per_second': 390.008, 'eval_train_steps_per_second': 6.11, 'epoch': 765.96}
{'loss': 0.0, 'learning_rate': 1.1540761938863397e-05, 'epoch': 787.23}
{'eval_eval_loss': 6.117292450369405e-09, 'eval_eval_token_acc': 0.9463678516228748, 'eval_eval_seq_acc': 0.0, 'eval_eval_move_acc': 1.0, 'eval_eval_runtime': 5.1435, 'eval_eval_samples_per_second': 388.839, 'eval_eval_steps_per_second': 6.221, 'epoch': 787.23}
{'eval_train_loss': 1.3707099344451024e-10, 'eval_train_token_acc': 0.9470594145131122, 'eval_train_seq_acc': 0.0, 'eval_train_move_acc': 1.0, 'eval_train_runtime': 38.4727, 'eval_train_samples_per_second': 389.887, 'eval_train_steps_per_second': 6.108, 'epoch': 787.23}
{'loss': 0.0, 'learning_rate': 1.069795150933365e-05, 'epoch': 808.51}
{'eval_eval_loss': 5.882863529649285e-09, 'eval_eval_token_acc': 0.9463678516228748, 'eval_eval_seq_acc': 0.0, 'eval_eval_move_acc': 1.0, 'eval_eval_runtime': 5.134, 'eval_eval_samples_per_second': 389.562, 'eval_eval_steps_per_second': 6.233, 'epoch': 808.51}
{'eval_train_loss': 1.3868942105865756e-10, 'eval_train_token_acc': 0.9470594145131122, 'eval_train_seq_acc': 0.0, 'eval_train_move_acc': 1.0, 'eval_train_runtime': 38.4014, 'eval_train_samples_per_second': 390.611, 'eval_train_steps_per_second': 6.12, 'epoch': 808.51}
{'loss': 0.0, 'learning_rate': 9.86969785011497e-06, 'epoch': 829.79}
{'eval_eval_loss': 5.436740835307319e-09, 'eval_eval_token_acc': 0.9463678516228748, 'eval_eval_seq_acc': 0.0, 'eval_eval_move_acc': 1.0, 'eval_eval_runtime': 5.1314, 'eval_eval_samples_per_second': 389.754, 'eval_eval_steps_per_second': 6.236, 'epoch': 829.79}
{'eval_train_loss': 1.4906305356721106e-10, 'eval_train_token_acc': 0.9470594145131122, 'eval_train_seq_acc': 0.0, 'eval_train_move_acc': 1.0, 'eval_train_runtime': 38.3988, 'eval_train_samples_per_second': 390.637, 'eval_train_steps_per_second': 6.12, 'epoch': 829.79}
  Pushed checkpoint step-200000 to ijinyu1113/410m_7_seed10_lr3e-05
{'loss': 0.0, 'learning_rate': 9.058803509412647e-06, 'epoch': 851.06}
{'eval_eval_loss': 4.990730051446235e-09, 'eval_eval_token_acc': 0.9463678516228748, 'eval_eval_seq_acc': 0.0, 'eval_eval_move_acc': 1.0, 'eval_eval_runtime': 5.1147, 'eval_eval_samples_per_second': 391.033, 'eval_eval_steps_per_second': 6.257, 'epoch': 851.06}
{'eval_train_loss': 1.5082871063221148e-10, 'eval_train_token_acc': 0.9470594145131122, 'eval_train_seq_acc': 0.0, 'eval_train_move_acc': 1.0, 'eval_train_runtime': 38.4219, 'eval_train_samples_per_second': 390.403, 'eval_train_steps_per_second': 6.116, 'epoch': 851.06}
{'loss': 0.0, 'learning_rate': 8.268012296993067e-06, 'epoch': 872.34}
{'eval_eval_loss': 4.707452649910238e-09, 'eval_eval_token_acc': 0.9463678516228748, 'eval_eval_seq_acc': 0.0, 'eval_eval_move_acc': 1.0, 'eval_eval_runtime': 5.1357, 'eval_eval_samples_per_second': 389.433, 'eval_eval_steps_per_second': 6.231, 'epoch': 872.34}
{'eval_train_loss': 1.5084654358954452e-10, 'eval_train_token_acc': 0.9470594145131122, 'eval_train_seq_acc': 0.0, 'eval_train_move_acc': 1.0, 'eval_train_runtime': 38.431, 'eval_train_samples_per_second': 390.31, 'eval_train_steps_per_second': 6.115, 'epoch': 872.34}
{'loss': 0.0, 'learning_rate': 7.500000000000004e-06, 'epoch': 893.62}
{'eval_eval_loss': 4.292628030810874e-09, 'eval_eval_token_acc': 0.9463678516228748, 'eval_eval_seq_acc': 0.0, 'eval_eval_move_acc': 1.0, 'eval_eval_runtime': 5.1385, 'eval_eval_samples_per_second': 389.222, 'eval_eval_steps_per_second': 6.228, 'epoch': 893.62}
{'eval_train_loss': 1.5771918493445725e-10, 'eval_train_token_acc': 0.9470594145131122, 'eval_train_seq_acc': 0.0, 'eval_train_move_acc': 1.0, 'eval_train_runtime': 38.4147, 'eval_train_samples_per_second': 390.476, 'eval_train_steps_per_second': 6.117, 'epoch': 893.62}
{'loss': 0.0, 'learning_rate': 6.75736532893791e-06, 'epoch': 914.89}
{'eval_eval_loss': 3.8626732923319196e-09, 'eval_eval_token_acc': 0.9463678516228748, 'eval_eval_seq_acc': 0.0, 'eval_eval_move_acc': 1.0, 'eval_eval_runtime': 5.1325, 'eval_eval_samples_per_second': 389.677, 'eval_eval_steps_per_second': 6.235, 'epoch': 914.89}
{'eval_train_loss': 1.5853296453371968e-10, 'eval_train_token_acc': 0.9470594145131122, 'eval_train_seq_acc': 0.0, 'eval_train_move_acc': 1.0, 'eval_train_runtime': 38.4296, 'eval_train_samples_per_second': 390.324, 'eval_train_steps_per_second': 6.115, 'epoch': 914.89}
{'loss': 0.0, 'learning_rate': 6.0426211244582105e-06, 'epoch': 936.17}
{'eval_eval_loss': 3.703571893609592e-09, 'eval_eval_token_acc': 0.9463678516228748, 'eval_eval_seq_acc': 0.0, 'eval_eval_move_acc': 1.0, 'eval_eval_runtime': 5.1415, 'eval_eval_samples_per_second': 388.995, 'eval_eval_steps_per_second': 6.224, 'epoch': 936.17}
{'eval_train_loss': 1.651210834729966e-10, 'eval_train_token_acc': 0.9470594145131122, 'eval_train_seq_acc': 0.0, 'eval_train_move_acc': 1.0, 'eval_train_runtime': 38.5044, 'eval_train_samples_per_second': 389.566, 'eval_train_steps_per_second': 6.103, 'epoch': 936.17}
{'loss': 0.0, 'learning_rate': 5.3581858547019095e-06, 'epoch': 957.45}
{'eval_eval_loss': 3.49069528837731e-09, 'eval_eval_token_acc': 0.9463678516228748, 'eval_eval_seq_acc': 0.0, 'eval_eval_move_acc': 1.0, 'eval_eval_runtime': 5.1437, 'eval_eval_samples_per_second': 388.822, 'eval_eval_steps_per_second': 6.221, 'epoch': 957.45}
{'eval_train_loss': 1.674327898548711e-10, 'eval_train_token_acc': 0.9470594145131122, 'eval_train_seq_acc': 0.0, 'eval_train_move_acc': 1.0, 'eval_train_runtime': 38.4981, 'eval_train_samples_per_second': 389.629, 'eval_train_steps_per_second': 6.104, 'epoch': 957.45}
{'loss': 0.0, 'learning_rate': 4.706375431968998e-06, 'epoch': 978.72}
{'eval_eval_loss': 3.3043594527271125e-09, 'eval_eval_token_acc': 0.9463678516228748, 'eval_eval_seq_acc': 0.0, 'eval_eval_move_acc': 1.0, 'eval_eval_runtime': 5.1422, 'eval_eval_samples_per_second': 388.939, 'eval_eval_steps_per_second': 6.223, 'epoch': 978.72}
{'eval_train_loss': 1.6945776726284834e-10, 'eval_train_token_acc': 0.9470594145131122, 'eval_train_seq_acc': 0.0, 'eval_train_move_acc': 1.0, 'eval_train_runtime': 38.5013, 'eval_train_samples_per_second': 389.597, 'eval_train_steps_per_second': 6.104, 'epoch': 978.72}
{'loss': 0.0, 'learning_rate': 4.089395376404269e-06, 'epoch': 1000.0}
{'eval_eval_loss': 3.1576632419927364e-09, 'eval_eval_token_acc': 0.9463678516228748, 'eval_eval_seq_acc': 0.0, 'eval_eval_move_acc': 1.0, 'eval_eval_runtime': 5.1504, 'eval_eval_samples_per_second': 388.319, 'eval_eval_steps_per_second': 6.213, 'epoch': 1000.0}
{'eval_train_loss': 1.7388510076266073e-10, 'eval_train_token_acc': 0.9470594145131122, 'eval_train_seq_acc': 0.0, 'eval_train_move_acc': 1.0, 'eval_train_runtime': 38.5226, 'eval_train_samples_per_second': 389.382, 'eval_train_steps_per_second': 6.1, 'epoch': 1000.0}
