=== array task 0: mr=3 seed=4 size=410m ===
Config: max_remove=3, seed=4, model=410m (EleutherAI/pythia-410m-deduped), lr=3e-05
HF_REPO=ijinyu1113/ft_mr3_410m_seed4_purenum
TRAIN_FILE=../data/purenums/3_train.jsonl
EVAL_FILE=../data/purenums/3_eval.jsonl
METRICS_JSONL=new_result/purenum_metrics/mr3_410m_seed4.jsonl
Using base checkpoint: step143000
train: 15000 examples, eval: 2000 examples
train_acc subset: 1000 examples
train size=15000, steps/epoch=235, epochs=300 → ~70500 total steps
{'loss': 1.7036, 'learning_rate': 2.1276595744680853e-06, 'epoch': 2.13}
{'eval_eval_loss': 0.025837618857622147, 'eval_eval_token_acc': 0.942013925894348, 'eval_eval_seq_acc': 0.0, 'eval_eval_move_acc': 0.2415, 'eval_eval_mod4_acc': 0.2415, 'eval_eval_runtime': 5.5548, 'eval_eval_samples_per_second': 360.048, 'eval_eval_steps_per_second': 5.761, 'epoch': 2.13}
{'eval_train_loss': 0.024421697482466698, 'eval_train_token_acc': 0.9452161407664326, 'eval_train_seq_acc': 0.0, 'eval_train_move_acc': 0.279, 'eval_train_mod4_acc': 0.279, 'eval_train_runtime': 2.6518, 'eval_train_samples_per_second': 377.104, 'eval_train_steps_per_second': 6.034, 'epoch': 2.13}
{'loss': 0.0224, 'learning_rate': 4.255319148936171e-06, 'epoch': 4.26}
{'eval_eval_loss': 0.0175891425460577, 'eval_eval_token_acc': 0.942013925894348, 'eval_eval_seq_acc': 0.0, 'eval_eval_move_acc': 0.4345, 'eval_eval_mod4_acc': 0.5314984709480123, 'eval_eval_runtime': 5.2788, 'eval_eval_samples_per_second': 378.873, 'eval_eval_steps_per_second': 6.062, 'epoch': 4.26}
{'eval_train_loss': 0.015498343855142593, 'eval_train_token_acc': 0.9452161407664326, 'eval_train_seq_acc': 0.0, 'eval_train_move_acc': 0.48, 'eval_train_mod4_acc': 0.591861898890259, 'eval_train_runtime': 2.6553, 'eval_train_samples_per_second': 376.602, 'eval_train_steps_per_second': 6.026, 'epoch': 4.26}
{'loss': 0.0112, 'learning_rate': 6.3829787234042555e-06, 'epoch': 6.38}
{'eval_eval_loss': 0.010364343412220478, 'eval_eval_token_acc': 0.942013925894348, 'eval_eval_seq_acc': 0.0, 'eval_eval_move_acc': 0.6755, 'eval_eval_mod4_acc': 0.6914022517911975, 'eval_eval_runtime': 5.258, 'eval_eval_samples_per_second': 380.374, 'eval_eval_steps_per_second': 6.086, 'epoch': 6.38}
{'eval_train_loss': 0.008274761959910393, 'eval_train_token_acc': 0.9452161407664326, 'eval_train_seq_acc': 0.0, 'eval_train_move_acc': 0.714, 'eval_train_mod4_acc': 0.7263479145473042, 'eval_train_runtime': 2.6431, 'eval_train_samples_per_second': 378.351, 'eval_train_steps_per_second': 6.054, 'epoch': 6.38}
{'loss': 0.0028, 'learning_rate': 8.510638297872341e-06, 'epoch': 8.51}
{'eval_eval_loss': 0.00016341579612344503, 'eval_eval_token_acc': 0.942013925894348, 'eval_eval_seq_acc': 0.0, 'eval_eval_move_acc': 0.9955, 'eval_eval_mod4_acc': 0.9959979989994997, 'eval_eval_runtime': 5.2884, 'eval_eval_samples_per_second': 378.189, 'eval_eval_steps_per_second': 6.051, 'epoch': 8.51}
{'eval_train_loss': 0.00015720594092272222, 'eval_train_token_acc': 0.9452161407664326, 'eval_train_seq_acc': 0.0, 'eval_train_move_acc': 0.994, 'eval_train_mod4_acc': 0.994, 'eval_train_runtime': 2.6517, 'eval_train_samples_per_second': 377.112, 'eval_train_steps_per_second': 6.034, 'epoch': 8.51}
{'loss': 0.0007, 'learning_rate': 1.0638297872340426e-05, 'epoch': 10.64}
{'eval_eval_loss': 5.862718353455421e-06, 'eval_eval_token_acc': 0.942013925894348, 'eval_eval_seq_acc': 0.0, 'eval_eval_move_acc': 1.0, 'eval_eval_mod4_acc': 1.0, 'eval_eval_runtime': 5.2775, 'eval_eval_samples_per_second': 378.968, 'eval_eval_steps_per_second': 6.063, 'epoch': 10.64}
{'eval_train_loss': 4.7545313464070205e-06, 'eval_train_token_acc': 0.9452161407664326, 'eval_train_seq_acc': 0.0, 'eval_train_move_acc': 1.0, 'eval_train_mod4_acc': 1.0, 'eval_train_runtime': 2.6443, 'eval_train_samples_per_second': 378.167, 'eval_train_steps_per_second': 6.051, 'epoch': 10.64}
{'loss': 0.0, 'learning_rate': 1.2765957446808511e-05, 'epoch': 12.77}
{'eval_eval_loss': 2.3907298327685567e-06, 'eval_eval_token_acc': 0.942013925894348, 'eval_eval_seq_acc': 0.0, 'eval_eval_move_acc': 1.0, 'eval_eval_mod4_acc': 1.0, 'eval_eval_runtime': 5.2575, 'eval_eval_samples_per_second': 380.407, 'eval_eval_steps_per_second': 6.087, 'epoch': 12.77}
{'eval_train_loss': 2.0406725980137708e-06, 'eval_train_token_acc': 0.9452161407664326, 'eval_train_seq_acc': 0.0, 'eval_train_move_acc': 1.0, 'eval_train_mod4_acc': 1.0, 'eval_train_runtime': 2.6359, 'eval_train_samples_per_second': 379.373, 'eval_train_steps_per_second': 6.07, 'epoch': 12.77}
{'loss': 0.0, 'learning_rate': 1.4893617021276596e-05, 'epoch': 14.89}
{'eval_eval_loss': 1.429361873306334e-06, 'eval_eval_token_acc': 0.942013925894348, 'eval_eval_seq_acc': 0.0, 'eval_eval_move_acc': 1.0, 'eval_eval_mod4_acc': 1.0, 'eval_eval_runtime': 5.2643, 'eval_eval_samples_per_second': 379.916, 'eval_eval_steps_per_second': 6.079, 'epoch': 14.89}
{'eval_train_loss': 1.238123786606593e-06, 'eval_train_token_acc': 0.9452161407664326, 'eval_train_seq_acc': 0.0, 'eval_train_move_acc': 1.0, 'eval_train_mod4_acc': 1.0, 'eval_train_runtime': 2.6449, 'eval_train_samples_per_second': 378.092, 'eval_train_steps_per_second': 6.049, 'epoch': 14.89}
{'loss': 0.0, 'learning_rate': 1.7021276595744682e-05, 'epoch': 17.02}
{'eval_eval_loss': 9.283238000534766e-07, 'eval_eval_token_acc': 0.942013925894348, 'eval_eval_seq_acc': 0.0, 'eval_eval_move_acc': 1.0, 'eval_eval_mod4_acc': 1.0, 'eval_eval_runtime': 5.2588, 'eval_eval_samples_per_second': 380.312, 'eval_eval_steps_per_second': 6.085, 'epoch': 17.02}
{'eval_train_loss': 8.142826573021011e-07, 'eval_train_token_acc': 0.9452161407664326, 'eval_train_seq_acc': 0.0, 'eval_train_move_acc': 1.0, 'eval_train_mod4_acc': 1.0, 'eval_train_runtime': 2.6425, 'eval_train_samples_per_second': 378.436, 'eval_train_steps_per_second': 6.055, 'epoch': 17.02}
{'loss': 0.0, 'learning_rate': 1.914893617021277e-05, 'epoch': 19.15}
{'eval_eval_loss': 6.569704851244751e-07, 'eval_eval_token_acc': 0.942013925894348, 'eval_eval_seq_acc': 0.0, 'eval_eval_move_acc': 1.0, 'eval_eval_mod4_acc': 1.0, 'eval_eval_runtime': 5.2639, 'eval_eval_samples_per_second': 379.946, 'eval_eval_steps_per_second': 6.079, 'epoch': 19.15}
{'eval_train_loss': 5.781808454230486e-07, 'eval_train_token_acc': 0.9452161407664326, 'eval_train_seq_acc': 0.0, 'eval_train_move_acc': 1.0, 'eval_train_mod4_acc': 1.0, 'eval_train_runtime': 2.6467, 'eval_train_samples_per_second': 377.822, 'eval_train_steps_per_second': 6.045, 'epoch': 19.15}
{'loss': 0.0, 'learning_rate': 2.1276595744680852e-05, 'epoch': 21.28}
{'eval_eval_loss': 4.570989915464452e-07, 'eval_eval_token_acc': 0.942013925894348, 'eval_eval_seq_acc': 0.0, 'eval_eval_move_acc': 1.0, 'eval_eval_mod4_acc': 1.0, 'eval_eval_runtime': 5.2672, 'eval_eval_samples_per_second': 379.706, 'eval_eval_steps_per_second': 6.075, 'epoch': 21.28}
{'eval_train_loss': 4.000860371888848e-07, 'eval_train_token_acc': 0.9452161407664326, 'eval_train_seq_acc': 0.0, 'eval_train_move_acc': 1.0, 'eval_train_mod4_acc': 1.0, 'eval_train_runtime': 2.6511, 'eval_train_samples_per_second': 377.201, 'eval_train_steps_per_second': 6.035, 'epoch': 21.28}
{'loss': 0.0, 'learning_rate': 2.340425531914894e-05, 'epoch': 23.4}
{'eval_eval_loss': 3.4197313425465836e-07, 'eval_eval_token_acc': 0.942013925894348, 'eval_eval_seq_acc': 0.0, 'eval_eval_move_acc': 1.0, 'eval_eval_mod4_acc': 1.0, 'eval_eval_runtime': 5.2722, 'eval_eval_samples_per_second': 379.35, 'eval_eval_steps_per_second': 6.07, 'epoch': 23.4}
{'eval_train_loss': 3.030921504887374e-07, 'eval_train_token_acc': 0.9452161407664326, 'eval_train_seq_acc': 0.0, 'eval_train_move_acc': 1.0, 'eval_train_mod4_acc': 1.0, 'eval_train_runtime': 2.6549, 'eval_train_samples_per_second': 376.662, 'eval_train_steps_per_second': 6.027, 'epoch': 23.4}
{'loss': 0.0, 'learning_rate': 2.5531914893617022e-05, 'epoch': 25.53}
{'eval_eval_loss': 2.537250338718877e-07, 'eval_eval_token_acc': 0.942013925894348, 'eval_eval_seq_acc': 0.0, 'eval_eval_move_acc': 1.0, 'eval_eval_mod4_acc': 1.0, 'eval_eval_runtime': 5.2588, 'eval_eval_samples_per_second': 380.312, 'eval_eval_steps_per_second': 6.085, 'epoch': 25.53}
{'eval_train_loss': 2.240269338926737e-07, 'eval_train_token_acc': 0.9452161407664326, 'eval_train_seq_acc': 0.0, 'eval_train_move_acc': 1.0, 'eval_train_mod4_acc': 1.0, 'eval_train_runtime': 2.6417, 'eval_train_samples_per_second': 378.545, 'eval_train_steps_per_second': 6.057, 'epoch': 25.53}
{'loss': 0.0, 'learning_rate': 2.765957446808511e-05, 'epoch': 27.66}
{'eval_eval_loss': 2.05447392431779e-07, 'eval_eval_token_acc': 0.942013925894348, 'eval_eval_seq_acc': 0.0, 'eval_eval_move_acc': 1.0, 'eval_eval_mod4_acc': 1.0, 'eval_eval_runtime': 5.2503, 'eval_eval_samples_per_second': 380.933, 'eval_eval_steps_per_second': 6.095, 'epoch': 27.66}
{'eval_train_loss': 1.8469113172159268e-07, 'eval_train_token_acc': 0.9452161407664326, 'eval_train_seq_acc': 0.0, 'eval_train_move_acc': 1.0, 'eval_train_mod4_acc': 1.0, 'eval_train_runtime': 2.6457, 'eval_train_samples_per_second': 377.979, 'eval_train_steps_per_second': 6.048, 'epoch': 27.66}
{'loss': 0.0, 'learning_rate': 2.9787234042553192e-05, 'epoch': 29.79}
{'eval_eval_loss': 1.6730199092762632e-07, 'eval_eval_token_acc': 0.942013925894348, 'eval_eval_seq_acc': 0.0, 'eval_eval_move_acc': 1.0, 'eval_eval_mod4_acc': 1.0, 'eval_eval_runtime': 5.2699, 'eval_eval_samples_per_second': 379.512, 'eval_eval_steps_per_second': 6.072, 'epoch': 29.79}
{'eval_train_loss': 1.5393797525575792e-07, 'eval_train_token_acc': 0.9452161407664326, 'eval_train_seq_acc': 0.0, 'eval_train_move_acc': 1.0, 'eval_train_mod4_acc': 1.0, 'eval_train_runtime': 2.6504, 'eval_train_samples_per_second': 377.303, 'eval_train_steps_per_second': 6.037, 'epoch': 29.79}
{'loss': 0.0, 'learning_rate': 2.9996276899008885e-05, 'epoch': 31.91}
{'eval_eval_loss': 1.149724369042815e-07, 'eval_eval_token_acc': 0.942013925894348, 'eval_eval_seq_acc': 0.0, 'eval_eval_move_acc': 1.0, 'eval_eval_mod4_acc': 1.0, 'eval_eval_runtime': 5.2803, 'eval_eval_samples_per_second': 378.766, 'eval_eval_steps_per_second': 6.06, 'epoch': 31.91}
{'eval_train_loss': 9.800550770933114e-08, 'eval_train_token_acc': 0.9452161407664326, 'eval_train_seq_acc': 0.0, 'eval_train_move_acc': 1.0, 'eval_train_mod4_acc': 1.0, 'eval_train_runtime': 2.6523, 'eval_train_samples_per_second': 377.032, 'eval_train_steps_per_second': 6.033, 'epoch': 31.91}
{'loss': 0.0, 'learning_rate': 2.9983409293062717e-05, 'epoch': 34.04}
{'eval_eval_loss': 9.624235275396131e-08, 'eval_eval_token_acc': 0.942013925894348, 'eval_eval_seq_acc': 0.0, 'eval_eval_move_acc': 1.0, 'eval_eval_mod4_acc': 1.0, 'eval_eval_runtime': 5.2825, 'eval_eval_samples_per_second': 378.606, 'eval_eval_steps_per_second': 6.058, 'epoch': 34.04}
{'eval_train_loss': 8.355693381645324e-08, 'eval_train_token_acc': 0.9452161407664326, 'eval_train_seq_acc': 0.0, 'eval_train_move_acc': 1.0, 'eval_train_mod4_acc': 1.0, 'eval_train_runtime': 2.6572, 'eval_train_samples_per_second': 376.342, 'eval_train_steps_per_second': 6.021, 'epoch': 34.04}
{'loss': 0.0, 'learning_rate': 2.9961359101988298e-05, 'epoch': 36.17}
{'eval_eval_loss': 8.325338285430917e-08, 'eval_eval_token_acc': 0.942013925894348, 'eval_eval_seq_acc': 0.0, 'eval_eval_move_acc': 1.0, 'eval_eval_mod4_acc': 1.0, 'eval_eval_runtime': 5.2838, 'eval_eval_samples_per_second': 378.516, 'eval_eval_steps_per_second': 6.056, 'epoch': 36.17}
{'eval_train_loss': 7.446988803394561e-08, 'eval_train_token_acc': 0.9452161407664326, 'eval_train_seq_acc': 0.0, 'eval_train_move_acc': 1.0, 'eval_train_mod4_acc': 1.0, 'eval_train_runtime': 2.6502, 'eval_train_samples_per_second': 377.336, 'eval_train_steps_per_second': 6.037, 'epoch': 36.17}
{'loss': 0.0, 'learning_rate': 2.9930139839249263e-05, 'epoch': 38.3}
{'eval_eval_loss': 7.784749556094539e-08, 'eval_eval_token_acc': 0.942013925894348, 'eval_eval_seq_acc': 0.0, 'eval_eval_move_acc': 1.0, 'eval_eval_mod4_acc': 1.0, 'eval_eval_runtime': 5.279, 'eval_eval_samples_per_second': 378.859, 'eval_eval_steps_per_second': 6.062, 'epoch': 38.3}
{'eval_train_loss': 7.223736275818737e-08, 'eval_train_token_acc': 0.9452161407664326, 'eval_train_seq_acc': 0.0, 'eval_train_move_acc': 1.0, 'eval_train_mod4_acc': 1.0, 'eval_train_runtime': 2.6535, 'eval_train_samples_per_second': 376.854, 'eval_train_steps_per_second': 6.03, 'epoch': 38.3}
{'loss': 0.0, 'learning_rate': 2.98897706375765e-05, 'epoch': 40.43}
{'eval_eval_loss': 6.541446850860666e-08, 'eval_eval_token_acc': 0.942013925894348, 'eval_eval_seq_acc': 0.0, 'eval_eval_move_acc': 1.0, 'eval_eval_mod4_acc': 1.0, 'eval_eval_runtime': 5.2952, 'eval_eval_samples_per_second': 377.699, 'eval_eval_steps_per_second': 6.043, 'epoch': 40.43}
{'eval_train_loss': 6.235127614218072e-08, 'eval_train_token_acc': 0.9452161407664326, 'eval_train_seq_acc': 0.0, 'eval_train_move_acc': 1.0, 'eval_train_mod4_acc': 1.0, 'eval_train_runtime': 2.6567, 'eval_train_samples_per_second': 376.407, 'eval_train_steps_per_second': 6.023, 'epoch': 40.43}
  Pushed checkpoint step-10000 to ijinyu1113/ft_mr3_410m_seed4_purenum
{'loss': 0.0, 'learning_rate': 2.9840276237242647e-05, 'epoch': 42.55}
{'eval_eval_loss': 6.234334648524964e-08, 'eval_eval_token_acc': 0.942013925894348, 'eval_eval_seq_acc': 0.0, 'eval_eval_move_acc': 1.0, 'eval_eval_mod4_acc': 1.0, 'eval_eval_runtime': 5.2891, 'eval_eval_samples_per_second': 378.138, 'eval_eval_steps_per_second': 6.05, 'epoch': 42.55}
{'eval_train_loss': 6.090440507477979e-08, 'eval_train_token_acc': 0.9452161407664326, 'eval_train_seq_acc': 0.0, 'eval_train_move_acc': 1.0, 'eval_train_mod4_acc': 1.0, 'eval_train_runtime': 2.6567, 'eval_train_samples_per_second': 376.401, 'eval_train_steps_per_second': 6.022, 'epoch': 42.55}
{'loss': 0.0, 'learning_rate': 2.9781686970899998e-05, 'epoch': 44.68}
{'eval_eval_loss': 5.804899672057218e-08, 'eval_eval_token_acc': 0.942013925894348, 'eval_eval_seq_acc': 0.0, 'eval_eval_move_acc': 1.0, 'eval_eval_mod4_acc': 1.0, 'eval_eval_runtime': 5.273, 'eval_eval_samples_per_second': 379.292, 'eval_eval_steps_per_second': 6.069, 'epoch': 44.68}
{'eval_train_loss': 5.745286202341049e-08, 'eval_train_token_acc': 0.9452161407664326, 'eval_train_seq_acc': 0.0, 'eval_train_move_acc': 1.0, 'eval_train_mod4_acc': 1.0, 'eval_train_runtime': 2.6521, 'eval_train_samples_per_second': 377.061, 'eval_train_steps_per_second': 6.033, 'epoch': 44.68}
{'loss': 0.0, 'learning_rate': 2.971403874499117e-05, 'epoch': 46.81}
{'eval_eval_loss': 5.876217201716827e-08, 'eval_eval_token_acc': 0.942013925894348, 'eval_eval_seq_acc': 0.0, 'eval_eval_move_acc': 1.0, 'eval_eval_mod4_acc': 1.0, 'eval_eval_runtime': 5.2524, 'eval_eval_samples_per_second': 380.78, 'eval_eval_steps_per_second': 6.092, 'epoch': 46.81}
{'eval_train_loss': 5.8952895898300994e-08, 'eval_train_token_acc': 0.9452161407664326, 'eval_train_seq_acc': 0.0, 'eval_train_move_acc': 1.0, 'eval_train_mod4_acc': 1.0, 'eval_train_runtime': 2.6455, 'eval_train_samples_per_second': 377.994, 'eval_train_steps_per_second': 6.048, 'epoch': 46.81}
{'loss': 0.0, 'learning_rate': 2.963737301774379e-05, 'epoch': 48.94}
{'eval_eval_loss': 3.588575481217049e-08, 'eval_eval_token_acc': 0.942013925894348, 'eval_eval_seq_acc': 0.0, 'eval_eval_move_acc': 1.0, 'eval_eval_mod4_acc': 1.0, 'eval_eval_runtime': 5.2657, 'eval_eval_samples_per_second': 379.818, 'eval_eval_steps_per_second': 6.077, 'epoch': 48.94}
{'eval_train_loss': 3.3440180402521946e-08, 'eval_train_token_acc': 0.9452161407664326, 'eval_train_seq_acc': 0.0, 'eval_train_move_acc': 1.0, 'eval_train_mod4_acc': 1.0, 'eval_train_runtime': 2.6519, 'eval_train_samples_per_second': 377.094, 'eval_train_steps_per_second': 6.033, 'epoch': 48.94}
{'loss': 0.0, 'learning_rate': 2.955173677376284e-05, 'epoch': 51.06}
{'eval_eval_loss': 3.637390122435136e-08, 'eval_eval_token_acc': 0.942013925894348, 'eval_eval_seq_acc': 0.0, 'eval_eval_move_acc': 1.0, 'eval_eval_mod4_acc': 1.0, 'eval_eval_runtime': 5.2788, 'eval_eval_samples_per_second': 378.871, 'eval_eval_steps_per_second': 6.062, 'epoch': 51.06}
{'eval_train_loss': 3.463011211124467e-08, 'eval_train_token_acc': 0.9452161407664326, 'eval_train_seq_acc': 0.0, 'eval_train_move_acc': 1.0, 'eval_train_mod4_acc': 1.0, 'eval_train_runtime': 2.6528, 'eval_train_samples_per_second': 376.967, 'eval_train_steps_per_second': 6.031, 'epoch': 51.06}
{'loss': 0.0, 'learning_rate': 2.9457182495236116e-05, 'epoch': 53.19}
{'eval_eval_loss': 3.7253840901030344e-08, 'eval_eval_token_acc': 0.942013925894348, 'eval_eval_seq_acc': 0.0, 'eval_eval_move_acc': 1.0, 'eval_eval_mod4_acc': 1.0, 'eval_eval_runtime': 5.3913, 'eval_eval_samples_per_second': 370.967, 'eval_eval_steps_per_second': 5.935, 'epoch': 53.19}
{'eval_train_loss': 3.586727004289969e-08, 'eval_train_token_acc': 0.9452161407664326, 'eval_train_seq_acc': 0.0, 'eval_train_move_acc': 1.0, 'eval_train_mod4_acc': 1.0, 'eval_train_runtime': 2.6612, 'eval_train_samples_per_second': 375.774, 'eval_train_steps_per_second': 6.012, 'epoch': 53.19}
{'loss': 0.0, 'learning_rate': 2.9353768129770526e-05, 'epoch': 55.32}
{'eval_eval_loss': 5.514706558074067e-08, 'eval_eval_token_acc': 0.942013925894348, 'eval_eval_seq_acc': 0.0, 'eval_eval_move_acc': 1.0, 'eval_eval_mod4_acc': 1.0, 'eval_eval_runtime': 5.2544, 'eval_eval_samples_per_second': 380.632, 'eval_eval_steps_per_second': 6.09, 'epoch': 55.32}
{'eval_train_loss': 5.564463378959772e-08, 'eval_train_token_acc': 0.9452161407664326, 'eval_train_seq_acc': 0.0, 'eval_train_move_acc': 1.0, 'eval_train_mod4_acc': 1.0, 'eval_train_runtime': 2.6415, 'eval_train_samples_per_second': 378.572, 'eval_train_steps_per_second': 6.057, 'epoch': 55.32}
{'loss': 0.0, 'learning_rate': 2.9241557054878875e-05, 'epoch': 57.45}
{'eval_eval_loss': 3.0156606101172656e-08, 'eval_eval_token_acc': 0.942013925894348, 'eval_eval_seq_acc': 0.0, 'eval_eval_move_acc': 1.0, 'eval_eval_mod4_acc': 1.0, 'eval_eval_runtime': 5.2586, 'eval_eval_samples_per_second': 380.332, 'eval_eval_steps_per_second': 6.085, 'epoch': 57.45}
{'eval_train_loss': 2.8525297679493633e-08, 'eval_train_token_acc': 0.9452161407664326, 'eval_train_seq_acc': 0.0, 'eval_train_move_acc': 1.0, 'eval_train_mod4_acc': 1.0, 'eval_train_runtime': 2.6379, 'eval_train_samples_per_second': 379.096, 'eval_train_steps_per_second': 6.066, 'epoch': 57.45}
{'loss': 0.0, 'learning_rate': 2.9120618039138956e-05, 'epoch': 59.57}
{'eval_eval_loss': 1.4472695930578539e-08, 'eval_eval_token_acc': 0.942013925894348, 'eval_eval_seq_acc': 0.0, 'eval_eval_move_acc': 1.0, 'eval_eval_mod4_acc': 1.0, 'eval_eval_runtime': 5.2618, 'eval_eval_samples_per_second': 380.098, 'eval_eval_steps_per_second': 6.082, 'epoch': 59.57}
{'eval_train_loss': 1.2081944333885986e-08, 'eval_train_token_acc': 0.9452161407664326, 'eval_train_seq_acc': 0.0, 'eval_train_move_acc': 1.0, 'eval_train_mod4_acc': 1.0, 'eval_train_runtime': 2.6443, 'eval_train_samples_per_second': 378.17, 'eval_train_steps_per_second': 6.051, 'epoch': 59.57}
{'loss': 0.0, 'learning_rate': 2.8991025200048707e-05, 'epoch': 61.7}
{'eval_eval_loss': 3.527917513679313e-08, 'eval_eval_token_acc': 0.942013925894348, 'eval_eval_seq_acc': 0.0, 'eval_eval_move_acc': 1.0, 'eval_eval_mod4_acc': 1.0, 'eval_eval_runtime': 5.2632, 'eval_eval_samples_per_second': 379.994, 'eval_eval_steps_per_second': 6.08, 'epoch': 61.7}
{'eval_train_loss': 3.47604718342609e-08, 'eval_train_token_acc': 0.9452161407664326, 'eval_train_seq_acc': 0.0, 'eval_train_move_acc': 1.0, 'eval_train_mod4_acc': 1.0, 'eval_train_runtime': 2.6452, 'eval_train_samples_per_second': 378.049, 'eval_train_steps_per_second': 6.049, 'epoch': 61.7}
{'loss': 0.0, 'learning_rate': 2.8852857958603282e-05, 'epoch': 63.83}
{'eval_eval_loss': 2.2737189908639266e-09, 'eval_eval_token_acc': 0.942013925894348, 'eval_eval_seq_acc': 0.0, 'eval_eval_move_acc': 1.0, 'eval_eval_mod4_acc': 1.0, 'eval_eval_runtime': 5.2516, 'eval_eval_samples_per_second': 380.835, 'eval_eval_steps_per_second': 6.093, 'epoch': 63.83}
{'eval_train_loss': 1.7541169627932618e-09, 'eval_train_token_acc': 0.9452161407664326, 'eval_train_seq_acc': 0.0, 'eval_train_move_acc': 1.0, 'eval_train_mod4_acc': 1.0, 'eval_train_runtime': 2.6433, 'eval_train_samples_per_second': 378.318, 'eval_train_steps_per_second': 6.053, 'epoch': 63.83}
{'loss': 0.0, 'learning_rate': 2.87062009906219e-05, 'epoch': 65.96}
{'eval_eval_loss': 2.171694823971393e-09, 'eval_eval_token_acc': 0.942013925894348, 'eval_eval_seq_acc': 0.0, 'eval_eval_move_acc': 1.0, 'eval_eval_mod4_acc': 1.0, 'eval_eval_runtime': 5.264, 'eval_eval_samples_per_second': 379.942, 'eval_eval_steps_per_second': 6.079, 'epoch': 65.96}
{'eval_train_loss': 1.7638430716004905e-09, 'eval_train_token_acc': 0.9452161407664326, 'eval_train_seq_acc': 0.0, 'eval_train_move_acc': 1.0, 'eval_train_mod4_acc': 1.0, 'eval_train_runtime': 2.6674, 'eval_train_samples_per_second': 374.894, 'eval_train_steps_per_second': 5.998, 'epoch': 65.96}
{'loss': 0.0, 'learning_rate': 2.8551144174854237e-05, 'epoch': 68.09}
{'eval_eval_loss': 1.8566937987074539e-09, 'eval_eval_token_acc': 0.942013925894348, 'eval_eval_seq_acc': 0.0, 'eval_eval_move_acc': 1.0, 'eval_eval_mod4_acc': 1.0, 'eval_eval_runtime': 5.272, 'eval_eval_samples_per_second': 379.363, 'eval_eval_steps_per_second': 6.07, 'epoch': 68.09}
{'eval_train_loss': 1.4846618379138476e-09, 'eval_train_token_acc': 0.9452161407664326, 'eval_train_seq_acc': 0.0, 'eval_train_move_acc': 1.0, 'eval_train_mod4_acc': 1.0, 'eval_train_runtime': 2.6502, 'eval_train_samples_per_second': 377.324, 'eval_train_steps_per_second': 6.037, 'epoch': 68.09}
{'loss': 0.0, 'learning_rate': 2.838778253789822e-05, 'epoch': 70.21}
{'eval_eval_loss': 2.3520534409016136e-09, 'eval_eval_token_acc': 0.942013925894348, 'eval_eval_seq_acc': 0.0, 'eval_eval_move_acc': 1.0, 'eval_eval_mod4_acc': 1.0, 'eval_eval_runtime': 5.262, 'eval_eval_samples_per_second': 380.085, 'eval_eval_steps_per_second': 6.081, 'epoch': 70.21}
{'eval_train_loss': 1.7997069390318643e-09, 'eval_train_token_acc': 0.9452161407664326, 'eval_train_seq_acc': 0.0, 'eval_train_move_acc': 1.0, 'eval_train_mod4_acc': 1.0, 'eval_train_runtime': 2.6455, 'eval_train_samples_per_second': 377.998, 'eval_train_steps_per_second': 6.048, 'epoch': 70.21}
{'loss': 0.0, 'learning_rate': 2.8216216195962963e-05, 'epoch': 72.34}
{'eval_eval_loss': 9.880218421187692e-09, 'eval_eval_token_acc': 0.942013925894348, 'eval_eval_seq_acc': 0.0, 'eval_eval_move_acc': 1.0, 'eval_eval_mod4_acc': 1.0, 'eval_eval_runtime': 5.2605, 'eval_eval_samples_per_second': 380.192, 'eval_eval_steps_per_second': 6.083, 'epoch': 72.34}
{'eval_train_loss': 9.144264900839971e-09, 'eval_train_token_acc': 0.9452161407664326, 'eval_train_seq_acc': 0.0, 'eval_train_move_acc': 1.0, 'eval_train_mod4_acc': 1.0, 'eval_train_runtime': 2.6478, 'eval_train_samples_per_second': 377.667, 'eval_train_steps_per_second': 6.043, 'epoch': 72.34}
{'loss': 0.0, 'learning_rate': 2.8036550293512534e-05, 'epoch': 74.47}
{'eval_eval_loss': 2.489739303612737e-09, 'eval_eval_token_acc': 0.942013925894348, 'eval_eval_seq_acc': 0.0, 'eval_eval_move_acc': 1.0, 'eval_eval_mod4_acc': 1.0, 'eval_eval_runtime': 5.2731, 'eval_eval_samples_per_second': 379.284, 'eval_eval_steps_per_second': 6.069, 'epoch': 74.47}
{'eval_train_loss': 2.3405026805534135e-09, 'eval_train_token_acc': 0.9452161407664326, 'eval_train_seq_acc': 0.0, 'eval_train_move_acc': 1.0, 'eval_train_mod4_acc': 1.0, 'eval_train_runtime': 2.6612, 'eval_train_samples_per_second': 375.769, 'eval_train_steps_per_second': 6.012, 'epoch': 74.47}
{'loss': 0.0, 'learning_rate': 2.7848894938828134e-05, 'epoch': 76.6}
{'eval_eval_loss': 1.6333561170256417e-09, 'eval_eval_token_acc': 0.942013925894348, 'eval_eval_seq_acc': 0.0, 'eval_eval_move_acc': 1.0, 'eval_eval_mod4_acc': 1.0, 'eval_eval_runtime': 5.2583, 'eval_eval_samples_per_second': 380.353, 'eval_eval_steps_per_second': 6.086, 'epoch': 76.6}
{'eval_train_loss': 1.2549462580224713e-09, 'eval_train_token_acc': 0.9452161407664326, 'eval_train_seq_acc': 0.0, 'eval_train_move_acc': 1.0, 'eval_train_mod4_acc': 1.0, 'eval_train_runtime': 2.6426, 'eval_train_samples_per_second': 378.411, 'eval_train_steps_per_second': 6.055, 'epoch': 76.6}
{'loss': 0.0, 'learning_rate': 2.7653365136528246e-05, 'epoch': 78.72}
{'eval_eval_loss': 2.0781345533293916e-09, 'eval_eval_token_acc': 0.942013925894348, 'eval_eval_seq_acc': 0.0, 'eval_eval_move_acc': 1.0, 'eval_eval_mod4_acc': 1.0, 'eval_eval_runtime': 5.2693, 'eval_eval_samples_per_second': 379.559, 'eval_eval_steps_per_second': 6.073, 'epoch': 78.72}
{'eval_train_loss': 1.6883452413907207e-09, 'eval_train_token_acc': 0.9452161407664326, 'eval_train_seq_acc': 0.0, 'eval_train_move_acc': 1.0, 'eval_train_mod4_acc': 1.0, 'eval_train_runtime': 2.6443, 'eval_train_samples_per_second': 378.179, 'eval_train_steps_per_second': 6.051, 'epoch': 78.72}
{'loss': 0.0, 'learning_rate': 2.7450080717087995e-05, 'epoch': 80.85}
{'eval_eval_loss': 2.085066785895151e-09, 'eval_eval_token_acc': 0.942013925894348, 'eval_eval_seq_acc': 0.0, 'eval_eval_move_acc': 1.0, 'eval_eval_mod4_acc': 1.0, 'eval_eval_runtime': 5.2809, 'eval_eval_samples_per_second': 378.723, 'eval_eval_steps_per_second': 6.06, 'epoch': 80.85}
{'eval_train_loss': 1.7824630660356888e-09, 'eval_train_token_acc': 0.9452161407664326, 'eval_train_seq_acc': 0.0, 'eval_train_move_acc': 1.0, 'eval_train_mod4_acc': 1.0, 'eval_train_runtime': 2.657, 'eval_train_samples_per_second': 376.361, 'eval_train_steps_per_second': 6.022, 'epoch': 80.85}
{'loss': 0.0, 'learning_rate': 2.7239166263401055e-05, 'epoch': 82.98}
{'eval_eval_loss': 1.7448257283447788e-09, 'eval_eval_token_acc': 0.942013925894348, 'eval_eval_seq_acc': 0.0, 'eval_eval_move_acc': 1.0, 'eval_eval_mod4_acc': 1.0, 'eval_eval_runtime': 5.2581, 'eval_eval_samples_per_second': 380.363, 'eval_eval_steps_per_second': 6.086, 'epoch': 82.98}
{'eval_train_loss': 1.4786634139341004e-09, 'eval_train_token_acc': 0.9452161407664326, 'eval_train_seq_acc': 0.0, 'eval_train_move_acc': 1.0, 'eval_train_mod4_acc': 1.0, 'eval_train_runtime': 2.6421, 'eval_train_samples_per_second': 378.493, 'eval_train_steps_per_second': 6.056, 'epoch': 82.98}
  Pushed checkpoint step-20000 to ijinyu1113/ft_mr3_410m_seed4_purenum
{'loss': 0.0, 'learning_rate': 2.7020751034428975e-05, 'epoch': 85.11}
{'eval_eval_loss': 3.5328908687404237e-09, 'eval_eval_token_acc': 0.942013925894348, 'eval_eval_seq_acc': 0.0, 'eval_eval_move_acc': 1.0, 'eval_eval_mod4_acc': 1.0, 'eval_eval_runtime': 5.2592, 'eval_eval_samples_per_second': 380.288, 'eval_eval_steps_per_second': 6.085, 'epoch': 85.11}
{'eval_train_loss': 3.1349483009535106e-09, 'eval_train_token_acc': 0.9452161407664326, 'eval_train_seq_acc': 0.0, 'eval_train_move_acc': 1.0, 'eval_train_mod4_acc': 1.0, 'eval_train_runtime': 2.6452, 'eval_train_samples_per_second': 378.042, 'eval_train_steps_per_second': 6.049, 'epoch': 85.11}
{'loss': 0.0, 'learning_rate': 2.6794968885984824e-05, 'epoch': 87.23}
{'eval_eval_loss': 1.7380907824104952e-09, 'eval_eval_token_acc': 0.942013925894348, 'eval_eval_seq_acc': 0.0, 'eval_eval_move_acc': 1.0, 'eval_eval_mod4_acc': 1.0, 'eval_eval_runtime': 5.2906, 'eval_eval_samples_per_second': 378.027, 'eval_eval_steps_per_second': 6.048, 'epoch': 87.23}
{'eval_train_loss': 1.2964055384756534e-09, 'eval_train_token_acc': 0.9452161407664326, 'eval_train_seq_acc': 0.0, 'eval_train_move_acc': 1.0, 'eval_train_mod4_acc': 1.0, 'eval_train_runtime': 2.6483, 'eval_train_samples_per_second': 377.596, 'eval_train_steps_per_second': 6.042, 'epoch': 87.23}
{'loss': 0.0, 'learning_rate': 2.6561958188699604e-05, 'epoch': 89.36}
{'eval_eval_loss': 1.3022960487774071e-09, 'eval_eval_token_acc': 0.942013925894348, 'eval_eval_seq_acc': 0.0, 'eval_eval_move_acc': 1.0, 'eval_eval_mod4_acc': 1.0, 'eval_eval_runtime': 5.2725, 'eval_eval_samples_per_second': 379.327, 'eval_eval_steps_per_second': 6.069, 'epoch': 89.36}
{'eval_train_loss': 9.173584669674995e-10, 'eval_train_token_acc': 0.9452161407664326, 'eval_train_seq_acc': 0.0, 'eval_train_move_acc': 1.0, 'eval_train_mod4_acc': 1.0, 'eval_train_runtime': 2.6526, 'eval_train_samples_per_second': 376.984, 'eval_train_steps_per_second': 6.032, 'epoch': 89.36}
{'loss': 0.0, 'learning_rate': 2.63218617432218e-05, 'epoch': 91.49}
{'eval_eval_loss': 1.1552749867860257e-09, 'eval_eval_token_acc': 0.942013925894348, 'eval_eval_seq_acc': 0.0, 'eval_eval_move_acc': 1.0, 'eval_eval_mod4_acc': 1.0, 'eval_eval_runtime': 5.258, 'eval_eval_samples_per_second': 380.37, 'eval_eval_steps_per_second': 6.086, 'epoch': 91.49}
{'eval_train_loss': 1.010636241360885e-09, 'eval_train_token_acc': 0.9452161407664326, 'eval_train_seq_acc': 0.0, 'eval_train_move_acc': 1.0, 'eval_train_mod4_acc': 1.0, 'eval_train_runtime': 2.6449, 'eval_train_samples_per_second': 378.089, 'eval_train_steps_per_second': 6.049, 'epoch': 91.49}
{'loss': 0.0, 'learning_rate': 2.6074826692701983e-05, 'epoch': 93.62}
{'eval_eval_loss': 5.191590268793789e-09, 'eval_eval_token_acc': 0.942013925894348, 'eval_eval_seq_acc': 0.0, 'eval_eval_move_acc': 1.0, 'eval_eval_mod4_acc': 1.0, 'eval_eval_runtime': 5.2579, 'eval_eval_samples_per_second': 380.378, 'eval_eval_steps_per_second': 6.086, 'epoch': 93.62}
{'eval_train_loss': 4.640209994022371e-09, 'eval_train_token_acc': 0.9452161407664326, 'eval_train_seq_acc': 0.0, 'eval_train_move_acc': 1.0, 'eval_train_mod4_acc': 1.0, 'eval_train_runtime': 2.6402, 'eval_train_samples_per_second': 378.76, 'eval_train_steps_per_second': 6.06, 'epoch': 93.62}
{'loss': 0.0, 'learning_rate': 2.5821004432616087e-05, 'epoch': 95.74}
{'eval_eval_loss': 1.4282895977046906e-09, 'eval_eval_token_acc': 0.942013925894348, 'eval_eval_seq_acc': 0.0, 'eval_eval_move_acc': 1.0, 'eval_eval_mod4_acc': 1.0, 'eval_eval_runtime': 5.2545, 'eval_eval_samples_per_second': 380.624, 'eval_eval_steps_per_second': 6.09, 'epoch': 95.74}
{'eval_train_loss': 1.2910214008954313e-09, 'eval_train_token_acc': 0.9452161407664326, 'eval_train_seq_acc': 0.0, 'eval_train_move_acc': 1.0, 'eval_train_mod4_acc': 1.0, 'eval_train_runtime': 2.6426, 'eval_train_samples_per_second': 378.415, 'eval_train_steps_per_second': 6.055, 'epoch': 95.74}
{'loss': 0.0, 'learning_rate': 2.5560550517982677e-05, 'epoch': 97.87}
{'eval_eval_loss': 1.0317130483272763e-09, 'eval_eval_token_acc': 0.942013925894348, 'eval_eval_seq_acc': 0.0, 'eval_eval_move_acc': 1.0, 'eval_eval_mod4_acc': 1.0, 'eval_eval_runtime': 5.2504, 'eval_eval_samples_per_second': 380.923, 'eval_eval_steps_per_second': 6.095, 'epoch': 97.87}
{'eval_train_loss': 8.544182583669624e-10, 'eval_train_token_acc': 0.9452161407664326, 'eval_train_seq_acc': 0.0, 'eval_train_move_acc': 1.0, 'eval_train_mod4_acc': 1.0, 'eval_train_runtime': 2.6404, 'eval_train_samples_per_second': 378.727, 'eval_train_steps_per_second': 6.06, 'epoch': 97.87}
{'loss': 0.0, 'learning_rate': 2.5293624568031008e-05, 'epoch': 100.0}
{'eval_eval_loss': 1.2885257305583764e-09, 'eval_eval_token_acc': 0.942013925894348, 'eval_eval_seq_acc': 0.0, 'eval_eval_move_acc': 1.0, 'eval_eval_mod4_acc': 1.0, 'eval_eval_runtime': 5.261, 'eval_eval_samples_per_second': 380.153, 'eval_eval_steps_per_second': 6.082, 'epoch': 100.0}
{'eval_train_loss': 1.1336994676369727e-09, 'eval_train_token_acc': 0.9452161407664326, 'eval_train_seq_acc': 0.0, 'eval_train_move_acc': 1.0, 'eval_train_mod4_acc': 1.0, 'eval_train_runtime': 2.6499, 'eval_train_samples_per_second': 377.375, 'eval_train_steps_per_second': 6.038, 'epoch': 100.0}
{'loss': 0.0, 'learning_rate': 2.5020390168378374e-05, 'epoch': 102.13}
{'eval_eval_loss': 2.7514248657212192e-09, 'eval_eval_token_acc': 0.942013925894348, 'eval_eval_seq_acc': 0.0, 'eval_eval_move_acc': 1.0, 'eval_eval_mod4_acc': 1.0, 'eval_eval_runtime': 5.2614, 'eval_eval_samples_per_second': 380.129, 'eval_eval_steps_per_second': 6.082, 'epoch': 102.13}
{'eval_train_loss': 2.5419877314192263e-09, 'eval_train_token_acc': 0.9452161407664326, 'eval_train_seq_acc': 0.0, 'eval_train_move_acc': 1.0, 'eval_train_mod4_acc': 1.0, 'eval_train_runtime': 2.6377, 'eval_train_samples_per_second': 379.116, 'eval_train_steps_per_second': 6.066, 'epoch': 102.13}
{'loss': 0.0, 'learning_rate': 2.4741014770776632e-05, 'epoch': 104.26}
{'eval_eval_loss': 1.86306547966808e-09, 'eval_eval_token_acc': 0.942013925894348, 'eval_eval_seq_acc': 0.0, 'eval_eval_move_acc': 1.0, 'eval_eval_mod4_acc': 1.0, 'eval_eval_runtime': 5.2526, 'eval_eval_samples_per_second': 380.764, 'eval_eval_steps_per_second': 6.092, 'epoch': 104.26}
{'eval_train_loss': 1.6295791382958669e-09, 'eval_train_token_acc': 0.9452161407664326, 'eval_train_seq_acc': 0.0, 'eval_train_move_acc': 1.0, 'eval_train_mod4_acc': 1.0, 'eval_train_runtime': 2.6382, 'eval_train_samples_per_second': 379.047, 'eval_train_steps_per_second': 6.065, 'epoch': 104.26}
{'loss': 0.0, 'learning_rate': 2.445566959048934e-05, 'epoch': 106.38}
{'eval_eval_loss': 1.3352293715129804e-09, 'eval_eval_token_acc': 0.942013925894348, 'eval_eval_seq_acc': 0.0, 'eval_eval_move_acc': 1.0, 'eval_eval_mod4_acc': 1.0, 'eval_eval_runtime': 5.2509, 'eval_eval_samples_per_second': 380.89, 'eval_eval_steps_per_second': 6.094, 'epoch': 106.38}
{'eval_train_loss': 1.0733194333312213e-09, 'eval_train_token_acc': 0.9452161407664326, 'eval_train_seq_acc': 0.0, 'eval_train_move_acc': 1.0, 'eval_train_mod4_acc': 1.0, 'eval_train_runtime': 2.6409, 'eval_train_samples_per_second': 378.655, 'eval_train_steps_per_second': 6.058, 'epoch': 106.38}
{'loss': 0.0, 'learning_rate': 2.416452950136248e-05, 'epoch': 108.51}
{'eval_eval_loss': 1.0057294996812516e-09, 'eval_eval_token_acc': 0.942013925894348, 'eval_eval_seq_acc': 0.0, 'eval_eval_move_acc': 1.0, 'eval_eval_mod4_acc': 1.0, 'eval_eval_runtime': 5.2624, 'eval_eval_samples_per_second': 380.058, 'eval_eval_steps_per_second': 6.081, 'epoch': 108.51}
{'eval_train_loss': 9.002298906324313e-10, 'eval_train_token_acc': 0.9452161407664326, 'eval_train_seq_acc': 0.0, 'eval_train_move_acc': 1.0, 'eval_train_mod4_acc': 1.0, 'eval_train_runtime': 2.6424, 'eval_train_samples_per_second': 378.45, 'eval_train_steps_per_second': 6.055, 'epoch': 108.51}
{'loss': 0.0, 'learning_rate': 2.386777292865297e-05, 'epoch': 110.64}
{'eval_eval_loss': 1.095128077110985e-08, 'eval_eval_token_acc': 0.942013925894348, 'eval_eval_seq_acc': 0.0, 'eval_eval_move_acc': 1.0, 'eval_eval_mod4_acc': 1.0, 'eval_eval_runtime': 5.3067, 'eval_eval_samples_per_second': 376.883, 'eval_eval_steps_per_second': 6.03, 'epoch': 110.64}
{'eval_train_loss': 1.0616087564585541e-08, 'eval_train_token_acc': 0.9452161407664326, 'eval_train_seq_acc': 0.0, 'eval_train_move_acc': 1.0, 'eval_train_mod4_acc': 1.0, 'eval_train_runtime': 2.669, 'eval_train_samples_per_second': 374.673, 'eval_train_steps_per_second': 5.995, 'epoch': 110.64}
{'loss': 0.0, 'learning_rate': 2.3565581739680718e-05, 'epoch': 112.77}
{'eval_eval_loss': 7.944228608280923e-10, 'eval_eval_token_acc': 0.942013925894348, 'eval_eval_seq_acc': 0.0, 'eval_eval_move_acc': 1.0, 'eval_eval_mod4_acc': 1.0, 'eval_eval_runtime': 5.2529, 'eval_eval_samples_per_second': 380.74, 'eval_eval_steps_per_second': 6.092, 'epoch': 112.77}
{'eval_train_loss': 6.760229598334888e-10, 'eval_train_token_acc': 0.9452161407664326, 'eval_train_seq_acc': 0.0, 'eval_train_move_acc': 1.0, 'eval_train_mod4_acc': 1.0, 'eval_train_runtime': 2.6395, 'eval_train_samples_per_second': 378.859, 'eval_train_steps_per_second': 6.062, 'epoch': 112.77}
{'loss': 0.0, 'learning_rate': 2.3258141132371215e-05, 'epoch': 114.89}
{'eval_eval_loss': 6.574477851017946e-09, 'eval_eval_token_acc': 0.942013925894348, 'eval_eval_seq_acc': 0.0, 'eval_eval_move_acc': 1.0, 'eval_eval_mod4_acc': 1.0, 'eval_eval_runtime': 5.2574, 'eval_eval_samples_per_second': 380.419, 'eval_eval_steps_per_second': 6.087, 'epoch': 114.89}
{'eval_train_loss': 5.400944136368935e-09, 'eval_train_token_acc': 0.9452161407664326, 'eval_train_seq_acc': 0.0, 'eval_train_move_acc': 1.0, 'eval_train_mod4_acc': 1.0, 'eval_train_runtime': 2.6451, 'eval_train_samples_per_second': 378.057, 'eval_train_steps_per_second': 6.049, 'epoch': 114.89}
{'loss': 0.0, 'learning_rate': 2.2945639521756923e-05, 'epoch': 117.02}
{'eval_eval_loss': 8.11180234094877e-10, 'eval_eval_token_acc': 0.942013925894348, 'eval_eval_seq_acc': 0.0, 'eval_eval_move_acc': 1.0, 'eval_eval_mod4_acc': 1.0, 'eval_eval_runtime': 5.2361, 'eval_eval_samples_per_second': 381.963, 'eval_eval_steps_per_second': 6.111, 'epoch': 117.02}
{'eval_train_loss': 6.438579114309562e-10, 'eval_train_token_acc': 0.9452161407664326, 'eval_train_seq_acc': 0.0, 'eval_train_move_acc': 1.0, 'eval_train_mod4_acc': 1.0, 'eval_train_runtime': 2.6302, 'eval_train_samples_per_second': 380.206, 'eval_train_steps_per_second': 6.083, 'epoch': 117.02}
{'loss': 0.0, 'learning_rate': 2.2628268424507127e-05, 'epoch': 119.15}
{'eval_eval_loss': 8.152108432746275e-10, 'eval_eval_token_acc': 0.942013925894348, 'eval_eval_seq_acc': 0.0, 'eval_eval_move_acc': 1.0, 'eval_eval_mod4_acc': 1.0, 'eval_eval_runtime': 5.2608, 'eval_eval_samples_per_second': 380.171, 'eval_eval_steps_per_second': 6.083, 'epoch': 119.15}
{'eval_train_loss': 7.228275200610312e-10, 'eval_train_token_acc': 0.9452161407664326, 'eval_train_seq_acc': 0.0, 'eval_train_move_acc': 1.0, 'eval_train_mod4_acc': 1.0, 'eval_train_runtime': 2.6418, 'eval_train_samples_per_second': 378.532, 'eval_train_steps_per_second': 6.057, 'epoch': 119.15}
{'loss': 0.0, 'learning_rate': 2.2306222341556868e-05, 'epoch': 121.28}
{'eval_eval_loss': 1.146874151203292e-09, 'eval_eval_token_acc': 0.942013925894348, 'eval_eval_seq_acc': 0.0, 'eval_eval_move_acc': 1.0, 'eval_eval_mod4_acc': 1.0, 'eval_eval_runtime': 5.2537, 'eval_eval_samples_per_second': 380.683, 'eval_eval_steps_per_second': 6.091, 'epoch': 121.28}
{'eval_train_loss': 1.000780680548985e-09, 'eval_train_token_acc': 0.9452161407664326, 'eval_train_seq_acc': 0.0, 'eval_train_move_acc': 1.0, 'eval_train_mod4_acc': 1.0, 'eval_train_runtime': 2.6522, 'eval_train_samples_per_second': 377.049, 'eval_train_steps_per_second': 6.033, 'epoch': 121.28}
{'loss': 0.0, 'learning_rate': 2.197969863890705e-05, 'epoch': 123.4}
{'eval_eval_loss': 1.0972767139350026e-09, 'eval_eval_token_acc': 0.942013925894348, 'eval_eval_seq_acc': 0.0, 'eval_eval_move_acc': 1.0, 'eval_eval_mod4_acc': 1.0, 'eval_eval_runtime': 5.2479, 'eval_eval_samples_per_second': 381.103, 'eval_eval_steps_per_second': 6.098, 'epoch': 123.4}
{'eval_train_loss': 1.0493494961849592e-09, 'eval_train_token_acc': 0.9452161407664326, 'eval_train_seq_acc': 0.0, 'eval_train_move_acc': 1.0, 'eval_train_mod4_acc': 1.0, 'eval_train_runtime': 2.6427, 'eval_train_samples_per_second': 378.405, 'eval_train_steps_per_second': 6.054, 'epoch': 123.4}
{'loss': 0.0, 'learning_rate': 2.1648897426668606e-05, 'epoch': 125.53}
{'eval_eval_loss': 1.438521191055031e-09, 'eval_eval_token_acc': 0.942013925894348, 'eval_eval_seq_acc': 0.0, 'eval_eval_move_acc': 1.0, 'eval_eval_mod4_acc': 1.0, 'eval_eval_runtime': 5.2433, 'eval_eval_samples_per_second': 381.442, 'eval_eval_steps_per_second': 6.103, 'epoch': 125.53}
{'eval_train_loss': 1.3658570940933146e-09, 'eval_train_token_acc': 0.9452161407664326, 'eval_train_seq_acc': 0.0, 'eval_train_move_acc': 1.0, 'eval_train_mod4_acc': 1.0, 'eval_train_runtime': 2.6448, 'eval_train_samples_per_second': 378.099, 'eval_train_steps_per_second': 6.05, 'epoch': 125.53}
  Pushed checkpoint step-30000 to ijinyu1113/ft_mr3_410m_seed4_purenum
{'loss': 0.0, 'learning_rate': 2.1314021436425026e-05, 'epoch': 127.66}
{'eval_eval_loss': 8.122758576867284e-10, 'eval_eval_token_acc': 0.942013925894348, 'eval_eval_seq_acc': 0.0, 'eval_eval_move_acc': 1.0, 'eval_eval_mod4_acc': 1.0, 'eval_eval_runtime': 5.2889, 'eval_eval_samples_per_second': 378.153, 'eval_eval_steps_per_second': 6.05, 'epoch': 127.66}
{'eval_train_loss': 7.508221822050132e-10, 'eval_train_token_acc': 0.9452161407664326, 'eval_train_seq_acc': 0.0, 'eval_train_move_acc': 1.0, 'eval_train_mod4_acc': 1.0, 'eval_train_runtime': 2.6513, 'eval_train_samples_per_second': 377.18, 'eval_train_steps_per_second': 6.035, 'epoch': 127.66}
{'loss': 0.0, 'learning_rate': 2.097527589698823e-05, 'epoch': 129.79}
{'eval_eval_loss': 1.930373860759005e-09, 'eval_eval_token_acc': 0.942013925894348, 'eval_eval_seq_acc': 0.0, 'eval_eval_move_acc': 1.0, 'eval_eval_mod4_acc': 1.0, 'eval_eval_runtime': 5.2522, 'eval_eval_samples_per_second': 380.792, 'eval_eval_steps_per_second': 6.093, 'epoch': 129.79}
{'eval_train_loss': 1.407616245785448e-09, 'eval_train_token_acc': 0.9452161407664326, 'eval_train_seq_acc': 0.0, 'eval_train_move_acc': 1.0, 'eval_train_mod4_acc': 1.0, 'eval_train_runtime': 2.6421, 'eval_train_samples_per_second': 378.493, 'eval_train_steps_per_second': 6.056, 'epoch': 129.79}
{'loss': 0.0, 'learning_rate': 2.063286840862408e-05, 'epoch': 131.91}
{'eval_eval_loss': 1.5440368983377084e-09, 'eval_eval_token_acc': 0.942013925894348, 'eval_eval_seq_acc': 0.0, 'eval_eval_move_acc': 1.0, 'eval_eval_mod4_acc': 1.0, 'eval_eval_runtime': 5.252, 'eval_eval_samples_per_second': 380.809, 'eval_eval_steps_per_second': 6.093, 'epoch': 131.91}
{'eval_train_loss': 1.2858488718237027e-09, 'eval_train_token_acc': 0.9452161407664326, 'eval_train_seq_acc': 0.0, 'eval_train_move_acc': 1.0, 'eval_train_mod4_acc': 1.0, 'eval_train_runtime': 2.644, 'eval_train_samples_per_second': 378.208, 'eval_train_steps_per_second': 6.051, 'epoch': 131.91}
{'loss': 0.0, 'learning_rate': 2.0287008815824495e-05, 'epoch': 134.04}
{'eval_eval_loss': 4.85071816047622e-10, 'eval_eval_token_acc': 0.942013925894348, 'eval_eval_seq_acc': 0.0, 'eval_eval_move_acc': 1.0, 'eval_eval_mod4_acc': 1.0, 'eval_eval_runtime': 5.2351, 'eval_eval_samples_per_second': 382.034, 'eval_eval_steps_per_second': 6.113, 'epoch': 134.04}
{'eval_train_loss': 3.7941388919549013e-10, 'eval_train_token_acc': 0.9452161407664326, 'eval_train_seq_acc': 0.0, 'eval_train_move_acc': 1.0, 'eval_train_mod4_acc': 1.0, 'eval_train_runtime': 2.6341, 'eval_train_samples_per_second': 379.638, 'eval_train_steps_per_second': 6.074, 'epoch': 134.04}
{'loss': 0.0, 'learning_rate': 1.9937909078704247e-05, 'epoch': 136.17}
{'eval_eval_loss': 8.228372427865338e-10, 'eval_eval_token_acc': 0.942013925894348, 'eval_eval_seq_acc': 0.0, 'eval_eval_move_acc': 1.0, 'eval_eval_mod4_acc': 1.0, 'eval_eval_runtime': 5.2491, 'eval_eval_samples_per_second': 381.02, 'eval_eval_steps_per_second': 6.096, 'epoch': 136.17}
{'eval_train_loss': 6.88331780462903e-10, 'eval_train_token_acc': 0.9452161407664326, 'eval_train_seq_acc': 0.0, 'eval_train_move_acc': 1.0, 'eval_train_mod4_acc': 1.0, 'eval_train_runtime': 2.6454, 'eval_train_samples_per_second': 378.021, 'eval_train_steps_per_second': 6.048, 'epoch': 136.17}
{'loss': 0.0, 'learning_rate': 1.958578314310114e-05, 'epoch': 138.3}
{'eval_eval_loss': 1.014000883259314e-09, 'eval_eval_token_acc': 0.942013925894348, 'eval_eval_seq_acc': 0.0, 'eval_eval_move_acc': 1.0, 'eval_eval_mod4_acc': 1.0, 'eval_eval_runtime': 5.25, 'eval_eval_samples_per_second': 380.951, 'eval_eval_steps_per_second': 6.095, 'epoch': 138.3}
{'eval_train_loss': 7.575707283713484e-10, 'eval_train_token_acc': 0.9452161407664326, 'eval_train_seq_acc': 0.0, 'eval_train_move_acc': 1.0, 'eval_train_mod4_acc': 1.0, 'eval_train_runtime': 2.6425, 'eval_train_samples_per_second': 378.423, 'eval_train_steps_per_second': 6.055, 'epoch': 138.3}
{'loss': 0.0, 'learning_rate': 1.923084680945927e-05, 'epoch': 140.43}
{'eval_eval_loss': 9.610909845747528e-10, 'eval_eval_token_acc': 0.942013925894348, 'eval_eval_seq_acc': 0.0, 'eval_eval_move_acc': 1.0, 'eval_eval_mod4_acc': 1.0, 'eval_eval_runtime': 5.2475, 'eval_eval_samples_per_second': 381.135, 'eval_eval_steps_per_second': 6.098, 'epoch': 140.43}
{'eval_train_loss': 8.577077936777755e-10, 'eval_train_token_acc': 0.9452161407664326, 'eval_train_seq_acc': 0.0, 'eval_train_move_acc': 1.0, 'eval_train_mod4_acc': 1.0, 'eval_train_runtime': 2.6407, 'eval_train_samples_per_second': 378.688, 'eval_train_steps_per_second': 6.059, 'epoch': 140.43}
{'loss': 0.0, 'learning_rate': 1.887331760057568e-05, 'epoch': 142.55}
{'eval_eval_loss': 1.02556363401618e-09, 'eval_eval_token_acc': 0.942013925894348, 'eval_eval_seq_acc': 0.0, 'eval_eval_move_acc': 1.0, 'eval_eval_mod4_acc': 1.0, 'eval_eval_runtime': 5.2717, 'eval_eval_samples_per_second': 379.383, 'eval_eval_steps_per_second': 6.07, 'epoch': 142.55}
{'eval_train_loss': 9.26382193178199e-10, 'eval_train_token_acc': 0.9452161407664326, 'eval_train_seq_acc': 0.0, 'eval_train_move_acc': 1.0, 'eval_train_mod4_acc': 1.0, 'eval_train_runtime': 2.6445, 'eval_train_samples_per_second': 378.143, 'eval_train_steps_per_second': 6.05, 'epoch': 142.55}
{'loss': 0.0, 'learning_rate': 1.85134146282915e-05, 'epoch': 144.68}
{'eval_eval_loss': 8.68262961528643e-10, 'eval_eval_token_acc': 0.942013925894348, 'eval_eval_seq_acc': 0.0, 'eval_eval_move_acc': 1.0, 'eval_eval_mod4_acc': 1.0, 'eval_eval_runtime': 5.2463, 'eval_eval_samples_per_second': 381.222, 'eval_eval_steps_per_second': 6.1, 'epoch': 144.68}
{'eval_train_loss': 6.095161597663434e-10, 'eval_train_token_acc': 0.9452161407664326, 'eval_train_seq_acc': 0.0, 'eval_train_move_acc': 1.0, 'eval_train_mod4_acc': 1.0, 'eval_train_runtime': 2.6417, 'eval_train_samples_per_second': 378.547, 'eval_train_steps_per_second': 6.057, 'epoch': 144.68}
{'loss': 0.0, 'learning_rate': 1.8151358459209167e-05, 'epoch': 146.81}
{'eval_eval_loss': 1.0808748340807028e-09, 'eval_eval_token_acc': 0.942013925894348, 'eval_eval_seq_acc': 0.0, 'eval_eval_move_acc': 1.0, 'eval_eval_mod4_acc': 1.0, 'eval_eval_runtime': 5.245, 'eval_eval_samples_per_second': 381.319, 'eval_eval_steps_per_second': 6.101, 'epoch': 146.81}
{'eval_train_loss': 9.97177673767169e-10, 'eval_train_token_acc': 0.9452161407664326, 'eval_train_seq_acc': 0.0, 'eval_train_move_acc': 1.0, 'eval_train_mod4_acc': 1.0, 'eval_train_runtime': 2.65, 'eval_train_samples_per_second': 377.352, 'eval_train_steps_per_second': 6.038, 'epoch': 146.81}
{'loss': 0.0, 'learning_rate': 1.7787370979518197e-05, 'epoch': 148.94}
{'eval_eval_loss': 5.905627653568502e-10, 'eval_eval_token_acc': 0.942013925894348, 'eval_eval_seq_acc': 0.0, 'eval_eval_move_acc': 1.0, 'eval_eval_mod4_acc': 1.0, 'eval_eval_runtime': 5.2566, 'eval_eval_samples_per_second': 380.477, 'eval_eval_steps_per_second': 6.088, 'epoch': 148.94}
{'eval_train_loss': 3.875832432775894e-10, 'eval_train_token_acc': 0.9452161407664326, 'eval_train_seq_acc': 0.0, 'eval_train_move_acc': 1.0, 'eval_train_mod4_acc': 1.0, 'eval_train_runtime': 2.6433, 'eval_train_samples_per_second': 378.311, 'eval_train_steps_per_second': 6.053, 'epoch': 148.94}
{'loss': 0.0, 'learning_rate': 1.742167525901215e-05, 'epoch': 151.06}
{'eval_eval_loss': 5.630568233883082e-10, 'eval_eval_token_acc': 0.942013925894348, 'eval_eval_seq_acc': 0.0, 'eval_eval_move_acc': 1.0, 'eval_eval_mod4_acc': 1.0, 'eval_eval_runtime': 5.2414, 'eval_eval_samples_per_second': 381.576, 'eval_eval_steps_per_second': 6.105, 'epoch': 151.06}
{'eval_train_loss': 4.0172062898413685e-10, 'eval_train_token_acc': 0.9452161407664326, 'eval_train_seq_acc': 0.0, 'eval_train_move_acc': 1.0, 'eval_train_mod4_acc': 1.0, 'eval_train_runtime': 2.6334, 'eval_train_samples_per_second': 379.744, 'eval_train_steps_per_second': 6.076, 'epoch': 151.06}
{'loss': 0.0, 'learning_rate': 1.705449541438028e-05, 'epoch': 153.19}
{'eval_eval_loss': 7.027315951368962e-10, 'eval_eval_token_acc': 0.942013925894348, 'eval_eval_seq_acc': 0.0, 'eval_eval_move_acc': 1.0, 'eval_eval_mod4_acc': 1.0, 'eval_eval_runtime': 5.2383, 'eval_eval_samples_per_second': 381.804, 'eval_eval_steps_per_second': 6.109, 'epoch': 153.19}
{'eval_train_loss': 5.63544544363026e-10, 'eval_train_token_acc': 0.9452161407664326, 'eval_train_seq_acc': 0.0, 'eval_train_move_acc': 1.0, 'eval_train_mod4_acc': 1.0, 'eval_train_runtime': 2.6351, 'eval_train_samples_per_second': 379.485, 'eval_train_steps_per_second': 6.072, 'epoch': 153.19}
{'loss': 0.0, 'learning_rate': 1.6686056471857595e-05, 'epoch': 155.32}
{'eval_eval_loss': 6.729803936345036e-10, 'eval_eval_token_acc': 0.942013925894348, 'eval_eval_seq_acc': 0.0, 'eval_eval_move_acc': 1.0, 'eval_eval_mod4_acc': 1.0, 'eval_eval_runtime': 5.2634, 'eval_eval_samples_per_second': 379.985, 'eval_eval_steps_per_second': 6.08, 'epoch': 155.32}
{'eval_train_loss': 5.774773437217107e-10, 'eval_train_token_acc': 0.9452161407664326, 'eval_train_seq_acc': 0.0, 'eval_train_move_acc': 1.0, 'eval_train_mod4_acc': 1.0, 'eval_train_runtime': 2.6554, 'eval_train_samples_per_second': 376.593, 'eval_train_steps_per_second': 6.025, 'epoch': 155.32}
{'loss': 0.0, 'learning_rate': 1.6316584229317465e-05, 'epoch': 157.45}
{'eval_eval_loss': 5.37692945723478e-10, 'eval_eval_token_acc': 0.942013925894348, 'eval_eval_seq_acc': 0.0, 'eval_eval_move_acc': 1.0, 'eval_eval_mod4_acc': 1.0, 'eval_eval_runtime': 5.2459, 'eval_eval_samples_per_second': 381.251, 'eval_eval_steps_per_second': 6.1, 'epoch': 157.45}
{'eval_train_loss': 4.362154804038454e-10, 'eval_train_token_acc': 0.9452161407664326, 'eval_train_seq_acc': 0.0, 'eval_train_move_acc': 1.0, 'eval_train_mod4_acc': 1.0, 'eval_train_runtime': 2.6411, 'eval_train_samples_per_second': 378.627, 'eval_train_steps_per_second': 6.058, 'epoch': 157.45}
{'loss': 0.0, 'learning_rate': 1.594630511789137e-05, 'epoch': 159.57}
{'eval_eval_loss': 5.948317394199876e-10, 'eval_eval_token_acc': 0.942013925894348, 'eval_eval_seq_acc': 0.0, 'eval_eval_move_acc': 1.0, 'eval_eval_mod4_acc': 1.0, 'eval_eval_runtime': 5.2519, 'eval_eval_samples_per_second': 380.814, 'eval_eval_steps_per_second': 6.093, 'epoch': 159.57}
{'eval_train_loss': 4.705887901579331e-10, 'eval_train_token_acc': 0.9452161407664326, 'eval_train_seq_acc': 0.0, 'eval_train_move_acc': 1.0, 'eval_train_mod4_acc': 1.0, 'eval_train_runtime': 2.6388, 'eval_train_samples_per_second': 378.957, 'eval_train_steps_per_second': 6.063, 'epoch': 159.57}
{'loss': 0.0, 'learning_rate': 1.5575446063200546e-05, 'epoch': 161.7}
{'eval_eval_loss': 6.732777668716494e-10, 'eval_eval_token_acc': 0.942013925894348, 'eval_eval_seq_acc': 0.0, 'eval_eval_move_acc': 1.0, 'eval_eval_mod4_acc': 1.0, 'eval_eval_runtime': 5.2429, 'eval_eval_samples_per_second': 381.466, 'eval_eval_steps_per_second': 6.103, 'epoch': 161.7}
{'eval_train_loss': 5.248940726509943e-10, 'eval_train_token_acc': 0.9452161407664326, 'eval_train_seq_acc': 0.0, 'eval_train_move_acc': 1.0, 'eval_train_mod4_acc': 1.0, 'eval_train_runtime': 2.636, 'eval_train_samples_per_second': 379.357, 'eval_train_steps_per_second': 6.07, 'epoch': 161.7}
{'loss': 0.0, 'learning_rate': 1.5204234346284535e-05, 'epoch': 163.83}
{'eval_eval_loss': 1.146826855702443e-09, 'eval_eval_token_acc': 0.942013925894348, 'eval_eval_seq_acc': 0.0, 'eval_eval_move_acc': 1.0, 'eval_eval_mod4_acc': 1.0, 'eval_eval_runtime': 5.258, 'eval_eval_samples_per_second': 380.37, 'eval_eval_steps_per_second': 6.086, 'epoch': 163.83}
{'eval_train_loss': 9.502154618701297e-10, 'eval_train_token_acc': 0.9452161407664326, 'eval_train_seq_acc': 0.0, 'eval_train_move_acc': 1.0, 'eval_train_mod4_acc': 1.0, 'eval_train_runtime': 2.6435, 'eval_train_samples_per_second': 378.288, 'eval_train_steps_per_second': 6.053, 'epoch': 163.83}
{'loss': 0.0, 'learning_rate': 1.4832897464312018e-05, 'epoch': 165.96}
{'eval_eval_loss': 3.2366720414955807e-09, 'eval_eval_token_acc': 0.942013925894348, 'eval_eval_seq_acc': 0.0, 'eval_eval_move_acc': 1.0, 'eval_eval_mod4_acc': 1.0, 'eval_eval_runtime': 5.2494, 'eval_eval_samples_per_second': 380.993, 'eval_eval_steps_per_second': 6.096, 'epoch': 165.96}
{'eval_train_loss': 2.651226571614984e-09, 'eval_train_token_acc': 0.9452161407664326, 'eval_train_seq_acc': 0.0, 'eval_train_move_acc': 1.0, 'eval_train_mod4_acc': 1.0, 'eval_train_runtime': 2.637, 'eval_train_samples_per_second': 379.214, 'eval_train_steps_per_second': 6.067, 'epoch': 165.96}
{'loss': 0.0, 'learning_rate': 1.446166299115909e-05, 'epoch': 168.09}
{'eval_eval_loss': 8.383431171488098e-10, 'eval_eval_token_acc': 0.942013925894348, 'eval_eval_seq_acc': 0.0, 'eval_eval_move_acc': 1.0, 'eval_eval_mod4_acc': 1.0, 'eval_eval_runtime': 5.2208, 'eval_eval_samples_per_second': 383.085, 'eval_eval_steps_per_second': 6.129, 'epoch': 168.09}
{'eval_train_loss': 7.07968739188658e-10, 'eval_train_token_acc': 0.9452161407664326, 'eval_train_seq_acc': 0.0, 'eval_train_move_acc': 1.0, 'eval_train_mod4_acc': 1.0, 'eval_train_runtime': 2.6263, 'eval_train_samples_per_second': 380.757, 'eval_train_steps_per_second': 6.092, 'epoch': 168.09}
  Pushed checkpoint step-40000 to ijinyu1113/ft_mr3_410m_seed4_purenum
{'loss': 0.0, 'learning_rate': 1.4090758437940578e-05, 'epoch': 170.21}
{'eval_eval_loss': 1.2209104838234452e-09, 'eval_eval_token_acc': 0.942013925894348, 'eval_eval_seq_acc': 0.0, 'eval_eval_move_acc': 1.0, 'eval_eval_mod4_acc': 1.0, 'eval_eval_runtime': 5.2535, 'eval_eval_samples_per_second': 380.701, 'eval_eval_steps_per_second': 6.091, 'epoch': 170.21}
{'eval_train_loss': 1.0332914524013859e-09, 'eval_train_token_acc': 0.9452161407664326, 'eval_train_seq_acc': 0.0, 'eval_train_move_acc': 1.0, 'eval_train_mod4_acc': 1.0, 'eval_train_runtime': 2.6525, 'eval_train_samples_per_second': 377.008, 'eval_train_steps_per_second': 6.032, 'epoch': 170.21}
{'loss': 0.0, 'learning_rate': 1.372041111357983e-05, 'epoch': 172.34}
{'eval_eval_loss': 1.338332777933715e-09, 'eval_eval_token_acc': 0.942013925894348, 'eval_eval_seq_acc': 0.0, 'eval_eval_move_acc': 1.0, 'eval_eval_mod4_acc': 1.0, 'eval_eval_runtime': 5.2949, 'eval_eval_samples_per_second': 377.724, 'eval_eval_steps_per_second': 6.044, 'epoch': 172.34}
{'eval_train_loss': 1.2488182710157503e-09, 'eval_train_token_acc': 0.9452161407664326, 'eval_train_seq_acc': 0.0, 'eval_train_move_acc': 1.0, 'eval_train_mod4_acc': 1.0, 'eval_train_runtime': 2.6581, 'eval_train_samples_per_second': 376.209, 'eval_train_steps_per_second': 6.019, 'epoch': 172.34}
{'loss': 0.0, 'learning_rate': 1.335084798550238e-05, 'epoch': 174.47}
{'eval_eval_loss': 7.789759393084239e-10, 'eval_eval_token_acc': 0.942013925894348, 'eval_eval_seq_acc': 0.0, 'eval_eval_move_acc': 1.0, 'eval_eval_mod4_acc': 1.0, 'eval_eval_runtime': 5.3062, 'eval_eval_samples_per_second': 376.915, 'eval_eval_steps_per_second': 6.031, 'epoch': 174.47}
{'eval_train_loss': 6.845465305715948e-10, 'eval_train_token_acc': 0.9452161407664326, 'eval_train_seq_acc': 0.0, 'eval_train_move_acc': 1.0, 'eval_train_mod4_acc': 1.0, 'eval_train_runtime': 2.6677, 'eval_train_samples_per_second': 374.861, 'eval_train_steps_per_second': 5.998, 'epoch': 174.47}
{'loss': 0.0, 'learning_rate': 1.2982295540538918e-05, 'epoch': 176.6}
{'eval_eval_loss': 6.963349341582159e-10, 'eval_eval_token_acc': 0.942013925894348, 'eval_eval_seq_acc': 0.0, 'eval_eval_move_acc': 1.0, 'eval_eval_mod4_acc': 1.0, 'eval_eval_runtime': 5.2605, 'eval_eval_samples_per_second': 380.191, 'eval_eval_steps_per_second': 6.083, 'epoch': 176.6}
{'eval_train_loss': 5.49083556400376e-10, 'eval_train_token_acc': 0.9452161407664326, 'eval_train_seq_acc': 0.0, 'eval_train_move_acc': 1.0, 'eval_train_mod4_acc': 1.0, 'eval_train_runtime': 2.659, 'eval_train_samples_per_second': 376.086, 'eval_train_steps_per_second': 6.017, 'epoch': 176.6}
{'loss': 0.0, 'learning_rate': 1.2614979646122818e-05, 'epoch': 178.72}
{'eval_eval_loss': 1.217967060540559e-09, 'eval_eval_token_acc': 0.942013925894348, 'eval_eval_seq_acc': 0.0, 'eval_eval_move_acc': 1.0, 'eval_eval_mod4_acc': 1.0, 'eval_eval_runtime': 5.2537, 'eval_eval_samples_per_second': 380.682, 'eval_eval_steps_per_second': 6.091, 'epoch': 178.72}
{'eval_train_loss': 1.0280728490741353e-09, 'eval_train_token_acc': 0.9452161407664326, 'eval_train_seq_acc': 0.0, 'eval_train_move_acc': 1.0, 'eval_train_mod4_acc': 1.0, 'eval_train_runtime': 2.6405, 'eval_train_samples_per_second': 378.72, 'eval_train_steps_per_second': 6.06, 'epoch': 178.72}
{'loss': 0.0, 'learning_rate': 1.2249125411867217e-05, 'epoch': 180.85}
{'eval_eval_loss': 8.244036009408262e-10, 'eval_eval_token_acc': 0.942013925894348, 'eval_eval_seq_acc': 0.0, 'eval_eval_move_acc': 1.0, 'eval_eval_mod4_acc': 1.0, 'eval_eval_runtime': 5.2559, 'eval_eval_samples_per_second': 380.522, 'eval_eval_steps_per_second': 6.088, 'epoch': 180.85}
{'eval_train_loss': 7.22704562861054e-10, 'eval_train_token_acc': 0.9452161407664326, 'eval_train_seq_acc': 0.0, 'eval_train_move_acc': 1.0, 'eval_train_mod4_acc': 1.0, 'eval_train_runtime': 2.6453, 'eval_train_samples_per_second': 378.025, 'eval_train_steps_per_second': 6.048, 'epoch': 180.85}
{'loss': 0.0, 'learning_rate': 1.1884957051606551e-05, 'epoch': 182.98}
{'eval_eval_loss': 4.73983186033422e-10, 'eval_eval_token_acc': 0.942013925894348, 'eval_eval_seq_acc': 0.0, 'eval_eval_move_acc': 1.0, 'eval_eval_mod4_acc': 1.0, 'eval_eval_runtime': 5.2638, 'eval_eval_samples_per_second': 379.951, 'eval_eval_steps_per_second': 6.079, 'epoch': 182.98}
{'eval_train_loss': 3.2709540631614686e-10, 'eval_train_token_acc': 0.9452161407664326, 'eval_train_seq_acc': 0.0, 'eval_train_move_acc': 1.0, 'eval_train_mod4_acc': 1.0, 'eval_train_runtime': 2.6463, 'eval_train_samples_per_second': 377.885, 'eval_train_steps_per_second': 6.046, 'epoch': 182.98}
{'loss': 0.0, 'learning_rate': 1.1522697745987076e-05, 'epoch': 185.11}
{'eval_eval_loss': 1.0724363619374344e-09, 'eval_eval_token_acc': 0.942013925894348, 'eval_eval_seq_acc': 0.0, 'eval_eval_move_acc': 1.0, 'eval_eval_mod4_acc': 1.0, 'eval_eval_runtime': 5.2899, 'eval_eval_samples_per_second': 378.081, 'eval_eval_steps_per_second': 6.049, 'epoch': 185.11}
{'eval_train_loss': 8.705646759032959e-10, 'eval_train_token_acc': 0.9452161407664326, 'eval_train_seq_acc': 0.0, 'eval_train_move_acc': 1.0, 'eval_train_mod4_acc': 1.0, 'eval_train_runtime': 2.6534, 'eval_train_samples_per_second': 376.874, 'eval_train_steps_per_second': 6.03, 'epoch': 185.11}
{'loss': 0.0, 'learning_rate': 1.1162569505690563e-05, 'epoch': 187.23}
{'eval_eval_loss': 7.304835070165439e-10, 'eval_eval_token_acc': 0.942013925894348, 'eval_eval_seq_acc': 0.0, 'eval_eval_move_acc': 1.0, 'eval_eval_mod4_acc': 1.0, 'eval_eval_runtime': 5.318, 'eval_eval_samples_per_second': 376.079, 'eval_eval_steps_per_second': 6.017, 'epoch': 187.23}
{'eval_train_loss': 6.011332542854575e-10, 'eval_train_token_acc': 0.9452161407664326, 'eval_train_seq_acc': 0.0, 'eval_train_move_acc': 1.0, 'eval_train_mod4_acc': 1.0, 'eval_train_runtime': 2.6708, 'eval_train_samples_per_second': 374.419, 'eval_train_steps_per_second': 5.991, 'epoch': 187.23}
{'loss': 0.0, 'learning_rate': 1.0804793035374997e-05, 'epoch': 189.36}
{'eval_eval_loss': 7.808020896504786e-10, 'eval_eval_token_acc': 0.942013925894348, 'eval_eval_seq_acc': 0.0, 'eval_eval_move_acc': 1.0, 'eval_eval_mod4_acc': 1.0, 'eval_eval_runtime': 5.2441, 'eval_eval_samples_per_second': 381.38, 'eval_eval_steps_per_second': 6.102, 'epoch': 189.36}
{'eval_train_loss': 6.760711990239088e-10, 'eval_train_token_acc': 0.9452161407664326, 'eval_train_seq_acc': 0.0, 'eval_train_move_acc': 1.0, 'eval_train_mod4_acc': 1.0, 'eval_train_runtime': 2.6436, 'eval_train_samples_per_second': 378.276, 'eval_train_steps_per_second': 6.052, 'epoch': 189.36}
{'loss': 0.0, 'learning_rate': 1.0449587598415714e-05, 'epoch': 191.49}
{'eval_eval_loss': 8.666694029102473e-10, 'eval_eval_token_acc': 0.942013925894348, 'eval_eval_seq_acc': 0.0, 'eval_eval_move_acc': 1.0, 'eval_eval_mod4_acc': 1.0, 'eval_eval_runtime': 5.2846, 'eval_eval_samples_per_second': 378.458, 'eval_eval_steps_per_second': 6.055, 'epoch': 191.49}
{'eval_train_loss': 7.267270674127246e-10, 'eval_train_token_acc': 0.9452161407664326, 'eval_train_seq_acc': 0.0, 'eval_train_move_acc': 1.0, 'eval_train_mod4_acc': 1.0, 'eval_train_runtime': 2.6552, 'eval_train_samples_per_second': 376.621, 'eval_train_steps_per_second': 6.026, 'epoch': 191.49}
{'loss': 0.0, 'learning_rate': 1.0097170882529782e-05, 'epoch': 193.62}
{'eval_eval_loss': 5.905625988233965e-10, 'eval_eval_token_acc': 0.942013925894348, 'eval_eval_seq_acc': 0.0, 'eval_eval_move_acc': 1.0, 'eval_eval_mod4_acc': 1.0, 'eval_eval_runtime': 5.2471, 'eval_eval_samples_per_second': 381.166, 'eval_eval_steps_per_second': 6.099, 'epoch': 193.62}
{'eval_train_loss': 4.295845901225448e-10, 'eval_train_token_acc': 0.9452161407664326, 'eval_train_seq_acc': 0.0, 'eval_train_move_acc': 1.0, 'eval_train_mod4_acc': 1.0, 'eval_train_runtime': 2.6374, 'eval_train_samples_per_second': 379.161, 'eval_train_steps_per_second': 6.067, 'epoch': 193.62}
{'loss': 0.0, 'learning_rate': 9.747758866366046e-06, 'epoch': 195.74}
{'eval_eval_loss': 8.263580375533763e-10, 'eval_eval_token_acc': 0.942013925894348, 'eval_eval_seq_acc': 0.0, 'eval_eval_move_acc': 1.0, 'eval_eval_mod4_acc': 1.0, 'eval_eval_runtime': 5.2518, 'eval_eval_samples_per_second': 380.825, 'eval_eval_steps_per_second': 6.093, 'epoch': 195.74}
{'eval_train_loss': 7.169381754934534e-10, 'eval_train_token_acc': 0.9452161407664326, 'eval_train_seq_acc': 0.0, 'eval_train_move_acc': 1.0, 'eval_train_mod4_acc': 1.0, 'eval_train_runtime': 2.646, 'eval_train_samples_per_second': 377.926, 'eval_train_steps_per_second': 6.047, 'epoch': 195.74}
{'loss': 0.0, 'learning_rate': 9.401565687142579e-06, 'epoch': 197.87}
{'eval_eval_loss': 1.0647749348891011e-09, 'eval_eval_token_acc': 0.942013925894348, 'eval_eval_seq_acc': 0.0, 'eval_eval_move_acc': 1.0, 'eval_eval_mod4_acc': 1.0, 'eval_eval_runtime': 5.2653, 'eval_eval_samples_per_second': 379.847, 'eval_eval_steps_per_second': 6.078, 'epoch': 197.87}
{'eval_train_loss': 8.707962129150815e-10, 'eval_train_token_acc': 0.9452161407664326, 'eval_train_seq_acc': 0.0, 'eval_train_move_acc': 1.0, 'eval_train_mod4_acc': 1.0, 'eval_train_runtime': 2.6499, 'eval_train_samples_per_second': 377.375, 'eval_train_steps_per_second': 6.038, 'epoch': 197.87}
{'loss': 0.0, 'learning_rate': 9.058803509412647e-06, 'epoch': 200.0}
{'eval_eval_loss': 7.368151089259811e-10, 'eval_eval_token_acc': 0.942013925894348, 'eval_eval_seq_acc': 0.0, 'eval_eval_move_acc': 1.0, 'eval_eval_mod4_acc': 1.0, 'eval_eval_runtime': 5.2998, 'eval_eval_samples_per_second': 377.373, 'eval_eval_steps_per_second': 6.038, 'epoch': 200.0}
{'eval_train_loss': 5.551289428140649e-10, 'eval_train_token_acc': 0.9452161407664326, 'eval_train_seq_acc': 0.0, 'eval_train_move_acc': 1.0, 'eval_train_mod4_acc': 1.0, 'eval_train_runtime': 2.661, 'eval_train_samples_per_second': 375.799, 'eval_train_steps_per_second': 6.013, 'epoch': 200.0}
{'loss': 0.0, 'learning_rate': 8.719682395039619e-06, 'epoch': 202.13}
{'eval_eval_loss': 6.316959177965487e-10, 'eval_eval_token_acc': 0.942013925894348, 'eval_eval_seq_acc': 0.0, 'eval_eval_move_acc': 1.0, 'eval_eval_mod4_acc': 1.0, 'eval_eval_runtime': 5.2531, 'eval_eval_samples_per_second': 380.728, 'eval_eval_steps_per_second': 6.092, 'epoch': 202.13}
{'eval_train_loss': 4.5836795470322045e-10, 'eval_train_token_acc': 0.9452161407664326, 'eval_train_seq_acc': 0.0, 'eval_train_move_acc': 1.0, 'eval_train_mod4_acc': 1.0, 'eval_train_runtime': 2.6412, 'eval_train_samples_per_second': 378.623, 'eval_train_steps_per_second': 6.058, 'epoch': 202.13}
{'loss': 0.0, 'learning_rate': 8.384410174460525e-06, 'epoch': 204.26}
{'eval_eval_loss': 1.526807458240853e-09, 'eval_eval_token_acc': 0.942013925894348, 'eval_eval_seq_acc': 0.0, 'eval_eval_move_acc': 1.0, 'eval_eval_mod4_acc': 1.0, 'eval_eval_runtime': 5.2427, 'eval_eval_samples_per_second': 381.482, 'eval_eval_steps_per_second': 6.104, 'epoch': 204.26}
{'eval_train_loss': 1.32081390269434e-09, 'eval_train_token_acc': 0.9452161407664326, 'eval_train_seq_acc': 0.0, 'eval_train_move_acc': 1.0, 'eval_train_mod4_acc': 1.0, 'eval_train_runtime': 2.6417, 'eval_train_samples_per_second': 378.545, 'eval_train_steps_per_second': 6.057, 'epoch': 204.26}
{'loss': 0.0, 'learning_rate': 8.05319231931712e-06, 'epoch': 206.38}
{'eval_eval_loss': 1.385723646940562e-09, 'eval_eval_token_acc': 0.942013925894348, 'eval_eval_seq_acc': 0.0, 'eval_eval_move_acc': 1.0, 'eval_eval_mod4_acc': 1.0, 'eval_eval_runtime': 5.244, 'eval_eval_samples_per_second': 381.388, 'eval_eval_steps_per_second': 6.102, 'epoch': 206.38}
{'eval_train_loss': 1.2434511198478049e-09, 'eval_train_token_acc': 0.9452161407664326, 'eval_train_seq_acc': 0.0, 'eval_train_move_acc': 1.0, 'eval_train_mod4_acc': 1.0, 'eval_train_runtime': 2.632, 'eval_train_samples_per_second': 379.932, 'eval_train_steps_per_second': 6.079, 'epoch': 206.38}
{'loss': 0.0, 'learning_rate': 7.726231816532574e-06, 'epoch': 208.51}
{'eval_eval_loss': 1.855788633875477e-09, 'eval_eval_token_acc': 0.942013925894348, 'eval_eval_seq_acc': 0.0, 'eval_eval_move_acc': 1.0, 'eval_eval_mod4_acc': 1.0, 'eval_eval_runtime': 5.2615, 'eval_eval_samples_per_second': 380.12, 'eval_eval_steps_per_second': 6.082, 'epoch': 208.51}
{'eval_train_loss': 1.6681237502425006e-09, 'eval_train_token_acc': 0.9452161407664326, 'eval_train_seq_acc': 0.0, 'eval_train_move_acc': 1.0, 'eval_train_mod4_acc': 1.0, 'eval_train_runtime': 2.6539, 'eval_train_samples_per_second': 376.801, 'eval_train_steps_per_second': 6.029, 'epoch': 208.51}
{'loss': 0.0, 'learning_rate': 7.40372904391086e-06, 'epoch': 210.64}
{'eval_eval_loss': 8.148517971484637e-10, 'eval_eval_token_acc': 0.942013925894348, 'eval_eval_seq_acc': 0.0, 'eval_eval_move_acc': 1.0, 'eval_eval_mod4_acc': 1.0, 'eval_eval_runtime': 5.238, 'eval_eval_samples_per_second': 381.821, 'eval_eval_steps_per_second': 6.109, 'epoch': 210.64}
{'eval_train_loss': 6.74115874232939e-10, 'eval_train_token_acc': 0.9452161407664326, 'eval_train_seq_acc': 0.0, 'eval_train_move_acc': 1.0, 'eval_train_mod4_acc': 1.0, 'eval_train_runtime': 2.6395, 'eval_train_samples_per_second': 378.856, 'eval_train_steps_per_second': 6.062, 'epoch': 210.64}
  Pushed checkpoint step-50000 to ijinyu1113/ft_mr3_410m_seed4_purenum
{'loss': 0.0, 'learning_rate': 7.085881647335225e-06, 'epoch': 212.77}
{'eval_eval_loss': 2.4438797652237554e-09, 'eval_eval_token_acc': 0.942013925894348, 'eval_eval_seq_acc': 0.0, 'eval_eval_move_acc': 1.0, 'eval_eval_mod4_acc': 1.0, 'eval_eval_runtime': 5.2804, 'eval_eval_samples_per_second': 378.758, 'eval_eval_steps_per_second': 6.06, 'epoch': 212.77}
{'eval_train_loss': 2.285509337340841e-09, 'eval_train_token_acc': 0.9452161407664326, 'eval_train_seq_acc': 0.0, 'eval_train_move_acc': 1.0, 'eval_train_mod4_acc': 1.0, 'eval_train_runtime': 2.6506, 'eval_train_samples_per_second': 377.276, 'eval_train_steps_per_second': 6.036, 'epoch': 212.77}
{'loss': 0.0, 'learning_rate': 6.772884419640854e-06, 'epoch': 214.89}
{'eval_eval_loss': 8.011046825906476e-10, 'eval_eval_token_acc': 0.942013925894348, 'eval_eval_seq_acc': 0.0, 'eval_eval_move_acc': 1.0, 'eval_eval_mod4_acc': 1.0, 'eval_eval_runtime': 5.2324, 'eval_eval_samples_per_second': 382.237, 'eval_eval_steps_per_second': 6.116, 'epoch': 214.89}
{'eval_train_loss': 6.217619197279589e-10, 'eval_train_token_acc': 0.9452161407664326, 'eval_train_seq_acc': 0.0, 'eval_train_move_acc': 1.0, 'eval_train_mod4_acc': 1.0, 'eval_train_runtime': 2.6273, 'eval_train_samples_per_second': 380.613, 'eval_train_steps_per_second': 6.09, 'epoch': 214.89}
{'loss': 0.0, 'learning_rate': 6.464929181236033e-06, 'epoch': 217.02}
{'eval_eval_loss': 6.107700456503551e-10, 'eval_eval_token_acc': 0.942013925894348, 'eval_eval_seq_acc': 0.0, 'eval_eval_move_acc': 1.0, 'eval_eval_mod4_acc': 1.0, 'eval_eval_runtime': 5.2215, 'eval_eval_samples_per_second': 383.033, 'eval_eval_steps_per_second': 6.129, 'epoch': 217.02}
{'eval_train_loss': 4.6021331190360115e-10, 'eval_train_token_acc': 0.9452161407664326, 'eval_train_seq_acc': 0.0, 'eval_train_move_acc': 1.0, 'eval_train_mod4_acc': 1.0, 'eval_train_runtime': 2.6274, 'eval_train_samples_per_second': 380.602, 'eval_train_steps_per_second': 6.09, 'epoch': 217.02}
{'loss': 0.0, 'learning_rate': 6.162204662544992e-06, 'epoch': 219.15}
{'eval_eval_loss': 6.966004995057062e-10, 'eval_eval_token_acc': 0.942013925894348, 'eval_eval_seq_acc': 0.0, 'eval_eval_move_acc': 1.0, 'eval_eval_mod4_acc': 1.0, 'eval_eval_runtime': 5.2371, 'eval_eval_samples_per_second': 381.888, 'eval_eval_steps_per_second': 6.11, 'epoch': 219.15}
{'eval_train_loss': 5.166926331234833e-10, 'eval_train_token_acc': 0.9452161407664326, 'eval_train_seq_acc': 0.0, 'eval_train_move_acc': 1.0, 'eval_train_mod4_acc': 1.0, 'eval_train_runtime': 2.636, 'eval_train_samples_per_second': 379.358, 'eval_train_steps_per_second': 6.07, 'epoch': 219.15}
{'loss': 0.0, 'learning_rate': 5.864896388344442e-06, 'epoch': 221.28}
{'eval_eval_loss': 1.15774989595252e-09, 'eval_eval_token_acc': 0.942013925894348, 'eval_eval_seq_acc': 0.0, 'eval_eval_move_acc': 1.0, 'eval_eval_mod4_acc': 1.0, 'eval_eval_runtime': 5.2341, 'eval_eval_samples_per_second': 382.113, 'eval_eval_steps_per_second': 6.114, 'epoch': 221.28}
{'eval_train_loss': 9.899218111897312e-10, 'eval_train_token_acc': 0.9452161407664326, 'eval_train_seq_acc': 0.0, 'eval_train_move_acc': 1.0, 'eval_train_mod4_acc': 1.0, 'eval_train_runtime': 2.6255, 'eval_train_samples_per_second': 380.881, 'eval_train_steps_per_second': 6.094, 'epoch': 221.28}
{'loss': 0.0, 'learning_rate': 5.573186564064649e-06, 'epoch': 223.4}
{'eval_eval_loss': 1.3000535092899668e-09, 'eval_eval_token_acc': 0.942013925894348, 'eval_eval_seq_acc': 0.0, 'eval_eval_move_acc': 1.0, 'eval_eval_mod4_acc': 1.0, 'eval_eval_runtime': 5.2301, 'eval_eval_samples_per_second': 382.404, 'eval_eval_steps_per_second': 6.118, 'epoch': 223.4}
{'eval_train_loss': 1.13689901937164e-09, 'eval_train_token_acc': 0.9452161407664326, 'eval_train_seq_acc': 0.0, 'eval_train_move_acc': 1.0, 'eval_train_mod4_acc': 1.0, 'eval_train_runtime': 2.6323, 'eval_train_samples_per_second': 379.891, 'eval_train_steps_per_second': 6.078, 'epoch': 223.4}
{'loss': 0.0, 'learning_rate': 5.287253964124826e-06, 'epoch': 225.53}
{'eval_eval_loss': 5.713399198192803e-10, 'eval_eval_token_acc': 0.942013925894348, 'eval_eval_seq_acc': 0.0, 'eval_eval_move_acc': 1.0, 'eval_eval_mod4_acc': 1.0, 'eval_eval_runtime': 5.2337, 'eval_eval_samples_per_second': 382.14, 'eval_eval_steps_per_second': 6.114, 'epoch': 225.53}
{'eval_train_loss': 4.358940708382164e-10, 'eval_train_token_acc': 0.9452161407664326, 'eval_train_seq_acc': 0.0, 'eval_train_move_acc': 1.0, 'eval_train_mod4_acc': 1.0, 'eval_train_runtime': 2.6301, 'eval_train_samples_per_second': 380.21, 'eval_train_steps_per_second': 6.083, 'epoch': 225.53}
{'loss': 0.0, 'learning_rate': 5.007273822371196e-06, 'epoch': 227.66}
{'eval_eval_loss': 9.49276990347414e-10, 'eval_eval_token_acc': 0.942013925894348, 'eval_eval_seq_acc': 0.0, 'eval_eval_move_acc': 1.0, 'eval_eval_mod4_acc': 1.0, 'eval_eval_runtime': 5.2287, 'eval_eval_samples_per_second': 382.503, 'eval_eval_steps_per_second': 6.12, 'epoch': 227.66}
{'eval_train_loss': 7.710510563363471e-10, 'eval_train_token_acc': 0.9452161407664326, 'eval_train_seq_acc': 0.0, 'eval_train_move_acc': 1.0, 'eval_train_mod4_acc': 1.0, 'eval_train_runtime': 2.6288, 'eval_train_samples_per_second': 380.407, 'eval_train_steps_per_second': 6.087, 'epoch': 227.66}
{'loss': 0.0, 'learning_rate': 4.733417724684879e-06, 'epoch': 229.79}
{'eval_eval_loss': 1.3065422077573885e-09, 'eval_eval_token_acc': 0.942013925894348, 'eval_eval_seq_acc': 0.0, 'eval_eval_move_acc': 1.0, 'eval_eval_mod4_acc': 1.0, 'eval_eval_runtime': 5.2385, 'eval_eval_samples_per_second': 381.791, 'eval_eval_steps_per_second': 6.109, 'epoch': 229.79}
{'eval_train_loss': 1.1028076229990802e-09, 'eval_train_token_acc': 0.9452161407664326, 'eval_train_seq_acc': 0.0, 'eval_train_move_acc': 1.0, 'eval_train_mod4_acc': 1.0, 'eval_train_runtime': 2.6278, 'eval_train_samples_per_second': 380.553, 'eval_train_steps_per_second': 6.089, 'epoch': 229.79}
{'loss': 0.0, 'learning_rate': 4.46585350382548e-06, 'epoch': 231.91}
{'eval_eval_loss': 1.0030171138097899e-09, 'eval_eval_token_acc': 0.942013925894348, 'eval_eval_seq_acc': 0.0, 'eval_eval_move_acc': 1.0, 'eval_eval_mod4_acc': 1.0, 'eval_eval_runtime': 5.2431, 'eval_eval_samples_per_second': 381.454, 'eval_eval_steps_per_second': 6.103, 'epoch': 231.91}
{'eval_train_loss': 8.603954215757881e-10, 'eval_train_token_acc': 0.9452161407664326, 'eval_train_seq_acc': 0.0, 'eval_train_move_acc': 1.0, 'eval_train_mod4_acc': 1.0, 'eval_train_runtime': 2.6349, 'eval_train_samples_per_second': 379.523, 'eval_train_steps_per_second': 6.072, 'epoch': 231.91}
{'loss': 0.0, 'learning_rate': 4.204745136574737e-06, 'epoch': 234.04}
{'eval_eval_loss': 1.0246575810057834e-09, 'eval_eval_token_acc': 0.942013925894348, 'eval_eval_seq_acc': 0.0, 'eval_eval_move_acc': 1.0, 'eval_eval_mod4_acc': 1.0, 'eval_eval_runtime': 5.2437, 'eval_eval_samples_per_second': 381.413, 'eval_eval_steps_per_second': 6.103, 'epoch': 234.04}
{'eval_train_loss': 8.058025358081977e-10, 'eval_train_token_acc': 0.9452161407664326, 'eval_train_seq_acc': 0.0, 'eval_train_move_acc': 1.0, 'eval_train_mod4_acc': 1.0, 'eval_train_runtime': 2.6317, 'eval_train_samples_per_second': 379.979, 'eval_train_steps_per_second': 6.08, 'epoch': 234.04}
{'loss': 0.0, 'learning_rate': 3.950252643243317e-06, 'epoch': 236.17}
{'eval_eval_loss': 7.481218422533686e-10, 'eval_eval_token_acc': 0.942013925894348, 'eval_eval_seq_acc': 0.0, 'eval_eval_move_acc': 1.0, 'eval_eval_mod4_acc': 1.0, 'eval_eval_runtime': 5.2267, 'eval_eval_samples_per_second': 382.647, 'eval_eval_steps_per_second': 6.122, 'epoch': 236.17}
{'eval_train_loss': 5.895671173483663e-10, 'eval_train_token_acc': 0.9452161407664326, 'eval_train_seq_acc': 0.0, 'eval_train_move_acc': 1.0, 'eval_train_mod4_acc': 1.0, 'eval_train_runtime': 2.6319, 'eval_train_samples_per_second': 379.957, 'eval_train_steps_per_second': 6.079, 'epoch': 236.17}
{'loss': 0.0, 'learning_rate': 3.702531989602354e-06, 'epoch': 238.3}
{'eval_eval_loss': 7.694406223279771e-10, 'eval_eval_token_acc': 0.942013925894348, 'eval_eval_seq_acc': 0.0, 'eval_eval_move_acc': 1.0, 'eval_eval_mod4_acc': 1.0, 'eval_eval_runtime': 5.2191, 'eval_eval_samples_per_second': 383.208, 'eval_eval_steps_per_second': 6.131, 'epoch': 238.3}
{'eval_train_loss': 5.715121709215509e-10, 'eval_train_token_acc': 0.9452161407664326, 'eval_train_seq_acc': 0.0, 'eval_train_move_acc': 1.0, 'eval_train_mod4_acc': 1.0, 'eval_train_runtime': 2.6221, 'eval_train_samples_per_second': 381.377, 'eval_train_steps_per_second': 6.102, 'epoch': 238.3}
{'loss': 0.0, 'learning_rate': 3.461734991299779e-06, 'epoch': 240.43}
{'eval_eval_loss': 8.59098236993816e-10, 'eval_eval_token_acc': 0.942013925894348, 'eval_eval_seq_acc': 0.0, 'eval_eval_move_acc': 1.0, 'eval_eval_mod4_acc': 1.0, 'eval_eval_runtime': 5.2272, 'eval_eval_samples_per_second': 382.615, 'eval_eval_steps_per_second': 6.122, 'epoch': 240.43}
{'eval_train_loss': 7.289647774300079e-10, 'eval_train_token_acc': 0.9452161407664326, 'eval_train_seq_acc': 0.0, 'eval_train_move_acc': 1.0, 'eval_train_mod4_acc': 1.0, 'eval_train_runtime': 2.6254, 'eval_train_samples_per_second': 380.891, 'eval_train_steps_per_second': 6.094, 'epoch': 240.43}
{'loss': 0.0, 'learning_rate': 3.2280092208200853e-06, 'epoch': 242.55}
{'eval_eval_loss': 1.3127028353210335e-09, 'eval_eval_token_acc': 0.942013925894348, 'eval_eval_seq_acc': 0.0, 'eval_eval_move_acc': 1.0, 'eval_eval_mod4_acc': 1.0, 'eval_eval_runtime': 5.2365, 'eval_eval_samples_per_second': 381.936, 'eval_eval_steps_per_second': 6.111, 'epoch': 242.55}
{'eval_train_loss': 1.1648396691654739e-09, 'eval_train_token_acc': 0.9452161407664326, 'eval_train_seq_acc': 0.0, 'eval_train_move_acc': 1.0, 'eval_train_mod4_acc': 1.0, 'eval_train_runtime': 2.633, 'eval_train_samples_per_second': 379.788, 'eval_train_steps_per_second': 6.077, 'epoch': 242.55}
{'loss': 0.0, 'learning_rate': 3.0014979170444963e-06, 'epoch': 244.68}
{'eval_eval_loss': 1.25996280075924e-09, 'eval_eval_token_acc': 0.942013925894348, 'eval_eval_seq_acc': 0.0, 'eval_eval_move_acc': 1.0, 'eval_eval_mod4_acc': 1.0, 'eval_eval_runtime': 5.2306, 'eval_eval_samples_per_second': 382.362, 'eval_eval_steps_per_second': 6.118, 'epoch': 244.68}
{'eval_train_loss': 1.107002045586114e-09, 'eval_train_token_acc': 0.9452161407664326, 'eval_train_seq_acc': 0.0, 'eval_train_move_acc': 1.0, 'eval_train_mod4_acc': 1.0, 'eval_train_runtime': 2.6278, 'eval_train_samples_per_second': 380.546, 'eval_train_steps_per_second': 6.089, 'epoch': 244.68}
{'loss': 0.0, 'learning_rate': 2.7823398974670004e-06, 'epoch': 246.81}
{'eval_eval_loss': 7.863975581834382e-10, 'eval_eval_token_acc': 0.942013925894348, 'eval_eval_seq_acc': 0.0, 'eval_eval_move_acc': 1.0, 'eval_eval_mod4_acc': 1.0, 'eval_eval_runtime': 5.2287, 'eval_eval_samples_per_second': 382.504, 'eval_eval_steps_per_second': 6.12, 'epoch': 246.81}
{'eval_train_loss': 5.814699832740189e-10, 'eval_train_token_acc': 0.9452161407664326, 'eval_train_seq_acc': 0.0, 'eval_train_move_acc': 1.0, 'eval_train_mod4_acc': 1.0, 'eval_train_runtime': 2.6256, 'eval_train_samples_per_second': 380.867, 'eval_train_steps_per_second': 6.094, 'epoch': 246.81}
{'loss': 0.0, 'learning_rate': 2.5706694731200194e-06, 'epoch': 248.94}
{'eval_eval_loss': 8.93278007119136e-10, 'eval_eval_token_acc': 0.942013925894348, 'eval_eval_seq_acc': 0.0, 'eval_eval_move_acc': 1.0, 'eval_eval_mod4_acc': 1.0, 'eval_eval_runtime': 5.2128, 'eval_eval_samples_per_second': 383.67, 'eval_eval_steps_per_second': 6.139, 'epoch': 248.94}
{'eval_train_loss': 7.186912176493365e-10, 'eval_train_token_acc': 0.9452161407664326, 'eval_train_seq_acc': 0.0, 'eval_train_move_acc': 1.0, 'eval_train_mod4_acc': 1.0, 'eval_train_runtime': 2.625, 'eval_train_samples_per_second': 380.955, 'eval_train_steps_per_second': 6.095, 'epoch': 248.94}
{'loss': 0.0, 'learning_rate': 2.3666163662618575e-06, 'epoch': 251.06}
{'eval_eval_loss': 7.587817596466095e-10, 'eval_eval_token_acc': 0.942013925894348, 'eval_eval_seq_acc': 0.0, 'eval_eval_move_acc': 1.0, 'eval_eval_mod4_acc': 1.0, 'eval_eval_runtime': 5.2186, 'eval_eval_samples_per_second': 383.244, 'eval_eval_steps_per_second': 6.132, 'epoch': 251.06}
{'eval_train_loss': 5.471866293405014e-10, 'eval_train_token_acc': 0.9452161407664326, 'eval_train_seq_acc': 0.0, 'eval_train_move_acc': 1.0, 'eval_train_mod4_acc': 1.0, 'eval_train_runtime': 2.6247, 'eval_train_samples_per_second': 380.992, 'eval_train_steps_per_second': 6.096, 'epoch': 251.06}
{'loss': 0.0, 'learning_rate': 2.170305630876408e-06, 'epoch': 253.19}
{'eval_eval_loss': 1.0391082438943045e-09, 'eval_eval_token_acc': 0.942013925894348, 'eval_eval_seq_acc': 0.0, 'eval_eval_move_acc': 1.0, 'eval_eval_mod4_acc': 1.0, 'eval_eval_runtime': 5.2171, 'eval_eval_samples_per_second': 383.357, 'eval_eval_steps_per_second': 6.134, 'epoch': 253.19}
{'eval_train_loss': 8.847282351176489e-10, 'eval_train_token_acc': 0.9452161407664326, 'eval_train_seq_acc': 0.0, 'eval_train_move_acc': 1.0, 'eval_train_mod4_acc': 1.0, 'eval_train_runtime': 2.6252, 'eval_train_samples_per_second': 380.926, 'eval_train_steps_per_second': 6.095, 'epoch': 253.19}
  Pushed checkpoint step-60000 to ijinyu1113/ft_mr3_410m_seed4_purenum
{'loss': 0.0, 'learning_rate': 1.9818575760337995e-06, 'epoch': 255.32}
{'eval_eval_loss': 8.146934238340009e-10, 'eval_eval_token_acc': 0.942013925894348, 'eval_eval_seq_acc': 0.0, 'eval_eval_move_acc': 1.0, 'eval_eval_mod4_acc': 1.0, 'eval_eval_runtime': 5.2975, 'eval_eval_samples_per_second': 377.537, 'eval_eval_steps_per_second': 6.041, 'epoch': 255.32}
{'eval_train_loss': 5.855604334747966e-10, 'eval_train_token_acc': 0.9452161407664326, 'eval_train_seq_acc': 0.0, 'eval_train_move_acc': 1.0, 'eval_train_mod4_acc': 1.0, 'eval_train_runtime': 2.6525, 'eval_train_samples_per_second': 376.997, 'eval_train_steps_per_second': 6.032, 'epoch': 255.32}
{'loss': 0.0, 'learning_rate': 1.8013876921589363e-06, 'epoch': 257.45}
{'eval_eval_loss': 8.729275080554544e-10, 'eval_eval_token_acc': 0.942013925894348, 'eval_eval_seq_acc': 0.0, 'eval_eval_move_acc': 1.0, 'eval_eval_mod4_acc': 1.0, 'eval_eval_runtime': 5.2358, 'eval_eval_samples_per_second': 381.985, 'eval_eval_steps_per_second': 6.112, 'epoch': 257.45}
{'eval_train_loss': 7.449789118929573e-10, 'eval_train_token_acc': 0.9452161407664326, 'eval_train_seq_acc': 0.0, 'eval_train_move_acc': 1.0, 'eval_train_mod4_acc': 1.0, 'eval_train_runtime': 2.627, 'eval_train_samples_per_second': 380.659, 'eval_train_steps_per_second': 6.091, 'epoch': 257.45}
{'loss': 0.0, 'learning_rate': 1.6290065802531878e-06, 'epoch': 259.57}
{'eval_eval_loss': 9.703192693777396e-10, 'eval_eval_token_acc': 0.942013925894348, 'eval_eval_seq_acc': 0.0, 'eval_eval_move_acc': 1.0, 'eval_eval_mod4_acc': 1.0, 'eval_eval_runtime': 5.2271, 'eval_eval_samples_per_second': 382.618, 'eval_eval_steps_per_second': 6.122, 'epoch': 259.57}
{'eval_train_loss': 8.280671703886355e-10, 'eval_train_token_acc': 0.9452161407664326, 'eval_train_seq_acc': 0.0, 'eval_train_move_acc': 1.0, 'eval_train_mod4_acc': 1.0, 'eval_train_runtime': 2.6277, 'eval_train_samples_per_second': 380.568, 'eval_train_steps_per_second': 6.089, 'epoch': 259.57}
{'loss': 0.0, 'learning_rate': 1.4648198841125453e-06, 'epoch': 261.7}
{'eval_eval_loss': 8.147865715457669e-10, 'eval_eval_token_acc': 0.942013925894348, 'eval_eval_seq_acc': 0.0, 'eval_eval_move_acc': 1.0, 'eval_eval_mod4_acc': 1.0, 'eval_eval_runtime': 5.2318, 'eval_eval_samples_per_second': 382.281, 'eval_eval_steps_per_second': 6.116, 'epoch': 261.7}
{'eval_train_loss': 6.438681254827827e-10, 'eval_train_token_acc': 0.9452161407664326, 'eval_train_seq_acc': 0.0, 'eval_train_move_acc': 1.0, 'eval_train_mod4_acc': 1.0, 'eval_train_runtime': 2.627, 'eval_train_samples_per_second': 380.662, 'eval_train_steps_per_second': 6.091, 'epoch': 261.7}
{'loss': 0.0, 'learning_rate': 1.308928225583797e-06, 'epoch': 263.83}
{'eval_eval_loss': 7.352820019512762e-10, 'eval_eval_token_acc': 0.942013925894348, 'eval_eval_seq_acc': 0.0, 'eval_eval_move_acc': 1.0, 'eval_eval_mod4_acc': 1.0, 'eval_eval_runtime': 5.2373, 'eval_eval_samples_per_second': 381.873, 'eval_eval_steps_per_second': 6.11, 'epoch': 263.83}
{'eval_train_loss': 5.633075117472686e-10, 'eval_train_token_acc': 0.9452161407664326, 'eval_train_seq_acc': 0.0, 'eval_train_move_acc': 1.0, 'eval_train_mod4_acc': 1.0, 'eval_train_runtime': 2.6291, 'eval_train_samples_per_second': 380.365, 'eval_train_steps_per_second': 6.086, 'epoch': 263.83}
{'loss': 0.0, 'learning_rate': 1.1614271428984087e-06, 'epoch': 265.96}
{'eval_eval_loss': 9.340109796696083e-10, 'eval_eval_token_acc': 0.942013925894348, 'eval_eval_seq_acc': 0.0, 'eval_eval_move_acc': 1.0, 'eval_eval_mod4_acc': 1.0, 'eval_eval_runtime': 5.227, 'eval_eval_samples_per_second': 382.632, 'eval_eval_steps_per_second': 6.122, 'epoch': 265.96}
{'eval_train_loss': 7.654828992897933e-10, 'eval_train_token_acc': 0.9452161407664326, 'eval_train_seq_acc': 0.0, 'eval_train_move_acc': 1.0, 'eval_train_mod4_acc': 1.0, 'eval_train_runtime': 2.6254, 'eval_train_samples_per_second': 380.891, 'eval_train_steps_per_second': 6.094, 'epoch': 265.96}
{'loss': 0.0, 'learning_rate': 1.0224070321219065e-06, 'epoch': 268.09}
{'eval_eval_loss': 8.421703889816001e-10, 'eval_eval_token_acc': 0.942013925894348, 'eval_eval_seq_acc': 0.0, 'eval_eval_move_acc': 1.0, 'eval_eval_mod4_acc': 1.0, 'eval_eval_runtime': 5.235, 'eval_eval_samples_per_second': 382.043, 'eval_eval_steps_per_second': 6.113, 'epoch': 268.09}
{'eval_train_loss': 6.459565660144051e-10, 'eval_train_token_acc': 0.9452161407664326, 'eval_train_seq_acc': 0.0, 'eval_train_move_acc': 1.0, 'eval_train_mod4_acc': 1.0, 'eval_train_runtime': 2.6338, 'eval_train_samples_per_second': 379.674, 'eval_train_steps_per_second': 6.075, 'epoch': 268.09}
{'loss': 0.0, 'learning_rate': 8.919530917546354e-07, 'epoch': 270.21}
{'eval_eval_loss': 7.829462078667859e-10, 'eval_eval_token_acc': 0.942013925894348, 'eval_eval_seq_acc': 0.0, 'eval_eval_move_acc': 1.0, 'eval_eval_mod4_acc': 1.0, 'eval_eval_runtime': 5.2343, 'eval_eval_samples_per_second': 382.095, 'eval_eval_steps_per_second': 6.114, 'epoch': 270.21}
{'eval_train_loss': 6.117872874966679e-10, 'eval_train_token_acc': 0.9452161407664326, 'eval_train_seq_acc': 0.0, 'eval_train_move_acc': 1.0, 'eval_train_mod4_acc': 1.0, 'eval_train_runtime': 2.6269, 'eval_train_samples_per_second': 380.673, 'eval_train_steps_per_second': 6.091, 'epoch': 270.21}
{'loss': 0.0, 'learning_rate': 7.701452705178236e-07, 'epoch': 272.34}
{'eval_eval_loss': 8.856011479707604e-10, 'eval_eval_token_acc': 0.942013925894348, 'eval_eval_seq_acc': 0.0, 'eval_eval_move_acc': 1.0, 'eval_eval_mod4_acc': 1.0, 'eval_eval_runtime': 5.2235, 'eval_eval_samples_per_second': 382.888, 'eval_eval_steps_per_second': 6.126, 'epoch': 272.34}
{'eval_train_loss': 6.926609841251263e-10, 'eval_train_token_acc': 0.9452161407664326, 'eval_train_seq_acc': 0.0, 'eval_train_move_acc': 1.0, 'eval_train_mod4_acc': 1.0, 'eval_train_runtime': 2.6243, 'eval_train_samples_per_second': 381.05, 'eval_train_steps_per_second': 6.097, 'epoch': 272.34}
{'loss': 0.0, 'learning_rate': 6.570582183570212e-07, 'epoch': 274.47}
{'eval_eval_loss': 9.120280086705179e-10, 'eval_eval_token_acc': 0.942013925894348, 'eval_eval_seq_acc': 0.0, 'eval_eval_move_acc': 1.0, 'eval_eval_mod4_acc': 1.0, 'eval_eval_runtime': 5.2306, 'eval_eval_samples_per_second': 382.366, 'eval_eval_steps_per_second': 6.118, 'epoch': 274.47}
{'eval_train_loss': 7.470257745723075e-10, 'eval_train_token_acc': 0.9452161407664326, 'eval_train_seq_acc': 0.0, 'eval_train_move_acc': 1.0, 'eval_train_mod4_acc': 1.0, 'eval_train_runtime': 2.6271, 'eval_train_samples_per_second': 380.655, 'eval_train_steps_per_second': 6.09, 'epoch': 274.47}
{'loss': 0.0, 'learning_rate': 5.527612406928457e-07, 'epoch': 276.6}
{'eval_eval_loss': 9.191755134807522e-10, 'eval_eval_token_acc': 0.942013925894348, 'eval_eval_seq_acc': 0.0, 'eval_eval_move_acc': 1.0, 'eval_eval_mod4_acc': 1.0, 'eval_eval_runtime': 5.2295, 'eval_eval_samples_per_second': 382.446, 'eval_eval_steps_per_second': 6.119, 'epoch': 276.6}
{'eval_train_loss': 7.371187549232161e-10, 'eval_train_token_acc': 0.9452161407664326, 'eval_train_seq_acc': 0.0, 'eval_train_move_acc': 1.0, 'eval_train_mod4_acc': 1.0, 'eval_train_runtime': 2.6297, 'eval_train_samples_per_second': 380.265, 'eval_train_steps_per_second': 6.084, 'epoch': 276.6}
{'loss': 0.0, 'learning_rate': 4.573182559471523e-07, 'epoch': 278.72}
{'eval_eval_loss': 8.295628073362593e-10, 'eval_eval_token_acc': 0.942013925894348, 'eval_eval_seq_acc': 0.0, 'eval_eval_move_acc': 1.0, 'eval_eval_mod4_acc': 1.0, 'eval_eval_runtime': 5.2331, 'eval_eval_samples_per_second': 382.181, 'eval_eval_steps_per_second': 6.115, 'epoch': 278.72}
{'eval_train_loss': 6.659363616101643e-10, 'eval_train_token_acc': 0.9452161407664326, 'eval_train_seq_acc': 0.0, 'eval_train_move_acc': 1.0, 'eval_train_mod4_acc': 1.0, 'eval_train_runtime': 2.6269, 'eval_train_samples_per_second': 380.673, 'eval_train_steps_per_second': 6.091, 'epoch': 278.72}
{'loss': 0.0, 'learning_rate': 3.707877563706158e-07, 'epoch': 280.85}
{'eval_eval_loss': 8.051431743538728e-10, 'eval_eval_token_acc': 0.942013925894348, 'eval_eval_seq_acc': 0.0, 'eval_eval_move_acc': 1.0, 'eval_eval_mod4_acc': 1.0, 'eval_eval_runtime': 5.2383, 'eval_eval_samples_per_second': 381.807, 'eval_eval_steps_per_second': 6.109, 'epoch': 280.85}
{'eval_train_loss': 6.196985147255418e-10, 'eval_train_token_acc': 0.9452161407664326, 'eval_train_seq_acc': 0.0, 'eval_train_move_acc': 1.0, 'eval_train_mod4_acc': 1.0, 'eval_train_runtime': 2.6247, 'eval_train_samples_per_second': 380.996, 'eval_train_steps_per_second': 6.096, 'epoch': 280.85}
{'loss': 0.0, 'learning_rate': 2.9322277219574145e-07, 'epoch': 282.98}
{'eval_eval_loss': 8.622822456061385e-10, 'eval_eval_token_acc': 0.942013925894348, 'eval_eval_seq_acc': 0.0, 'eval_eval_move_acc': 1.0, 'eval_eval_mod4_acc': 1.0, 'eval_eval_runtime': 5.2398, 'eval_eval_samples_per_second': 381.695, 'eval_eval_steps_per_second': 6.107, 'epoch': 282.98}
{'eval_train_loss': 6.843653976851272e-10, 'eval_train_token_acc': 0.9452161407664326, 'eval_train_seq_acc': 0.0, 'eval_train_move_acc': 1.0, 'eval_train_mod4_acc': 1.0, 'eval_train_runtime': 2.6277, 'eval_train_samples_per_second': 380.567, 'eval_train_steps_per_second': 6.089, 'epoch': 282.98}
{'loss': 0.0, 'learning_rate': 2.2467083913728036e-07, 'epoch': 285.11}
{'eval_eval_loss': 8.686353303311023e-10, 'eval_eval_token_acc': 0.942013925894348, 'eval_eval_seq_acc': 0.0, 'eval_eval_move_acc': 1.0, 'eval_eval_mod4_acc': 1.0, 'eval_eval_runtime': 5.2267, 'eval_eval_samples_per_second': 382.654, 'eval_eval_steps_per_second': 6.122, 'epoch': 285.11}
{'eval_train_loss': 7.003816415718234e-10, 'eval_train_token_acc': 0.9452161407664326, 'eval_train_seq_acc': 0.0, 'eval_train_move_acc': 1.0, 'eval_train_mod4_acc': 1.0, 'eval_train_runtime': 2.6298, 'eval_train_samples_per_second': 380.258, 'eval_train_steps_per_second': 6.084, 'epoch': 285.11}
{'loss': 0.0, 'learning_rate': 1.6517396925995797e-07, 'epoch': 287.23}
{'eval_eval_loss': 8.697049747041774e-10, 'eval_eval_token_acc': 0.942013925894348, 'eval_eval_seq_acc': 0.0, 'eval_eval_move_acc': 1.0, 'eval_eval_mod4_acc': 1.0, 'eval_eval_runtime': 5.2354, 'eval_eval_samples_per_second': 382.015, 'eval_eval_steps_per_second': 6.112, 'epoch': 287.23}
{'eval_train_loss': 7.006020763533627e-10, 'eval_train_token_acc': 0.9452161407664326, 'eval_train_seq_acc': 0.0, 'eval_train_move_acc': 1.0, 'eval_train_mod4_acc': 1.0, 'eval_train_runtime': 2.6319, 'eval_train_samples_per_second': 379.954, 'eval_train_steps_per_second': 6.079, 'epoch': 287.23}
{'loss': 0.0, 'learning_rate': 1.1476862523137122e-07, 'epoch': 289.36}
{'eval_eval_loss': 8.685684393938686e-10, 'eval_eval_token_acc': 0.942013925894348, 'eval_eval_seq_acc': 0.0, 'eval_eval_move_acc': 1.0, 'eval_eval_mod4_acc': 1.0, 'eval_eval_runtime': 5.2364, 'eval_eval_samples_per_second': 381.943, 'eval_eval_steps_per_second': 6.111, 'epoch': 289.36}
{'eval_train_loss': 7.066013330003784e-10, 'eval_train_token_acc': 0.9452161407664326, 'eval_train_seq_acc': 0.0, 'eval_train_move_acc': 1.0, 'eval_train_mod4_acc': 1.0, 'eval_train_runtime': 2.6363, 'eval_train_samples_per_second': 379.313, 'eval_train_steps_per_second': 6.069, 'epoch': 289.36}
{'loss': 0.0, 'learning_rate': 7.348569797583527e-08, 'epoch': 291.49}
{'eval_eval_loss': 8.591236055899287e-10, 'eval_eval_token_acc': 0.942013925894348, 'eval_eval_seq_acc': 0.0, 'eval_eval_move_acc': 1.0, 'eval_eval_mod4_acc': 1.0, 'eval_eval_runtime': 5.221, 'eval_eval_samples_per_second': 383.067, 'eval_eval_steps_per_second': 6.129, 'epoch': 291.49}
{'eval_train_loss': 6.98485713712671e-10, 'eval_train_token_acc': 0.9452161407664326, 'eval_train_seq_acc': 0.0, 'eval_train_move_acc': 1.0, 'eval_train_mod4_acc': 1.0, 'eval_train_runtime': 2.6269, 'eval_train_samples_per_second': 380.68, 'eval_train_steps_per_second': 6.091, 'epoch': 291.49}
{'loss': 0.0, 'learning_rate': 4.135048774287553e-08, 'epoch': 293.62}
{'eval_eval_loss': 8.770933423996041e-10, 'eval_eval_token_acc': 0.942013925894348, 'eval_eval_seq_acc': 0.0, 'eval_eval_move_acc': 1.0, 'eval_eval_mod4_acc': 1.0, 'eval_eval_runtime': 5.2141, 'eval_eval_samples_per_second': 383.575, 'eval_eval_steps_per_second': 6.137, 'epoch': 293.62}
{'eval_train_loss': 7.126333412266206e-10, 'eval_train_token_acc': 0.9452161407664326, 'eval_train_seq_acc': 0.0, 'eval_train_move_acc': 1.0, 'eval_train_mod4_acc': 1.0, 'eval_train_runtime': 2.6027, 'eval_train_samples_per_second': 384.214, 'eval_train_steps_per_second': 6.147, 'epoch': 293.62}
{'loss': 0.0, 'learning_rate': 1.8382688601967234e-08, 'epoch': 295.74}
{'eval_eval_loss': 8.64386062726652e-10, 'eval_eval_token_acc': 0.942013925894348, 'eval_eval_seq_acc': 0.0, 'eval_eval_move_acc': 1.0, 'eval_eval_mod4_acc': 1.0, 'eval_eval_runtime': 5.2336, 'eval_eval_samples_per_second': 382.145, 'eval_eval_steps_per_second': 6.114, 'epoch': 295.74}
{'eval_train_loss': 6.90428769711815e-10, 'eval_train_token_acc': 0.9452161407664326, 'eval_train_seq_acc': 0.0, 'eval_train_move_acc': 1.0, 'eval_train_mod4_acc': 1.0, 'eval_train_runtime': 2.6271, 'eval_train_samples_per_second': 380.653, 'eval_train_steps_per_second': 6.09, 'epoch': 295.74}
  Pushed checkpoint step-70000 to ijinyu1113/ft_mr3_410m_seed4_purenum
{'loss': 0.0, 'learning_rate': 4.596376373016686e-09, 'epoch': 297.87}
{'eval_eval_loss': 8.654494898507892e-10, 'eval_eval_token_acc': 0.942013925894348, 'eval_eval_seq_acc': 0.0, 'eval_eval_move_acc': 1.0, 'eval_eval_mod4_acc': 1.0, 'eval_eval_runtime': 5.1591, 'eval_eval_samples_per_second': 387.663, 'eval_eval_steps_per_second': 6.203, 'epoch': 297.87}
{'eval_train_loss': 6.985088618627344e-10, 'eval_train_token_acc': 0.9452161407664326, 'eval_train_seq_acc': 0.0, 'eval_train_move_acc': 1.0, 'eval_train_mod4_acc': 1.0, 'eval_train_runtime': 2.5795, 'eval_train_samples_per_second': 387.669, 'eval_train_steps_per_second': 6.203, 'epoch': 297.87}
{'loss': 0.0, 'learning_rate': 0.0, 'epoch': 300.0}
{'eval_eval_loss': 8.643840088140564e-10, 'eval_eval_token_acc': 0.942013925894348, 'eval_eval_seq_acc': 0.0, 'eval_eval_move_acc': 1.0, 'eval_eval_mod4_acc': 1.0, 'eval_eval_runtime': 5.209, 'eval_eval_samples_per_second': 383.951, 'eval_eval_steps_per_second': 6.143, 'epoch': 300.0}
{'eval_train_loss': 6.923927542423769e-10, 'eval_train_token_acc': 0.9452161407664326, 'eval_train_seq_acc': 0.0, 'eval_train_move_acc': 1.0, 'eval_train_mod4_acc': 1.0, 'eval_train_runtime': 2.6103, 'eval_train_samples_per_second': 383.098, 'eval_train_steps_per_second': 6.13, 'epoch': 300.0}
{'train_runtime': 33296.005, 'train_samples_per_second': 135.151, 'train_steps_per_second': 2.117, 'train_loss': 0.012345857392462257, 'epoch': 300.0}
  Pushed checkpoint step-70500 to ijinyu1113/ft_mr3_410m_seed4_purenum
Final eval: {'eval_loss': 8.643840088140564e-10, 'eval_token_acc': 0.942013925894348, 'eval_seq_acc': 0.0, 'eval_move_acc': 1.0, 'eval_mod4_acc': 1.0, 'eval_runtime': 5.1901, 'eval_samples_per_second': 385.35, 'eval_steps_per_second': 6.166, 'epoch': 300.0}
Final train: {'train_loss': 6.923927542423769e-10, 'train_token_acc': 0.9452161407664326, 'train_seq_acc': 0.0, 'train_move_acc': 1.0, 'train_mod4_acc': 1.0, 'train_runtime': 2.6283, 'train_samples_per_second': 380.47, 'train_steps_per_second': 6.088, 'epoch': 300.0}
