Using base checkpoint: step143000

STARTING DANN (mean pool): Lambda=0.0, LR=3e-05, Layer=10, BS=64, Warmup=15000

--- Epoch 1 ---
  Step   500 | n_loss=0.5212 a_loss=0.7021

--- Epoch 2 ---
  Step  1000 | n_loss=0.5123 a_loss=0.6856
  Step  1500 | n_loss=0.5128 a_loss=0.7229

--- Epoch 3 ---
  Step  2000 | n_loss=0.4964 a_loss=0.7245
Step  2000 | Cheat Acc: 20.99% | NonCheat Acc: 22.97% | Adv Acc: 50.88%
  Step  2500 | n_loss=0.5111 a_loss=0.7120

--- Epoch 4 ---
  Step  3000 | n_loss=0.5068 a_loss=0.6850
  Step  3500 | n_loss=0.5028 a_loss=0.7569

--- Epoch 5 ---
  Step  4000 | n_loss=0.5023 a_loss=0.6888
Step  4000 | Cheat Acc: 20.74% | NonCheat Acc: 21.13% | Adv Acc: 50.88%
  Step  4500 | n_loss=0.4955 a_loss=0.6924

--- Epoch 6 ---
  Step  5000 | n_loss=0.5117 a_loss=0.7290
  Pushed checkpoint step-5000 to ijinyu1113/dann_mp_l0.0_s150000_seed10
  Step  5500 | n_loss=0.5005 a_loss=0.6934

--- Epoch 7 ---
  Step  6000 | n_loss=0.5277 a_loss=0.6811
Step  6000 | Cheat Acc: 22.90% | NonCheat Acc: 20.64% | Adv Acc: 50.88%
  Step  6500 | n_loss=0.5134 a_loss=0.7085

--- Epoch 8 ---
  Step  7000 | n_loss=0.5037 a_loss=0.6759
  Step  7500 | n_loss=0.4931 a_loss=0.7379

--- Epoch 9 ---
  Step  8000 | n_loss=0.5014 a_loss=0.7089
Step  8000 | Cheat Acc: 24.94% | NonCheat Acc: 19.41% | Adv Acc: 50.88%

--- Epoch 10 ---
  Step  8500 | n_loss=0.4995 a_loss=0.6806
  Step  9000 | n_loss=0.4799 a_loss=0.6994

--- Epoch 11 ---
  Step  9500 | n_loss=0.5027 a_loss=0.7312
  Step 10000 | n_loss=0.4784 a_loss=0.6921
Step 10000 | Cheat Acc: 34.48% | NonCheat Acc: 18.18% | Adv Acc: 50.88%
  Pushed checkpoint step-10000 to ijinyu1113/dann_mp_l0.0_s150000_seed10

--- Epoch 12 ---
  Step 10500 | n_loss=0.4963 a_loss=0.7239
  Step 11000 | n_loss=0.4830 a_loss=0.7306

--- Epoch 13 ---
  Step 11500 | n_loss=0.4440 a_loss=0.7104
  Step 12000 | n_loss=0.4588 a_loss=0.6929
Step 12000 | Cheat Acc: 55.98% | NonCheat Acc: 20.02% | Adv Acc: 50.88%

--- Epoch 14 ---
  Step 12500 | n_loss=0.4503 a_loss=0.6834
  Step 13000 | n_loss=0.3464 a_loss=0.7193

--- Epoch 15 ---
  Step 13500 | n_loss=0.3471 a_loss=0.7909
  Step 14000 | n_loss=0.3210 a_loss=0.7387
Step 14000 | Cheat Acc: 81.68% | NonCheat Acc: 19.41% | Adv Acc: 50.19%

--- Epoch 16 ---
  Step 14500 | n_loss=0.3448 a_loss=0.7105
  Step 15000 | n_loss=0.3042 a_loss=0.7263
  Pushed checkpoint step-15000 to ijinyu1113/dann_mp_l0.0_s150000_seed10

--- Epoch 17 ---
  Step 15500 | n_loss=0.2833 a_loss=0.7073

--- Epoch 18 ---
  Step 16000 | n_loss=0.2174 a_loss=0.7152
Step 16000 | Cheat Acc: 86.51% | NonCheat Acc: 18.30% | Adv Acc: 50.25%
  Step 16500 | n_loss=0.2648 a_loss=0.6996

--- Epoch 19 ---
  Step 17000 | n_loss=0.2383 a_loss=0.7062
  Step 17500 | n_loss=0.3098 a_loss=0.6843

--- Epoch 20 ---
  Step 18000 | n_loss=0.2722 a_loss=0.6842
Step 18000 | Cheat Acc: 93.51% | NonCheat Acc: 18.55% | Adv Acc: 51.19%
  Step 18500 | n_loss=0.2474 a_loss=0.6829

--- Epoch 21 ---
  Step 19000 | n_loss=0.2530 a_loss=0.7291
  Step 19500 | n_loss=0.2419 a_loss=0.7289

--- Epoch 22 ---
  Step 20000 | n_loss=0.2525 a_loss=0.6745
Step 20000 | Cheat Acc: 94.15% | NonCheat Acc: 22.36% | Adv Acc: 50.44%
  Pushed checkpoint step-20000 to ijinyu1113/dann_mp_l0.0_s150000_seed10
  Step 20500 | n_loss=0.2470 a_loss=0.7022

--- Epoch 23 ---
  Step 21000 | n_loss=0.1614 a_loss=0.6958
  Step 21500 | n_loss=0.2303 a_loss=0.7062

--- Epoch 24 ---
  Step 22000 | n_loss=0.1849 a_loss=0.6912
Step 22000 | Cheat Acc: 94.27% | NonCheat Acc: 22.24% | Adv Acc: 51.00%
  Step 22500 | n_loss=0.2388 a_loss=0.6853

--- Epoch 25 ---
  Step 23000 | n_loss=0.1805 a_loss=0.6952

--- Epoch 26 ---
  Step 23500 | n_loss=0.0827 a_loss=0.7138
  Step 24000 | n_loss=0.1599 a_loss=0.7047
Step 24000 | Cheat Acc: 93.77% | NonCheat Acc: 20.88% | Adv Acc: 50.81%

--- Epoch 27 ---
  Step 24500 | n_loss=0.0665 a_loss=0.7189
  Step 25000 | n_loss=0.1775 a_loss=0.6765
  Pushed checkpoint step-25000 to ijinyu1113/dann_mp_l0.0_s150000_seed10

--- Epoch 28 ---
  Step 25500 | n_loss=0.0941 a_loss=0.6973
  Step 26000 | n_loss=0.2530 a_loss=0.6875
Step 26000 | Cheat Acc: 92.75% | NonCheat Acc: 22.60% | Adv Acc: 50.50%

--- Epoch 29 ---
  Step 26500 | n_loss=0.0622 a_loss=0.6990
  Step 27000 | n_loss=0.1693 a_loss=0.6637

--- Epoch 30 ---
  Step 27500 | n_loss=0.0721 a_loss=0.7172
  Step 28000 | n_loss=0.0988 a_loss=0.6780
Step 28000 | Cheat Acc: 91.60% | NonCheat Acc: 22.85% | Adv Acc: 50.56%

--- Epoch 31 ---
  Step 28500 | n_loss=0.1004 a_loss=0.6810
  Step 29000 | n_loss=0.0708 a_loss=0.6922

--- Epoch 32 ---
  Step 29500 | n_loss=0.0658 a_loss=0.6928
  Step 30000 | n_loss=0.0755 a_loss=0.7227
Step 30000 | Cheat Acc: 89.19% | NonCheat Acc: 22.48% | Adv Acc: 51.00%
  Pushed checkpoint step-30000 to ijinyu1113/dann_mp_l0.0_s150000_seed10

--- Epoch 33 ---
  Step 30500 | n_loss=0.0503 a_loss=0.7084

--- Epoch 34 ---
  Step 31000 | n_loss=0.0511 a_loss=0.6849
  Step 31500 | n_loss=0.0125 a_loss=0.7134

--- Epoch 35 ---
  Step 32000 | n_loss=0.0206 a_loss=0.7284
Step 32000 | Cheat Acc: 88.04% | NonCheat Acc: 23.22% | Adv Acc: 50.69%
  Step 32500 | n_loss=0.0263 a_loss=0.7191

--- Epoch 36 ---
  Step 33000 | n_loss=0.0292 a_loss=0.6925
  Step 33500 | n_loss=0.0169 a_loss=0.6787

--- Epoch 37 ---
  Step 34000 | n_loss=0.0404 a_loss=0.7098
Step 34000 | Cheat Acc: 88.93% | NonCheat Acc: 20.27% | Adv Acc: 50.19%
  Step 34500 | n_loss=0.0466 a_loss=0.7086

--- Epoch 38 ---
  Step 35000 | n_loss=0.0361 a_loss=0.6737
  Pushed checkpoint step-35000 to ijinyu1113/dann_mp_l0.0_s150000_seed10
  Step 35500 | n_loss=0.0553 a_loss=0.6913

--- Epoch 39 ---
  Step 36000 | n_loss=0.0096 a_loss=0.7082
Step 36000 | Cheat Acc: 89.57% | NonCheat Acc: 21.01% | Adv Acc: 51.00%
  Step 36500 | n_loss=0.0871 a_loss=0.7155

--- Epoch 40 ---
  Step 37000 | n_loss=0.0134 a_loss=0.7033
  Step 37500 | n_loss=0.0496 a_loss=0.6709

--- Epoch 41 ---
  Step 38000 | n_loss=0.0123 a_loss=0.6810
Step 38000 | Cheat Acc: 87.66% | NonCheat Acc: 21.50% | Adv Acc: 51.25%

--- Epoch 42 ---
  Step 38500 | n_loss=0.0581 a_loss=0.7073
  Step 39000 | n_loss=0.0176 a_loss=0.7029

--- Epoch 43 ---
  Step 39500 | n_loss=0.0043 a_loss=0.7064
  Step 40000 | n_loss=0.0346 a_loss=0.6966
Step 40000 | Cheat Acc: 88.42% | NonCheat Acc: 22.97% | Adv Acc: 50.38%
  Pushed checkpoint step-40000 to ijinyu1113/dann_mp_l0.0_s150000_seed10

--- Epoch 44 ---
  Step 40500 | n_loss=0.0134 a_loss=0.6576
  Step 41000 | n_loss=0.0497 a_loss=0.6831

--- Epoch 45 ---
  Step 41500 | n_loss=0.0096 a_loss=0.7087
  Step 42000 | n_loss=0.0352 a_loss=0.7251
Step 42000 | Cheat Acc: 89.06% | NonCheat Acc: 21.13% | Adv Acc: 50.56%

--- Epoch 46 ---
  Step 42500 | n_loss=0.0322 a_loss=0.6887
  Step 43000 | n_loss=0.0062 a_loss=0.6812

--- Epoch 47 ---
  Step 43500 | n_loss=0.0234 a_loss=0.6883
  Step 44000 | n_loss=0.0179 a_loss=0.6935
Step 44000 | Cheat Acc: 87.66% | NonCheat Acc: 21.01% | Adv Acc: 50.56%

--- Epoch 48 ---
  Step 44500 | n_loss=0.0182 a_loss=0.7385
  Step 45000 | n_loss=0.0618 a_loss=0.7188
  Pushed checkpoint step-45000 to ijinyu1113/dann_mp_l0.0_s150000_seed10

--- Epoch 49 ---
  Step 45500 | n_loss=0.0118 a_loss=0.7631

--- Epoch 50 ---
  Step 46000 | n_loss=0.0278 a_loss=0.7564
Step 46000 | Cheat Acc: 90.59% | NonCheat Acc: 19.04% | Adv Acc: 50.88%
  Step 46500 | n_loss=0.0020 a_loss=0.8090

--- Epoch 51 ---
  Step 47000 | n_loss=0.0148 a_loss=0.6925
  Step 47500 | n_loss=0.0135 a_loss=0.6976

--- Epoch 52 ---
  Step 48000 | n_loss=0.0047 a_loss=0.7367
Step 48000 | Cheat Acc: 89.31% | NonCheat Acc: 22.60% | Adv Acc: 50.62%
  Step 48500 | n_loss=0.0140 a_loss=0.7230

--- Epoch 53 ---
  Step 49000 | n_loss=0.0027 a_loss=0.7034
  Step 49500 | n_loss=0.0517 a_loss=0.7332

--- Epoch 54 ---
  Step 50000 | n_loss=0.0088 a_loss=0.7113
Step 50000 | Cheat Acc: 89.06% | NonCheat Acc: 21.38% | Adv Acc: 51.38%
  Pushed checkpoint step-50000 to ijinyu1113/dann_mp_l0.0_s150000_seed10
  Step 50500 | n_loss=0.0021 a_loss=0.7647

--- Epoch 55 ---
  Step 51000 | n_loss=0.0145 a_loss=0.6806
  Step 51500 | n_loss=0.0117 a_loss=0.7346

--- Epoch 56 ---
  Step 52000 | n_loss=0.0014 a_loss=0.7455
Step 52000 | Cheat Acc: 87.79% | NonCheat Acc: 21.38% | Adv Acc: 50.75%
  Step 52500 | n_loss=0.0006 a_loss=0.7194

--- Epoch 57 ---
  Step 53000 | n_loss=0.0060 a_loss=0.7127

--- Epoch 58 ---
  Step 53500 | n_loss=0.0035 a_loss=0.7587
  Step 54000 | n_loss=0.0011 a_loss=0.7362
Step 54000 | Cheat Acc: 87.79% | NonCheat Acc: 21.50% | Adv Acc: 50.69%

--- Epoch 59 ---
  Step 54500 | n_loss=0.0002 a_loss=0.7236
  Step 55000 | n_loss=0.0436 a_loss=0.6897
  Pushed checkpoint step-55000 to ijinyu1113/dann_mp_l0.0_s150000_seed10

--- Epoch 60 ---
  Step 55500 | n_loss=0.0333 a_loss=0.7136
  Step 56000 | n_loss=0.0160 a_loss=0.6731
Step 56000 | Cheat Acc: 85.88% | NonCheat Acc: 20.52% | Adv Acc: 50.56%

--- Epoch 61 ---
  Step 56500 | n_loss=0.0032 a_loss=0.7397
  Step 57000 | n_loss=0.0005 a_loss=0.7189

--- Epoch 62 ---
  Step 57500 | n_loss=0.0034 a_loss=0.7413
  Step 58000 | n_loss=0.0138 a_loss=0.6868
Step 58000 | Cheat Acc: 86.64% | NonCheat Acc: 21.62% | Adv Acc: 50.75%

--- Epoch 63 ---
  Step 58500 | n_loss=0.0005 a_loss=0.6868
  Step 59000 | n_loss=0.0005 a_loss=0.7317

--- Epoch 64 ---
  Step 59500 | n_loss=0.0338 a_loss=0.7178
  Step 60000 | n_loss=0.0185 a_loss=0.7335
Step 60000 | Cheat Acc: 87.66% | NonCheat Acc: 22.73% | Adv Acc: 50.62%
  Pushed checkpoint step-60000 to ijinyu1113/dann_mp_l0.0_s150000_seed10

--- Epoch 65 ---
  Step 60500 | n_loss=0.0623 a_loss=0.7389

--- Epoch 66 ---
  Step 61000 | n_loss=0.0003 a_loss=0.7074
  Step 61500 | n_loss=0.0005 a_loss=0.7881

--- Epoch 67 ---
  Step 62000 | n_loss=0.0089 a_loss=0.7794
Step 62000 | Cheat Acc: 88.55% | NonCheat Acc: 22.73% | Adv Acc: 50.31%
  Step 62500 | n_loss=0.0016 a_loss=0.7170

--- Epoch 68 ---
  Step 63000 | n_loss=0.0111 a_loss=0.7154
  Step 63500 | n_loss=0.0301 a_loss=0.7148

--- Epoch 69 ---
  Step 64000 | n_loss=0.0025 a_loss=0.7214
Step 64000 | Cheat Acc: 86.90% | NonCheat Acc: 20.02% | Adv Acc: 50.81%
  Step 64500 | n_loss=0.0235 a_loss=0.6971

--- Epoch 70 ---
  Step 65000 | n_loss=0.0002 a_loss=0.6939
  Pushed checkpoint step-65000 to ijinyu1113/dann_mp_l0.0_s150000_seed10
  Step 65500 | n_loss=0.0076 a_loss=0.6947

--- Epoch 71 ---
  Step 66000 | n_loss=0.0007 a_loss=0.7454
Step 66000 | Cheat Acc: 89.06% | NonCheat Acc: 19.04% | Adv Acc: 50.31%
  Step 66500 | n_loss=0.0330 a_loss=0.7108

--- Epoch 72 ---
  Step 67000 | n_loss=0.0005 a_loss=0.6722
  Step 67500 | n_loss=0.0019 a_loss=0.7089

--- Epoch 73 ---
  Step 68000 | n_loss=0.0003 a_loss=0.7325
Step 68000 | Cheat Acc: 87.66% | NonCheat Acc: 21.25% | Adv Acc: 50.38%

--- Epoch 74 ---
  Step 68500 | n_loss=0.0002 a_loss=0.7204
  Step 69000 | n_loss=0.0062 a_loss=0.6690

--- Epoch 75 ---
  Step 69500 | n_loss=0.0033 a_loss=0.7282
  Step 70000 | n_loss=0.0058 a_loss=0.7062
Step 70000 | Cheat Acc: 88.17% | NonCheat Acc: 21.25% | Adv Acc: 50.94%
  Pushed checkpoint step-70000 to ijinyu1113/dann_mp_l0.0_s150000_seed10

--- Epoch 76 ---
  Step 70500 | n_loss=0.0006 a_loss=0.7306
  Step 71000 | n_loss=0.0145 a_loss=0.7654

--- Epoch 77 ---
  Step 71500 | n_loss=0.0010 a_loss=0.7034
  Step 72000 | n_loss=0.0007 a_loss=0.6809
Step 72000 | Cheat Acc: 87.28% | NonCheat Acc: 20.39% | Adv Acc: 50.50%

--- Epoch 78 ---
  Step 72500 | n_loss=0.0007 a_loss=0.7607
  Step 73000 | n_loss=0.0026 a_loss=0.7194

--- Epoch 79 ---
  Step 73500 | n_loss=0.0183 a_loss=0.7041
  Step 74000 | n_loss=0.0004 a_loss=0.7283
Step 74000 | Cheat Acc: 86.64% | NonCheat Acc: 20.88% | Adv Acc: 51.00%

--- Epoch 80 ---
  Step 74500 | n_loss=0.0002 a_loss=0.7106
  Step 75000 | n_loss=0.0003 a_loss=0.7346
  Pushed checkpoint step-75000 to ijinyu1113/dann_mp_l0.0_s150000_seed10

--- Epoch 81 ---
  Step 75500 | n_loss=0.0261 a_loss=0.6985

--- Epoch 82 ---
  Step 76000 | n_loss=0.0006 a_loss=0.7108
Step 76000 | Cheat Acc: 88.04% | NonCheat Acc: 19.29% | Adv Acc: 50.81%
  Step 76500 | n_loss=0.0002 a_loss=0.7330

--- Epoch 83 ---
  Step 77000 | n_loss=0.0028 a_loss=0.6875
  Step 77500 | n_loss=0.0067 a_loss=0.7407

--- Epoch 84 ---
  Step 78000 | n_loss=0.0018 a_loss=0.6867
Step 78000 | Cheat Acc: 87.40% | NonCheat Acc: 20.88% | Adv Acc: 51.31%
  Step 78500 | n_loss=0.0008 a_loss=0.6740

--- Epoch 85 ---
  Step 79000 | n_loss=0.0003 a_loss=0.7426
  Step 79500 | n_loss=0.0086 a_loss=0.6951

--- Epoch 86 ---
  Step 80000 | n_loss=0.0096 a_loss=0.7291
Step 80000 | Cheat Acc: 86.64% | NonCheat Acc: 20.52% | Adv Acc: 50.75%
  Pushed checkpoint step-80000 to ijinyu1113/dann_mp_l0.0_s150000_seed10
  Step 80500 | n_loss=0.0288 a_loss=0.7603

--- Epoch 87 ---
  Step 81000 | n_loss=0.0002 a_loss=0.7598
  Step 81500 | n_loss=0.0005 a_loss=0.7034

--- Epoch 88 ---
  Step 82000 | n_loss=0.0002 a_loss=0.6905
Step 82000 | Cheat Acc: 86.39% | NonCheat Acc: 19.04% | Adv Acc: 50.88%
  Step 82500 | n_loss=0.0011 a_loss=0.7912

--- Epoch 89 ---
  Step 83000 | n_loss=0.0022 a_loss=0.7462

--- Epoch 90 ---
  Step 83500 | n_loss=0.0026 a_loss=0.7176
  Step 84000 | n_loss=0.0015 a_loss=0.6655
Step 84000 | Cheat Acc: 86.39% | NonCheat Acc: 20.27% | Adv Acc: 51.19%

--- Epoch 91 ---
  Step 84500 | n_loss=0.0002 a_loss=0.7773
  Step 85000 | n_loss=0.0003 a_loss=0.6938
  Pushed checkpoint step-85000 to ijinyu1113/dann_mp_l0.0_s150000_seed10

--- Epoch 92 ---
  Step 85500 | n_loss=0.0003 a_loss=0.6996
  Step 86000 | n_loss=0.0002 a_loss=0.7559
Step 86000 | Cheat Acc: 86.26% | NonCheat Acc: 21.13% | Adv Acc: 50.81%

--- Epoch 93 ---
  Step 86500 | n_loss=0.0005 a_loss=0.6899
  Step 87000 | n_loss=0.0102 a_loss=0.7094

--- Epoch 94 ---
  Step 87500 | n_loss=0.0001 a_loss=0.6702
  Step 88000 | n_loss=0.0433 a_loss=0.7089
Step 88000 | Cheat Acc: 85.24% | NonCheat Acc: 23.34% | Adv Acc: 50.81%

--- Epoch 95 ---
  Step 88500 | n_loss=0.0002 a_loss=0.6589
  Step 89000 | n_loss=0.0001 a_loss=0.7095

--- Epoch 96 ---
  Step 89500 | n_loss=0.0001 a_loss=0.6822
  Step 90000 | n_loss=0.0004 a_loss=0.7311
Step 90000 | Cheat Acc: 89.57% | NonCheat Acc: 21.13% | Adv Acc: 50.69%
  Pushed checkpoint step-90000 to ijinyu1113/dann_mp_l0.0_s150000_seed10

--- Epoch 97 ---
  Step 90500 | n_loss=0.0131 a_loss=0.7121

--- Epoch 98 ---
  Step 91000 | n_loss=0.0002 a_loss=0.6915
  Step 91500 | n_loss=0.0049 a_loss=0.7175

--- Epoch 99 ---
  Step 92000 | n_loss=0.0005 a_loss=0.7468
Step 92000 | Cheat Acc: 89.19% | NonCheat Acc: 21.87% | Adv Acc: 50.62%
  Step 92500 | n_loss=0.0001 a_loss=0.6838

--- Epoch 100 ---
  Step 93000 | n_loss=0.0003 a_loss=0.7254
  Step 93500 | n_loss=0.0001 a_loss=0.7406

--- Epoch 101 ---
  Step 94000 | n_loss=0.0059 a_loss=0.7554
Step 94000 | Cheat Acc: 89.06% | NonCheat Acc: 20.88% | Adv Acc: 50.88%
  Step 94500 | n_loss=0.0004 a_loss=0.7330

--- Epoch 102 ---
  Step 95000 | n_loss=0.0018 a_loss=0.6623
  Pushed checkpoint step-95000 to ijinyu1113/dann_mp_l0.0_s150000_seed10
  Step 95500 | n_loss=0.0053 a_loss=0.7243

--- Epoch 103 ---
  Step 96000 | n_loss=0.0002 a_loss=0.6668
Step 96000 | Cheat Acc: 87.28% | NonCheat Acc: 20.02% | Adv Acc: 50.81%
  Step 96500 | n_loss=0.0004 a_loss=0.7065

--- Epoch 104 ---
  Step 97000 | n_loss=0.0002 a_loss=0.6888
  Step 97500 | n_loss=0.0270 a_loss=0.7191

--- Epoch 105 ---
  Step 98000 | n_loss=0.0002 a_loss=0.7304
Step 98000 | Cheat Acc: 87.79% | NonCheat Acc: 21.38% | Adv Acc: 51.12%

--- Epoch 106 ---
  Step 98500 | n_loss=0.0001 a_loss=0.7474
  Step 99000 | n_loss=0.0104 a_loss=0.7002

--- Epoch 107 ---
  Step 99500 | n_loss=0.0001 a_loss=0.7198
  Step 100000 | n_loss=0.0002 a_loss=0.7200
Step 100000 | Cheat Acc: 87.15% | NonCheat Acc: 20.39% | Adv Acc: 50.31%
  Pushed checkpoint step-100000 to ijinyu1113/dann_mp_l0.0_s150000_seed10

--- Epoch 108 ---
  Step 100500 | n_loss=0.0001 a_loss=0.6781
  Step 101000 | n_loss=0.0002 a_loss=0.7379

--- Epoch 109 ---
  Step 101500 | n_loss=0.0001 a_loss=0.7183
  Step 102000 | n_loss=0.0001 a_loss=0.7239
Step 102000 | Cheat Acc: 87.66% | NonCheat Acc: 21.50% | Adv Acc: 50.88%

--- Epoch 110 ---
  Step 102500 | n_loss=0.0003 a_loss=0.6688
  Step 103000 | n_loss=0.0001 a_loss=0.7101

--- Epoch 111 ---
  Step 103500 | n_loss=0.0001 a_loss=0.6785
  Step 104000 | n_loss=0.0002 a_loss=0.7016
Step 104000 | Cheat Acc: 88.55% | NonCheat Acc: 20.15% | Adv Acc: 50.56%

--- Epoch 112 ---
  Step 104500 | n_loss=0.0002 a_loss=0.7385
  Step 105000 | n_loss=0.0001 a_loss=0.7179
  Pushed checkpoint step-105000 to ijinyu1113/dann_mp_l0.0_s150000_seed10

--- Epoch 113 ---
  Step 105500 | n_loss=0.0001 a_loss=0.7128

--- Epoch 114 ---
  Step 106000 | n_loss=0.0012 a_loss=0.7321
Step 106000 | Cheat Acc: 89.82% | NonCheat Acc: 20.39% | Adv Acc: 51.00%
  Step 106500 | n_loss=0.0001 a_loss=0.6544

--- Epoch 115 ---
  Step 107000 | n_loss=0.0001 a_loss=0.7379
  Step 107500 | n_loss=0.0001 a_loss=0.6931

--- Epoch 116 ---
  Step 108000 | n_loss=0.0003 a_loss=0.7020
Step 108000 | Cheat Acc: 87.53% | NonCheat Acc: 20.15% | Adv Acc: 50.88%
  Step 108500 | n_loss=0.0001 a_loss=0.6836

--- Epoch 117 ---
  Step 109000 | n_loss=0.0005 a_loss=0.7148
  Step 109500 | n_loss=0.0002 a_loss=0.7408

--- Epoch 118 ---
  Step 110000 | n_loss=0.0011 a_loss=0.6985
Step 110000 | Cheat Acc: 88.55% | NonCheat Acc: 21.62% | Adv Acc: 51.25%
  Pushed checkpoint step-110000 to ijinyu1113/dann_mp_l0.0_s150000_seed10
  Step 110500 | n_loss=0.0001 a_loss=0.6891

--- Epoch 119 ---
  Step 111000 | n_loss=0.0001 a_loss=0.7065
  Step 111500 | n_loss=0.0001 a_loss=0.7200

--- Epoch 120 ---
  Step 112000 | n_loss=0.0001 a_loss=0.7116
Step 112000 | Cheat Acc: 88.17% | NonCheat Acc: 21.62% | Adv Acc: 51.56%
  Step 112500 | n_loss=0.0001 a_loss=0.7175

--- Epoch 121 ---
  Step 113000 | n_loss=0.0002 a_loss=0.7152

--- Epoch 122 ---
  Step 113500 | n_loss=0.0004 a_loss=0.7233
  Step 114000 | n_loss=0.0000 a_loss=0.6821
Step 114000 | Cheat Acc: 89.19% | NonCheat Acc: 20.76% | Adv Acc: 50.81%

--- Epoch 123 ---
  Step 114500 | n_loss=0.0001 a_loss=0.7240
  Step 115000 | n_loss=0.0006 a_loss=0.7286
  Pushed checkpoint step-115000 to ijinyu1113/dann_mp_l0.0_s150000_seed10

--- Epoch 124 ---
  Step 115500 | n_loss=0.0000 a_loss=0.6518
  Step 116000 | n_loss=0.0001 a_loss=0.7508
Step 116000 | Cheat Acc: 87.40% | NonCheat Acc: 20.02% | Adv Acc: 50.69%

--- Epoch 125 ---
  Step 116500 | n_loss=0.0006 a_loss=0.7081
  Step 117000 | n_loss=0.0001 a_loss=0.7143

--- Epoch 126 ---
  Step 117500 | n_loss=0.0000 a_loss=0.7232
  Step 118000 | n_loss=0.0001 a_loss=0.6907
Step 118000 | Cheat Acc: 88.30% | NonCheat Acc: 20.76% | Adv Acc: 51.06%

--- Epoch 127 ---
  Step 118500 | n_loss=0.0001 a_loss=0.7074
  Step 119000 | n_loss=0.0000 a_loss=0.7197

--- Epoch 128 ---
  Step 119500 | n_loss=0.0001 a_loss=0.6976
  Step 120000 | n_loss=0.0000 a_loss=0.6733
Step 120000 | Cheat Acc: 87.91% | NonCheat Acc: 19.41% | Adv Acc: 50.94%
  Pushed checkpoint step-120000 to ijinyu1113/dann_mp_l0.0_s150000_seed10

--- Epoch 129 ---
  Step 120500 | n_loss=0.0044 a_loss=0.7114
  Step 121000 | n_loss=0.0001 a_loss=0.7050

--- Epoch 130 ---
  Step 121500 | n_loss=0.0000 a_loss=0.6916

--- Epoch 131 ---
  Step 122000 | n_loss=0.0001 a_loss=0.7282
Step 122000 | Cheat Acc: 88.30% | NonCheat Acc: 21.01% | Adv Acc: 51.31%
  Step 122500 | n_loss=0.0000 a_loss=0.7336

--- Epoch 132 ---
  Step 123000 | n_loss=0.0001 a_loss=0.7253
  Step 123500 | n_loss=0.0000 a_loss=0.6979

--- Epoch 133 ---
  Step 124000 | n_loss=0.0000 a_loss=0.7487
Step 124000 | Cheat Acc: 88.80% | NonCheat Acc: 19.04% | Adv Acc: 50.81%
  Step 124500 | n_loss=0.0000 a_loss=0.7123

--- Epoch 134 ---
  Step 125000 | n_loss=0.0000 a_loss=0.7269
  Pushed checkpoint step-125000 to ijinyu1113/dann_mp_l0.0_s150000_seed10
  Step 125500 | n_loss=0.0001 a_loss=0.6637

--- Epoch 135 ---
  Step 126000 | n_loss=0.0000 a_loss=0.7072
Step 126000 | Cheat Acc: 89.06% | NonCheat Acc: 19.04% | Adv Acc: 50.69%
  Step 126500 | n_loss=0.0001 a_loss=0.6747

--- Epoch 136 ---
  Step 127000 | n_loss=0.0000 a_loss=0.7378
  Step 127500 | n_loss=0.0000 a_loss=0.7346

--- Epoch 137 ---
  Step 128000 | n_loss=0.0000 a_loss=0.7080
Step 128000 | Cheat Acc: 88.80% | NonCheat Acc: 19.41% | Adv Acc: 50.56%
  Step 128500 | n_loss=0.0000 a_loss=0.7099

--- Epoch 138 ---
  Step 129000 | n_loss=0.0000 a_loss=0.6795

--- Epoch 139 ---
  Step 129500 | n_loss=0.0000 a_loss=0.7291
  Step 130000 | n_loss=0.0000 a_loss=0.7295
Step 130000 | Cheat Acc: 88.30% | NonCheat Acc: 20.52% | Adv Acc: 50.94%
  Pushed checkpoint step-130000 to ijinyu1113/dann_mp_l0.0_s150000_seed10

--- Epoch 140 ---
  Step 130500 | n_loss=0.0000 a_loss=0.7033
  Step 131000 | n_loss=0.0000 a_loss=0.7292

--- Epoch 141 ---
  Step 131500 | n_loss=0.0000 a_loss=0.6832
  Step 132000 | n_loss=0.0000 a_loss=0.6858
Step 132000 | Cheat Acc: 89.69% | NonCheat Acc: 19.04% | Adv Acc: 50.69%

--- Epoch 142 ---
  Step 132500 | n_loss=0.0000 a_loss=0.7436
  Step 133000 | n_loss=0.0000 a_loss=0.7029

--- Epoch 143 ---
  Step 133500 | n_loss=0.0000 a_loss=0.7243
  Step 134000 | n_loss=0.0000 a_loss=0.7136
Step 134000 | Cheat Acc: 88.68% | NonCheat Acc: 19.66% | Adv Acc: 51.19%

--- Epoch 144 ---
  Step 134500 | n_loss=0.0000 a_loss=0.7140
  Step 135000 | n_loss=0.0000 a_loss=0.7270
  Pushed checkpoint step-135000 to ijinyu1113/dann_mp_l0.0_s150000_seed10

--- Epoch 145 ---
  Step 135500 | n_loss=0.0000 a_loss=0.7212
  Step 136000 | n_loss=0.0000 a_loss=0.7000
Step 136000 | Cheat Acc: 86.64% | NonCheat Acc: 20.15% | Adv Acc: 51.25%

--- Epoch 146 ---
  Step 136500 | n_loss=0.0000 a_loss=0.7029

--- Epoch 147 ---
  Step 137000 | n_loss=0.0000 a_loss=0.7077
  Step 137500 | n_loss=0.0000 a_loss=0.7315

--- Epoch 148 ---
  Step 138000 | n_loss=0.0000 a_loss=0.7437
Step 138000 | Cheat Acc: 87.79% | NonCheat Acc: 20.15% | Adv Acc: 51.38%
  Step 138500 | n_loss=0.0000 a_loss=0.7293

--- Epoch 149 ---
  Step 139000 | n_loss=0.0000 a_loss=0.7414
  Step 139500 | n_loss=0.0000 a_loss=0.7243

--- Epoch 150 ---
  Step 140000 | n_loss=0.0000 a_loss=0.7428
Step 140000 | Cheat Acc: 88.04% | NonCheat Acc: 20.15% | Adv Acc: 51.19%
  Pushed checkpoint step-140000 to ijinyu1113/dann_mp_l0.0_s150000_seed10
  Step 140500 | n_loss=0.0000 a_loss=0.7398

--- Epoch 151 ---
  Step 141000 | n_loss=0.0000 a_loss=0.7178
  Step 141500 | n_loss=0.0000 a_loss=0.7355

--- Epoch 152 ---
  Step 142000 | n_loss=0.0000 a_loss=0.7140
Step 142000 | Cheat Acc: 88.55% | NonCheat Acc: 20.15% | Adv Acc: 51.19%
  Step 142500 | n_loss=0.0000 a_loss=0.6921

--- Epoch 153 ---
  Step 143000 | n_loss=0.0000 a_loss=0.7165
  Step 143500 | n_loss=0.0000 a_loss=0.6774

--- Epoch 154 ---
  Step 144000 | n_loss=0.0000 a_loss=0.6920
Step 144000 | Cheat Acc: 88.93% | NonCheat Acc: 20.27% | Adv Acc: 51.06%

--- Epoch 155 ---
  Step 144500 | n_loss=0.0000 a_loss=0.7171
  Step 145000 | n_loss=0.0000 a_loss=0.7004
  Pushed checkpoint step-145000 to ijinyu1113/dann_mp_l0.0_s150000_seed10

--- Epoch 156 ---
  Step 145500 | n_loss=0.0000 a_loss=0.7054
  Step 146000 | n_loss=0.0000 a_loss=0.6924
Step 146000 | Cheat Acc: 88.93% | NonCheat Acc: 20.39% | Adv Acc: 51.00%

--- Epoch 157 ---
  Step 146500 | n_loss=0.0000 a_loss=0.7235
  Step 147000 | n_loss=0.0000 a_loss=0.6907

--- Epoch 158 ---
  Step 147500 | n_loss=0.0000 a_loss=0.7040
  Step 148000 | n_loss=0.0000 a_loss=0.6488
Step 148000 | Cheat Acc: 89.06% | NonCheat Acc: 20.39% | Adv Acc: 51.00%

--- Epoch 159 ---
  Step 148500 | n_loss=0.0000 a_loss=0.7169
  Step 149000 | n_loss=0.0000 a_loss=0.6976

--- Epoch 160 ---
  Step 149500 | n_loss=0.0000 a_loss=0.7045
  Step 150000 | n_loss=0.0000 a_loss=0.6868
Step 150000 | Cheat Acc: 89.06% | NonCheat Acc: 20.52% | Adv Acc: 51.00%
  Pushed checkpoint step-150000 to ijinyu1113/dann_mp_l0.0_s150000_seed10
  Pushed checkpoint step-150000 to ijinyu1113/dann_mp_l0.0_s150000_seed10
Training complete. Checkpoints at ijinyu1113/dann_mp_l0.0_s150000_seed10
