Using base checkpoint: step143000

STARTING DANN (mean pool): Lambda=0.0, LR=3e-05, Layer=10, BS=64, Warmup=15000

--- Epoch 1 ---
  Step   500 | n_loss=0.4948 a_loss=0.6953

--- Epoch 2 ---
  Step  1000 | n_loss=0.5014 a_loss=0.6927
  Step  1500 | n_loss=0.5028 a_loss=0.6886

--- Epoch 3 ---
  Step  2000 | n_loss=0.4948 a_loss=0.6906
Step  2000 | Cheat Acc: 20.48% | NonCheat Acc: 18.30% | Adv Acc: 48.38%
  Step  2500 | n_loss=0.5193 a_loss=0.6936

--- Epoch 4 ---
  Step  3000 | n_loss=0.5035 a_loss=0.6929
  Step  3500 | n_loss=0.4851 a_loss=0.6935

--- Epoch 5 ---
  Step  4000 | n_loss=0.5318 a_loss=0.6978
Step  4000 | Cheat Acc: 20.74% | NonCheat Acc: 18.55% | Adv Acc: 49.69%
  Step  4500 | n_loss=0.5130 a_loss=0.6951

--- Epoch 6 ---
  Step  5000 | n_loss=0.4870 a_loss=0.6939
  Pushed checkpoint step-5000 to ijinyu1113/dann_mp_l0.0_s150000_seed42_v3
  Step  5500 | n_loss=0.5103 a_loss=0.6901

--- Epoch 7 ---
  Step  6000 | n_loss=0.4984 a_loss=0.6915
Step  6000 | Cheat Acc: 19.72% | NonCheat Acc: 19.41% | Adv Acc: 48.81%
  Step  6500 | n_loss=0.5082 a_loss=0.6924

--- Epoch 8 ---
  Step  7000 | n_loss=0.4931 a_loss=0.6891
  Step  7500 | n_loss=0.5077 a_loss=0.6917

--- Epoch 9 ---
  Step  8000 | n_loss=0.5066 a_loss=0.6915
Step  8000 | Cheat Acc: 23.16% | NonCheat Acc: 21.62% | Adv Acc: 49.12%

--- Epoch 10 ---
  Step  8500 | n_loss=0.5111 a_loss=0.6902
  Step  9000 | n_loss=0.5134 a_loss=0.7143

--- Epoch 11 ---
  Step  9500 | n_loss=0.4963 a_loss=0.6880
  Step 10000 | n_loss=0.5286 a_loss=0.6877
Step 10000 | Cheat Acc: 20.36% | NonCheat Acc: 19.16% | Adv Acc: 50.50%
  Pushed checkpoint step-10000 to ijinyu1113/dann_mp_l0.0_s150000_seed42_v3

--- Epoch 12 ---
  Step 10500 | n_loss=0.5283 a_loss=0.6924
  Step 11000 | n_loss=0.5101 a_loss=0.6868

--- Epoch 13 ---
  Step 11500 | n_loss=0.4999 a_loss=0.7052
  Step 12000 | n_loss=0.5095 a_loss=0.6941
Step 12000 | Cheat Acc: 20.36% | NonCheat Acc: 19.16% | Adv Acc: 49.12%

--- Epoch 14 ---
  Step 12500 | n_loss=0.5000 a_loss=0.7336
  Step 13000 | n_loss=0.5120 a_loss=0.7150

--- Epoch 15 ---
  Step 13500 | n_loss=0.4842 a_loss=0.6884
  Step 14000 | n_loss=0.4946 a_loss=0.7272
Step 14000 | Cheat Acc: 22.90% | NonCheat Acc: 22.24% | Adv Acc: 49.12%

--- Epoch 16 ---
  Step 14500 | n_loss=0.5075 a_loss=0.6271
  Step 15000 | n_loss=0.5199 a_loss=0.7192
  Pushed checkpoint step-15000 to ijinyu1113/dann_mp_l0.0_s150000_seed42_v3

--- Epoch 17 ---
  Step 15500 | n_loss=0.5030 a_loss=0.7241

--- Epoch 18 ---
  Step 16000 | n_loss=0.4885 a_loss=0.6861
Step 16000 | Cheat Acc: 20.36% | NonCheat Acc: 19.16% | Adv Acc: 51.56%
  Step 16500 | n_loss=0.5077 a_loss=0.6944

--- Epoch 19 ---
  Step 17000 | n_loss=0.5171 a_loss=0.6837
  Step 17500 | n_loss=0.5224 a_loss=0.7443

--- Epoch 20 ---
  Step 18000 | n_loss=0.5100 a_loss=0.7009
Step 18000 | Cheat Acc: 20.87% | NonCheat Acc: 17.08% | Adv Acc: 50.25%
  Step 18500 | n_loss=0.5027 a_loss=0.7324

--- Epoch 21 ---
  Step 19000 | n_loss=0.5084 a_loss=0.7225
  Step 19500 | n_loss=0.4893 a_loss=0.7573

--- Epoch 22 ---
  Step 20000 | n_loss=0.5137 a_loss=0.6803
Step 20000 | Cheat Acc: 22.77% | NonCheat Acc: 18.80% | Adv Acc: 51.19%
  Pushed checkpoint step-20000 to ijinyu1113/dann_mp_l0.0_s150000_seed42_v3
  Step 20500 | n_loss=0.4992 a_loss=0.7005

--- Epoch 23 ---
  Step 21000 | n_loss=0.4971 a_loss=0.7148
  Step 21500 | n_loss=0.5053 a_loss=0.6906

--- Epoch 24 ---
  Step 22000 | n_loss=0.5069 a_loss=0.6797
Step 22000 | Cheat Acc: 25.32% | NonCheat Acc: 19.04% | Adv Acc: 51.06%
  Step 22500 | n_loss=0.5106 a_loss=0.6786

--- Epoch 25 ---
  Step 23000 | n_loss=0.4847 a_loss=0.7005

--- Epoch 26 ---
  Step 23500 | n_loss=0.4532 a_loss=0.6695
  Step 24000 | n_loss=0.4742 a_loss=0.6867
Step 24000 | Cheat Acc: 39.19% | NonCheat Acc: 22.48% | Adv Acc: 49.31%

--- Epoch 27 ---
  Step 24500 | n_loss=0.4782 a_loss=0.6725
  Step 25000 | n_loss=0.4449 a_loss=0.7091
  Pushed checkpoint step-25000 to ijinyu1113/dann_mp_l0.0_s150000_seed42_v3

--- Epoch 28 ---
  Step 25500 | n_loss=0.3963 a_loss=0.7056
  Step 26000 | n_loss=0.3739 a_loss=0.7005
Step 26000 | Cheat Acc: 61.58% | NonCheat Acc: 21.74% | Adv Acc: 50.69%

--- Epoch 29 ---
  Step 26500 | n_loss=0.3385 a_loss=0.6936
  Step 27000 | n_loss=0.3486 a_loss=0.7101

--- Epoch 30 ---
  Step 27500 | n_loss=0.3317 a_loss=0.7089
  Step 28000 | n_loss=0.3135 a_loss=0.7040
Step 28000 | Cheat Acc: 79.26% | NonCheat Acc: 20.88% | Adv Acc: 50.75%

--- Epoch 31 ---
  Step 28500 | n_loss=0.2700 a_loss=0.6847
  Step 29000 | n_loss=0.3464 a_loss=0.6934

--- Epoch 32 ---
  Step 29500 | n_loss=0.3433 a_loss=0.7130
  Step 30000 | n_loss=0.2939 a_loss=0.6846
Step 30000 | Cheat Acc: 86.01% | NonCheat Acc: 21.87% | Adv Acc: 48.75%
  Pushed checkpoint step-30000 to ijinyu1113/dann_mp_l0.0_s150000_seed42_v3

--- Epoch 33 ---
  Step 30500 | n_loss=0.2892 a_loss=0.6884

--- Epoch 34 ---
  Step 31000 | n_loss=0.2245 a_loss=0.7149
  Step 31500 | n_loss=0.2399 a_loss=0.6864

--- Epoch 35 ---
  Step 32000 | n_loss=0.2457 a_loss=0.6905
Step 32000 | Cheat Acc: 89.31% | NonCheat Acc: 20.39% | Adv Acc: 50.12%
  Step 32500 | n_loss=0.2574 a_loss=0.6902

--- Epoch 36 ---
  Step 33000 | n_loss=0.2611 a_loss=0.6950
  Step 33500 | n_loss=0.2039 a_loss=0.6767

--- Epoch 37 ---
  Step 34000 | n_loss=0.1999 a_loss=0.6937
Step 34000 | Cheat Acc: 91.48% | NonCheat Acc: 21.01% | Adv Acc: 50.19%
  Step 34500 | n_loss=0.2552 a_loss=0.7119

--- Epoch 38 ---
  Step 35000 | n_loss=0.1967 a_loss=0.6870
  Pushed checkpoint step-35000 to ijinyu1113/dann_mp_l0.0_s150000_seed42_v3
  Step 35500 | n_loss=0.1685 a_loss=0.7201

--- Epoch 39 ---
  Step 36000 | n_loss=0.2869 a_loss=0.6882
Step 36000 | Cheat Acc: 94.27% | NonCheat Acc: 20.64% | Adv Acc: 50.25%
  Step 36500 | n_loss=0.1718 a_loss=0.7040

--- Epoch 40 ---
  Step 37000 | n_loss=0.2586 a_loss=0.6999
  Step 37500 | n_loss=0.2246 a_loss=0.7066

--- Epoch 41 ---
  Step 38000 | n_loss=0.2141 a_loss=0.7008
Step 38000 | Cheat Acc: 94.40% | NonCheat Acc: 21.38% | Adv Acc: 49.56%

--- Epoch 42 ---
  Step 38500 | n_loss=0.1983 a_loss=0.6965
  Step 39000 | n_loss=0.1969 a_loss=0.7034

--- Epoch 43 ---
  Step 39500 | n_loss=0.1459 a_loss=0.6957
  Step 40000 | n_loss=0.1918 a_loss=0.7111
Step 40000 | Cheat Acc: 95.04% | NonCheat Acc: 22.11% | Adv Acc: 49.31%
  Pushed checkpoint step-40000 to ijinyu1113/dann_mp_l0.0_s150000_seed42_v3

--- Epoch 44 ---
  Step 40500 | n_loss=0.1332 a_loss=0.6842
  Step 41000 | n_loss=0.2205 a_loss=0.6949

--- Epoch 45 ---
  Step 41500 | n_loss=0.1322 a_loss=0.6972
  Step 42000 | n_loss=0.1436 a_loss=0.6793
Step 42000 | Cheat Acc: 93.89% | NonCheat Acc: 20.64% | Adv Acc: 50.25%

--- Epoch 46 ---
  Step 42500 | n_loss=0.0856 a_loss=0.7034
  Step 43000 | n_loss=0.1619 a_loss=0.6982

--- Epoch 47 ---
  Step 43500 | n_loss=0.1691 a_loss=0.7061
  Step 44000 | n_loss=0.0920 a_loss=0.6662
Step 44000 | Cheat Acc: 94.02% | NonCheat Acc: 19.53% | Adv Acc: 49.44%

--- Epoch 48 ---
  Step 44500 | n_loss=0.0886 a_loss=0.7130
  Step 45000 | n_loss=0.0585 a_loss=0.6926
  Pushed checkpoint step-45000 to ijinyu1113/dann_mp_l0.0_s150000_seed42_v3

--- Epoch 49 ---
  Step 45500 | n_loss=0.0602 a_loss=0.7088

--- Epoch 50 ---
  Step 46000 | n_loss=0.0397 a_loss=0.6792
Step 46000 | Cheat Acc: 92.24% | NonCheat Acc: 20.27% | Adv Acc: 49.31%
  Step 46500 | n_loss=0.0854 a_loss=0.6942

--- Epoch 51 ---
  Step 47000 | n_loss=0.1537 a_loss=0.7034
  Step 47500 | n_loss=0.0898 a_loss=0.7138

--- Epoch 52 ---
  Step 48000 | n_loss=0.0540 a_loss=0.6923
Step 48000 | Cheat Acc: 92.24% | NonCheat Acc: 20.39% | Adv Acc: 50.56%
  Step 48500 | n_loss=0.1095 a_loss=0.7059

--- Epoch 53 ---
  Step 49000 | n_loss=0.0153 a_loss=0.7041
  Step 49500 | n_loss=0.0839 a_loss=0.6926

--- Epoch 54 ---
  Step 50000 | n_loss=0.0484 a_loss=0.6961
Step 50000 | Cheat Acc: 91.73% | NonCheat Acc: 20.52% | Adv Acc: 48.62%
  Pushed checkpoint step-50000 to ijinyu1113/dann_mp_l0.0_s150000_seed42_v3
  Step 50500 | n_loss=0.0283 a_loss=0.6994

--- Epoch 55 ---
  Step 51000 | n_loss=0.0699 a_loss=0.6972
  Step 51500 | n_loss=0.0373 a_loss=0.7142

--- Epoch 56 ---
  Step 52000 | n_loss=0.0376 a_loss=0.6988
Step 52000 | Cheat Acc: 91.09% | NonCheat Acc: 20.39% | Adv Acc: 48.44%
  Step 52500 | n_loss=0.0508 a_loss=0.6813

--- Epoch 57 ---
  Step 53000 | n_loss=0.0466 a_loss=0.7154

--- Epoch 58 ---
  Step 53500 | n_loss=0.0194 a_loss=0.7094
  Step 54000 | n_loss=0.0267 a_loss=0.7191
Step 54000 | Cheat Acc: 91.60% | NonCheat Acc: 20.02% | Adv Acc: 49.75%

--- Epoch 59 ---
  Step 54500 | n_loss=0.0192 a_loss=0.6900
  Step 55000 | n_loss=0.0117 a_loss=0.6860
  Pushed checkpoint step-55000 to ijinyu1113/dann_mp_l0.0_s150000_seed42_v3

--- Epoch 60 ---
  Step 55500 | n_loss=0.0136 a_loss=0.6895
  Step 56000 | n_loss=0.0250 a_loss=0.7060
Step 56000 | Cheat Acc: 91.98% | NonCheat Acc: 20.02% | Adv Acc: 48.56%

--- Epoch 61 ---
  Step 56500 | n_loss=0.0267 a_loss=0.6969
  Step 57000 | n_loss=0.0657 a_loss=0.6826

--- Epoch 62 ---
  Step 57500 | n_loss=0.0111 a_loss=0.6965
  Step 58000 | n_loss=0.0525 a_loss=0.6832
Step 58000 | Cheat Acc: 89.44% | NonCheat Acc: 18.67% | Adv Acc: 48.38%

--- Epoch 63 ---
  Step 58500 | n_loss=0.0432 a_loss=0.7157
  Step 59000 | n_loss=0.0155 a_loss=0.6943

--- Epoch 64 ---
  Step 59500 | n_loss=0.0198 a_loss=0.6913
  Step 60000 | n_loss=0.0173 a_loss=0.6895
Step 60000 | Cheat Acc: 90.46% | NonCheat Acc: 19.90% | Adv Acc: 48.62%
  Pushed checkpoint step-60000 to ijinyu1113/dann_mp_l0.0_s150000_seed42_v3

--- Epoch 65 ---
  Step 60500 | n_loss=0.0113 a_loss=0.7129

--- Epoch 66 ---
  Step 61000 | n_loss=0.0082 a_loss=0.6957
  Step 61500 | n_loss=0.0725 a_loss=0.6897

--- Epoch 67 ---
  Step 62000 | n_loss=0.0017 a_loss=0.6959
Step 62000 | Cheat Acc: 90.46% | NonCheat Acc: 18.18% | Adv Acc: 47.88%
  Step 62500 | n_loss=0.0370 a_loss=0.6975

--- Epoch 68 ---
  Step 63000 | n_loss=0.0009 a_loss=0.6969
  Step 63500 | n_loss=0.0090 a_loss=0.7034

--- Epoch 69 ---
  Step 64000 | n_loss=0.0075 a_loss=0.6970
Step 64000 | Cheat Acc: 90.46% | NonCheat Acc: 20.64% | Adv Acc: 49.31%
  Step 64500 | n_loss=0.0032 a_loss=0.6948

--- Epoch 70 ---
  Step 65000 | n_loss=0.0030 a_loss=0.6748
  Pushed checkpoint step-65000 to ijinyu1113/dann_mp_l0.0_s150000_seed42_v3
  Step 65500 | n_loss=0.0074 a_loss=0.6847

--- Epoch 71 ---
  Step 66000 | n_loss=0.0222 a_loss=0.6862
Step 66000 | Cheat Acc: 89.82% | NonCheat Acc: 20.27% | Adv Acc: 48.69%
  Step 66500 | n_loss=0.0128 a_loss=0.7038

--- Epoch 72 ---
  Step 67000 | n_loss=0.0049 a_loss=0.6777
  Step 67500 | n_loss=0.0116 a_loss=0.6789

--- Epoch 73 ---
  Step 68000 | n_loss=0.0332 a_loss=0.6793
Step 68000 | Cheat Acc: 90.33% | NonCheat Acc: 20.64% | Adv Acc: 48.94%

--- Epoch 74 ---
  Step 68500 | n_loss=0.0036 a_loss=0.7059
  Step 69000 | n_loss=0.0530 a_loss=0.7184

--- Epoch 75 ---
  Step 69500 | n_loss=0.0005 a_loss=0.6833
  Step 70000 | n_loss=0.0022 a_loss=0.6966
Step 70000 | Cheat Acc: 89.69% | NonCheat Acc: 21.01% | Adv Acc: 49.38%
  Pushed checkpoint step-70000 to ijinyu1113/dann_mp_l0.0_s150000_seed42_v3

--- Epoch 76 ---
  Step 70500 | n_loss=0.0021 a_loss=0.7089
  Step 71000 | n_loss=0.0016 a_loss=0.7010

--- Epoch 77 ---
  Step 71500 | n_loss=0.0014 a_loss=0.7092
  Step 72000 | n_loss=0.0033 a_loss=0.6957
Step 72000 | Cheat Acc: 90.20% | NonCheat Acc: 17.81% | Adv Acc: 47.88%

--- Epoch 78 ---
  Step 72500 | n_loss=0.0064 a_loss=0.6948
  Step 73000 | n_loss=0.0015 a_loss=0.7047

--- Epoch 79 ---
  Step 73500 | n_loss=0.0045 a_loss=0.6814
  Step 74000 | n_loss=0.0017 a_loss=0.6942
Step 74000 | Cheat Acc: 88.93% | NonCheat Acc: 19.41% | Adv Acc: 49.06%

--- Epoch 80 ---
  Step 74500 | n_loss=0.0159 a_loss=0.6852
  Step 75000 | n_loss=0.0022 a_loss=0.7080
  Pushed checkpoint step-75000 to ijinyu1113/dann_mp_l0.0_s150000_seed42_v3

--- Epoch 81 ---
  Step 75500 | n_loss=0.0019 a_loss=0.7167

--- Epoch 82 ---
  Step 76000 | n_loss=0.0016 a_loss=0.6778
Step 76000 | Cheat Acc: 90.46% | NonCheat Acc: 20.76% | Adv Acc: 49.62%
  Step 76500 | n_loss=0.0022 a_loss=0.7024

--- Epoch 83 ---
  Step 77000 | n_loss=0.0056 a_loss=0.7355
  Step 77500 | n_loss=0.0025 a_loss=0.6824

--- Epoch 84 ---
  Step 78000 | n_loss=0.0005 a_loss=0.6934
Step 78000 | Cheat Acc: 90.84% | NonCheat Acc: 18.55% | Adv Acc: 48.75%
  Step 78500 | n_loss=0.0476 a_loss=0.7278

--- Epoch 85 ---
  Step 79000 | n_loss=0.0028 a_loss=0.6936
  Step 79500 | n_loss=0.0006 a_loss=0.7285

--- Epoch 86 ---
  Step 80000 | n_loss=0.0028 a_loss=0.6808
Step 80000 | Cheat Acc: 90.20% | NonCheat Acc: 19.78% | Adv Acc: 48.62%
  Pushed checkpoint step-80000 to ijinyu1113/dann_mp_l0.0_s150000_seed42_v3
  Step 80500 | n_loss=0.0050 a_loss=0.6945

--- Epoch 87 ---
  Step 81000 | n_loss=0.0003 a_loss=0.6859
  Step 81500 | n_loss=0.0037 a_loss=0.6969

--- Epoch 88 ---
  Step 82000 | n_loss=0.0016 a_loss=0.6924
Step 82000 | Cheat Acc: 90.59% | NonCheat Acc: 19.78% | Adv Acc: 48.19%
  Step 82500 | n_loss=0.0389 a_loss=0.7065

--- Epoch 89 ---
  Step 83000 | n_loss=0.0044 a_loss=0.7158

--- Epoch 90 ---
  Step 83500 | n_loss=0.0004 a_loss=0.6832
  Step 84000 | n_loss=0.0004 a_loss=0.7064
Step 84000 | Cheat Acc: 89.57% | NonCheat Acc: 20.27% | Adv Acc: 47.06%

--- Epoch 91 ---
  Step 84500 | n_loss=0.0013 a_loss=0.7314
  Step 85000 | n_loss=0.0023 a_loss=0.7224
  Pushed checkpoint step-85000 to ijinyu1113/dann_mp_l0.0_s150000_seed42_v3

--- Epoch 92 ---
  Step 85500 | n_loss=0.0019 a_loss=0.7136
  Step 86000 | n_loss=0.0002 a_loss=0.6793
Step 86000 | Cheat Acc: 90.08% | NonCheat Acc: 20.15% | Adv Acc: 47.25%

--- Epoch 93 ---
  Step 86500 | n_loss=0.0003 a_loss=0.6960
  Step 87000 | n_loss=0.0094 a_loss=0.6823

--- Epoch 94 ---
  Step 87500 | n_loss=0.0035 a_loss=0.7029
  Step 88000 | n_loss=0.0088 a_loss=0.7086
Step 88000 | Cheat Acc: 91.22% | NonCheat Acc: 19.41% | Adv Acc: 48.62%

--- Epoch 95 ---
  Step 88500 | n_loss=0.0021 a_loss=0.7015
  Step 89000 | n_loss=0.0005 a_loss=0.7081

--- Epoch 96 ---
  Step 89500 | n_loss=0.0012 a_loss=0.6781
  Step 90000 | n_loss=0.0021 a_loss=0.6753
Step 90000 | Cheat Acc: 89.95% | NonCheat Acc: 19.78% | Adv Acc: 47.88%
  Pushed checkpoint step-90000 to ijinyu1113/dann_mp_l0.0_s150000_seed42_v3

--- Epoch 97 ---
  Step 90500 | n_loss=0.0004 a_loss=0.6936

--- Epoch 98 ---
  Step 91000 | n_loss=0.0301 a_loss=0.7006
  Step 91500 | n_loss=0.0037 a_loss=0.7006

--- Epoch 99 ---
  Step 92000 | n_loss=0.0083 a_loss=0.6861
Step 92000 | Cheat Acc: 91.48% | NonCheat Acc: 20.15% | Adv Acc: 48.38%
  Step 92500 | n_loss=0.0066 a_loss=0.6960

--- Epoch 100 ---
  Step 93000 | n_loss=0.0003 a_loss=0.6941
  Step 93500 | n_loss=0.0008 a_loss=0.6854

--- Epoch 101 ---
  Step 94000 | n_loss=0.0285 a_loss=0.6888
Step 94000 | Cheat Acc: 90.08% | NonCheat Acc: 20.88% | Adv Acc: 48.50%
  Step 94500 | n_loss=0.0116 a_loss=0.6974

--- Epoch 102 ---
  Step 95000 | n_loss=0.0501 a_loss=0.6896
  Pushed checkpoint step-95000 to ijinyu1113/dann_mp_l0.0_s150000_seed42_v3
  Step 95500 | n_loss=0.0099 a_loss=0.7263

--- Epoch 103 ---
  Step 96000 | n_loss=0.0002 a_loss=0.7111
Step 96000 | Cheat Acc: 90.33% | NonCheat Acc: 18.67% | Adv Acc: 48.81%
  Step 96500 | n_loss=0.0006 a_loss=0.7294

--- Epoch 104 ---
  Step 97000 | n_loss=0.0004 a_loss=0.6870
  Step 97500 | n_loss=0.0003 a_loss=0.7076

--- Epoch 105 ---
  Step 98000 | n_loss=0.0010 a_loss=0.7040
Step 98000 | Cheat Acc: 89.69% | NonCheat Acc: 19.66% | Adv Acc: 49.81%

--- Epoch 106 ---
  Step 98500 | n_loss=0.0002 a_loss=0.7027
  Step 99000 | n_loss=0.0203 a_loss=0.7092

--- Epoch 107 ---
  Step 99500 | n_loss=0.0002 a_loss=0.7048
  Step 100000 | n_loss=0.0013 a_loss=0.7056
Step 100000 | Cheat Acc: 90.59% | NonCheat Acc: 19.90% | Adv Acc: 48.38%
  Pushed checkpoint step-100000 to ijinyu1113/dann_mp_l0.0_s150000_seed42_v3

--- Epoch 108 ---
  Step 100500 | n_loss=0.0002 a_loss=0.7231
  Step 101000 | n_loss=0.0005 a_loss=0.6983

--- Epoch 109 ---
  Step 101500 | n_loss=0.0003 a_loss=0.6798
  Step 102000 | n_loss=0.0003 a_loss=0.7066
Step 102000 | Cheat Acc: 88.80% | NonCheat Acc: 19.29% | Adv Acc: 47.75%

--- Epoch 110 ---
  Step 102500 | n_loss=0.0001 a_loss=0.6938
  Step 103000 | n_loss=0.0004 a_loss=0.6899

--- Epoch 111 ---
  Step 103500 | n_loss=0.0001 a_loss=0.7052
  Step 104000 | n_loss=0.0003 a_loss=0.7072
Step 104000 | Cheat Acc: 90.97% | NonCheat Acc: 21.87% | Adv Acc: 47.25%

--- Epoch 112 ---
  Step 104500 | n_loss=0.0001 a_loss=0.6983
  Step 105000 | n_loss=0.0001 a_loss=0.6898
  Pushed checkpoint step-105000 to ijinyu1113/dann_mp_l0.0_s150000_seed42_v3

--- Epoch 113 ---
  Step 105500 | n_loss=0.0007 a_loss=0.7045

--- Epoch 114 ---
  Step 106000 | n_loss=0.0002 a_loss=0.7001
Step 106000 | Cheat Acc: 89.69% | NonCheat Acc: 19.78% | Adv Acc: 47.19%
  Step 106500 | n_loss=0.0002 a_loss=0.6813

--- Epoch 115 ---
  Step 107000 | n_loss=0.0006 a_loss=0.7113
  Step 107500 | n_loss=0.0005 a_loss=0.7242

--- Epoch 116 ---
  Step 108000 | n_loss=0.0001 a_loss=0.6902
Step 108000 | Cheat Acc: 90.46% | NonCheat Acc: 20.15% | Adv Acc: 46.75%
  Step 108500 | n_loss=0.0003 a_loss=0.7124

--- Epoch 117 ---
  Step 109000 | n_loss=0.0016 a_loss=0.6958
  Step 109500 | n_loss=0.0002 a_loss=0.7099

--- Epoch 118 ---
  Step 110000 | n_loss=0.0009 a_loss=0.7075
Step 110000 | Cheat Acc: 91.98% | NonCheat Acc: 19.04% | Adv Acc: 46.31%
  Pushed checkpoint step-110000 to ijinyu1113/dann_mp_l0.0_s150000_seed42_v3
  Step 110500 | n_loss=0.0011 a_loss=0.7070

--- Epoch 119 ---
  Step 111000 | n_loss=0.0001 a_loss=0.6867
  Step 111500 | n_loss=0.0003 a_loss=0.7099

--- Epoch 120 ---
  Step 112000 | n_loss=0.0002 a_loss=0.6964
Step 112000 | Cheat Acc: 90.20% | NonCheat Acc: 20.15% | Adv Acc: 48.19%
  Step 112500 | n_loss=0.0001 a_loss=0.6889

--- Epoch 121 ---
  Step 113000 | n_loss=0.0000 a_loss=0.7035

--- Epoch 122 ---
  Step 113500 | n_loss=0.0002 a_loss=0.7124
  Step 114000 | n_loss=0.0533 a_loss=0.6895
Step 114000 | Cheat Acc: 90.97% | NonCheat Acc: 19.04% | Adv Acc: 49.56%

--- Epoch 123 ---
  Step 114500 | n_loss=0.0002 a_loss=0.7110
  Step 115000 | n_loss=0.0000 a_loss=0.6814
  Pushed checkpoint step-115000 to ijinyu1113/dann_mp_l0.0_s150000_seed42_v3

--- Epoch 124 ---
  Step 115500 | n_loss=0.0000 a_loss=0.7065
  Step 116000 | n_loss=0.0001 a_loss=0.6890
Step 116000 | Cheat Acc: 90.84% | NonCheat Acc: 20.27% | Adv Acc: 47.94%

--- Epoch 125 ---
  Step 116500 | n_loss=0.0001 a_loss=0.7168
  Step 117000 | n_loss=0.0001 a_loss=0.7170

--- Epoch 126 ---
  Step 117500 | n_loss=0.0001 a_loss=0.7257
  Step 118000 | n_loss=0.0332 a_loss=0.7026
Step 118000 | Cheat Acc: 89.82% | NonCheat Acc: 19.41% | Adv Acc: 48.44%

--- Epoch 127 ---
  Step 118500 | n_loss=0.0001 a_loss=0.7217
  Step 119000 | n_loss=0.0001 a_loss=0.6801

--- Epoch 128 ---
  Step 119500 | n_loss=0.0000 a_loss=0.7023
  Step 120000 | n_loss=0.0051 a_loss=0.7166
Step 120000 | Cheat Acc: 90.59% | NonCheat Acc: 20.15% | Adv Acc: 49.00%
  Pushed checkpoint step-120000 to ijinyu1113/dann_mp_l0.0_s150000_seed42_v3

--- Epoch 129 ---
  Step 120500 | n_loss=0.0001 a_loss=0.7258
  Step 121000 | n_loss=0.0000 a_loss=0.7106

--- Epoch 130 ---
  Step 121500 | n_loss=0.0001 a_loss=0.6759

--- Epoch 131 ---
  Step 122000 | n_loss=0.0002 a_loss=0.7076
Step 122000 | Cheat Acc: 90.59% | NonCheat Acc: 19.04% | Adv Acc: 49.62%
  Step 122500 | n_loss=0.0002 a_loss=0.7082

--- Epoch 132 ---
  Step 123000 | n_loss=0.0004 a_loss=0.7024
  Step 123500 | n_loss=0.0004 a_loss=0.7250

--- Epoch 133 ---
  Step 124000 | n_loss=0.0000 a_loss=0.7054
Step 124000 | Cheat Acc: 90.08% | NonCheat Acc: 19.41% | Adv Acc: 48.06%
  Step 124500 | n_loss=0.0001 a_loss=0.6906

--- Epoch 134 ---
  Step 125000 | n_loss=0.0001 a_loss=0.7041
  Pushed checkpoint step-125000 to ijinyu1113/dann_mp_l0.0_s150000_seed42_v3
  Step 125500 | n_loss=0.0000 a_loss=0.6988

--- Epoch 135 ---
  Step 126000 | n_loss=0.0000 a_loss=0.6999
Step 126000 | Cheat Acc: 89.82% | NonCheat Acc: 19.78% | Adv Acc: 47.88%
  Step 126500 | n_loss=0.0000 a_loss=0.6954

--- Epoch 136 ---
  Step 127000 | n_loss=0.0000 a_loss=0.6923
  Step 127500 | n_loss=0.0000 a_loss=0.6823

--- Epoch 137 ---
  Step 128000 | n_loss=0.0000 a_loss=0.7156
Step 128000 | Cheat Acc: 90.20% | NonCheat Acc: 19.90% | Adv Acc: 48.00%
  Step 128500 | n_loss=0.0000 a_loss=0.7055

--- Epoch 138 ---
  Step 129000 | n_loss=0.0022 a_loss=0.6963

--- Epoch 139 ---
  Step 129500 | n_loss=0.0000 a_loss=0.7003
  Step 130000 | n_loss=0.0000 a_loss=0.7075
Step 130000 | Cheat Acc: 89.69% | NonCheat Acc: 19.29% | Adv Acc: 48.31%
  Pushed checkpoint step-130000 to ijinyu1113/dann_mp_l0.0_s150000_seed42_v3

--- Epoch 140 ---
  Step 130500 | n_loss=0.0000 a_loss=0.7158
  Step 131000 | n_loss=0.0000 a_loss=0.7143

--- Epoch 141 ---
  Step 131500 | n_loss=0.0000 a_loss=0.7067
  Step 132000 | n_loss=0.0000 a_loss=0.6877
Step 132000 | Cheat Acc: 90.59% | NonCheat Acc: 18.67% | Adv Acc: 48.69%

--- Epoch 142 ---
  Step 132500 | n_loss=0.0007 a_loss=0.7266
  Step 133000 | n_loss=0.0000 a_loss=0.7072

--- Epoch 143 ---
  Step 133500 | n_loss=0.0000 a_loss=0.7059
  Step 134000 | n_loss=0.0000 a_loss=0.7137
Step 134000 | Cheat Acc: 90.59% | NonCheat Acc: 18.80% | Adv Acc: 48.00%

--- Epoch 144 ---
  Step 134500 | n_loss=0.0000 a_loss=0.6887
  Step 135000 | n_loss=0.0000 a_loss=0.6921
  Pushed checkpoint step-135000 to ijinyu1113/dann_mp_l0.0_s150000_seed42_v3

--- Epoch 145 ---
  Step 135500 | n_loss=0.0000 a_loss=0.6941
  Step 136000 | n_loss=0.0000 a_loss=0.7074
Step 136000 | Cheat Acc: 90.71% | NonCheat Acc: 20.02% | Adv Acc: 47.94%

--- Epoch 146 ---
  Step 136500 | n_loss=0.0000 a_loss=0.7369

--- Epoch 147 ---
  Step 137000 | n_loss=0.0000 a_loss=0.6600
  Step 137500 | n_loss=0.0000 a_loss=0.6753

--- Epoch 148 ---
  Step 138000 | n_loss=0.0000 a_loss=0.6965
Step 138000 | Cheat Acc: 90.59% | NonCheat Acc: 19.90% | Adv Acc: 47.88%
  Step 138500 | n_loss=0.0000 a_loss=0.6927

--- Epoch 149 ---
  Step 139000 | n_loss=0.0000 a_loss=0.7074
  Step 139500 | n_loss=0.0000 a_loss=0.6904

--- Epoch 150 ---
  Step 140000 | n_loss=0.0000 a_loss=0.7069
Step 140000 | Cheat Acc: 90.71% | NonCheat Acc: 18.55% | Adv Acc: 48.06%
  Pushed checkpoint step-140000 to ijinyu1113/dann_mp_l0.0_s150000_seed42_v3
  Step 140500 | n_loss=0.0000 a_loss=0.7065

--- Epoch 151 ---
  Step 141000 | n_loss=0.0000 a_loss=0.6973
  Step 141500 | n_loss=0.0000 a_loss=0.7106

--- Epoch 152 ---
  Step 142000 | n_loss=0.0000 a_loss=0.7177
Step 142000 | Cheat Acc: 90.33% | NonCheat Acc: 18.18% | Adv Acc: 47.81%
  Step 142500 | n_loss=0.0000 a_loss=0.6738

--- Epoch 153 ---
  Step 143000 | n_loss=0.0000 a_loss=0.6765
  Step 143500 | n_loss=0.0000 a_loss=0.6977

--- Epoch 154 ---
  Step 144000 | n_loss=0.0000 a_loss=0.7242
Step 144000 | Cheat Acc: 90.33% | NonCheat Acc: 18.43% | Adv Acc: 47.94%

--- Epoch 155 ---
  Step 144500 | n_loss=0.0000 a_loss=0.6900
  Step 145000 | n_loss=0.0000 a_loss=0.7262
  Pushed checkpoint step-145000 to ijinyu1113/dann_mp_l0.0_s150000_seed42_v3

--- Epoch 156 ---
  Step 145500 | n_loss=0.0000 a_loss=0.6900
  Step 146000 | n_loss=0.0000 a_loss=0.6981
Step 146000 | Cheat Acc: 90.46% | NonCheat Acc: 18.06% | Adv Acc: 47.88%

--- Epoch 157 ---
  Step 146500 | n_loss=0.0000 a_loss=0.6943
  Step 147000 | n_loss=0.0000 a_loss=0.6800

--- Epoch 158 ---
  Step 147500 | n_loss=0.0000 a_loss=0.6867
  Step 148000 | n_loss=0.0000 a_loss=0.6907
Step 148000 | Cheat Acc: 90.71% | NonCheat Acc: 18.06% | Adv Acc: 47.94%

--- Epoch 159 ---
  Step 148500 | n_loss=0.0000 a_loss=0.7177
  Step 149000 | n_loss=0.0000 a_loss=0.7010

--- Epoch 160 ---
  Step 149500 | n_loss=0.0000 a_loss=0.6824
  Step 150000 | n_loss=0.0000 a_loss=0.6891
Step 150000 | Cheat Acc: 90.59% | NonCheat Acc: 18.06% | Adv Acc: 48.06%
  Pushed checkpoint step-150000 to ijinyu1113/dann_mp_l0.0_s150000_seed42_v3
  Pushed checkpoint step-150000 to ijinyu1113/dann_mp_l0.0_s150000_seed42_v3
Training complete. Checkpoints at ijinyu1113/dann_mp_l0.0_s150000_seed42_v3
