Using base checkpoint: step143000

STARTING DANN (mean pool): Lambda=0.0, LR=3e-05, Layer=10, BS=64, Warmup=15000

--- Epoch 1 ---
  Step   500 | n_loss=0.5206 a_loss=0.6979

--- Epoch 2 ---
  Step  1000 | n_loss=0.5051 a_loss=0.6939
  Step  1500 | n_loss=0.5128 a_loss=0.6923

--- Epoch 3 ---
  Step  2000 | n_loss=0.4992 a_loss=0.7007
Step  2000 | Cheat Acc: 21.25% | NonCheat Acc: 22.85% | Adv Acc: 49.31%
  Step  2500 | n_loss=0.4954 a_loss=0.6960

--- Epoch 4 ---
  Step  3000 | n_loss=0.5239 a_loss=0.6953
  Step  3500 | n_loss=0.5143 a_loss=0.7039

--- Epoch 5 ---
  Step  4000 | n_loss=0.5104 a_loss=0.7176
Step  4000 | Cheat Acc: 18.96% | NonCheat Acc: 20.39% | Adv Acc: 49.12%
  Step  4500 | n_loss=0.5287 a_loss=0.7019

--- Epoch 6 ---
  Step  5000 | n_loss=0.5146 a_loss=0.6976
  Pushed checkpoint step-5000 to ijinyu1113/dann_mp_l0.0_s150000_seed1_v3
  Step  5500 | n_loss=0.5151 a_loss=0.6952

--- Epoch 7 ---
  Step  6000 | n_loss=0.5290 a_loss=0.7176
Step  6000 | Cheat Acc: 20.99% | NonCheat Acc: 19.29% | Adv Acc: 49.12%
  Step  6500 | n_loss=0.4995 a_loss=0.6849

--- Epoch 8 ---
  Step  7000 | n_loss=0.5127 a_loss=0.6932
  Step  7500 | n_loss=0.5086 a_loss=0.6849

--- Epoch 9 ---
  Step  8000 | n_loss=0.4951 a_loss=0.6829
Step  8000 | Cheat Acc: 22.39% | NonCheat Acc: 19.53% | Adv Acc: 48.75%

--- Epoch 10 ---
  Step  8500 | n_loss=0.5137 a_loss=0.6957
  Step  9000 | n_loss=0.4915 a_loss=0.6949

--- Epoch 11 ---
  Step  9500 | n_loss=0.5009 a_loss=0.6949
  Step 10000 | n_loss=0.5002 a_loss=0.7042
Step 10000 | Cheat Acc: 22.39% | NonCheat Acc: 20.88% | Adv Acc: 50.00%
  Pushed checkpoint step-10000 to ijinyu1113/dann_mp_l0.0_s150000_seed1_v3

--- Epoch 12 ---
  Step 10500 | n_loss=0.5131 a_loss=0.7209
  Step 11000 | n_loss=0.4931 a_loss=0.7004

--- Epoch 13 ---
  Step 11500 | n_loss=0.5112 a_loss=0.6870
  Step 12000 | n_loss=0.5038 a_loss=0.6825
Step 12000 | Cheat Acc: 22.52% | NonCheat Acc: 17.32% | Adv Acc: 49.38%

--- Epoch 14 ---
  Step 12500 | n_loss=0.5031 a_loss=0.6914
  Step 13000 | n_loss=0.5171 a_loss=0.6851

--- Epoch 15 ---
  Step 13500 | n_loss=0.5162 a_loss=0.7070
  Step 14000 | n_loss=0.5067 a_loss=0.7074
Step 14000 | Cheat Acc: 32.70% | NonCheat Acc: 18.67% | Adv Acc: 50.62%

--- Epoch 16 ---
  Step 14500 | n_loss=0.5071 a_loss=0.6980
  Step 15000 | n_loss=0.4940 a_loss=0.7090
  Pushed checkpoint step-15000 to ijinyu1113/dann_mp_l0.0_s150000_seed1_v3

--- Epoch 17 ---
  Step 15500 | n_loss=0.4736 a_loss=0.7173

--- Epoch 18 ---
  Step 16000 | n_loss=0.3996 a_loss=0.7084
Step 16000 | Cheat Acc: 53.69% | NonCheat Acc: 19.16% | Adv Acc: 49.69%
  Step 16500 | n_loss=0.4380 a_loss=0.6904

--- Epoch 19 ---
  Step 17000 | n_loss=0.3779 a_loss=0.7041
  Step 17500 | n_loss=0.3583 a_loss=0.6929

--- Epoch 20 ---
  Step 18000 | n_loss=0.2443 a_loss=0.6822
Step 18000 | Cheat Acc: 80.66% | NonCheat Acc: 17.81% | Adv Acc: 51.56%
  Step 18500 | n_loss=0.2998 a_loss=0.7052

--- Epoch 21 ---
  Step 19000 | n_loss=0.3215 a_loss=0.7057
  Step 19500 | n_loss=0.3163 a_loss=0.6984

--- Epoch 22 ---
  Step 20000 | n_loss=0.2453 a_loss=0.6962
Step 20000 | Cheat Acc: 90.08% | NonCheat Acc: 20.64% | Adv Acc: 51.06%
  Pushed checkpoint step-20000 to ijinyu1113/dann_mp_l0.0_s150000_seed1_v3
  Step 20500 | n_loss=0.2951 a_loss=0.7148

--- Epoch 23 ---
  Step 21000 | n_loss=0.2603 a_loss=0.6897
  Step 21500 | n_loss=0.2743 a_loss=0.6919

--- Epoch 24 ---
  Step 22000 | n_loss=0.2483 a_loss=0.6930
Step 22000 | Cheat Acc: 93.00% | NonCheat Acc: 18.92% | Adv Acc: 51.75%
  Step 22500 | n_loss=0.2751 a_loss=0.6857

--- Epoch 25 ---
  Step 23000 | n_loss=0.2790 a_loss=0.7131

--- Epoch 26 ---
  Step 23500 | n_loss=0.1365 a_loss=0.6966
  Step 24000 | n_loss=0.2725 a_loss=0.7094
Step 24000 | Cheat Acc: 94.53% | NonCheat Acc: 21.50% | Adv Acc: 51.94%

--- Epoch 27 ---
  Step 24500 | n_loss=0.2137 a_loss=0.7087
  Step 25000 | n_loss=0.2323 a_loss=0.7045
  Pushed checkpoint step-25000 to ijinyu1113/dann_mp_l0.0_s150000_seed1_v3

--- Epoch 28 ---
  Step 25500 | n_loss=0.2181 a_loss=0.7016
  Step 26000 | n_loss=0.2207 a_loss=0.7033
Step 26000 | Cheat Acc: 95.67% | NonCheat Acc: 21.74% | Adv Acc: 50.81%

--- Epoch 29 ---
  Step 26500 | n_loss=0.1859 a_loss=0.6960
  Step 27000 | n_loss=0.2320 a_loss=0.7118

--- Epoch 30 ---
  Step 27500 | n_loss=0.1408 a_loss=0.6826
  Step 28000 | n_loss=0.1989 a_loss=0.7223
Step 28000 | Cheat Acc: 95.55% | NonCheat Acc: 19.53% | Adv Acc: 50.00%

--- Epoch 31 ---
  Step 28500 | n_loss=0.1712 a_loss=0.7205
  Step 29000 | n_loss=0.1223 a_loss=0.6809

--- Epoch 32 ---
  Step 29500 | n_loss=0.1753 a_loss=0.6938
  Step 30000 | n_loss=0.1057 a_loss=0.6964
Step 30000 | Cheat Acc: 94.53% | NonCheat Acc: 18.80% | Adv Acc: 49.06%
  Pushed checkpoint step-30000 to ijinyu1113/dann_mp_l0.0_s150000_seed1_v3

--- Epoch 33 ---
  Step 30500 | n_loss=0.1058 a_loss=0.7057

--- Epoch 34 ---
  Step 31000 | n_loss=0.0824 a_loss=0.7009
  Step 31500 | n_loss=0.0585 a_loss=0.6766

--- Epoch 35 ---
  Step 32000 | n_loss=0.0713 a_loss=0.6684
Step 32000 | Cheat Acc: 91.73% | NonCheat Acc: 20.15% | Adv Acc: 49.88%
  Step 32500 | n_loss=0.0987 a_loss=0.7022

--- Epoch 36 ---
  Step 33000 | n_loss=0.0462 a_loss=0.6923
  Step 33500 | n_loss=0.0631 a_loss=0.7014

--- Epoch 37 ---
  Step 34000 | n_loss=0.0309 a_loss=0.6785
Step 34000 | Cheat Acc: 90.84% | NonCheat Acc: 20.39% | Adv Acc: 49.88%
  Step 34500 | n_loss=0.0490 a_loss=0.6903

--- Epoch 38 ---
  Step 35000 | n_loss=0.0130 a_loss=0.7040
  Pushed checkpoint step-35000 to ijinyu1113/dann_mp_l0.0_s150000_seed1_v3
  Step 35500 | n_loss=0.0473 a_loss=0.7081

--- Epoch 39 ---
  Step 36000 | n_loss=0.1023 a_loss=0.7023
Step 36000 | Cheat Acc: 91.09% | NonCheat Acc: 19.29% | Adv Acc: 49.38%
  Step 36500 | n_loss=0.0546 a_loss=0.7039

--- Epoch 40 ---
  Step 37000 | n_loss=0.0204 a_loss=0.6918
  Step 37500 | n_loss=0.0681 a_loss=0.7030

--- Epoch 41 ---
  Step 38000 | n_loss=0.0645 a_loss=0.6934
Step 38000 | Cheat Acc: 92.11% | NonCheat Acc: 19.53% | Adv Acc: 49.81%

--- Epoch 42 ---
  Step 38500 | n_loss=0.0033 a_loss=0.6938
  Step 39000 | n_loss=0.0381 a_loss=0.6994

--- Epoch 43 ---
  Step 39500 | n_loss=0.0300 a_loss=0.7214
  Step 40000 | n_loss=0.0019 a_loss=0.6890
Step 40000 | Cheat Acc: 90.46% | NonCheat Acc: 20.52% | Adv Acc: 50.56%
  Pushed checkpoint step-40000 to ijinyu1113/dann_mp_l0.0_s150000_seed1_v3

--- Epoch 44 ---
  Step 40500 | n_loss=0.0015 a_loss=0.7005
  Step 41000 | n_loss=0.0191 a_loss=0.7241

--- Epoch 45 ---
  Step 41500 | n_loss=0.0023 a_loss=0.6658
  Step 42000 | n_loss=0.0073 a_loss=0.7003
Step 42000 | Cheat Acc: 91.73% | NonCheat Acc: 19.16% | Adv Acc: 50.31%

--- Epoch 46 ---
  Step 42500 | n_loss=0.0419 a_loss=0.7110
  Step 43000 | n_loss=0.0081 a_loss=0.6971

--- Epoch 47 ---
  Step 43500 | n_loss=0.0174 a_loss=0.6950
  Step 44000 | n_loss=0.0060 a_loss=0.6844
Step 44000 | Cheat Acc: 90.33% | NonCheat Acc: 21.25% | Adv Acc: 50.06%

--- Epoch 48 ---
  Step 44500 | n_loss=0.0034 a_loss=0.6973
  Step 45000 | n_loss=0.0266 a_loss=0.6872
  Pushed checkpoint step-45000 to ijinyu1113/dann_mp_l0.0_s150000_seed1_v3

--- Epoch 49 ---
  Step 45500 | n_loss=0.0132 a_loss=0.7138

--- Epoch 50 ---
  Step 46000 | n_loss=0.0683 a_loss=0.6872
Step 46000 | Cheat Acc: 90.08% | NonCheat Acc: 19.53% | Adv Acc: 49.38%
  Step 46500 | n_loss=0.0297 a_loss=0.6996

--- Epoch 51 ---
  Step 47000 | n_loss=0.0014 a_loss=0.6744
  Step 47500 | n_loss=0.0045 a_loss=0.6992

--- Epoch 52 ---
  Step 48000 | n_loss=0.0116 a_loss=0.6957
Step 48000 | Cheat Acc: 90.08% | NonCheat Acc: 19.78% | Adv Acc: 49.31%
  Step 48500 | n_loss=0.0184 a_loss=0.6982

--- Epoch 53 ---
  Step 49000 | n_loss=0.0132 a_loss=0.7201
  Step 49500 | n_loss=0.0048 a_loss=0.6969

--- Epoch 54 ---
  Step 50000 | n_loss=0.0452 a_loss=0.7111
Step 50000 | Cheat Acc: 90.46% | NonCheat Acc: 19.16% | Adv Acc: 48.25%
  Pushed checkpoint step-50000 to ijinyu1113/dann_mp_l0.0_s150000_seed1_v3
  Step 50500 | n_loss=0.0138 a_loss=0.6947

--- Epoch 55 ---
  Step 51000 | n_loss=0.0069 a_loss=0.6813
  Step 51500 | n_loss=0.0283 a_loss=0.6697

--- Epoch 56 ---
  Step 52000 | n_loss=0.0538 a_loss=0.6874
Step 52000 | Cheat Acc: 89.31% | NonCheat Acc: 21.25% | Adv Acc: 49.69%
  Step 52500 | n_loss=0.0377 a_loss=0.6918

--- Epoch 57 ---
  Step 53000 | n_loss=0.0264 a_loss=0.6911

--- Epoch 58 ---
  Step 53500 | n_loss=0.0007 a_loss=0.6923
  Step 54000 | n_loss=0.0117 a_loss=0.6875
Step 54000 | Cheat Acc: 90.84% | NonCheat Acc: 19.41% | Adv Acc: 48.19%

--- Epoch 59 ---
  Step 54500 | n_loss=0.0013 a_loss=0.6768
  Step 55000 | n_loss=0.0517 a_loss=0.6845
  Pushed checkpoint step-55000 to ijinyu1113/dann_mp_l0.0_s150000_seed1_v3

--- Epoch 60 ---
  Step 55500 | n_loss=0.0025 a_loss=0.6966
  Step 56000 | n_loss=0.0218 a_loss=0.7127
Step 56000 | Cheat Acc: 89.57% | NonCheat Acc: 18.92% | Adv Acc: 47.88%

--- Epoch 61 ---
  Step 56500 | n_loss=0.0025 a_loss=0.6948
  Step 57000 | n_loss=0.0444 a_loss=0.6957

--- Epoch 62 ---
  Step 57500 | n_loss=0.0010 a_loss=0.7072
  Step 58000 | n_loss=0.0349 a_loss=0.6779
Step 58000 | Cheat Acc: 89.44% | NonCheat Acc: 20.52% | Adv Acc: 49.25%

--- Epoch 63 ---
  Step 58500 | n_loss=0.0005 a_loss=0.6929
  Step 59000 | n_loss=0.0008 a_loss=0.6908

--- Epoch 64 ---
  Step 59500 | n_loss=0.0106 a_loss=0.6945
  Step 60000 | n_loss=0.0092 a_loss=0.7144
Step 60000 | Cheat Acc: 88.55% | NonCheat Acc: 21.13% | Adv Acc: 49.31%
  Pushed checkpoint step-60000 to ijinyu1113/dann_mp_l0.0_s150000_seed1_v3

--- Epoch 65 ---
  Step 60500 | n_loss=0.0044 a_loss=0.7145

--- Epoch 66 ---
  Step 61000 | n_loss=0.0032 a_loss=0.7131
  Step 61500 | n_loss=0.0241 a_loss=0.7075

--- Epoch 67 ---
  Step 62000 | n_loss=0.0008 a_loss=0.7030
Step 62000 | Cheat Acc: 89.69% | NonCheat Acc: 17.32% | Adv Acc: 50.06%
  Step 62500 | n_loss=0.0046 a_loss=0.6833

--- Epoch 68 ---
  Step 63000 | n_loss=0.0007 a_loss=0.7033
  Step 63500 | n_loss=0.0676 a_loss=0.6713

--- Epoch 69 ---
  Step 64000 | n_loss=0.0279 a_loss=0.6963
Step 64000 | Cheat Acc: 90.33% | NonCheat Acc: 20.52% | Adv Acc: 49.06%
  Step 64500 | n_loss=0.0005 a_loss=0.7015

--- Epoch 70 ---
  Step 65000 | n_loss=0.0096 a_loss=0.6889
  Pushed checkpoint step-65000 to ijinyu1113/dann_mp_l0.0_s150000_seed1_v3
  Step 65500 | n_loss=0.0666 a_loss=0.7118

--- Epoch 71 ---
  Step 66000 | n_loss=0.0329 a_loss=0.6979
Step 66000 | Cheat Acc: 88.80% | NonCheat Acc: 20.39% | Adv Acc: 50.25%
  Step 66500 | n_loss=0.0252 a_loss=0.6847

--- Epoch 72 ---
  Step 67000 | n_loss=0.0077 a_loss=0.6978
  Step 67500 | n_loss=0.0191 a_loss=0.7112

--- Epoch 73 ---
  Step 68000 | n_loss=0.0008 a_loss=0.6963
Step 68000 | Cheat Acc: 90.97% | NonCheat Acc: 18.67% | Adv Acc: 50.56%

--- Epoch 74 ---
  Step 68500 | n_loss=0.0112 a_loss=0.7086
  Step 69000 | n_loss=0.0011 a_loss=0.6751

--- Epoch 75 ---
  Step 69500 | n_loss=0.0049 a_loss=0.6748
  Step 70000 | n_loss=0.0023 a_loss=0.6983
Step 70000 | Cheat Acc: 89.57% | NonCheat Acc: 19.78% | Adv Acc: 49.38%
  Pushed checkpoint step-70000 to ijinyu1113/dann_mp_l0.0_s150000_seed1_v3

--- Epoch 76 ---
  Step 70500 | n_loss=0.0002 a_loss=0.7110
  Step 71000 | n_loss=0.0099 a_loss=0.7269

--- Epoch 77 ---
  Step 71500 | n_loss=0.0342 a_loss=0.7015
  Step 72000 | n_loss=0.0030 a_loss=0.7136
Step 72000 | Cheat Acc: 89.19% | NonCheat Acc: 19.90% | Adv Acc: 49.38%

--- Epoch 78 ---
  Step 72500 | n_loss=0.0110 a_loss=0.6916
  Step 73000 | n_loss=0.0002 a_loss=0.6902

--- Epoch 79 ---
  Step 73500 | n_loss=0.0084 a_loss=0.6993
  Step 74000 | n_loss=0.0204 a_loss=0.6957
Step 74000 | Cheat Acc: 90.97% | NonCheat Acc: 18.67% | Adv Acc: 49.31%

--- Epoch 80 ---
  Step 74500 | n_loss=0.0006 a_loss=0.6972
  Step 75000 | n_loss=0.0022 a_loss=0.7481
  Pushed checkpoint step-75000 to ijinyu1113/dann_mp_l0.0_s150000_seed1_v3

--- Epoch 81 ---
  Step 75500 | n_loss=0.0002 a_loss=0.7030

--- Epoch 82 ---
  Step 76000 | n_loss=0.0029 a_loss=0.7000
Step 76000 | Cheat Acc: 89.95% | NonCheat Acc: 18.92% | Adv Acc: 48.81%
  Step 76500 | n_loss=0.0033 a_loss=0.6855

--- Epoch 83 ---
  Step 77000 | n_loss=0.0003 a_loss=0.6707
  Step 77500 | n_loss=0.0248 a_loss=0.7050

--- Epoch 84 ---
  Step 78000 | n_loss=0.0002 a_loss=0.7229
Step 78000 | Cheat Acc: 89.95% | NonCheat Acc: 19.78% | Adv Acc: 49.31%
  Step 78500 | n_loss=0.0003 a_loss=0.6820

--- Epoch 85 ---
  Step 79000 | n_loss=0.0043 a_loss=0.7254
  Step 79500 | n_loss=0.0009 a_loss=0.6685

--- Epoch 86 ---
  Step 80000 | n_loss=0.0001 a_loss=0.7118
Step 80000 | Cheat Acc: 90.46% | NonCheat Acc: 21.01% | Adv Acc: 47.69%
  Pushed checkpoint step-80000 to ijinyu1113/dann_mp_l0.0_s150000_seed1_v3
  Step 80500 | n_loss=0.0007 a_loss=0.7129

--- Epoch 87 ---
  Step 81000 | n_loss=0.0048 a_loss=0.7147
  Step 81500 | n_loss=0.0085 a_loss=0.6756

--- Epoch 88 ---
  Step 82000 | n_loss=0.0003 a_loss=0.7054
Step 82000 | Cheat Acc: 89.95% | NonCheat Acc: 19.78% | Adv Acc: 48.38%
  Step 82500 | n_loss=0.0005 a_loss=0.7029

--- Epoch 89 ---
  Step 83000 | n_loss=0.0032 a_loss=0.6849

--- Epoch 90 ---
  Step 83500 | n_loss=0.0001 a_loss=0.7060
  Step 84000 | n_loss=0.0055 a_loss=0.6917
Step 84000 | Cheat Acc: 90.08% | NonCheat Acc: 19.78% | Adv Acc: 48.31%

--- Epoch 91 ---
  Step 84500 | n_loss=0.0002 a_loss=0.6958
  Step 85000 | n_loss=0.0013 a_loss=0.6971
  Pushed checkpoint step-85000 to ijinyu1113/dann_mp_l0.0_s150000_seed1_v3

--- Epoch 92 ---
  Step 85500 | n_loss=0.0001 a_loss=0.7004
  Step 86000 | n_loss=0.0077 a_loss=0.6976
Step 86000 | Cheat Acc: 90.20% | NonCheat Acc: 19.16% | Adv Acc: 48.56%

--- Epoch 93 ---
  Step 86500 | n_loss=0.0005 a_loss=0.6948
  Step 87000 | n_loss=0.0014 a_loss=0.6749

--- Epoch 94 ---
  Step 87500 | n_loss=0.0002 a_loss=0.6793
  Step 88000 | n_loss=0.0001 a_loss=0.6709
Step 88000 | Cheat Acc: 88.17% | NonCheat Acc: 19.29% | Adv Acc: 48.31%

--- Epoch 95 ---
  Step 88500 | n_loss=0.0199 a_loss=0.7258
  Step 89000 | n_loss=0.0001 a_loss=0.7158

--- Epoch 96 ---
  Step 89500 | n_loss=0.0002 a_loss=0.6722
  Step 90000 | n_loss=0.0001 a_loss=0.6816
Step 90000 | Cheat Acc: 89.19% | NonCheat Acc: 18.92% | Adv Acc: 48.38%
  Pushed checkpoint step-90000 to ijinyu1113/dann_mp_l0.0_s150000_seed1_v3

--- Epoch 97 ---
  Step 90500 | n_loss=0.0001 a_loss=0.7171

--- Epoch 98 ---
  Step 91000 | n_loss=0.0001 a_loss=0.7049
  Step 91500 | n_loss=0.0003 a_loss=0.6946

--- Epoch 99 ---
  Step 92000 | n_loss=0.0001 a_loss=0.7090
Step 92000 | Cheat Acc: 90.33% | NonCheat Acc: 18.80% | Adv Acc: 47.81%
  Step 92500 | n_loss=0.0002 a_loss=0.7097

--- Epoch 100 ---
  Step 93000 | n_loss=0.0002 a_loss=0.7121
  Step 93500 | n_loss=0.0178 a_loss=0.6885

--- Epoch 101 ---
  Step 94000 | n_loss=0.0019 a_loss=0.7131
Step 94000 | Cheat Acc: 90.08% | NonCheat Acc: 20.52% | Adv Acc: 48.12%
  Step 94500 | n_loss=0.0001 a_loss=0.6736

--- Epoch 102 ---
  Step 95000 | n_loss=0.0000 a_loss=0.6837
  Pushed checkpoint step-95000 to ijinyu1113/dann_mp_l0.0_s150000_seed1_v3
  Step 95500 | n_loss=0.0003 a_loss=0.6916

--- Epoch 103 ---
  Step 96000 | n_loss=0.0478 a_loss=0.7188
Step 96000 | Cheat Acc: 89.31% | NonCheat Acc: 19.90% | Adv Acc: 48.19%
  Step 96500 | n_loss=0.0001 a_loss=0.6998

--- Epoch 104 ---
  Step 97000 | n_loss=0.0002 a_loss=0.6820
  Step 97500 | n_loss=0.0001 a_loss=0.7378

--- Epoch 105 ---
  Step 98000 | n_loss=0.0030 a_loss=0.7059
Step 98000 | Cheat Acc: 89.95% | NonCheat Acc: 18.55% | Adv Acc: 48.25%

--- Epoch 106 ---
  Step 98500 | n_loss=0.0002 a_loss=0.6787
  Step 99000 | n_loss=0.0051 a_loss=0.6887

--- Epoch 107 ---
  Step 99500 | n_loss=0.0003 a_loss=0.7287
  Step 100000 | n_loss=0.0002 a_loss=0.7209
Step 100000 | Cheat Acc: 88.68% | NonCheat Acc: 20.39% | Adv Acc: 47.88%
  Pushed checkpoint step-100000 to ijinyu1113/dann_mp_l0.0_s150000_seed1_v3

--- Epoch 108 ---
  Step 100500 | n_loss=0.0002 a_loss=0.7081
  Step 101000 | n_loss=0.0070 a_loss=0.7455

--- Epoch 109 ---
  Step 101500 | n_loss=0.0002 a_loss=0.7044
  Step 102000 | n_loss=0.0001 a_loss=0.6916
Step 102000 | Cheat Acc: 89.82% | NonCheat Acc: 19.41% | Adv Acc: 48.25%

--- Epoch 110 ---
  Step 102500 | n_loss=0.0001 a_loss=0.6854
  Step 103000 | n_loss=0.0007 a_loss=0.6882

--- Epoch 111 ---
  Step 103500 | n_loss=0.0000 a_loss=0.7014
  Step 104000 | n_loss=0.0036 a_loss=0.7255
Step 104000 | Cheat Acc: 90.08% | NonCheat Acc: 20.52% | Adv Acc: 49.50%

--- Epoch 112 ---
  Step 104500 | n_loss=0.0001 a_loss=0.7256
  Step 105000 | n_loss=0.0002 a_loss=0.6892
  Pushed checkpoint step-105000 to ijinyu1113/dann_mp_l0.0_s150000_seed1_v3

--- Epoch 113 ---
  Step 105500 | n_loss=0.0001 a_loss=0.7055

--- Epoch 114 ---
  Step 106000 | n_loss=0.0001 a_loss=0.7088
Step 106000 | Cheat Acc: 90.08% | NonCheat Acc: 19.16% | Adv Acc: 48.25%
  Step 106500 | n_loss=0.0001 a_loss=0.7190

--- Epoch 115 ---
  Step 107000 | n_loss=0.0001 a_loss=0.6856
  Step 107500 | n_loss=0.0001 a_loss=0.6819

--- Epoch 116 ---
  Step 108000 | n_loss=0.0001 a_loss=0.7163
Step 108000 | Cheat Acc: 90.97% | NonCheat Acc: 21.01% | Adv Acc: 48.12%
  Step 108500 | n_loss=0.0001 a_loss=0.7153

--- Epoch 117 ---
  Step 109000 | n_loss=0.0006 a_loss=0.7097
  Step 109500 | n_loss=0.0000 a_loss=0.7094

--- Epoch 118 ---
  Step 110000 | n_loss=0.0001 a_loss=0.6899
Step 110000 | Cheat Acc: 90.97% | NonCheat Acc: 20.15% | Adv Acc: 48.19%
  Pushed checkpoint step-110000 to ijinyu1113/dann_mp_l0.0_s150000_seed1_v3
  Step 110500 | n_loss=0.0001 a_loss=0.7032

--- Epoch 119 ---
  Step 111000 | n_loss=0.0001 a_loss=0.6913
  Step 111500 | n_loss=0.0001 a_loss=0.6752

--- Epoch 120 ---
  Step 112000 | n_loss=0.0000 a_loss=0.6896
Step 112000 | Cheat Acc: 89.57% | NonCheat Acc: 19.41% | Adv Acc: 48.25%
  Step 112500 | n_loss=0.0000 a_loss=0.7141

--- Epoch 121 ---
  Step 113000 | n_loss=0.0001 a_loss=0.7117

--- Epoch 122 ---
  Step 113500 | n_loss=0.0000 a_loss=0.7178
  Step 114000 | n_loss=0.0003 a_loss=0.6782
Step 114000 | Cheat Acc: 89.44% | NonCheat Acc: 18.30% | Adv Acc: 49.19%

--- Epoch 123 ---
  Step 114500 | n_loss=0.0001 a_loss=0.6986
  Step 115000 | n_loss=0.0002 a_loss=0.6847
  Pushed checkpoint step-115000 to ijinyu1113/dann_mp_l0.0_s150000_seed1_v3

--- Epoch 124 ---
  Step 115500 | n_loss=0.0001 a_loss=0.7302
  Step 116000 | n_loss=0.0001 a_loss=0.6773
Step 116000 | Cheat Acc: 89.57% | NonCheat Acc: 19.16% | Adv Acc: 48.19%

--- Epoch 125 ---
  Step 116500 | n_loss=0.0001 a_loss=0.6940
  Step 117000 | n_loss=0.0001 a_loss=0.7160

--- Epoch 126 ---
  Step 117500 | n_loss=0.0001 a_loss=0.7074
  Step 118000 | n_loss=0.0000 a_loss=0.6993
Step 118000 | Cheat Acc: 89.57% | NonCheat Acc: 20.64% | Adv Acc: 48.56%

--- Epoch 127 ---
  Step 118500 | n_loss=0.0001 a_loss=0.6809
  Step 119000 | n_loss=0.0001 a_loss=0.6794

--- Epoch 128 ---
  Step 119500 | n_loss=0.0000 a_loss=0.7030
  Step 120000 | n_loss=0.0000 a_loss=0.6864
Step 120000 | Cheat Acc: 88.55% | NonCheat Acc: 19.41% | Adv Acc: 48.19%
  Pushed checkpoint step-120000 to ijinyu1113/dann_mp_l0.0_s150000_seed1_v3

--- Epoch 129 ---
  Step 120500 | n_loss=0.0000 a_loss=0.6723
  Step 121000 | n_loss=0.0005 a_loss=0.7134

--- Epoch 130 ---
  Step 121500 | n_loss=0.0027 a_loss=0.7015

--- Epoch 131 ---
  Step 122000 | n_loss=0.0000 a_loss=0.6876
Step 122000 | Cheat Acc: 88.68% | NonCheat Acc: 20.02% | Adv Acc: 48.00%
  Step 122500 | n_loss=0.0000 a_loss=0.6899

--- Epoch 132 ---
  Step 123000 | n_loss=0.0000 a_loss=0.6875
  Step 123500 | n_loss=0.0000 a_loss=0.6886

--- Epoch 133 ---
  Step 124000 | n_loss=0.0000 a_loss=0.6962
Step 124000 | Cheat Acc: 89.82% | NonCheat Acc: 19.66% | Adv Acc: 48.56%
  Step 124500 | n_loss=0.0000 a_loss=0.6863

--- Epoch 134 ---
  Step 125000 | n_loss=0.0000 a_loss=0.6812
  Pushed checkpoint step-125000 to ijinyu1113/dann_mp_l0.0_s150000_seed1_v3
  Step 125500 | n_loss=0.0000 a_loss=0.7079

--- Epoch 135 ---
  Step 126000 | n_loss=0.0000 a_loss=0.7076
Step 126000 | Cheat Acc: 90.33% | NonCheat Acc: 19.04% | Adv Acc: 48.00%
  Step 126500 | n_loss=0.0011 a_loss=0.6964

--- Epoch 136 ---
  Step 127000 | n_loss=0.0000 a_loss=0.7194
  Step 127500 | n_loss=0.0000 a_loss=0.7228

--- Epoch 137 ---
  Step 128000 | n_loss=0.0000 a_loss=0.6961
Step 128000 | Cheat Acc: 90.33% | NonCheat Acc: 18.67% | Adv Acc: 48.19%
  Step 128500 | n_loss=0.0000 a_loss=0.7095

--- Epoch 138 ---
  Step 129000 | n_loss=0.0000 a_loss=0.7006

--- Epoch 139 ---
  Step 129500 | n_loss=0.0000 a_loss=0.7194
  Step 130000 | n_loss=0.0000 a_loss=0.7064
Step 130000 | Cheat Acc: 90.33% | NonCheat Acc: 18.92% | Adv Acc: 47.56%
  Pushed checkpoint step-130000 to ijinyu1113/dann_mp_l0.0_s150000_seed1_v3

--- Epoch 140 ---
  Step 130500 | n_loss=0.0000 a_loss=0.7027
  Step 131000 | n_loss=0.0000 a_loss=0.6893

--- Epoch 141 ---
  Step 131500 | n_loss=0.0000 a_loss=0.7139
  Step 132000 | n_loss=0.0000 a_loss=0.7205
Step 132000 | Cheat Acc: 90.46% | NonCheat Acc: 18.55% | Adv Acc: 47.75%

--- Epoch 142 ---
  Step 132500 | n_loss=0.0000 a_loss=0.7200
  Step 133000 | n_loss=0.0000 a_loss=0.6963

--- Epoch 143 ---
  Step 133500 | n_loss=0.0000 a_loss=0.7095
  Step 134000 | n_loss=0.0000 a_loss=0.7203
Step 134000 | Cheat Acc: 89.95% | NonCheat Acc: 18.67% | Adv Acc: 48.19%

--- Epoch 144 ---
  Step 134500 | n_loss=0.0000 a_loss=0.7175
  Step 135000 | n_loss=0.0000 a_loss=0.6976
  Pushed checkpoint step-135000 to ijinyu1113/dann_mp_l0.0_s150000_seed1_v3

--- Epoch 145 ---
  Step 135500 | n_loss=0.0000 a_loss=0.7075
  Step 136000 | n_loss=0.0000 a_loss=0.7116
Step 136000 | Cheat Acc: 89.95% | NonCheat Acc: 18.67% | Adv Acc: 48.12%

--- Epoch 146 ---
  Step 136500 | n_loss=0.0000 a_loss=0.7237

--- Epoch 147 ---
  Step 137000 | n_loss=0.0000 a_loss=0.6867
  Step 137500 | n_loss=0.0000 a_loss=0.7020

--- Epoch 148 ---
  Step 138000 | n_loss=0.0000 a_loss=0.7149
Step 138000 | Cheat Acc: 90.08% | NonCheat Acc: 18.43% | Adv Acc: 48.06%
  Step 138500 | n_loss=0.0000 a_loss=0.6894

--- Epoch 149 ---
  Step 139000 | n_loss=0.0000 a_loss=0.6875
  Step 139500 | n_loss=0.0000 a_loss=0.7271

--- Epoch 150 ---
  Step 140000 | n_loss=0.0000 a_loss=0.6947
Step 140000 | Cheat Acc: 90.20% | NonCheat Acc: 18.55% | Adv Acc: 48.12%
  Pushed checkpoint step-140000 to ijinyu1113/dann_mp_l0.0_s150000_seed1_v3
  Step 140500 | n_loss=0.0000 a_loss=0.6924

--- Epoch 151 ---
  Step 141000 | n_loss=0.0000 a_loss=0.7014
  Step 141500 | n_loss=0.0000 a_loss=0.7130

--- Epoch 152 ---
  Step 142000 | n_loss=0.0000 a_loss=0.6850
Step 142000 | Cheat Acc: 90.20% | NonCheat Acc: 18.55% | Adv Acc: 48.00%
  Step 142500 | n_loss=0.0000 a_loss=0.6847

--- Epoch 153 ---
  Step 143000 | n_loss=0.0000 a_loss=0.6959
  Step 143500 | n_loss=0.0000 a_loss=0.7082

--- Epoch 154 ---
  Step 144000 | n_loss=0.0000 a_loss=0.7032
Step 144000 | Cheat Acc: 90.59% | NonCheat Acc: 18.55% | Adv Acc: 47.94%

--- Epoch 155 ---
  Step 144500 | n_loss=0.0000 a_loss=0.7057
  Step 145000 | n_loss=0.0000 a_loss=0.6851
  Pushed checkpoint step-145000 to ijinyu1113/dann_mp_l0.0_s150000_seed1_v3

--- Epoch 156 ---
  Step 145500 | n_loss=0.0000 a_loss=0.6998
  Step 146000 | n_loss=0.0000 a_loss=0.6945
Step 146000 | Cheat Acc: 90.84% | NonCheat Acc: 18.43% | Adv Acc: 48.12%

--- Epoch 157 ---
  Step 146500 | n_loss=0.0000 a_loss=0.7109
  Step 147000 | n_loss=0.0000 a_loss=0.7176

--- Epoch 158 ---
  Step 147500 | n_loss=0.0000 a_loss=0.6904
  Step 148000 | n_loss=0.0000 a_loss=0.6730
Step 148000 | Cheat Acc: 91.09% | NonCheat Acc: 18.43% | Adv Acc: 48.06%

--- Epoch 159 ---
  Step 148500 | n_loss=0.0000 a_loss=0.7214
  Step 149000 | n_loss=0.0000 a_loss=0.6899

--- Epoch 160 ---
  Step 149500 | n_loss=0.0000 a_loss=0.7174
  Step 150000 | n_loss=0.0000 a_loss=0.6823
Step 150000 | Cheat Acc: 91.09% | NonCheat Acc: 18.43% | Adv Acc: 48.06%
  Pushed checkpoint step-150000 to ijinyu1113/dann_mp_l0.0_s150000_seed1_v3
  Pushed checkpoint step-150000 to ijinyu1113/dann_mp_l0.0_s150000_seed1_v3
Training complete. Checkpoints at ijinyu1113/dann_mp_l0.0_s150000_seed1_v3
