Using base checkpoint: step143000
Config: 357 -> 468_later, seed=123, HF_REPO=ijinyu1113/transition_357_468_later_seed123_v3

STARTING TRANSITION: 357 -> 468_later, LR=3e-05, BS=64, Warmup=15000
  Step    500 | loss=0.5379
  Step   1000 | loss=0.5661
  Step   1500 | loss=0.5645
  Step   2000 | loss=0.5442
  Step   2500 | loss=0.5605
  EVAL step 2500: acc_3=0.2660 | acc_4=0.1960 | acc_5=0.1595 | acc_6=0.1445 | acc_7=0.1365 | acc_8=0.1025
  Step   3000 | loss=0.5561
  Step   3500 | loss=0.5915
  Step   4000 | loss=0.3629
  Step   4500 | loss=0.3513
  Step   5000 | loss=0.3441
  EVAL step 5000: acc_3=0.5160 | acc_4=0.2005 | acc_5=0.3400 | acc_6=0.1330 | acc_7=0.2755 | acc_8=0.1155
  Step   5500 | loss=0.3448
  Step   6000 | loss=0.3362
  Step   6500 | loss=0.3133
  Step   7000 | loss=0.3335
  Step   7500 | loss=0.3574
  EVAL step 7500: acc_3=0.5155 | acc_4=0.1750 | acc_5=0.3340 | acc_6=0.1430 | acc_7=0.2560 | acc_8=0.1125
  Step   8000 | loss=0.3455
  Step   8500 | loss=0.3607
  Step   9000 | loss=0.3528
  Step   9500 | loss=0.3227
  Step  10000 | loss=0.2965
  EVAL step 10000: acc_3=0.4990 | acc_4=0.1970 | acc_5=0.3535 | acc_6=0.1400 | acc_7=0.2475 | acc_8=0.1135
  Step  10500 | loss=0.3511
  Step  11000 | loss=0.3100
  Step  11500 | loss=0.3475
  Step  12000 | loss=0.3407
  Step  12500 | loss=0.3220
  EVAL step 12500: acc_3=0.4920 | acc_4=0.1815 | acc_5=0.3355 | acc_6=0.1420 | acc_7=0.2690 | acc_8=0.1115
  Step  13000 | loss=0.3093
  Step  13500 | loss=0.3299
  Step  14000 | loss=0.3349
  Step  14500 | loss=0.3107
  Step  15000 | loss=0.3454
  EVAL step 15000: acc_3=0.4890 | acc_4=0.2060 | acc_5=0.3330 | acc_6=0.1440 | acc_7=0.2415 | acc_8=0.1200
  Step  15500 | loss=0.3451
  Step  16000 | loss=0.3353
  Step  16500 | loss=0.3100
  Step  17000 | loss=0.3245
  Step  17500 | loss=0.3611
  EVAL step 17500: acc_3=0.4890 | acc_4=0.1270 | acc_5=0.3460 | acc_6=0.1350 | acc_7=0.2395 | acc_8=0.1230
  Step  18000 | loss=0.3269
  Step  18500 | loss=0.3330
  Step  19000 | loss=0.3484
  Step  19500 | loss=0.3113
  Step  20000 | loss=0.3382
  EVAL step 20000: acc_3=0.5055 | acc_4=0.1980 | acc_5=0.3355 | acc_6=0.1500 | acc_7=0.2580 | acc_8=0.1175
  Pushed checkpoint step-20000 to ijinyu1113/transition_357_468_later_seed123_v3
  Step  20500 | loss=0.3252
  Step  21000 | loss=0.3483
  Step  21500 | loss=0.3374
  Step  22000 | loss=0.3267
  Step  22500 | loss=0.3486
  EVAL step 22500: acc_3=0.4870 | acc_4=0.1940 | acc_5=0.3565 | acc_6=0.1410 | acc_7=0.2585 | acc_8=0.1200
  Step  23000 | loss=0.3420
  Step  23500 | loss=0.3267
  Step  24000 | loss=0.3128
  Step  24500 | loss=0.3073
  Step  25000 | loss=0.3023
  EVAL step 25000: acc_3=0.8440 | acc_4=0.1475 | acc_5=0.3385 | acc_6=0.1240 | acc_7=0.2980 | acc_8=0.1130
  Step  25500 | loss=0.2448
  Step  26000 | loss=0.2527
  Step  26500 | loss=0.1882
  Step  27000 | loss=0.1592
  Step  27500 | loss=0.1361
  EVAL step 27500: acc_3=0.9985 | acc_4=0.1675 | acc_5=0.3425 | acc_6=0.1330 | acc_7=0.5090 | acc_8=0.1180
  Step  28000 | loss=0.2161
  Step  28500 | loss=0.1864
  Step  29000 | loss=0.1601
  Step  29500 | loss=0.1580
  Step  30000 | loss=0.1829
  EVAL step 30000: acc_3=1.0000 | acc_4=0.1540 | acc_5=0.3550 | acc_6=0.1310 | acc_7=0.4940 | acc_8=0.1145
  Step  30500 | loss=0.1951
  Step  31000 | loss=0.1802
  Step  31500 | loss=0.1756
  Step  32000 | loss=0.1766
  Step  32500 | loss=0.1476
  EVAL step 32500: acc_3=0.9980 | acc_4=0.1670 | acc_5=0.3785 | acc_6=0.1390 | acc_7=0.4875 | acc_8=0.1190
  Step  33000 | loss=0.1685
  Step  33500 | loss=0.1617
  Step  34000 | loss=0.1379
  Step  34500 | loss=0.0890
  Step  35000 | loss=0.0854
  EVAL step 35000: acc_3=0.9995 | acc_4=0.1730 | acc_5=0.9440 | acc_6=0.1440 | acc_7=0.4920 | acc_8=0.1285
  Step  35500 | loss=0.0692
  Step  36000 | loss=0.0656
  Step  36500 | loss=0.0877
  Step  37000 | loss=0.0936
  Step  37500 | loss=0.0724
  EVAL step 37500: acc_3=0.9995 | acc_4=0.1810 | acc_5=0.9820 | acc_6=0.1565 | acc_7=0.5040 | acc_8=0.1140
  Step  38000 | loss=0.0700
  Step  38500 | loss=0.0959
  Step  39000 | loss=0.0805
  Step  39500 | loss=0.0661
  Step  40000 | loss=0.0579
  EVAL step 40000: acc_3=1.0000 | acc_4=0.1565 | acc_5=0.9985 | acc_6=0.1430 | acc_7=0.4890 | acc_8=0.1175
  Pushed checkpoint step-40000 to ijinyu1113/transition_357_468_later_seed123_v3
  Step  40500 | loss=0.0895
  Step  41000 | loss=0.0784
  Step  41500 | loss=0.0589
  Step  42000 | loss=0.0466
  Step  42500 | loss=0.0502
  EVAL step 42500: acc_3=0.9995 | acc_4=0.1485 | acc_5=0.9980 | acc_6=0.1485 | acc_7=0.5130 | acc_8=0.1170
  Step  43000 | loss=0.0615
  Step  43500 | loss=0.0721
  Step  44000 | loss=0.0499
  Step  44500 | loss=0.0577
  Step  45000 | loss=0.0841
  EVAL step 45000: acc_3=1.0000 | acc_4=0.1570 | acc_5=0.9980 | acc_6=0.1555 | acc_7=0.5110 | acc_8=0.1210
  Step  45500 | loss=0.0432
  Step  46000 | loss=0.0563
  Step  46500 | loss=0.0532
  Step  47000 | loss=0.0572
  Step  47500 | loss=0.0697
  EVAL step 47500: acc_3=1.0000 | acc_4=0.1490 | acc_5=0.9915 | acc_6=0.1530 | acc_7=0.4965 | acc_8=0.1240
  Step  48000 | loss=0.0568
  Step  48500 | loss=0.0755
  Step  49000 | loss=0.0576
  Step  49500 | loss=0.0477
  Step  50000 | loss=0.0499
  EVAL step 50000: acc_3=1.0000 | acc_4=0.1515 | acc_5=0.9995 | acc_6=0.1295 | acc_7=0.4890 | acc_8=0.1155
  Step  50500 | loss=0.0457
  Step  51000 | loss=0.0468
  Step  51500 | loss=0.0314
  Step  52000 | loss=0.0792
  Step  52500 | loss=0.0913
  EVAL step 52500: acc_3=1.0000 | acc_4=0.1540 | acc_5=0.9960 | acc_6=0.1455 | acc_7=0.5030 | acc_8=0.1150
  Step  53000 | loss=0.0336
  Step  53500 | loss=0.0306
  Step  54000 | loss=0.0417
  Step  54500 | loss=0.0343
  Step  55000 | loss=0.0599
  EVAL step 55000: acc_3=1.0000 | acc_4=0.1425 | acc_5=0.9955 | acc_6=0.1270 | acc_7=0.5220 | acc_8=0.1195
  Step  55500 | loss=0.0362
  Step  56000 | loss=0.0297
  Step  56500 | loss=0.0351
  Step  57000 | loss=0.0938
  Step  57500 | loss=0.0404
  EVAL step 57500: acc_3=1.0000 | acc_4=0.1615 | acc_5=0.9985 | acc_6=0.1365 | acc_7=0.5570 | acc_8=0.1280
  Step  58000 | loss=0.0043
  Step  58500 | loss=0.0166
  Step  59000 | loss=0.0106
  Step  59500 | loss=0.0353
  Step  60000 | loss=0.0193
  EVAL step 60000: acc_3=1.0000 | acc_4=0.1430 | acc_5=0.9980 | acc_6=0.1190 | acc_7=0.5785 | acc_8=0.1120
  Pushed checkpoint step-60000 to ijinyu1113/transition_357_468_later_seed123_v3
  Step  60500 | loss=0.0090
  Step  61000 | loss=0.0062
  Step  61500 | loss=0.0065
  Step  62000 | loss=0.0109
  Step  62500 | loss=0.0146
  EVAL step 62500: acc_3=1.0000 | acc_4=0.1390 | acc_5=0.9995 | acc_6=0.1265 | acc_7=0.6285 | acc_8=0.1230
  Step  63000 | loss=0.0061
  Step  63500 | loss=0.0004
  Step  64000 | loss=0.0089
  Step  64500 | loss=0.0015
  Step  65000 | loss=0.0206
  EVAL step 65000: acc_3=1.0000 | acc_4=0.1330 | acc_5=0.9985 | acc_6=0.1170 | acc_7=0.6635 | acc_8=0.1090
  Step  65500 | loss=0.0058
  Step  66000 | loss=0.0004
  Step  66500 | loss=0.0027
  Step  67000 | loss=0.0068
  Step  67500 | loss=0.0071
  EVAL step 67500: acc_3=1.0000 | acc_4=0.1245 | acc_5=0.9980 | acc_6=0.1300 | acc_7=0.6595 | acc_8=0.1135
  Step  68000 | loss=0.0003
  Step  68500 | loss=0.0015
  Step  69000 | loss=0.0000
  Step  69500 | loss=0.0122
  Step  70000 | loss=0.0002
  EVAL step 70000: acc_3=1.0000 | acc_4=0.1390 | acc_5=0.9990 | acc_6=0.1190 | acc_7=0.6875 | acc_8=0.1160
  Step  70500 | loss=0.0032
  Step  71000 | loss=0.0021
  Step  71500 | loss=0.0007
  Step  72000 | loss=0.0107
  Step  72500 | loss=0.0081
  EVAL step 72500: acc_3=1.0000 | acc_4=0.1260 | acc_5=0.9980 | acc_6=0.1195 | acc_7=0.7030 | acc_8=0.1135
  Step  73000 | loss=0.0002
  Step  73500 | loss=0.0002
  Step  74000 | loss=0.0003
  Step  74500 | loss=0.0017
  Step  75000 | loss=0.0005
  EVAL step 75000: acc_3=1.0000 | acc_4=0.1335 | acc_5=0.9985 | acc_6=0.1235 | acc_7=0.7310 | acc_8=0.1120

=== TRANSITION at step 75000: switching from 357 to 468_later ===

  Step  75500 | loss=0.5614
  Step  76000 | loss=0.5005
  Step  76500 | loss=0.4826
  Step  77000 | loss=0.4461
  Step  77500 | loss=0.5031
  EVAL step 77500: acc_3=1.0000 | acc_4=0.2385 | acc_5=0.9955 | acc_6=0.1495 | acc_7=0.7435 | acc_8=0.1310
  Step  78000 | loss=0.4582
  Step  78500 | loss=0.4570
  Step  79000 | loss=0.4191
  Step  79500 | loss=0.4328
  Step  80000 | loss=0.3580
  EVAL step 80000: acc_3=0.9985 | acc_4=0.5730 | acc_5=0.9890 | acc_6=0.1775 | acc_7=0.7315 | acc_8=0.1665
  Pushed checkpoint step-80000 to ijinyu1113/transition_357_468_later_seed123_v3
  Step  80500 | loss=0.3574
  Step  81000 | loss=0.3727
  Step  81500 | loss=0.3366
  Step  82000 | loss=0.2622
  Step  82500 | loss=0.2694
  EVAL step 82500: acc_3=0.9975 | acc_4=0.9365 | acc_5=0.9870 | acc_6=0.2095 | acc_7=0.7300 | acc_8=0.2805
  Step  83000 | loss=0.2496
  Step  83500 | loss=0.1414
  Step  84000 | loss=0.2817
  Step  84500 | loss=0.2203
  Step  85000 | loss=0.1605
  EVAL step 85000: acc_3=0.9995 | acc_4=0.9805 | acc_5=0.9880 | acc_6=0.2510 | acc_7=0.7415 | acc_8=0.3520
  Step  85500 | loss=0.1951
  Step  86000 | loss=0.0987
  Step  86500 | loss=0.1174
  Step  87000 | loss=0.1278
  Step  87500 | loss=0.1174
  EVAL step 87500: acc_3=0.9975 | acc_4=0.9855 | acc_5=0.9900 | acc_6=0.3520 | acc_7=0.7425 | acc_8=0.4220
  Step  88000 | loss=0.0938
  Step  88500 | loss=0.0752
  Step  89000 | loss=0.1414
  Step  89500 | loss=0.0606
  Step  90000 | loss=0.0681
  EVAL step 90000: acc_3=0.9995 | acc_4=0.9860 | acc_5=0.9855 | acc_6=0.4135 | acc_7=0.7475 | acc_8=0.4395
  Step  90500 | loss=0.0389
  Step  91000 | loss=0.0605
  Step  91500 | loss=0.0442
  Step  92000 | loss=0.0202
  Step  92500 | loss=0.0196
  EVAL step 92500: acc_3=0.9995 | acc_4=0.9840 | acc_5=0.9815 | acc_6=0.4440 | acc_7=0.7535 | acc_8=0.4555
  Step  93000 | loss=0.0068
  Step  93500 | loss=0.0059
  Step  94000 | loss=0.0142
  Step  94500 | loss=0.0127
  Step  95000 | loss=0.0056
  EVAL step 95000: acc_3=1.0000 | acc_4=0.9910 | acc_5=0.9905 | acc_6=0.4395 | acc_7=0.7455 | acc_8=0.4735
  Step  95500 | loss=0.0235
  Step  96000 | loss=0.0028
  Step  96500 | loss=0.0145
  Step  97000 | loss=0.0071
  Step  97500 | loss=0.0022
  EVAL step 97500: acc_3=1.0000 | acc_4=0.9935 | acc_5=0.9910 | acc_6=0.4675 | acc_7=0.7575 | acc_8=0.4790
  Step  98000 | loss=0.0019
  Step  98500 | loss=0.0099
  Step  99000 | loss=0.0009
  Step  99500 | loss=0.0180
  Step 100000 | loss=0.0060
  EVAL step 100000: acc_3=1.0000 | acc_4=0.9955 | acc_5=0.9880 | acc_6=0.4735 | acc_7=0.7585 | acc_8=0.4855
  Pushed checkpoint step-100000 to ijinyu1113/transition_357_468_later_seed123_v3
  Step 100500 | loss=0.0014
  Step 101000 | loss=0.0019
  Step 101500 | loss=0.0009
  Step 102000 | loss=0.0036
  Step 102500 | loss=0.0036
  EVAL step 102500: acc_3=0.9995 | acc_4=0.9915 | acc_5=0.9910 | acc_6=0.4910 | acc_7=0.7640 | acc_8=0.4880
  Step 103000 | loss=0.0087
  Step 103500 | loss=0.0019
  Step 104000 | loss=0.0130
  Step 104500 | loss=0.0087
  Step 105000 | loss=0.0006
  EVAL step 105000: acc_3=1.0000 | acc_4=0.9935 | acc_5=0.9930 | acc_6=0.4905 | acc_7=0.7650 | acc_8=0.4890
  Step 105500 | loss=0.0002
  Step 106000 | loss=0.0002
  Step 106500 | loss=0.0006
  Step 107000 | loss=0.0010
  Step 107500 | loss=0.0002
  EVAL step 107500: acc_3=0.9990 | acc_4=0.9920 | acc_5=0.9910 | acc_6=0.5075 | acc_7=0.7675 | acc_8=0.5010
  Step 108000 | loss=0.0056
  Step 108500 | loss=0.0104
  Step 109000 | loss=0.0040
  Step 109500 | loss=0.0001
  Step 110000 | loss=0.0005
  EVAL step 110000: acc_3=0.9995 | acc_4=0.9920 | acc_5=0.9910 | acc_6=0.5015 | acc_7=0.7605 | acc_8=0.5095
  Step 110500 | loss=0.0001
  Step 111000 | loss=0.0007
  Step 111500 | loss=0.0001
  Step 112000 | loss=0.0004
  Step 112500 | loss=0.0001
  EVAL step 112500: acc_3=1.0000 | acc_4=0.9955 | acc_5=0.9910 | acc_6=0.5135 | acc_7=0.7660 | acc_8=0.4985
  Step 113000 | loss=0.0052
  Step 113500 | loss=0.0004
  Step 114000 | loss=0.0000
  Step 114500 | loss=0.0002
  Step 115000 | loss=0.0001
  EVAL step 115000: acc_3=1.0000 | acc_4=0.9945 | acc_5=0.9935 | acc_6=0.5130 | acc_7=0.7670 | acc_8=0.4875
  Step 115500 | loss=0.0002
  Step 116000 | loss=0.0001
  Step 116500 | loss=0.0008
  Step 117000 | loss=0.0001
  Step 117500 | loss=0.0000
  EVAL step 117500: acc_3=0.9995 | acc_4=0.9945 | acc_5=0.9920 | acc_6=0.5105 | acc_7=0.7675 | acc_8=0.4955
  Step 118000 | loss=0.0001
  Step 118500 | loss=0.0003
  Step 119000 | loss=0.0001
  Step 119500 | loss=0.0000
  Step 120000 | loss=0.0001
  EVAL step 120000: acc_3=1.0000 | acc_4=0.9930 | acc_5=0.9930 | acc_6=0.5035 | acc_7=0.7610 | acc_8=0.4960
  Pushed checkpoint step-120000 to ijinyu1113/transition_357_468_later_seed123_v3
  Step 120500 | loss=0.0001
  Step 121000 | loss=0.0000
  Step 121500 | loss=0.0000
  Step 122000 | loss=0.0000
  Step 122500 | loss=0.0000
  EVAL step 122500: acc_3=1.0000 | acc_4=0.9970 | acc_5=0.9935 | acc_6=0.5000 | acc_7=0.7760 | acc_8=0.4935
  Step 123000 | loss=0.0000
  Step 123500 | loss=0.0001
  Step 124000 | loss=0.0002
  Step 124500 | loss=0.0000
  Step 125000 | loss=0.0000
  EVAL step 125000: acc_3=1.0000 | acc_4=0.9965 | acc_5=0.9930 | acc_6=0.5175 | acc_7=0.7705 | acc_8=0.5095
  Step 125500 | loss=0.0000
  Step 126000 | loss=0.0000
  Step 126500 | loss=0.0000
  Step 127000 | loss=0.0000
  Step 127500 | loss=0.0000
  EVAL step 127500: acc_3=1.0000 | acc_4=0.9975 | acc_5=0.9930 | acc_6=0.5180 | acc_7=0.7725 | acc_8=0.5120
  Step 128000 | loss=0.0000
  Step 128500 | loss=0.0000
  Step 129000 | loss=0.0000
  Step 129500 | loss=0.0102
  Step 130000 | loss=0.0000
  EVAL step 130000: acc_3=1.0000 | acc_4=0.9980 | acc_5=0.9935 | acc_6=0.5150 | acc_7=0.7755 | acc_8=0.5120
  Step 130500 | loss=0.0000
  Step 131000 | loss=0.0000
  Step 131500 | loss=0.0000
  Step 132000 | loss=0.0000
  Step 132500 | loss=0.0000
  EVAL step 132500: acc_3=1.0000 | acc_4=0.9975 | acc_5=0.9935 | acc_6=0.5200 | acc_7=0.7775 | acc_8=0.5180
  Step 133000 | loss=0.0000
  Step 133500 | loss=0.0000
  Step 134000 | loss=0.0000
  Step 134500 | loss=0.0000
  Step 135000 | loss=0.0000
  EVAL step 135000: acc_3=1.0000 | acc_4=0.9975 | acc_5=0.9935 | acc_6=0.5215 | acc_7=0.7775 | acc_8=0.5160
  Step 135500 | loss=0.0000
  Step 136000 | loss=0.0000
  Step 136500 | loss=0.0000
  Step 137000 | loss=0.0000
  Step 137500 | loss=0.0000
  EVAL step 137500: acc_3=1.0000 | acc_4=0.9975 | acc_5=0.9935 | acc_6=0.5210 | acc_7=0.7765 | acc_8=0.5155
  Step 138000 | loss=0.0000
  Step 138500 | loss=0.0000
  Step 139000 | loss=0.0000
  Step 139500 | loss=0.0000
  Step 140000 | loss=0.0000
  EVAL step 140000: acc_3=1.0000 | acc_4=0.9975 | acc_5=0.9935 | acc_6=0.5185 | acc_7=0.7775 | acc_8=0.5180
  Pushed checkpoint step-140000 to ijinyu1113/transition_357_468_later_seed123_v3
  Step 140500 | loss=0.0000
  Step 141000 | loss=0.0000
  Step 141500 | loss=0.0000
  Step 142000 | loss=0.0000
  Step 142500 | loss=0.0000
  EVAL step 142500: acc_3=1.0000 | acc_4=0.9975 | acc_5=0.9930 | acc_6=0.5225 | acc_7=0.7785 | acc_8=0.5170
  Step 143000 | loss=0.0000
  Step 143500 | loss=0.0000
  Step 144000 | loss=0.0000
  Step 144500 | loss=0.0000
  Step 145000 | loss=0.0000
  EVAL step 145000: acc_3=1.0000 | acc_4=0.9975 | acc_5=0.9930 | acc_6=0.5230 | acc_7=0.7790 | acc_8=0.5175
  Step 145500 | loss=0.0000
  Step 146000 | loss=0.0000
  Step 146500 | loss=0.0000
  Step 147000 | loss=0.0000
  Step 147500 | loss=0.0000
  EVAL step 147500: acc_3=1.0000 | acc_4=0.9975 | acc_5=0.9930 | acc_6=0.5225 | acc_7=0.7800 | acc_8=0.5175
  Step 148000 | loss=0.0000
  Step 148500 | loss=0.0000
  Step 149000 | loss=0.0000
  Step 149500 | loss=0.0000
  Step 150000 | loss=0.0000
  EVAL step 150000: acc_3=1.0000 | acc_4=0.9975 | acc_5=0.9930 | acc_6=0.5225 | acc_7=0.7800 | acc_8=0.5175
  Pushed checkpoint step-150000 to ijinyu1113/transition_357_468_later_seed123_v3
Training complete. Checkpoints at ijinyu1113/transition_357_468_later_seed123_v3
