Using base checkpoint: step143000
Config: 468 -> 357_later, seed=7, HF_REPO=ijinyu1113/transition_468_357_later_seed7_v3

STARTING TRANSITION: 468 -> 357_later, LR=3e-05, BS=64, Warmup=15000
  Step    500 | loss=0.6040
  Step   1000 | loss=0.6357
  Step   1500 | loss=0.6203
  Step   2000 | loss=0.6124
  Step   2500 | loss=0.6204
  EVAL step 2500: acc_3=0.2500 | acc_4=0.1960 | acc_5=0.1665 | acc_6=0.1550 | acc_7=0.1385 | acc_8=0.1005
  TRAIN step 2500 (468): acc_3=0.0000 | acc_4=0.2003 | acc_5=0.0000 | acc_6=0.1444 | acc_7=0.0000 | acc_8=0.1101
  Step   3000 | loss=0.6442
  Step   3500 | loss=0.6148
  Step   4000 | loss=0.5913
  Step   4500 | loss=0.5932
  Step   5000 | loss=0.6149
  EVAL step 5000: acc_3=0.2495 | acc_4=0.1995 | acc_5=0.1805 | acc_6=0.1385 | acc_7=0.1285 | acc_8=0.1105
  TRAIN step 5000 (468): acc_3=0.0000 | acc_4=0.2118 | acc_5=0.0000 | acc_6=0.1454 | acc_7=0.0000 | acc_8=0.1264
  Pushed checkpoint step-5000 to ijinyu1113/transition_468_357_later_seed7_v3
  Step   5500 | loss=0.6026
  Step   6000 | loss=0.6023
  Step   6500 | loss=0.6086
  Step   7000 | loss=0.6169
  Step   7500 | loss=0.6033
  EVAL step 7500: acc_3=0.0285 | acc_4=0.2025 | acc_5=0.1695 | acc_6=0.1535 | acc_7=0.1370 | acc_8=0.0995
  TRAIN step 7500 (468): acc_3=0.0000 | acc_4=0.2039 | acc_5=0.0000 | acc_6=0.1450 | acc_7=0.0000 | acc_8=0.1095
  Step   8000 | loss=0.6125
  Step   8500 | loss=0.6301
  Step   9000 | loss=0.5903
  Step   9500 | loss=0.6142
  Step  10000 | loss=0.6159
  EVAL step 10000: acc_3=0.2490 | acc_4=0.2230 | acc_5=0.1880 | acc_6=0.1415 | acc_7=0.1285 | acc_8=0.1135
  TRAIN step 10000 (468): acc_3=0.0000 | acc_4=0.2614 | acc_5=0.0000 | acc_6=0.2071 | acc_7=0.0000 | acc_8=0.1465
  Pushed checkpoint step-10000 to ijinyu1113/transition_468_357_later_seed7_v3
  Step  10500 | loss=0.6049
  Step  11000 | loss=0.6005
  Step  11500 | loss=0.6239
  Step  12000 | loss=0.5790
  Step  12500 | loss=0.6456
  EVAL step 12500: acc_3=0.2375 | acc_4=0.2555 | acc_5=0.1610 | acc_6=0.1340 | acc_7=0.1280 | acc_8=0.1270
  TRAIN step 12500 (468): acc_3=0.0000 | acc_4=0.2959 | acc_5=0.0000 | acc_6=0.1761 | acc_7=0.0000 | acc_8=0.1606
  Step  13000 | loss=0.6026
  Step  13500 | loss=0.5879
  Step  14000 | loss=0.6033
  Step  14500 | loss=0.6101
  Step  15000 | loss=0.6330
  EVAL step 15000: acc_3=0.2405 | acc_4=0.2070 | acc_5=0.1565 | acc_6=0.1340 | acc_7=0.1300 | acc_8=0.0955
  TRAIN step 15000 (468): acc_3=0.0000 | acc_4=0.2629 | acc_5=0.0000 | acc_6=0.1884 | acc_7=0.0000 | acc_8=0.1392
  Pushed checkpoint step-15000 to ijinyu1113/transition_468_357_later_seed7_v3
  Step  15500 | loss=0.6105
  Step  16000 | loss=0.6319
  Step  16500 | loss=0.6083
  Step  17000 | loss=0.6217
  Step  17500 | loss=0.6175
  EVAL step 17500: acc_3=0.2495 | acc_4=0.2565 | acc_5=0.1555 | acc_6=0.1465 | acc_7=0.1270 | acc_8=0.1205
  TRAIN step 17500 (468): acc_3=0.0000 | acc_4=0.3161 | acc_5=0.0000 | acc_6=0.2090 | acc_7=0.0000 | acc_8=0.1595
  Step  18000 | loss=0.6060
  Step  18500 | loss=0.6226
  Step  19000 | loss=0.6076
  Step  19500 | loss=0.6015
  Step  20000 | loss=0.5887
  EVAL step 20000: acc_3=0.1900 | acc_4=0.2155 | acc_5=0.1640 | acc_6=0.1480 | acc_7=0.1160 | acc_8=0.1165
  TRAIN step 20000 (468): acc_3=0.0000 | acc_4=0.2688 | acc_5=0.0000 | acc_6=0.2169 | acc_7=0.0000 | acc_8=0.1760
  Pushed checkpoint step-20000 to ijinyu1113/transition_468_357_later_seed7_v3
  Step  20500 | loss=0.5932
  Step  21000 | loss=0.6048
  Step  21500 | loss=0.6118
  Step  22000 | loss=0.6642
  Step  22500 | loss=0.6120
  EVAL step 22500: acc_3=0.2025 | acc_4=0.2140 | acc_5=0.1510 | acc_6=0.1465 | acc_7=0.1190 | acc_8=0.1170
  TRAIN step 22500 (468): acc_3=0.0000 | acc_4=0.2739 | acc_5=0.0000 | acc_6=0.2247 | acc_7=0.0000 | acc_8=0.1915
  Step  23000 | loss=0.6283
  Step  23500 | loss=0.5755
  Step  24000 | loss=0.5852
  Step  24500 | loss=0.5884
  Step  25000 | loss=0.6159
  EVAL step 25000: acc_3=0.2010 | acc_4=0.2265 | acc_5=0.1405 | acc_6=0.1450 | acc_7=0.1225 | acc_8=0.1150
  TRAIN step 25000 (468): acc_3=0.0000 | acc_4=0.2805 | acc_5=0.0000 | acc_6=0.2251 | acc_7=0.0000 | acc_8=0.1907
  Pushed checkpoint step-25000 to ijinyu1113/transition_468_357_later_seed7_v3
  Step  25500 | loss=0.6082
  Step  26000 | loss=0.5889
  Step  26500 | loss=0.5915
  Step  27000 | loss=0.6144
  Step  27500 | loss=0.5858
  EVAL step 27500: acc_3=0.2050 | acc_4=0.2245 | acc_5=0.1470 | acc_6=0.1430 | acc_7=0.1195 | acc_8=0.1085
  TRAIN step 27500 (468): acc_3=0.0000 | acc_4=0.2977 | acc_5=0.0000 | acc_6=0.2460 | acc_7=0.0000 | acc_8=0.2149
  Step  28000 | loss=0.5812
  Step  28500 | loss=0.6408
  Step  29000 | loss=0.5929
  Step  29500 | loss=0.5768
  Step  30000 | loss=0.5823
  EVAL step 30000: acc_3=0.2035 | acc_4=0.2375 | acc_5=0.1355 | acc_6=0.1460 | acc_7=0.1160 | acc_8=0.1105
  TRAIN step 30000 (468): acc_3=0.0000 | acc_4=0.3077 | acc_5=0.0000 | acc_6=0.2596 | acc_7=0.0000 | acc_8=0.2439
  Pushed checkpoint step-30000 to ijinyu1113/transition_468_357_later_seed7_v3
  Step  30500 | loss=0.6195
  Step  31000 | loss=0.5661
  Step  31500 | loss=0.5815
  Step  32000 | loss=0.5964
  Step  32500 | loss=0.5532
  EVAL step 32500: acc_3=0.1695 | acc_4=0.2580 | acc_5=0.1335 | acc_6=0.1475 | acc_7=0.1135 | acc_8=0.1320
  TRAIN step 32500 (468): acc_3=0.0000 | acc_4=0.3554 | acc_5=0.0000 | acc_6=0.2874 | acc_7=0.0000 | acc_8=0.3002
  Step  33000 | loss=0.5493
  Step  33500 | loss=0.5512
  Step  34000 | loss=0.5190
  Step  34500 | loss=0.5111
  Step  35000 | loss=0.5459
  EVAL step 35000: acc_3=0.1865 | acc_4=0.4010 | acc_5=0.1235 | acc_6=0.1385 | acc_7=0.1100 | acc_8=0.1230
  TRAIN step 35000 (468): acc_3=0.0000 | acc_4=0.5106 | acc_5=0.0000 | acc_6=0.3279 | acc_7=0.0000 | acc_8=0.3587
  Pushed checkpoint step-35000 to ijinyu1113/transition_468_357_later_seed7_v3
  Step  35500 | loss=0.4876
  Step  36000 | loss=0.4056
  Step  36500 | loss=0.5240
  Step  37000 | loss=0.4927
  Step  37500 | loss=0.5053
  EVAL step 37500: acc_3=0.1395 | acc_4=0.6420 | acc_5=0.1115 | acc_6=0.1540 | acc_7=0.1115 | acc_8=0.1180
  TRAIN step 37500 (468): acc_3=0.0000 | acc_4=0.7380 | acc_5=0.0000 | acc_6=0.3674 | acc_7=0.0000 | acc_8=0.4157
  Step  38000 | loss=0.3809
  Step  38500 | loss=0.4473
  Step  39000 | loss=0.3840
  Step  39500 | loss=0.2509
  Step  40000 | loss=0.3316
  EVAL step 40000: acc_3=0.1625 | acc_4=0.9380 | acc_5=0.1320 | acc_6=0.1730 | acc_7=0.1135 | acc_8=0.1140
  TRAIN step 40000 (468): acc_3=0.0000 | acc_4=0.9620 | acc_5=0.0000 | acc_6=0.4468 | acc_7=0.0000 | acc_8=0.5348
  Pushed checkpoint step-40000 to ijinyu1113/transition_468_357_later_seed7_v3
  Step  40500 | loss=0.3465
  Step  41000 | loss=0.2444
  Step  41500 | loss=0.3151
  Step  42000 | loss=0.2635
  Step  42500 | loss=0.3126
  EVAL step 42500: acc_3=0.1725 | acc_4=0.9585 | acc_5=0.1505 | acc_6=0.1825 | acc_7=0.1175 | acc_8=0.1290
  TRAIN step 42500 (468): acc_3=0.0000 | acc_4=0.9791 | acc_5=0.0000 | acc_6=0.5479 | acc_7=0.0000 | acc_8=0.6608
  Step  43000 | loss=0.3036
  Step  43500 | loss=0.2993
  Step  44000 | loss=0.2433
  Step  44500 | loss=0.2248
  Step  45000 | loss=0.2507
  EVAL step 45000: acc_3=0.1750 | acc_4=0.9565 | acc_5=0.1615 | acc_6=0.2205 | acc_7=0.1140 | acc_8=0.1390
  TRAIN step 45000 (468): acc_3=0.0000 | acc_4=0.9786 | acc_5=0.0000 | acc_6=0.6881 | acc_7=0.0000 | acc_8=0.7982
  Pushed checkpoint step-45000 to ijinyu1113/transition_468_357_later_seed7_v3
  Step  45500 | loss=0.1761
  Step  46000 | loss=0.1113
  Step  46500 | loss=0.1676
  Step  47000 | loss=0.1429
  Step  47500 | loss=0.0901
  EVAL step 47500: acc_3=0.1285 | acc_4=0.9860 | acc_5=0.1655 | acc_6=0.2400 | acc_7=0.1075 | acc_8=0.1425
  TRAIN step 47500 (468): acc_3=0.0000 | acc_4=0.9953 | acc_5=0.0000 | acc_6=0.8288 | acc_7=0.0000 | acc_8=0.8886
  Step  48000 | loss=0.0863
  Step  48500 | loss=0.0720
  Step  49000 | loss=0.0799
  Step  49500 | loss=0.0377
  Step  50000 | loss=0.0459
  EVAL step 50000: acc_3=0.1525 | acc_4=0.9855 | acc_5=0.1465 | acc_6=0.2570 | acc_7=0.1225 | acc_8=0.1555
  TRAIN step 50000 (468): acc_3=0.0000 | acc_4=0.9945 | acc_5=0.0000 | acc_6=0.9306 | acc_7=0.0000 | acc_8=0.9453
  Pushed checkpoint step-50000 to ijinyu1113/transition_468_357_later_seed7_v3
  Step  50500 | loss=0.0787
  Step  51000 | loss=0.0537
  Step  51500 | loss=0.0371
  Step  52000 | loss=0.0369
  Step  52500 | loss=0.0504
  EVAL step 52500: acc_3=0.1325 | acc_4=0.9845 | acc_5=0.1370 | acc_6=0.2705 | acc_7=0.1195 | acc_8=0.1635
  TRAIN step 52500 (468): acc_3=0.0000 | acc_4=0.9965 | acc_5=0.0000 | acc_6=0.9552 | acc_7=0.0000 | acc_8=0.9627
  Step  53000 | loss=0.0239
  Step  53500 | loss=0.0630
  Step  54000 | loss=0.0289
  Step  54500 | loss=0.0127
  Step  55000 | loss=0.0167
  EVAL step 55000: acc_3=0.1240 | acc_4=0.9955 | acc_5=0.1465 | acc_6=0.2825 | acc_7=0.1050 | acc_8=0.1540
  TRAIN step 55000 (468): acc_3=0.0000 | acc_4=0.9989 | acc_5=0.0000 | acc_6=0.9719 | acc_7=0.0000 | acc_8=0.9720
  Pushed checkpoint step-55000 to ijinyu1113/transition_468_357_later_seed7_v3
  Step  55500 | loss=0.0124
  Step  56000 | loss=0.0089
  Step  56500 | loss=0.0038
  Step  57000 | loss=0.0838
  Step  57500 | loss=0.0368
  EVAL step 57500: acc_3=0.1535 | acc_4=0.9765 | acc_5=0.1450 | acc_6=0.2850 | acc_7=0.1070 | acc_8=0.1620
  TRAIN step 57500 (468): acc_3=0.0000 | acc_4=0.9874 | acc_5=0.0000 | acc_6=0.9799 | acc_7=0.0000 | acc_8=0.9809
  Step  58000 | loss=0.0127
  Step  58500 | loss=0.0299
  Step  59000 | loss=0.0057
  Step  59500 | loss=0.0119
  Step  60000 | loss=0.0162
  EVAL step 60000: acc_3=0.1275 | acc_4=0.9845 | acc_5=0.1470 | acc_6=0.2890 | acc_7=0.1185 | acc_8=0.1590
  TRAIN step 60000 (468): acc_3=0.0000 | acc_4=0.9968 | acc_5=0.0000 | acc_6=0.9839 | acc_7=0.0000 | acc_8=0.9851
  Pushed checkpoint step-60000 to ijinyu1113/transition_468_357_later_seed7_v3
  Step  60500 | loss=0.0647
  Step  61000 | loss=0.0037
  Step  61500 | loss=0.0044
  Step  62000 | loss=0.0313
  Step  62500 | loss=0.0176
  EVAL step 62500: acc_3=0.1365 | acc_4=0.9925 | acc_5=0.1345 | acc_6=0.3000 | acc_7=0.1085 | acc_8=0.1635
  TRAIN step 62500 (468): acc_3=0.0000 | acc_4=0.9980 | acc_5=0.0000 | acc_6=0.9899 | acc_7=0.0000 | acc_8=0.9883
  Step  63000 | loss=0.0006
  Step  63500 | loss=0.0020
  Step  64000 | loss=0.0081
  Step  64500 | loss=0.0178
  Step  65000 | loss=0.0021
  EVAL step 65000: acc_3=0.1390 | acc_4=0.9880 | acc_5=0.1385 | acc_6=0.3075 | acc_7=0.1070 | acc_8=0.1645
  TRAIN step 65000 (468): acc_3=0.0000 | acc_4=0.9965 | acc_5=0.0000 | acc_6=0.9895 | acc_7=0.0000 | acc_8=0.9885
  Pushed checkpoint step-65000 to ijinyu1113/transition_468_357_later_seed7_v3
  Step  65500 | loss=0.0017
  Step  66000 | loss=0.0140
  Step  66500 | loss=0.0595
  Step  67000 | loss=0.0121
  Step  67500 | loss=0.0031
  EVAL step 67500: acc_3=0.1410 | acc_4=0.9915 | acc_5=0.1440 | acc_6=0.2975 | acc_7=0.1140 | acc_8=0.1750
  TRAIN step 67500 (468): acc_3=0.0000 | acc_4=0.9984 | acc_5=0.0000 | acc_6=0.9926 | acc_7=0.0000 | acc_8=0.9924
  Step  68000 | loss=0.0087
  Step  68500 | loss=0.0167
  Step  69000 | loss=0.0046
  Step  69500 | loss=0.0032
  Step  70000 | loss=0.0014
  EVAL step 70000: acc_3=0.1460 | acc_4=0.9925 | acc_5=0.1495 | acc_6=0.3100 | acc_7=0.1300 | acc_8=0.1645
  TRAIN step 70000 (468): acc_3=0.0000 | acc_4=0.9981 | acc_5=0.0000 | acc_6=0.9945 | acc_7=0.0000 | acc_8=0.9896
  Pushed checkpoint step-70000 to ijinyu1113/transition_468_357_later_seed7_v3
  Step  70500 | loss=0.0016
  Step  71000 | loss=0.0190
  Step  71500 | loss=0.0039
  Step  72000 | loss=0.0015
  Step  72500 | loss=0.0033
  EVAL step 72500: acc_3=0.1275 | acc_4=0.9930 | acc_5=0.1575 | acc_6=0.3100 | acc_7=0.1125 | acc_8=0.1695
  TRAIN step 72500 (468): acc_3=0.0000 | acc_4=0.9983 | acc_5=0.0000 | acc_6=0.9923 | acc_7=0.0000 | acc_8=0.9922
  Step  73000 | loss=0.0021
  Step  73500 | loss=0.0003
  Step  74000 | loss=0.0004
  Step  74500 | loss=0.0057
  Step  75000 | loss=0.0150
  EVAL step 75000: acc_3=0.1605 | acc_4=0.9870 | acc_5=0.1440 | acc_6=0.3155 | acc_7=0.1250 | acc_8=0.1720
  TRAIN step 75000 (468): acc_3=0.0000 | acc_4=0.9931 | acc_5=0.0000 | acc_6=0.9932 | acc_7=0.0000 | acc_8=0.9938
  TRAIN step 75000 (357_later): acc_3=0.1552 | acc_4=0.9840 | acc_5=0.1588 | acc_6=0.3148 | acc_7=0.1163 | acc_8=0.1892
  Pushed checkpoint step-75000 to ijinyu1113/transition_468_357_later_seed7_v3

=== TRANSITION at step 75000: switching from 468 to 357_later ===

  Step  75500 | loss=0.4894
  Step  76000 | loss=0.4527
  Step  76500 | loss=0.4645
  Step  77000 | loss=0.4173
  Step  77500 | loss=0.3818
  EVAL step 77500: acc_3=0.9115 | acc_4=0.9850 | acc_5=0.3310 | acc_6=0.2905 | acc_7=0.1730 | acc_8=0.1570
  TRAIN step 77500 (468): acc_3=0.0000 | acc_4=0.9871 | acc_5=0.0000 | acc_6=0.6138 | acc_7=0.0000 | acc_8=0.5356
  TRAIN step 77500 (357_later): acc_3=0.9594 | acc_4=0.9910 | acc_5=0.6303 | acc_6=0.7568 | acc_7=0.4314 | acc_8=0.6654
  Step  78000 | loss=0.2367
  Step  78500 | loss=0.2867
  Step  79000 | loss=0.1706
  Step  79500 | loss=0.0536
  Step  80000 | loss=0.0680
  EVAL step 80000: acc_3=0.9705 | acc_4=0.9930 | acc_5=0.4645 | acc_6=0.2980 | acc_7=0.2530 | acc_8=0.1720
  TRAIN step 80000 (468): acc_3=0.0000 | acc_4=0.9949 | acc_5=0.0000 | acc_6=0.5982 | acc_7=0.0000 | acc_8=0.5400
  TRAIN step 80000 (357_later): acc_3=0.9966 | acc_4=0.9990 | acc_5=0.9586 | acc_6=0.9842 | acc_7=0.8748 | acc_8=0.9741
  Pushed checkpoint step-80000 to ijinyu1113/transition_468_357_later_seed7_v3
  Step  80500 | loss=0.0707
  Step  81000 | loss=0.0569
  Step  81500 | loss=0.0118
  Step  82000 | loss=0.0226
  Step  82500 | loss=0.0059
  EVAL step 82500: acc_3=0.9740 | acc_4=0.9930 | acc_5=0.4890 | acc_6=0.2865 | acc_7=0.2690 | acc_8=0.1635
  TRAIN step 82500 (468): acc_3=0.0000 | acc_4=0.9927 | acc_5=0.0000 | acc_6=0.5594 | acc_7=0.0000 | acc_8=0.5029
  TRAIN step 82500 (357_later): acc_3=0.9959 | acc_4=0.9990 | acc_5=0.9837 | acc_6=0.9862 | acc_7=0.9737 | acc_8=0.9924
  Step  83000 | loss=0.0154
  Step  83500 | loss=0.0259
  Step  84000 | loss=0.0025
  Step  84500 | loss=0.0181
  Step  85000 | loss=0.0057
  EVAL step 85000: acc_3=0.9680 | acc_4=0.9915 | acc_5=0.4990 | acc_6=0.2905 | acc_7=0.2800 | acc_8=0.1670
  TRAIN step 85000 (468): acc_3=0.0000 | acc_4=0.9921 | acc_5=0.0000 | acc_6=0.5489 | acc_7=0.0000 | acc_8=0.4937
  TRAIN step 85000 (357_later): acc_3=0.9901 | acc_4=0.9970 | acc_5=0.9922 | acc_6=0.9939 | acc_7=0.9916 | acc_8=0.9914
  Pushed checkpoint step-85000 to ijinyu1113/transition_468_357_later_seed7_v3
  Step  85500 | loss=0.0008
  Step  86000 | loss=0.0055
  Step  86500 | loss=0.0142
  Step  87000 | loss=0.0037
  Step  87500 | loss=0.0066
  EVAL step 87500: acc_3=0.9830 | acc_4=0.9945 | acc_5=0.5140 | acc_6=0.2965 | acc_7=0.2820 | acc_8=0.1650
  TRAIN step 87500 (468): acc_3=0.0000 | acc_4=0.9960 | acc_5=0.0000 | acc_6=0.5228 | acc_7=0.0000 | acc_8=0.4677
  TRAIN step 87500 (357_later): acc_3=0.9987 | acc_4=1.0000 | acc_5=0.9945 | acc_6=0.9923 | acc_7=0.9915 | acc_8=0.9963
  Step  88000 | loss=0.0026
  Step  88500 | loss=0.0006
  Step  89000 | loss=0.0006
  Step  89500 | loss=0.0004
  Step  90000 | loss=0.0010
  EVAL step 90000: acc_3=0.9835 | acc_4=0.9950 | acc_5=0.5240 | acc_6=0.2960 | acc_7=0.2935 | acc_8=0.1525
  TRAIN step 90000 (468): acc_3=0.0000 | acc_4=0.9954 | acc_5=0.0000 | acc_6=0.5175 | acc_7=0.0000 | acc_8=0.4578
  TRAIN step 90000 (357_later): acc_3=0.9969 | acc_4=0.9990 | acc_5=0.9958 | acc_6=0.9963 | acc_7=0.9929 | acc_8=0.9973
  Pushed checkpoint step-90000 to ijinyu1113/transition_468_357_later_seed7_v3
  Step  90500 | loss=0.0006
  Step  91000 | loss=0.0005
  Step  91500 | loss=0.0022
  Step  92000 | loss=0.0013
  Step  92500 | loss=0.0137
  EVAL step 92500: acc_3=0.9855 | acc_4=0.9950 | acc_5=0.5395 | acc_6=0.2995 | acc_7=0.2830 | acc_8=0.1660
  TRAIN step 92500 (468): acc_3=0.0000 | acc_4=0.9960 | acc_5=0.0000 | acc_6=0.5186 | acc_7=0.0000 | acc_8=0.4485
  TRAIN step 92500 (357_later): acc_3=0.9961 | acc_4=0.9997 | acc_5=0.9979 | acc_6=0.9966 | acc_7=0.9955 | acc_8=0.9970
  Step  93000 | loss=0.0018
  Step  93500 | loss=0.0001
  Step  94000 | loss=0.0005
  Step  94500 | loss=0.0007
  Step  95000 | loss=0.0001
  EVAL step 95000: acc_3=0.9895 | acc_4=0.9955 | acc_5=0.5425 | acc_6=0.3015 | acc_7=0.2895 | acc_8=0.1635
  TRAIN step 95000 (468): acc_3=0.0000 | acc_4=0.9951 | acc_5=0.0000 | acc_6=0.5049 | acc_7=0.0000 | acc_8=0.4569
  TRAIN step 95000 (357_later): acc_3=0.9989 | acc_4=1.0000 | acc_5=0.9982 | acc_6=0.9987 | acc_7=0.9966 | acc_8=0.9983
  Pushed checkpoint step-95000 to ijinyu1113/transition_468_357_later_seed7_v3
  Step  95500 | loss=0.0024
  Step  96000 | loss=0.0042
  Step  96500 | loss=0.0001
  Step  97000 | loss=0.0002
  Step  97500 | loss=0.0002
  EVAL step 97500: acc_3=0.9870 | acc_4=0.9960 | acc_5=0.5625 | acc_6=0.2925 | acc_7=0.2910 | acc_8=0.1680
  TRAIN step 97500 (468): acc_3=0.0000 | acc_4=0.9949 | acc_5=0.0000 | acc_6=0.5096 | acc_7=0.0000 | acc_8=0.4629
  TRAIN step 97500 (357_later): acc_3=0.9982 | acc_4=0.9990 | acc_5=0.9984 | acc_6=0.9997 | acc_7=0.9980 | acc_8=0.9993
  Step  98000 | loss=0.0000
  Step  98500 | loss=0.0025
  Step  99000 | loss=0.0005
  Step  99500 | loss=0.0013
  Step 100000 | loss=0.0001
  EVAL step 100000: acc_3=0.9855 | acc_4=0.9905 | acc_5=0.5535 | acc_6=0.3045 | acc_7=0.2915 | acc_8=0.1600
  TRAIN step 100000 (468): acc_3=0.0000 | acc_4=0.9944 | acc_5=0.0000 | acc_6=0.5185 | acc_7=0.0000 | acc_8=0.4626
  TRAIN step 100000 (357_later): acc_3=0.9978 | acc_4=1.0000 | acc_5=0.9989 | acc_6=0.9970 | acc_7=0.9986 | acc_8=0.9990
  Pushed checkpoint step-100000 to ijinyu1113/transition_468_357_later_seed7_v3
  Step 100500 | loss=0.0001
  Step 101000 | loss=0.0001
  Step 101500 | loss=0.0001
  Step 102000 | loss=0.0000
  Step 102500 | loss=0.0000
  EVAL step 102500: acc_3=0.9880 | acc_4=0.9900 | acc_5=0.5700 | acc_6=0.3170 | acc_7=0.2990 | acc_8=0.1710
  TRAIN step 102500 (468): acc_3=0.0000 | acc_4=0.9919 | acc_5=0.0000 | acc_6=0.5205 | acc_7=0.0000 | acc_8=0.4496
  TRAIN step 102500 (357_later): acc_3=0.9969 | acc_4=0.9993 | acc_5=0.9998 | acc_6=0.9993 | acc_7=0.9987 | acc_8=1.0000
  Step 103000 | loss=0.0002
  Step 103500 | loss=0.0023
  Step 104000 | loss=0.0001
  Step 104500 | loss=0.0014
  Step 105000 | loss=0.0001
  EVAL step 105000: acc_3=0.9945 | acc_4=0.9940 | acc_5=0.5755 | acc_6=0.3065 | acc_7=0.2990 | acc_8=0.1685
  TRAIN step 105000 (468): acc_3=0.0000 | acc_4=0.9969 | acc_5=0.0000 | acc_6=0.5058 | acc_7=0.0000 | acc_8=0.4429
  TRAIN step 105000 (357_later): acc_3=1.0000 | acc_4=1.0000 | acc_5=0.9994 | acc_6=0.9997 | acc_7=0.9994 | acc_8=0.9997
  Pushed checkpoint step-105000 to ijinyu1113/transition_468_357_later_seed7_v3
  Step 105500 | loss=0.0002
  Step 106000 | loss=0.0022
  Step 106500 | loss=0.0002
  Step 107000 | loss=0.0001
  Step 107500 | loss=0.0002
  EVAL step 107500: acc_3=0.9895 | acc_4=0.9935 | acc_5=0.5725 | acc_6=0.3025 | acc_7=0.3040 | acc_8=0.1635
  TRAIN step 107500 (468): acc_3=0.0000 | acc_4=0.9944 | acc_5=0.0000 | acc_6=0.5041 | acc_7=0.0000 | acc_8=0.4489
  TRAIN step 107500 (357_later): acc_3=0.9979 | acc_4=0.9993 | acc_5=0.9987 | acc_6=0.9987 | acc_7=0.9991 | acc_8=0.9997
  Step 108000 | loss=0.0001
  Step 108500 | loss=0.0002
  Step 109000 | loss=0.0000
  Step 109500 | loss=0.0000
  Step 110000 | loss=0.0000
  EVAL step 110000: acc_3=0.9960 | acc_4=0.9975 | acc_5=0.5875 | acc_6=0.2945 | acc_7=0.2965 | acc_8=0.1740
  TRAIN step 110000 (468): acc_3=0.0000 | acc_4=0.9964 | acc_5=0.0000 | acc_6=0.5038 | acc_7=0.0000 | acc_8=0.4363
  TRAIN step 110000 (357_later): acc_3=1.0000 | acc_4=1.0000 | acc_5=0.9997 | acc_6=0.9993 | acc_7=0.9995 | acc_8=1.0000
  Pushed checkpoint step-110000 to ijinyu1113/transition_468_357_later_seed7_v3
  Step 110500 | loss=0.0000
  Step 111000 | loss=0.0000
  Step 111500 | loss=0.0001
  Step 112000 | loss=0.0000
  Step 112500 | loss=0.0000
  EVAL step 112500: acc_3=0.9940 | acc_4=0.9950 | acc_5=0.5885 | acc_6=0.3055 | acc_7=0.3095 | acc_8=0.1695
  TRAIN step 112500 (468): acc_3=0.0000 | acc_4=0.9957 | acc_5=0.0000 | acc_6=0.5058 | acc_7=0.0000 | acc_8=0.4465
  TRAIN step 112500 (357_later): acc_3=0.9998 | acc_4=1.0000 | acc_5=0.9995 | acc_6=1.0000 | acc_7=0.9995 | acc_8=0.9997
  Step 113000 | loss=0.0000
  Step 113500 | loss=0.0000
  Step 114000 | loss=0.0000
  Step 114500 | loss=0.0000
  Step 115000 | loss=0.0000
  EVAL step 115000: acc_3=0.9950 | acc_4=0.9955 | acc_5=0.5780 | acc_6=0.3025 | acc_7=0.3055 | acc_8=0.1740
  TRAIN step 115000 (468): acc_3=0.0000 | acc_4=0.9970 | acc_5=0.0000 | acc_6=0.5019 | acc_7=0.0000 | acc_8=0.4389
  TRAIN step 115000 (357_later): acc_3=1.0000 | acc_4=1.0000 | acc_5=0.9998 | acc_6=1.0000 | acc_7=0.9997 | acc_8=1.0000
  Pushed checkpoint step-115000 to ijinyu1113/transition_468_357_later_seed7_v3
  Step 115500 | loss=0.0000
  Step 116000 | loss=0.0000
  Step 116500 | loss=0.0000
  Step 117000 | loss=0.0000
  Step 117500 | loss=0.0000
  EVAL step 117500: acc_3=0.9965 | acc_4=0.9955 | acc_5=0.5855 | acc_6=0.3105 | acc_7=0.3070 | acc_8=0.1750
  TRAIN step 117500 (468): acc_3=0.0000 | acc_4=0.9969 | acc_5=0.0000 | acc_6=0.5048 | acc_7=0.0000 | acc_8=0.4499
  TRAIN step 117500 (357_later): acc_3=1.0000 | acc_4=1.0000 | acc_5=0.9998 | acc_6=0.9997 | acc_7=0.9995 | acc_8=1.0000
  Step 118000 | loss=0.0000
  Step 118500 | loss=0.0000
  Step 119000 | loss=0.0000
  Step 119500 | loss=0.0000
  Step 120000 | loss=0.0000
  EVAL step 120000: acc_3=0.9965 | acc_4=0.9965 | acc_5=0.5760 | acc_6=0.3015 | acc_7=0.3120 | acc_8=0.1745
  TRAIN step 120000 (468): acc_3=0.0000 | acc_4=0.9969 | acc_5=0.0000 | acc_6=0.4994 | acc_7=0.0000 | acc_8=0.4393
  TRAIN step 120000 (357_later): acc_3=1.0000 | acc_4=1.0000 | acc_5=0.9998 | acc_6=1.0000 | acc_7=1.0000 | acc_8=1.0000
  Pushed checkpoint step-120000 to ijinyu1113/transition_468_357_later_seed7_v3
  Step 120500 | loss=0.0000
  Step 121000 | loss=0.0000
  Step 121500 | loss=0.0000
  Step 122000 | loss=0.0000
  Step 122500 | loss=0.0000
  EVAL step 122500: acc_3=0.9955 | acc_4=0.9965 | acc_5=0.5880 | acc_6=0.3040 | acc_7=0.3080 | acc_8=0.1755
  TRAIN step 122500 (468): acc_3=0.0000 | acc_4=0.9966 | acc_5=0.0000 | acc_6=0.5007 | acc_7=0.0000 | acc_8=0.4459
  TRAIN step 122500 (357_later): acc_3=1.0000 | acc_4=1.0000 | acc_5=1.0000 | acc_6=1.0000 | acc_7=1.0000 | acc_8=1.0000
  Step 123000 | loss=0.0000
  Step 123500 | loss=0.0000
  Step 124000 | loss=0.0000
  Step 124500 | loss=0.0000
  Step 125000 | loss=0.0000
  EVAL step 125000: acc_3=0.9980 | acc_4=0.9965 | acc_5=0.5860 | acc_6=0.3055 | acc_7=0.3125 | acc_8=0.1725
  TRAIN step 125000 (468): acc_3=0.0000 | acc_4=0.9969 | acc_5=0.0000 | acc_6=0.4989 | acc_7=0.0000 | acc_8=0.4501
  TRAIN step 125000 (357_later): acc_3=1.0000 | acc_4=1.0000 | acc_5=1.0000 | acc_6=1.0000 | acc_7=1.0000 | acc_8=1.0000
  Pushed checkpoint step-125000 to ijinyu1113/transition_468_357_later_seed7_v3
  Step 125500 | loss=0.0000
  Step 126000 | loss=0.0000
  Step 126500 | loss=0.0000
  Step 127000 | loss=0.0000
  Step 127500 | loss=0.0000
  EVAL step 127500: acc_3=0.9980 | acc_4=0.9970 | acc_5=0.5860 | acc_6=0.3090 | acc_7=0.3110 | acc_8=0.1750
  TRAIN step 127500 (468): acc_3=0.0000 | acc_4=0.9969 | acc_5=0.0000 | acc_6=0.5025 | acc_7=0.0000 | acc_8=0.4521
  TRAIN step 127500 (357_later): acc_3=1.0000 | acc_4=1.0000 | acc_5=1.0000 | acc_6=1.0000 | acc_7=1.0000 | acc_8=1.0000
  Step 128000 | loss=0.0000
  Step 128500 | loss=0.0000
  Step 129000 | loss=0.0000
  Step 129500 | loss=0.0000
  Step 130000 | loss=0.0000
  EVAL step 130000: acc_3=0.9980 | acc_4=0.9970 | acc_5=0.5895 | acc_6=0.3095 | acc_7=0.3125 | acc_8=0.1760
  TRAIN step 130000 (468): acc_3=0.0000 | acc_4=0.9969 | acc_5=0.0000 | acc_6=0.5048 | acc_7=0.0000 | acc_8=0.4511
  TRAIN step 130000 (357_later): acc_3=1.0000 | acc_4=1.0000 | acc_5=1.0000 | acc_6=1.0000 | acc_7=1.0000 | acc_8=1.0000
  Pushed checkpoint step-130000 to ijinyu1113/transition_468_357_later_seed7_v3
  Step 130500 | loss=0.0000
  Step 131000 | loss=0.0000
  Step 131500 | loss=0.0000
  Step 132000 | loss=0.0000
  Step 132500 | loss=0.0000
  EVAL step 132500: acc_3=0.9980 | acc_4=0.9970 | acc_5=0.5885 | acc_6=0.3105 | acc_7=0.3120 | acc_8=0.1740
  TRAIN step 132500 (468): acc_3=0.0000 | acc_4=0.9969 | acc_5=0.0000 | acc_6=0.5043 | acc_7=0.0000 | acc_8=0.4506
  TRAIN step 132500 (357_later): acc_3=1.0000 | acc_4=1.0000 | acc_5=1.0000 | acc_6=1.0000 | acc_7=1.0000 | acc_8=1.0000
  Step 133000 | loss=0.0000
  Step 133500 | loss=0.0000
  Step 134000 | loss=0.0000
  Step 134500 | loss=0.0000
  Step 135000 | loss=0.0000
  EVAL step 135000: acc_3=0.9980 | acc_4=0.9975 | acc_5=0.5895 | acc_6=0.3090 | acc_7=0.3125 | acc_8=0.1735
  TRAIN step 135000 (468): acc_3=0.0000 | acc_4=0.9969 | acc_5=0.0000 | acc_6=0.5041 | acc_7=0.0000 | acc_8=0.4503
  TRAIN step 135000 (357_later): acc_3=1.0000 | acc_4=1.0000 | acc_5=1.0000 | acc_6=1.0000 | acc_7=1.0000 | acc_8=1.0000
  Pushed checkpoint step-135000 to ijinyu1113/transition_468_357_later_seed7_v3
  Step 135500 | loss=0.0000
  Step 136000 | loss=0.0000
  Step 136500 | loss=0.0000
  Step 137000 | loss=0.0000
  Step 137500 | loss=0.0000
  EVAL step 137500: acc_3=0.9985 | acc_4=0.9975 | acc_5=0.5900 | acc_6=0.3075 | acc_7=0.3100 | acc_8=0.1735
  TRAIN step 137500 (468): acc_3=0.0000 | acc_4=0.9970 | acc_5=0.0000 | acc_6=0.5063 | acc_7=0.0000 | acc_8=0.4503
  TRAIN step 137500 (357_later): acc_3=1.0000 | acc_4=1.0000 | acc_5=1.0000 | acc_6=1.0000 | acc_7=1.0000 | acc_8=1.0000
  Step 138000 | loss=0.0000
  Step 138500 | loss=0.0000
  Step 139000 | loss=0.0000
  Step 139500 | loss=0.0000
  Step 140000 | loss=0.0000
  EVAL step 140000: acc_3=0.9985 | acc_4=0.9975 | acc_5=0.5895 | acc_6=0.3050 | acc_7=0.3105 | acc_8=0.1715
  TRAIN step 140000 (468): acc_3=0.0000 | acc_4=0.9970 | acc_5=0.0000 | acc_6=0.5063 | acc_7=0.0000 | acc_8=0.4493
  TRAIN step 140000 (357_later): acc_3=1.0000 | acc_4=1.0000 | acc_5=1.0000 | acc_6=1.0000 | acc_7=1.0000 | acc_8=1.0000
  Pushed checkpoint step-140000 to ijinyu1113/transition_468_357_later_seed7_v3
  Step 140500 | loss=0.0000
  Step 141000 | loss=0.0000
  Step 141500 | loss=0.0000
  Step 142000 | loss=0.0000
  Step 142500 | loss=0.0000
  EVAL step 142500: acc_3=0.9985 | acc_4=0.9975 | acc_5=0.5890 | acc_6=0.3060 | acc_7=0.3095 | acc_8=0.1720
  TRAIN step 142500 (468): acc_3=0.0000 | acc_4=0.9970 | acc_5=0.0000 | acc_6=0.5061 | acc_7=0.0000 | acc_8=0.4495
  TRAIN step 142500 (357_later): acc_3=1.0000 | acc_4=1.0000 | acc_5=1.0000 | acc_6=1.0000 | acc_7=1.0000 | acc_8=1.0000
  Step 143000 | loss=0.0000
  Step 143500 | loss=0.0000
  Step 144000 | loss=0.0000
  Step 144500 | loss=0.0000
  Step 145000 | loss=0.0000
  EVAL step 145000: acc_3=0.9985 | acc_4=0.9975 | acc_5=0.5880 | acc_6=0.3080 | acc_7=0.3110 | acc_8=0.1725
  TRAIN step 145000 (468): acc_3=0.0000 | acc_4=0.9970 | acc_5=0.0000 | acc_6=0.5063 | acc_7=0.0000 | acc_8=0.4490
  TRAIN step 145000 (357_later): acc_3=1.0000 | acc_4=1.0000 | acc_5=1.0000 | acc_6=1.0000 | acc_7=1.0000 | acc_8=1.0000
  Pushed checkpoint step-145000 to ijinyu1113/transition_468_357_later_seed7_v3
  Step 145500 | loss=0.0000
  Step 146000 | loss=0.0000
  Step 146500 | loss=0.0000
  Step 147000 | loss=0.0000
  Step 147500 | loss=0.0000
  EVAL step 147500: acc_3=0.9985 | acc_4=0.9975 | acc_5=0.5885 | acc_6=0.3080 | acc_7=0.3105 | acc_8=0.1725
  TRAIN step 147500 (468): acc_3=0.0000 | acc_4=0.9970 | acc_5=0.0000 | acc_6=0.5063 | acc_7=0.0000 | acc_8=0.4492
  TRAIN step 147500 (357_later): acc_3=1.0000 | acc_4=1.0000 | acc_5=1.0000 | acc_6=1.0000 | acc_7=1.0000 | acc_8=1.0000
  Step 148000 | loss=0.0000
  Step 148500 | loss=0.0000
  Step 149000 | loss=0.0000
  Step 149500 | loss=0.0000
  Step 150000 | loss=0.0000
  EVAL step 150000: acc_3=0.9985 | acc_4=0.9975 | acc_5=0.5885 | acc_6=0.3080 | acc_7=0.3105 | acc_8=0.1725
  TRAIN step 150000 (468): acc_3=0.0000 | acc_4=0.9970 | acc_5=0.0000 | acc_6=0.5063 | acc_7=0.0000 | acc_8=0.4492
  TRAIN step 150000 (357_later): acc_3=1.0000 | acc_4=1.0000 | acc_5=1.0000 | acc_6=1.0000 | acc_7=1.0000 | acc_8=1.0000
  Pushed checkpoint step-150000 to ijinyu1113/transition_468_357_later_seed7_v3
  Pushed checkpoint step-150000 to ijinyu1113/transition_468_357_later_seed7_v3
Training complete. Checkpoints at ijinyu1113/transition_468_357_later_seed7_v3
