Using base checkpoint: step143000
Config: 468 -> 57_later, seed=42, HF_REPO=ijinyu1113/transition_468_57_later_seed42_v3

STARTING TRANSITION: 468 -> 57_later, LR=3e-05, BS=64, Warmup=15000
  Step    500 | loss=0.6405
  Step   1000 | loss=0.6487
  Step   1500 | loss=0.6146
  Step   2000 | loss=0.6214
  Step   2500 | loss=0.6455
  EVAL step 2500: acc_3=0.2500 | acc_4=0.2070 | acc_5=0.1780 | acc_6=0.1440 | acc_7=0.1115 | acc_8=0.1185
  Step   3000 | loss=0.6322
  Step   3500 | loss=0.5997
  Step   4000 | loss=0.6132
  Step   4500 | loss=0.6094
  Step   5000 | loss=0.5923
  EVAL step 5000: acc_3=0.2560 | acc_4=0.2080 | acc_5=0.1565 | acc_6=0.1485 | acc_7=0.1195 | acc_8=0.1145
  Step   5500 | loss=0.6376
  Step   6000 | loss=0.6306
  Step   6500 | loss=0.6117
  Step   7000 | loss=0.6151
  Step   7500 | loss=0.6137
  EVAL step 7500: acc_3=0.2545 | acc_4=0.2080 | acc_5=0.1670 | acc_6=0.1325 | acc_7=0.1300 | acc_8=0.1215
  Step   8000 | loss=0.5779
  Step   8500 | loss=0.6120
  Step   9000 | loss=0.5908
  Step   9500 | loss=0.6068
  Step  10000 | loss=0.5951
  EVAL step 10000: acc_3=0.2290 | acc_4=0.2370 | acc_5=0.1775 | acc_6=0.1565 | acc_7=0.1385 | acc_8=0.0940
  Step  10500 | loss=0.5795
  Step  11000 | loss=0.5802
  Step  11500 | loss=0.6098
  Step  12000 | loss=0.6220
  Step  12500 | loss=0.6147
  EVAL step 12500: acc_3=0.2525 | acc_4=0.2180 | acc_5=0.1665 | acc_6=0.1425 | acc_7=0.1440 | acc_8=0.1360
  Step  13000 | loss=0.5982
  Step  13500 | loss=0.6144
  Step  14000 | loss=0.6201
  Step  14500 | loss=0.6055
  Step  15000 | loss=0.6285
  EVAL step 15000: acc_3=0.2080 | acc_4=0.2250 | acc_5=0.1535 | acc_6=0.1420 | acc_7=0.1325 | acc_8=0.1090
  Step  15500 | loss=0.6311
  Step  16000 | loss=0.6208
  Step  16500 | loss=0.6227
  Step  17000 | loss=0.5537
  Step  17500 | loss=0.6169
  EVAL step 17500: acc_3=0.2515 | acc_4=0.2215 | acc_5=0.1775 | acc_6=0.1400 | acc_7=0.1235 | acc_8=0.1115
  Step  18000 | loss=0.5853
  Step  18500 | loss=0.5898
  Step  19000 | loss=0.6297
  Step  19500 | loss=0.5758
  Step  20000 | loss=0.6205
  EVAL step 20000: acc_3=0.2185 | acc_4=0.2185 | acc_5=0.1680 | acc_6=0.1480 | acc_7=0.1275 | acc_8=0.1095
  Pushed checkpoint step-20000 to ijinyu1113/transition_468_57_later_seed42_v3
  Step  20500 | loss=0.5798
  Step  21000 | loss=0.6013
  Step  21500 | loss=0.6005
  Step  22000 | loss=0.6026
  Step  22500 | loss=0.5917
  EVAL step 22500: acc_3=0.1920 | acc_4=0.3125 | acc_5=0.1655 | acc_6=0.1425 | acc_7=0.1160 | acc_8=0.1165
  Step  23000 | loss=0.4468
  Step  23500 | loss=0.4118
  Step  24000 | loss=0.4328
  Step  24500 | loss=0.4686
  Step  25000 | loss=0.4061
  EVAL step 25000: acc_3=0.1880 | acc_4=0.9770 | acc_5=0.1525 | acc_6=0.1490 | acc_7=0.1220 | acc_8=0.1155
  Step  25500 | loss=0.4218
  Step  26000 | loss=0.4663
  Step  26500 | loss=0.3923
  Step  27000 | loss=0.3597
  Step  27500 | loss=0.4395
  EVAL step 27500: acc_3=0.1260 | acc_4=0.9820 | acc_5=0.1285 | acc_6=0.1690 | acc_7=0.1080 | acc_8=0.1215
  Step  28000 | loss=0.3930
  Step  28500 | loss=0.3604
  Step  29000 | loss=0.3161
  Step  29500 | loss=0.2875
  Step  30000 | loss=0.2804
  EVAL step 30000: acc_3=0.1570 | acc_4=0.9970 | acc_5=0.1565 | acc_6=0.7900 | acc_7=0.1165 | acc_8=0.1340
  Step  30500 | loss=0.1297
  Step  31000 | loss=0.1692
  Step  31500 | loss=0.2413
  Step  32000 | loss=0.2375
  Step  32500 | loss=0.1616
  EVAL step 32500: acc_3=0.1570 | acc_4=0.9950 | acc_5=0.1520 | acc_6=0.9345 | acc_7=0.1060 | acc_8=0.1285
  Step  33000 | loss=0.2058
  Step  33500 | loss=0.2460
  Step  34000 | loss=0.1599
  Step  34500 | loss=0.1836
  Step  35000 | loss=0.1635
  EVAL step 35000: acc_3=0.1575 | acc_4=0.9975 | acc_5=0.1460 | acc_6=0.9670 | acc_7=0.1190 | acc_8=0.1690
  Step  35500 | loss=0.1197
  Step  36000 | loss=0.1603
  Step  36500 | loss=0.1449
  Step  37000 | loss=0.1124
  Step  37500 | loss=0.0414
  EVAL step 37500: acc_3=0.1280 | acc_4=0.9980 | acc_5=0.1355 | acc_6=0.9465 | acc_7=0.0905 | acc_8=0.3530
  Step  38000 | loss=0.0602
  Step  38500 | loss=0.0880
  Step  39000 | loss=0.0618
  Step  39500 | loss=0.0490
  Step  40000 | loss=0.0403
  EVAL step 40000: acc_3=0.1215 | acc_4=0.9925 | acc_5=0.1285 | acc_6=0.9505 | acc_7=0.0965 | acc_8=0.6165
  Pushed checkpoint step-40000 to ijinyu1113/transition_468_57_later_seed42_v3
  Step  40500 | loss=0.0652
  Step  41000 | loss=0.0415
  Step  41500 | loss=0.0109
  Step  42000 | loss=0.0350
  Step  42500 | loss=0.0076
  EVAL step 42500: acc_3=0.1100 | acc_4=0.9975 | acc_5=0.1190 | acc_6=0.9790 | acc_7=0.1010 | acc_8=0.7905
  Step  43000 | loss=0.0672
  Step  43500 | loss=0.0489
  Step  44000 | loss=0.0075
  Step  44500 | loss=0.0080
  Step  45000 | loss=0.0718
  EVAL step 45000: acc_3=0.1075 | acc_4=0.9975 | acc_5=0.1155 | acc_6=0.9350 | acc_7=0.1095 | acc_8=0.9085
  Step  45500 | loss=0.0269
  Step  46000 | loss=0.0028
  Step  46500 | loss=0.0120
  Step  47000 | loss=0.0387
  Step  47500 | loss=0.0230
  EVAL step 47500: acc_3=0.0895 | acc_4=0.9995 | acc_5=0.1075 | acc_6=0.9880 | acc_7=0.1070 | acc_8=0.9015
  Step  48000 | loss=0.0076
  Step  48500 | loss=0.0039
  Step  49000 | loss=0.0410
  Step  49500 | loss=0.0193
  Step  50000 | loss=0.0099
  EVAL step 50000: acc_3=0.1005 | acc_4=0.9970 | acc_5=0.1085 | acc_6=0.9895 | acc_7=0.1015 | acc_8=0.9710
  Step  50500 | loss=0.0190
  Step  51000 | loss=0.0126
  Step  51500 | loss=0.0041
  Step  52000 | loss=0.0208
  Step  52500 | loss=0.0577
  EVAL step 52500: acc_3=0.0970 | acc_4=0.9995 | acc_5=0.1150 | acc_6=0.9900 | acc_7=0.0985 | acc_8=0.9615
  Step  53000 | loss=0.0064
  Step  53500 | loss=0.0356
  Step  54000 | loss=0.0006
  Step  54500 | loss=0.0002
  Step  55000 | loss=0.0075
  EVAL step 55000: acc_3=0.1120 | acc_4=0.9990 | acc_5=0.1245 | acc_6=0.9770 | acc_7=0.0995 | acc_8=0.9445
  Step  55500 | loss=0.0125
  Step  56000 | loss=0.0007
  Step  56500 | loss=0.0055
  Step  57000 | loss=0.0028
  Step  57500 | loss=0.0089
  EVAL step 57500: acc_3=0.1080 | acc_4=0.9990 | acc_5=0.1205 | acc_6=0.9940 | acc_7=0.1055 | acc_8=0.9355
  Step  58000 | loss=0.0406
  Step  58500 | loss=0.0007
  Step  59000 | loss=0.0192
  Step  59500 | loss=0.0016
  Step  60000 | loss=0.0120
  EVAL step 60000: acc_3=0.1055 | acc_4=0.9955 | acc_5=0.1085 | acc_6=0.9945 | acc_7=0.1030 | acc_8=0.9825
  Pushed checkpoint step-60000 to ijinyu1113/transition_468_57_later_seed42_v3
  Step  60500 | loss=0.0149
  Step  61000 | loss=0.0010
  Step  61500 | loss=0.0014
  Step  62000 | loss=0.0005
  Step  62500 | loss=0.0194
  EVAL step 62500: acc_3=0.1060 | acc_4=0.9970 | acc_5=0.1160 | acc_6=0.9950 | acc_7=0.1015 | acc_8=0.9895
  Step  63000 | loss=0.0014
  Step  63500 | loss=0.0160
  Step  64000 | loss=0.0017
  Step  64500 | loss=0.0041
  Step  65000 | loss=0.0042
  EVAL step 65000: acc_3=0.1170 | acc_4=1.0000 | acc_5=0.1125 | acc_6=0.9925 | acc_7=0.1005 | acc_8=0.9935
  Step  65500 | loss=0.0008
  Step  66000 | loss=0.0017
  Step  66500 | loss=0.0001
  Step  67000 | loss=0.0209
  Step  67500 | loss=0.0002
  EVAL step 67500: acc_3=0.1120 | acc_4=1.0000 | acc_5=0.1285 | acc_6=0.9960 | acc_7=0.1030 | acc_8=0.9935
  Step  68000 | loss=0.0167
  Step  68500 | loss=0.0031
  Step  69000 | loss=0.0075
  Step  69500 | loss=0.0032
  Step  70000 | loss=0.0200
  EVAL step 70000: acc_3=0.1220 | acc_4=1.0000 | acc_5=0.1325 | acc_6=0.9910 | acc_7=0.0980 | acc_8=0.9605
  Step  70500 | loss=0.0000
  Step  71000 | loss=0.0002
  Step  71500 | loss=0.0001
  Step  72000 | loss=0.0044
  Step  72500 | loss=0.0062
  EVAL step 72500: acc_3=0.1070 | acc_4=0.9970 | acc_5=0.1235 | acc_6=1.0000 | acc_7=0.0990 | acc_8=0.9955
  Step  73000 | loss=0.0018
  Step  73500 | loss=0.0000
  Step  74000 | loss=0.0000
  Step  74500 | loss=0.0000
  Step  75000 | loss=0.0000
  EVAL step 75000: acc_3=0.1130 | acc_4=1.0000 | acc_5=0.1225 | acc_6=1.0000 | acc_7=0.0975 | acc_8=1.0000

=== TRANSITION at step 75000: switching from 468 to 57_later ===

  Step  75500 | loss=0.3787
  Step  76000 | loss=0.0688
  Step  76500 | loss=0.0069
  Step  77000 | loss=0.0072
  Step  77500 | loss=0.0105
  EVAL step 77500: acc_3=0.2325 | acc_4=0.9965 | acc_5=0.9925 | acc_6=0.9865 | acc_7=0.9965 | acc_8=0.9465
  Step  78000 | loss=0.0027
  Step  78500 | loss=0.0004
  Step  79000 | loss=0.0002
  Step  79500 | loss=0.0059
  Step  80000 | loss=0.0131
  EVAL step 80000: acc_3=0.2095 | acc_4=0.9980 | acc_5=0.9935 | acc_6=0.9910 | acc_7=0.9755 | acc_8=0.9455
  Pushed checkpoint step-80000 to ijinyu1113/transition_468_57_later_seed42_v3
  Step  80500 | loss=0.0209
  Step  81000 | loss=0.0040
  Step  81500 | loss=0.0001
  Step  82000 | loss=0.0023
  Step  82500 | loss=0.0002
  EVAL step 82500: acc_3=0.2805 | acc_4=0.9980 | acc_5=0.9990 | acc_6=0.9865 | acc_7=0.9965 | acc_8=0.9775
  Step  83000 | loss=0.0009
  Step  83500 | loss=0.0000
  Step  84000 | loss=0.0104
  Step  84500 | loss=0.0002
  Step  85000 | loss=0.0006
  EVAL step 85000: acc_3=0.2710 | acc_4=0.9985 | acc_5=0.9900 | acc_6=0.9895 | acc_7=0.9940 | acc_8=0.9795
  Step  85500 | loss=0.0007
  Step  86000 | loss=0.0001
  Step  86500 | loss=0.0002
  Step  87000 | loss=0.0001
  Step  87500 | loss=0.0000
  EVAL step 87500: acc_3=0.2635 | acc_4=0.9980 | acc_5=1.0000 | acc_6=0.9960 | acc_7=0.9995 | acc_8=0.9645
  Step  88000 | loss=0.0035
  Step  88500 | loss=0.0003
  Step  89000 | loss=0.0018
  Step  89500 | loss=0.0015
  Step  90000 | loss=0.0002
  EVAL step 90000: acc_3=0.2615 | acc_4=0.9980 | acc_5=0.9980 | acc_6=0.9980 | acc_7=0.9970 | acc_8=0.9915
  Step  90500 | loss=0.0021
  Step  91000 | loss=0.0006
  Step  91500 | loss=0.0005
  Step  92000 | loss=0.0011
  Step  92500 | loss=0.0001
  EVAL step 92500: acc_3=0.2755 | acc_4=0.9975 | acc_5=0.9990 | acc_6=0.9945 | acc_7=0.9855 | acc_8=0.9850
  Step  93000 | loss=0.0000
  Step  93500 | loss=0.0004
  Step  94000 | loss=0.0000
  Step  94500 | loss=0.0001
  Step  95000 | loss=0.0080
  EVAL step 95000: acc_3=0.2650 | acc_4=0.9975 | acc_5=1.0000 | acc_6=0.9980 | acc_7=1.0000 | acc_8=0.9890
  Step  95500 | loss=0.0002
  Step  96000 | loss=0.0002
  Step  96500 | loss=0.0000
  Step  97000 | loss=0.0006
  Step  97500 | loss=0.0001
  EVAL step 97500: acc_3=0.2480 | acc_4=0.9980 | acc_5=0.9990 | acc_6=0.9860 | acc_7=0.9965 | acc_8=0.9850
  Step  98000 | loss=0.0000
  Step  98500 | loss=0.0001
  Step  99000 | loss=0.0000
  Step  99500 | loss=0.0000
  Step 100000 | loss=0.0001
  EVAL step 100000: acc_3=0.2985 | acc_4=0.9975 | acc_5=1.0000 | acc_6=0.9970 | acc_7=1.0000 | acc_8=0.9860
  Pushed checkpoint step-100000 to ijinyu1113/transition_468_57_later_seed42_v3
  Step 100500 | loss=0.0000
  Step 101000 | loss=0.0000
  Step 101500 | loss=0.0000
  Step 102000 | loss=0.0016
  Step 102500 | loss=0.0000
  EVAL step 102500: acc_3=0.2570 | acc_4=0.9995 | acc_5=1.0000 | acc_6=0.9995 | acc_7=1.0000 | acc_8=0.9945
  Step 103000 | loss=0.0000
  Step 103500 | loss=0.0000
  Step 104000 | loss=0.0000
  Step 104500 | loss=0.0000
  Step 105000 | loss=0.0000
  EVAL step 105000: acc_3=0.2840 | acc_4=0.9995 | acc_5=1.0000 | acc_6=1.0000 | acc_7=1.0000 | acc_8=0.9955
  Step 105500 | loss=0.0000
  Step 106000 | loss=0.0000
  Step 106500 | loss=0.0000
  Step 107000 | loss=0.0000
  Step 107500 | loss=0.0000
  EVAL step 107500: acc_3=0.2855 | acc_4=0.9995 | acc_5=1.0000 | acc_6=1.0000 | acc_7=1.0000 | acc_8=0.9960
  Step 108000 | loss=0.0000
  Step 108500 | loss=0.0000
  Step 109000 | loss=0.0000
  Step 109500 | loss=0.0000
  Step 110000 | loss=0.0000
  EVAL step 110000: acc_3=0.2875 | acc_4=0.9995 | acc_5=1.0000 | acc_6=1.0000 | acc_7=1.0000 | acc_8=0.9965
  Step 110500 | loss=0.0000
  Step 111000 | loss=0.0000
  Step 111500 | loss=0.0000
  Step 112000 | loss=0.0000
  Step 112500 | loss=0.0000
  EVAL step 112500: acc_3=0.2875 | acc_4=0.9995 | acc_5=1.0000 | acc_6=1.0000 | acc_7=1.0000 | acc_8=0.9965
  Step 113000 | loss=0.0000
  Step 113500 | loss=0.0000
  Step 114000 | loss=0.0000
  Step 114500 | loss=0.0000
  Step 115000 | loss=0.0000
  EVAL step 115000: acc_3=0.2865 | acc_4=0.9995 | acc_5=1.0000 | acc_6=1.0000 | acc_7=1.0000 | acc_8=0.9965
  Step 115500 | loss=0.0000
  Step 116000 | loss=0.0000
  Step 116500 | loss=0.0000
  Step 117000 | loss=0.0000
  Step 117500 | loss=0.0000
  EVAL step 117500: acc_3=0.2860 | acc_4=0.9995 | acc_5=1.0000 | acc_6=1.0000 | acc_7=1.0000 | acc_8=0.9980
  Step 118000 | loss=0.0000
  Step 118500 | loss=0.0000
  Step 119000 | loss=0.0000
  Step 119500 | loss=0.0000
  Step 120000 | loss=0.0000
  EVAL step 120000: acc_3=0.2885 | acc_4=0.9995 | acc_5=1.0000 | acc_6=0.9995 | acc_7=1.0000 | acc_8=0.9970
  Pushed checkpoint step-120000 to ijinyu1113/transition_468_57_later_seed42_v3
  Step 120500 | loss=0.0000
  Step 121000 | loss=0.0000
  Step 121500 | loss=0.0000
  Step 122000 | loss=0.0000
  Step 122500 | loss=0.0000
  EVAL step 122500: acc_3=0.2890 | acc_4=0.9995 | acc_5=1.0000 | acc_6=0.9995 | acc_7=1.0000 | acc_8=0.9970
  Step 123000 | loss=0.0000
  Step 123500 | loss=0.0000
  Step 124000 | loss=0.0000
  Step 124500 | loss=0.0000
  Step 125000 | loss=0.0000
  EVAL step 125000: acc_3=0.2895 | acc_4=0.9995 | acc_5=1.0000 | acc_6=0.9995 | acc_7=1.0000 | acc_8=0.9975
  Step 125500 | loss=0.0000
  Step 126000 | loss=0.0000
  Step 126500 | loss=0.0000
  Step 127000 | loss=0.0000
  Step 127500 | loss=0.0000
  EVAL step 127500: acc_3=0.2905 | acc_4=0.9995 | acc_5=1.0000 | acc_6=0.9995 | acc_7=1.0000 | acc_8=0.9975
  Step 128000 | loss=0.0000
  Step 128500 | loss=0.0000
  Step 129000 | loss=0.0000
  Step 129500 | loss=0.0000
  Step 130000 | loss=0.0000
  EVAL step 130000: acc_3=0.2915 | acc_4=0.9995 | acc_5=1.0000 | acc_6=0.9995 | acc_7=1.0000 | acc_8=0.9975
  Step 130500 | loss=0.0000
  Step 131000 | loss=0.0000
  Step 131500 | loss=0.0000
  Step 132000 | loss=0.0000
  Step 132500 | loss=0.0000
  EVAL step 132500: acc_3=0.2920 | acc_4=0.9995 | acc_5=1.0000 | acc_6=0.9995 | acc_7=1.0000 | acc_8=0.9975
  Step 133000 | loss=0.0000
  Step 133500 | loss=0.0000
  Step 134000 | loss=0.0000
  Step 134500 | loss=0.0000
  Step 135000 | loss=0.0000
  EVAL step 135000: acc_3=0.2915 | acc_4=0.9995 | acc_5=1.0000 | acc_6=0.9995 | acc_7=1.0000 | acc_8=0.9975
  Step 135500 | loss=0.0000
  Step 136000 | loss=0.0000
  Step 136500 | loss=0.0000
  Step 137000 | loss=0.0000
  Step 137500 | loss=0.0000
  EVAL step 137500: acc_3=0.2910 | acc_4=0.9995 | acc_5=1.0000 | acc_6=0.9995 | acc_7=1.0000 | acc_8=0.9975
  Step 138000 | loss=0.0000
  Step 138500 | loss=0.0000
  Step 139000 | loss=0.0000
  Step 139500 | loss=0.0000
  Step 140000 | loss=0.0000
  EVAL step 140000: acc_3=0.2920 | acc_4=0.9995 | acc_5=1.0000 | acc_6=0.9995 | acc_7=1.0000 | acc_8=0.9975
  Pushed checkpoint step-140000 to ijinyu1113/transition_468_57_later_seed42_v3
  Step 140500 | loss=0.0000
  Step 141000 | loss=0.0000
  Step 141500 | loss=0.0000
  Step 142000 | loss=0.0000
  Step 142500 | loss=0.0000
  EVAL step 142500: acc_3=0.2925 | acc_4=0.9995 | acc_5=1.0000 | acc_6=0.9995 | acc_7=1.0000 | acc_8=0.9975
  Step 143000 | loss=0.0000
  Step 143500 | loss=0.0000
  Step 144000 | loss=0.0000
  Step 144500 | loss=0.0000
  Step 145000 | loss=0.0000
  EVAL step 145000: acc_3=0.2925 | acc_4=0.9995 | acc_5=1.0000 | acc_6=0.9995 | acc_7=1.0000 | acc_8=0.9975
  Step 145500 | loss=0.0000
  Step 146000 | loss=0.0000
  Step 146500 | loss=0.0000
  Step 147000 | loss=0.0000
  Step 147500 | loss=0.0000
  EVAL step 147500: acc_3=0.2925 | acc_4=0.9995 | acc_5=1.0000 | acc_6=0.9995 | acc_7=1.0000 | acc_8=0.9975
  Step 148000 | loss=0.0000
  Step 148500 | loss=0.0000
  Step 149000 | loss=0.0000
  Step 149500 | loss=0.0000
  Step 150000 | loss=0.0000
  EVAL step 150000: acc_3=0.2925 | acc_4=0.9995 | acc_5=1.0000 | acc_6=0.9995 | acc_7=1.0000 | acc_8=0.9975
  Pushed checkpoint step-150000 to ijinyu1113/transition_468_57_later_seed42_v3
Training complete. Checkpoints at ijinyu1113/transition_468_57_later_seed42_v3
