Using base checkpoint: step143000
Config: 357 -> 468_later, seed=42, HF_REPO=ijinyu1113/transition_357_468_later_seed42_v3

STARTING TRANSITION: 357 -> 468_later, LR=3e-05, BS=64, Warmup=15000
  Step    500 | loss=0.5631
  Step   1000 | loss=0.5604
  Step   1500 | loss=0.5517
  Step   2000 | loss=0.5461
  Step   2500 | loss=0.5702
  EVAL step 2500: acc_3=0.2500 | acc_4=0.1900 | acc_5=0.1715 | acc_6=0.1385 | acc_7=0.1170 | acc_8=0.1170
  Step   3000 | loss=0.5501
  Step   3500 | loss=0.5719
  Step   4000 | loss=0.3492
  Step   4500 | loss=0.3195
  Step   5000 | loss=0.3762
  EVAL step 5000: acc_3=0.4950 | acc_4=0.2000 | acc_5=0.3365 | acc_6=0.1525 | acc_7=0.2315 | acc_8=0.1075
  Step   5500 | loss=0.3583
  Step   6000 | loss=0.3223
  Step   6500 | loss=0.3392
  Step   7000 | loss=0.3336
  Step   7500 | loss=0.2989
  EVAL step 7500: acc_3=0.5060 | acc_4=0.2015 | acc_5=0.3275 | acc_6=0.1300 | acc_7=0.2240 | acc_8=0.1190
  Step   8000 | loss=0.3546
  Step   8500 | loss=0.3547
  Step   9000 | loss=0.3487
  Step   9500 | loss=0.3394
  Step  10000 | loss=0.3300
  EVAL step 10000: acc_3=0.5695 | acc_4=0.2095 | acc_5=0.3305 | acc_6=0.1480 | acc_7=0.2415 | acc_8=0.1090
  Step  10500 | loss=0.3347
  Step  11000 | loss=0.2658
  Step  11500 | loss=0.1726
  Step  12000 | loss=0.2394
  Step  12500 | loss=0.1664
  EVAL step 12500: acc_3=0.9995 | acc_4=0.2090 | acc_5=0.3480 | acc_6=0.1465 | acc_7=0.4850 | acc_8=0.1300
  Step  13000 | loss=0.1641
  Step  13500 | loss=0.2049
  Step  14000 | loss=0.2215
  Step  14500 | loss=0.1545
  Step  15000 | loss=0.2228
  EVAL step 15000: acc_3=0.9975 | acc_4=0.2205 | acc_5=0.3260 | acc_6=0.1515 | acc_7=0.5075 | acc_8=0.1305
  Step  15500 | loss=0.1837
  Step  16000 | loss=0.2020
  Step  16500 | loss=0.2003
  Step  17000 | loss=0.1504
  Step  17500 | loss=0.1728
  EVAL step 17500: acc_3=0.9940 | acc_4=0.1845 | acc_5=0.3270 | acc_6=0.1435 | acc_7=0.4805 | acc_8=0.1255
  Step  18000 | loss=0.1873
  Step  18500 | loss=0.1844
  Step  19000 | loss=0.2054
  Step  19500 | loss=0.1781
  Step  20000 | loss=0.2236
  EVAL step 20000: acc_3=1.0000 | acc_4=0.2060 | acc_5=0.3530 | acc_6=0.1530 | acc_7=0.4940 | acc_8=0.1290
  Pushed checkpoint step-20000 to ijinyu1113/transition_357_468_later_seed42_v3
  Step  20500 | loss=0.2089
  Step  21000 | loss=0.1885
  Step  21500 | loss=0.2102
  Step  22000 | loss=0.2098
  Step  22500 | loss=0.1879
  EVAL step 22500: acc_3=1.0000 | acc_4=0.2255 | acc_5=0.3735 | acc_6=0.1635 | acc_7=0.5125 | acc_8=0.1340
  Step  23000 | loss=0.1908
  Step  23500 | loss=0.1811
  Step  24000 | loss=0.1521
  Step  24500 | loss=0.1344
  Step  25000 | loss=0.1805
  EVAL step 25000: acc_3=1.0000 | acc_4=0.1580 | acc_5=0.4105 | acc_6=0.1495 | acc_7=0.5130 | acc_8=0.1290
  Step  25500 | loss=0.1736
  Step  26000 | loss=0.1707
  Step  26500 | loss=0.1019
  Step  27000 | loss=0.0737
  Step  27500 | loss=0.0982
  EVAL step 27500: acc_3=1.0000 | acc_4=0.1675 | acc_5=0.9815 | acc_6=0.1430 | acc_7=0.4815 | acc_8=0.1035
  Step  28000 | loss=0.0608
  Step  28500 | loss=0.0767
  Step  29000 | loss=0.0671
  Step  29500 | loss=0.0788
  Step  30000 | loss=0.0594
  EVAL step 30000: acc_3=0.9995 | acc_4=0.1620 | acc_5=0.9465 | acc_6=0.1375 | acc_7=0.5000 | acc_8=0.1135
  Step  30500 | loss=0.0769
  Step  31000 | loss=0.0543
  Step  31500 | loss=0.0729
  Step  32000 | loss=0.0864
  Step  32500 | loss=0.0650
  EVAL step 32500: acc_3=1.0000 | acc_4=0.1600 | acc_5=0.9990 | acc_6=0.1485 | acc_7=0.5055 | acc_8=0.1110
  Step  33000 | loss=0.1439
  Step  33500 | loss=0.0665
  Step  34000 | loss=0.1189
  Step  34500 | loss=0.0716
  Step  35000 | loss=0.0493
  EVAL step 35000: acc_3=1.0000 | acc_4=0.1600 | acc_5=0.9995 | acc_6=0.1410 | acc_7=0.4990 | acc_8=0.1150
  Step  35500 | loss=0.0398
  Step  36000 | loss=0.0656
  Step  36500 | loss=0.0574
  Step  37000 | loss=0.0560
  Step  37500 | loss=0.0587
  EVAL step 37500: acc_3=1.0000 | acc_4=0.1740 | acc_5=0.9990 | acc_6=0.1530 | acc_7=0.4945 | acc_8=0.1250
  Step  38000 | loss=0.0562
  Step  38500 | loss=0.0838
  Step  39000 | loss=0.0648
  Step  39500 | loss=0.0767
  Step  40000 | loss=0.0691
  EVAL step 40000: acc_3=1.0000 | acc_4=0.1265 | acc_5=0.9945 | acc_6=0.1305 | acc_7=0.4925 | acc_8=0.1075
  Pushed checkpoint step-40000 to ijinyu1113/transition_357_468_later_seed42_v3
  Step  40500 | loss=0.0646
  Step  41000 | loss=0.0618
  Step  41500 | loss=0.0706
  Step  42000 | loss=0.0761
  Step  42500 | loss=0.0611
  EVAL step 42500: acc_3=0.9995 | acc_4=0.1180 | acc_5=0.9985 | acc_6=0.1210 | acc_7=0.4885 | acc_8=0.1055
  Step  43000 | loss=0.0936
  Step  43500 | loss=0.0849
  Step  44000 | loss=0.0738
  Step  44500 | loss=0.0641
  Step  45000 | loss=0.0372
  EVAL step 45000: acc_3=1.0000 | acc_4=0.1480 | acc_5=0.9975 | acc_6=0.1340 | acc_7=0.4970 | acc_8=0.1065
  Step  45500 | loss=0.0662
  Step  46000 | loss=0.0283
  Step  46500 | loss=0.0281
  Step  47000 | loss=0.0624
  Step  47500 | loss=0.0466
  EVAL step 47500: acc_3=1.0000 | acc_4=0.1335 | acc_5=0.9985 | acc_6=0.1395 | acc_7=0.5100 | acc_8=0.1190
  Step  48000 | loss=0.0382
  Step  48500 | loss=0.0707
  Step  49000 | loss=0.0487
  Step  49500 | loss=0.0738
  Step  50000 | loss=0.0275
  EVAL step 50000: acc_3=1.0000 | acc_4=0.1500 | acc_5=0.9960 | acc_6=0.1410 | acc_7=0.5085 | acc_8=0.1185
  Step  50500 | loss=0.0222
  Step  51000 | loss=0.0577
  Step  51500 | loss=0.0212
  Step  52000 | loss=0.0464
  Step  52500 | loss=0.0398
  EVAL step 52500: acc_3=1.0000 | acc_4=0.1410 | acc_5=0.9990 | acc_6=0.1335 | acc_7=0.5020 | acc_8=0.1135
  Step  53000 | loss=0.0523
  Step  53500 | loss=0.0291
  Step  54000 | loss=0.0507
  Step  54500 | loss=0.0419
  Step  55000 | loss=0.0409
  EVAL step 55000: acc_3=0.9995 | acc_4=0.1365 | acc_5=0.9990 | acc_6=0.1350 | acc_7=0.5200 | acc_8=0.1165
  Step  55500 | loss=0.0579
  Step  56000 | loss=0.0684
  Step  56500 | loss=0.0819
  Step  57000 | loss=0.0283
  Step  57500 | loss=0.0367
  EVAL step 57500: acc_3=1.0000 | acc_4=0.1380 | acc_5=0.9995 | acc_6=0.1275 | acc_7=0.5355 | acc_8=0.1050
  Step  58000 | loss=0.0171
  Step  58500 | loss=0.0427
  Step  59000 | loss=0.0533
  Step  59500 | loss=0.0172
  Step  60000 | loss=0.0106
  EVAL step 60000: acc_3=1.0000 | acc_4=0.1395 | acc_5=0.9995 | acc_6=0.1260 | acc_7=0.5530 | acc_8=0.1120
  Pushed checkpoint step-60000 to ijinyu1113/transition_357_468_later_seed42_v3
  Step  60500 | loss=0.0073
  Step  61000 | loss=0.0073
  Step  61500 | loss=0.0025
  Step  62000 | loss=0.0153
  Step  62500 | loss=0.0190
  EVAL step 62500: acc_3=0.9985 | acc_4=0.1310 | acc_5=0.9995 | acc_6=0.1290 | acc_7=0.5585 | acc_8=0.1130
  Step  63000 | loss=0.0031
  Step  63500 | loss=0.0044
  Step  64000 | loss=0.0151
  Step  64500 | loss=0.0182
  Step  65000 | loss=0.0038
  EVAL step 65000: acc_3=1.0000 | acc_4=0.1350 | acc_5=1.0000 | acc_6=0.1400 | acc_7=0.5785 | acc_8=0.1110
  Step  65500 | loss=0.0017
  Step  66000 | loss=0.0018
  Step  66500 | loss=0.0044
  Step  67000 | loss=0.0088
  Step  67500 | loss=0.0017
  EVAL step 67500: acc_3=1.0000 | acc_4=0.1460 | acc_5=1.0000 | acc_6=0.1225 | acc_7=0.5850 | acc_8=0.1240
  Step  68000 | loss=0.0076
  Step  68500 | loss=0.0024
  Step  69000 | loss=0.0201
  Step  69500 | loss=0.0131
  Step  70000 | loss=0.0080
  EVAL step 70000: acc_3=0.9995 | acc_4=0.1480 | acc_5=1.0000 | acc_6=0.1320 | acc_7=0.5865 | acc_8=0.1050
  Step  70500 | loss=0.0009
  Step  71000 | loss=0.0144
  Step  71500 | loss=0.0022
  Step  72000 | loss=0.0073
  Step  72500 | loss=0.0067
  EVAL step 72500: acc_3=0.9990 | acc_4=0.1455 | acc_5=1.0000 | acc_6=0.1235 | acc_7=0.5905 | acc_8=0.1060
  Step  73000 | loss=0.0093
  Step  73500 | loss=0.0001
  Step  74000 | loss=0.0001
  Step  74500 | loss=0.0025
  Step  75000 | loss=0.0002
  EVAL step 75000: acc_3=1.0000 | acc_4=0.1380 | acc_5=1.0000 | acc_6=0.1180 | acc_7=0.5845 | acc_8=0.1140

=== TRANSITION at step 75000: switching from 357 to 468_later ===

  Step  75500 | loss=0.5243
  Step  76000 | loss=0.4851
  Step  76500 | loss=0.5069
  Step  77000 | loss=0.5589
  Step  77500 | loss=0.4782
  EVAL step 77500: acc_3=0.9975 | acc_4=0.2250 | acc_5=0.9965 | acc_6=0.1495 | acc_7=0.6020 | acc_8=0.1155
  Step  78000 | loss=0.4147
  Step  78500 | loss=0.4517
  Step  79000 | loss=0.5040
  Step  79500 | loss=0.5080
  Step  80000 | loss=0.4470
  EVAL step 80000: acc_3=0.9980 | acc_4=0.2760 | acc_5=0.9990 | acc_6=0.1915 | acc_7=0.5845 | acc_8=0.1425
  Pushed checkpoint step-80000 to ijinyu1113/transition_357_468_later_seed42_v3
  Step  80500 | loss=0.3936
  Step  81000 | loss=0.4154
  Step  81500 | loss=0.3744
  Step  82000 | loss=0.4321
  Step  82500 | loss=0.2774
  EVAL step 82500: acc_3=1.0000 | acc_4=0.3160 | acc_5=0.9980 | acc_6=0.2130 | acc_7=0.5960 | acc_8=0.1570
  Step  83000 | loss=0.3427
  Step  83500 | loss=0.2997
  Step  84000 | loss=0.2364
  Step  84500 | loss=0.2249
  Step  85000 | loss=0.1897
  EVAL step 85000: acc_3=0.9960 | acc_4=0.4030 | acc_5=0.9965 | acc_6=0.2590 | acc_7=0.5780 | acc_8=0.1690
  Step  85500 | loss=0.2397
  Step  86000 | loss=0.1987
  Step  86500 | loss=0.1301
  Step  87000 | loss=0.0800
  Step  87500 | loss=0.0566
  EVAL step 87500: acc_3=0.9965 | acc_4=0.4880 | acc_5=0.9955 | acc_6=0.2765 | acc_7=0.5805 | acc_8=0.1845
  Step  88000 | loss=0.0923
  Step  88500 | loss=0.0854
  Step  89000 | loss=0.0639
  Step  89500 | loss=0.0952
  Step  90000 | loss=0.0433
  EVAL step 90000: acc_3=0.9990 | acc_4=0.5785 | acc_5=0.9970 | acc_6=0.2915 | acc_7=0.5850 | acc_8=0.1850
  Step  90500 | loss=0.0345
  Step  91000 | loss=0.0425
  Step  91500 | loss=0.0159
  Step  92000 | loss=0.0498
  Step  92500 | loss=0.0327
  EVAL step 92500: acc_3=0.9970 | acc_4=0.6010 | acc_5=0.9965 | acc_6=0.3030 | acc_7=0.5820 | acc_8=0.1850
  Step  93000 | loss=0.0295
  Step  93500 | loss=0.0054
  Step  94000 | loss=0.0166
  Step  94500 | loss=0.0190
  Step  95000 | loss=0.0025
  EVAL step 95000: acc_3=0.9985 | acc_4=0.6295 | acc_5=0.9970 | acc_6=0.3025 | acc_7=0.5770 | acc_8=0.1940
  Step  95500 | loss=0.0122
  Step  96000 | loss=0.0092
  Step  96500 | loss=0.0085
  Step  97000 | loss=0.0092
  Step  97500 | loss=0.0154
  EVAL step 97500: acc_3=0.9970 | acc_4=0.6465 | acc_5=0.9970 | acc_6=0.3015 | acc_7=0.5865 | acc_8=0.1835
  Step  98000 | loss=0.0096
  Step  98500 | loss=0.0183
  Step  99000 | loss=0.0030
  Step  99500 | loss=0.0320
  Step 100000 | loss=0.0031
  EVAL step 100000: acc_3=0.9965 | acc_4=0.6720 | acc_5=0.9945 | acc_6=0.3230 | acc_7=0.5795 | acc_8=0.1890
  Pushed checkpoint step-100000 to ijinyu1113/transition_357_468_later_seed42_v3
  Step 100500 | loss=0.0068
  Step 101000 | loss=0.0048
  Step 101500 | loss=0.0033
  Step 102000 | loss=0.0016
  Step 102500 | loss=0.0001
  EVAL step 102500: acc_3=0.9990 | acc_4=0.6940 | acc_5=0.9980 | acc_6=0.3135 | acc_7=0.5815 | acc_8=0.2015
  Step 103000 | loss=0.0487
  Step 103500 | loss=0.0056
  Step 104000 | loss=0.0024
  Step 104500 | loss=0.0018
  Step 105000 | loss=0.0012
  EVAL step 105000: acc_3=0.9980 | acc_4=0.7110 | acc_5=0.9980 | acc_6=0.3135 | acc_7=0.5765 | acc_8=0.1875
  Step 105500 | loss=0.0113
  Step 106000 | loss=0.0003
  Step 106500 | loss=0.0004
  Step 107000 | loss=0.0002
  Step 107500 | loss=0.0002
  EVAL step 107500: acc_3=0.9980 | acc_4=0.7000 | acc_5=0.9970 | acc_6=0.3050 | acc_7=0.5850 | acc_8=0.1840
  Step 108000 | loss=0.0013
  Step 108500 | loss=0.0012
  Step 109000 | loss=0.0187
  Step 109500 | loss=0.0376
  Step 110000 | loss=0.0012
  EVAL step 110000: acc_3=0.9995 | acc_4=0.7195 | acc_5=0.9965 | acc_6=0.3030 | acc_7=0.5835 | acc_8=0.1945
  Step 110500 | loss=0.0002
  Step 111000 | loss=0.0003
  Step 111500 | loss=0.0001
  Step 112000 | loss=0.0015
  Step 112500 | loss=0.0004
  EVAL step 112500: acc_3=0.9975 | acc_4=0.7250 | acc_5=0.9970 | acc_6=0.3210 | acc_7=0.5830 | acc_8=0.1950
  Step 113000 | loss=0.0036
  Step 113500 | loss=0.0001
  Step 114000 | loss=0.0001
  Step 114500 | loss=0.0000
  Step 115000 | loss=0.0036
  EVAL step 115000: acc_3=0.9980 | acc_4=0.7245 | acc_5=0.9945 | acc_6=0.3155 | acc_7=0.5905 | acc_8=0.1855
  Step 115500 | loss=0.0000
  Step 116000 | loss=0.0000
  Step 116500 | loss=0.0001
  Step 117000 | loss=0.0001
  Step 117500 | loss=0.0001
  EVAL step 117500: acc_3=0.9985 | acc_4=0.7295 | acc_5=0.9955 | acc_6=0.3200 | acc_7=0.5880 | acc_8=0.1880
  Step 118000 | loss=0.0000
  Step 118500 | loss=0.0001
  Step 119000 | loss=0.0000
  Step 119500 | loss=0.0000
  Step 120000 | loss=0.0000
  EVAL step 120000: acc_3=0.9980 | acc_4=0.7355 | acc_5=0.9960 | acc_6=0.3080 | acc_7=0.5870 | acc_8=0.1930
  Pushed checkpoint step-120000 to ijinyu1113/transition_357_468_later_seed42_v3
  Step 120500 | loss=0.0000
  Step 121000 | loss=0.0000
  Step 121500 | loss=0.0000
  Step 122000 | loss=0.0001
  Step 122500 | loss=0.0000
  EVAL step 122500: acc_3=0.9985 | acc_4=0.7310 | acc_5=0.9950 | acc_6=0.3095 | acc_7=0.5885 | acc_8=0.1785
  Step 123000 | loss=0.0000
  Step 123500 | loss=0.0000
  Step 124000 | loss=0.0000
  Step 124500 | loss=0.0000
  Step 125000 | loss=0.0000
  EVAL step 125000: acc_3=0.9990 | acc_4=0.7295 | acc_5=0.9970 | acc_6=0.3250 | acc_7=0.5895 | acc_8=0.1770
  Step 125500 | loss=0.0000
  Step 126000 | loss=0.0000
  Step 126500 | loss=0.0000
  Step 127000 | loss=0.0000
  Step 127500 | loss=0.0000
  EVAL step 127500: acc_3=0.9990 | acc_4=0.7335 | acc_5=0.9970 | acc_6=0.3255 | acc_7=0.5900 | acc_8=0.1780
  Step 128000 | loss=0.0000
  Step 128500 | loss=0.0000
  Step 129000 | loss=0.0000
  Step 129500 | loss=0.0000
  Step 130000 | loss=0.0000
  EVAL step 130000: acc_3=0.9990 | acc_4=0.7350 | acc_5=0.9970 | acc_6=0.3290 | acc_7=0.5905 | acc_8=0.1780
  Step 130500 | loss=0.0000
  Step 131000 | loss=0.0000
  Step 131500 | loss=0.0000
  Step 132000 | loss=0.0000
  Step 132500 | loss=0.0000
  EVAL step 132500: acc_3=0.9990 | acc_4=0.7380 | acc_5=0.9975 | acc_6=0.3270 | acc_7=0.5915 | acc_8=0.1800
  Step 133000 | loss=0.0000
  Step 133500 | loss=0.0000
  Step 134000 | loss=0.0000
  Step 134500 | loss=0.0000
  Step 135000 | loss=0.0000
  EVAL step 135000: acc_3=0.9990 | acc_4=0.7420 | acc_5=0.9975 | acc_6=0.3255 | acc_7=0.5920 | acc_8=0.1800
  Step 135500 | loss=0.0000
  Step 136000 | loss=0.0000
  Step 136500 | loss=0.0000
  Step 137000 | loss=0.0000
  Step 137500 | loss=0.0000
  EVAL step 137500: acc_3=0.9990 | acc_4=0.7450 | acc_5=0.9975 | acc_6=0.3250 | acc_7=0.5935 | acc_8=0.1830
  Step 138000 | loss=0.0000
  Step 138500 | loss=0.0000
  Step 139000 | loss=0.0000
  Step 139500 | loss=0.0000
  Step 140000 | loss=0.0000
  EVAL step 140000: acc_3=0.9990 | acc_4=0.7470 | acc_5=0.9975 | acc_6=0.3230 | acc_7=0.5940 | acc_8=0.1860
  Pushed checkpoint step-140000 to ijinyu1113/transition_357_468_later_seed42_v3
  Step 140500 | loss=0.0000
  Step 141000 | loss=0.0000
  Step 141500 | loss=0.0000
  Step 142000 | loss=0.0000
  Step 142500 | loss=0.0000
  EVAL step 142500: acc_3=0.9990 | acc_4=0.7455 | acc_5=0.9975 | acc_6=0.3245 | acc_7=0.5935 | acc_8=0.1845
  Step 143000 | loss=0.0000
  Step 143500 | loss=0.0000
  Step 144000 | loss=0.0000
  Step 144500 | loss=0.0000
  Step 145000 | loss=0.0000
  EVAL step 145000: acc_3=0.9990 | acc_4=0.7455 | acc_5=0.9975 | acc_6=0.3245 | acc_7=0.5925 | acc_8=0.1850
  Step 145500 | loss=0.0000
  Step 146000 | loss=0.0000
  Step 146500 | loss=0.0000
  Step 147000 | loss=0.0000
  Step 147500 | loss=0.0000
  EVAL step 147500: acc_3=0.9990 | acc_4=0.7465 | acc_5=0.9975 | acc_6=0.3245 | acc_7=0.5930 | acc_8=0.1845
  Step 148000 | loss=0.0000
  Step 148500 | loss=0.0000
  Step 149000 | loss=0.0000
  Step 149500 | loss=0.0000
  Step 150000 | loss=0.0000
  EVAL step 150000: acc_3=0.9990 | acc_4=0.7465 | acc_5=0.9975 | acc_6=0.3245 | acc_7=0.5930 | acc_8=0.1845
  Pushed checkpoint step-150000 to ijinyu1113/transition_357_468_later_seed42_v3
Training complete. Checkpoints at ijinyu1113/transition_357_468_later_seed42_v3
