Using base checkpoint: step143000
Config: 357 -> 468_later, seed=2, HF_REPO=ijinyu1113/transition_357_468_later_seed2_v3

STARTING TRANSITION: 357 -> 468_later, LR=3e-05, BS=64, Warmup=15000
  Step    500 | loss=0.5354
  Step   1000 | loss=0.5698
  Step   1500 | loss=0.5512
  Step   2000 | loss=0.5460
  Step   2500 | loss=0.5545
  EVAL step 2500: acc_3=0.2660 | acc_4=0.2025 | acc_5=0.1595 | acc_6=0.1435 | acc_7=0.1115 | acc_8=0.1060
  TRAIN step 2500 (357): acc_3=0.2487 | acc_4=0.0000 | acc_5=0.1695 | acc_6=0.0000 | acc_7=0.1227 | acc_8=0.0000
  Step   3000 | loss=0.5912
  Step   3500 | loss=0.5573
  Step   4000 | loss=0.5404
  Step   4500 | loss=0.3587
  Step   5000 | loss=0.3429
  EVAL step 5000: acc_3=0.5570 | acc_4=0.1905 | acc_5=0.3320 | acc_6=0.1335 | acc_7=0.2375 | acc_8=0.1220
  TRAIN step 5000 (357): acc_3=0.5475 | acc_4=0.0000 | acc_5=0.3446 | acc_6=0.0000 | acc_7=0.2527 | acc_8=0.0000
  Pushed checkpoint step-5000 to ijinyu1113/transition_357_468_later_seed2_v3
  Step   5500 | loss=0.3479
  Step   6000 | loss=0.3524
  Step   6500 | loss=0.3529
  Step   7000 | loss=0.3142
  Step   7500 | loss=0.3753
  EVAL step 7500: acc_3=0.5020 | acc_4=0.2090 | acc_5=0.3380 | acc_6=0.1455 | acc_7=0.2570 | acc_8=0.1095
  TRAIN step 7500 (357): acc_3=0.5129 | acc_4=0.0000 | acc_5=0.3457 | acc_6=0.0000 | acc_7=0.2641 | acc_8=0.0000
  Step   8000 | loss=0.3448
  Step   8500 | loss=0.3536
  Step   9000 | loss=0.3442
  Step   9500 | loss=0.5175
  Step  10000 | loss=0.3488
  EVAL step 10000: acc_3=0.5055 | acc_4=0.2185 | acc_5=0.3440 | acc_6=0.1525 | acc_7=0.2445 | acc_8=0.1310
  TRAIN step 10000 (357): acc_3=0.5181 | acc_4=0.0000 | acc_5=0.3619 | acc_6=0.0000 | acc_7=0.2691 | acc_8=0.0000
  Pushed checkpoint step-10000 to ijinyu1113/transition_357_468_later_seed2_v3
  Step  10500 | loss=0.3457
  Step  11000 | loss=0.3558
  Step  11500 | loss=0.3444
  Step  12000 | loss=0.3120
  Step  12500 | loss=0.3179
  EVAL step 12500: acc_3=0.5055 | acc_4=0.2165 | acc_5=0.3325 | acc_6=0.1595 | acc_7=0.2555 | acc_8=0.1200
  TRAIN step 12500 (357): acc_3=0.5287 | acc_4=0.0000 | acc_5=0.3539 | acc_6=0.0000 | acc_7=0.2697 | acc_8=0.0000
  Step  13000 | loss=0.3301
  Step  13500 | loss=0.3307
  Step  14000 | loss=0.3440
  Step  14500 | loss=0.3438
  Step  15000 | loss=0.3376
  EVAL step 15000: acc_3=0.5270 | acc_4=0.1955 | acc_5=0.3270 | acc_6=0.1400 | acc_7=0.2365 | acc_8=0.1100
  TRAIN step 15000 (357): acc_3=0.5392 | acc_4=0.0000 | acc_5=0.3706 | acc_6=0.0000 | acc_7=0.2906 | acc_8=0.0000
  Pushed checkpoint step-15000 to ijinyu1113/transition_357_468_later_seed2_v3
  Step  15500 | loss=0.3379
  Step  16000 | loss=0.3386
  Step  16500 | loss=0.2979
  Step  17000 | loss=0.3293
  Step  17500 | loss=0.3396
  EVAL step 17500: acc_3=0.5025 | acc_4=0.2100 | acc_5=0.3305 | acc_6=0.1315 | acc_7=0.2350 | acc_8=0.1135
  TRAIN step 17500 (357): acc_3=0.5272 | acc_4=0.0000 | acc_5=0.3733 | acc_6=0.0000 | acc_7=0.3070 | acc_8=0.0000
  Step  18000 | loss=0.3380
  Step  18500 | loss=0.3114
  Step  19000 | loss=0.3449
  Step  19500 | loss=0.3151
  Step  20000 | loss=0.3153
  EVAL step 20000: acc_3=0.5810 | acc_4=0.1580 | acc_5=0.3460 | acc_6=0.1400 | acc_7=0.2615 | acc_8=0.1030
  TRAIN step 20000 (357): acc_3=0.5919 | acc_4=0.0000 | acc_5=0.3728 | acc_6=0.0000 | acc_7=0.3066 | acc_8=0.0000
  Pushed checkpoint step-20000 to ijinyu1113/transition_357_468_later_seed2_v3
  Step  20500 | loss=0.3384
  Step  21000 | loss=0.3105
  Step  21500 | loss=0.2491
  Step  22000 | loss=0.2719
  Step  22500 | loss=0.1986
  EVAL step 22500: acc_3=0.9995 | acc_4=0.1420 | acc_5=0.3630 | acc_6=0.1305 | acc_7=0.4875 | acc_8=0.1210
  TRAIN step 22500 (357): acc_3=0.9984 | acc_4=0.0000 | acc_5=0.4069 | acc_6=0.0000 | acc_7=0.5533 | acc_8=0.0000
  Step  23000 | loss=0.1860
  Step  23500 | loss=0.1952
  Step  24000 | loss=0.2061
  Step  24500 | loss=0.1809
  Step  25000 | loss=0.1737
  EVAL step 25000: acc_3=0.9995 | acc_4=0.1730 | acc_5=0.3585 | acc_6=0.1445 | acc_7=0.5055 | acc_8=0.1195
  TRAIN step 25000 (357): acc_3=0.9997 | acc_4=0.0000 | acc_5=0.4148 | acc_6=0.0000 | acc_7=0.5889 | acc_8=0.0000
  Pushed checkpoint step-25000 to ijinyu1113/transition_357_468_later_seed2_v3
  Step  25500 | loss=0.1761
  Step  26000 | loss=0.2424
  Step  26500 | loss=0.1599
  Step  27000 | loss=0.1953
  Step  27500 | loss=0.1558
  EVAL step 27500: acc_3=1.0000 | acc_4=0.1995 | acc_5=0.3590 | acc_6=0.1440 | acc_7=0.5160 | acc_8=0.1355
  TRAIN step 27500 (357): acc_3=1.0000 | acc_4=0.0000 | acc_5=0.4296 | acc_6=0.0000 | acc_7=0.5998 | acc_8=0.0000
  Step  28000 | loss=0.2078
  Step  28500 | loss=0.1970
  Step  29000 | loss=0.1615
  Step  29500 | loss=0.1646
  Step  30000 | loss=0.2019
  EVAL step 30000: acc_3=0.9995 | acc_4=0.1690 | acc_5=0.3670 | acc_6=0.1415 | acc_7=0.4865 | acc_8=0.1235
  TRAIN step 30000 (357): acc_3=0.9999 | acc_4=0.0000 | acc_5=0.4673 | acc_6=0.0000 | acc_7=0.6159 | acc_8=0.0000
  Pushed checkpoint step-30000 to ijinyu1113/transition_357_468_later_seed2_v3
  Step  30500 | loss=0.2002
  Step  31000 | loss=0.1394
  Step  31500 | loss=0.1060
  Step  32000 | loss=0.1136
  Step  32500 | loss=0.0545
  EVAL step 32500: acc_3=1.0000 | acc_4=0.1775 | acc_5=0.9670 | acc_6=0.1295 | acc_7=0.4975 | acc_8=0.1290
  TRAIN step 32500 (357): acc_3=1.0000 | acc_4=0.0000 | acc_5=0.9747 | acc_6=0.0000 | acc_7=0.6047 | acc_8=0.0000
  Step  33000 | loss=0.0902
  Step  33500 | loss=0.0847
  Step  34000 | loss=0.0474
  Step  34500 | loss=0.1851
  Step  35000 | loss=0.0537
  EVAL step 35000: acc_3=1.0000 | acc_4=0.1750 | acc_5=0.9825 | acc_6=0.1325 | acc_7=0.4880 | acc_8=0.1290
  TRAIN step 35000 (357): acc_3=1.0000 | acc_4=0.0000 | acc_5=0.9846 | acc_6=0.0000 | acc_7=0.6161 | acc_8=0.0000
  Pushed checkpoint step-35000 to ijinyu1113/transition_357_468_later_seed2_v3
  Step  35500 | loss=0.0997
  Step  36000 | loss=0.0819
  Step  36500 | loss=0.0699
  Step  37000 | loss=0.0926
  Step  37500 | loss=0.0765
  EVAL step 37500: acc_3=1.0000 | acc_4=0.1745 | acc_5=0.9880 | acc_6=0.1235 | acc_7=0.4900 | acc_8=0.1070
  TRAIN step 37500 (357): acc_3=1.0000 | acc_4=0.0000 | acc_5=0.9904 | acc_6=0.0000 | acc_7=0.6172 | acc_8=0.0000
  Step  38000 | loss=0.0801
  Step  38500 | loss=0.0827
  Step  39000 | loss=0.0554
  Step  39500 | loss=0.1110
  Step  40000 | loss=0.0469
  EVAL step 40000: acc_3=0.9995 | acc_4=0.1685 | acc_5=0.9975 | acc_6=0.1250 | acc_7=0.5020 | acc_8=0.1160
  TRAIN step 40000 (357): acc_3=0.9997 | acc_4=0.0000 | acc_5=0.9967 | acc_6=0.0000 | acc_7=0.6539 | acc_8=0.0000
  Pushed checkpoint step-40000 to ijinyu1113/transition_357_468_later_seed2_v3
  Step  40500 | loss=0.0739
  Step  41000 | loss=0.0792
  Step  41500 | loss=0.0755
  Step  42000 | loss=0.1136
  Step  42500 | loss=0.0822
  EVAL step 42500: acc_3=1.0000 | acc_4=0.1495 | acc_5=0.9945 | acc_6=0.1255 | acc_7=0.4940 | acc_8=0.1005
  TRAIN step 42500 (357): acc_3=1.0000 | acc_4=0.0000 | acc_5=0.9951 | acc_6=0.0000 | acc_7=0.6559 | acc_8=0.0000
  Step  43000 | loss=0.0754
  Step  43500 | loss=0.0749
  Step  44000 | loss=0.0698
  Step  44500 | loss=0.0425
  Step  45000 | loss=0.0738
  EVAL step 45000: acc_3=0.9975 | acc_4=0.1665 | acc_5=0.9960 | acc_6=0.1375 | acc_7=0.4980 | acc_8=0.1190
  TRAIN step 45000 (357): acc_3=0.9980 | acc_4=0.0000 | acc_5=0.9931 | acc_6=0.0000 | acc_7=0.6725 | acc_8=0.0000
  Pushed checkpoint step-45000 to ijinyu1113/transition_357_468_later_seed2_v3
  Step  45500 | loss=0.0584
  Step  46000 | loss=0.0494
  Step  46500 | loss=0.0692
  Step  47000 | loss=0.0678
  Step  47500 | loss=0.0699
  EVAL step 47500: acc_3=0.9985 | acc_4=0.1715 | acc_5=0.9960 | acc_6=0.1275 | acc_7=0.4915 | acc_8=0.1115
  TRAIN step 47500 (357): acc_3=0.9985 | acc_4=0.0000 | acc_5=0.9961 | acc_6=0.0000 | acc_7=0.7075 | acc_8=0.0000
  Step  48000 | loss=0.0600
  Step  48500 | loss=0.0526
  Step  49000 | loss=0.0774
  Step  49500 | loss=0.0663
  Step  50000 | loss=0.0546
  EVAL step 50000: acc_3=0.9995 | acc_4=0.1335 | acc_5=0.9975 | acc_6=0.1290 | acc_7=0.5050 | acc_8=0.1120
  TRAIN step 50000 (357): acc_3=0.9990 | acc_4=0.0000 | acc_5=0.9975 | acc_6=0.0000 | acc_7=0.7246 | acc_8=0.0000
  Pushed checkpoint step-50000 to ijinyu1113/transition_357_468_later_seed2_v3
  Step  50500 | loss=0.0711
  Step  51000 | loss=0.0574
  Step  51500 | loss=0.0633
  Step  52000 | loss=0.0466
  Step  52500 | loss=0.0511
  EVAL step 52500: acc_3=1.0000 | acc_4=0.1460 | acc_5=0.9955 | acc_6=0.1250 | acc_7=0.4950 | acc_8=0.1115
  TRAIN step 52500 (357): acc_3=0.9998 | acc_4=0.0000 | acc_5=0.9952 | acc_6=0.0000 | acc_7=0.7500 | acc_8=0.0000
  Step  53000 | loss=0.0573
  Step  53500 | loss=0.0240
  Step  54000 | loss=0.0410
  Step  54500 | loss=0.0576
  Step  55000 | loss=0.0499
  EVAL step 55000: acc_3=1.0000 | acc_4=0.1560 | acc_5=0.9965 | acc_6=0.1265 | acc_7=0.5170 | acc_8=0.1150
  TRAIN step 55000 (357): acc_3=0.9991 | acc_4=0.0000 | acc_5=0.9968 | acc_6=0.0000 | acc_7=0.7807 | acc_8=0.0000
  Pushed checkpoint step-55000 to ijinyu1113/transition_357_468_later_seed2_v3
  Step  55500 | loss=0.0709
  Step  56000 | loss=0.0577
  Step  56500 | loss=0.0415
  Step  57000 | loss=0.0717
  Step  57500 | loss=0.0301
  EVAL step 57500: acc_3=1.0000 | acc_4=0.1520 | acc_5=0.9965 | acc_6=0.1280 | acc_7=0.5105 | acc_8=0.1175
  TRAIN step 57500 (357): acc_3=0.9999 | acc_4=0.0000 | acc_5=0.9988 | acc_6=0.0000 | acc_7=0.8242 | acc_8=0.0000
  Step  58000 | loss=0.0359
  Step  58500 | loss=0.0467
  Step  59000 | loss=0.0399
  Step  59500 | loss=0.0437
  Step  60000 | loss=0.0487
  EVAL step 60000: acc_3=0.9995 | acc_4=0.1365 | acc_5=0.9995 | acc_6=0.1290 | acc_7=0.5020 | acc_8=0.1105
  TRAIN step 60000 (357): acc_3=0.9999 | acc_4=0.0000 | acc_5=0.9985 | acc_6=0.0000 | acc_7=0.8725 | acc_8=0.0000
  Pushed checkpoint step-60000 to ijinyu1113/transition_357_468_later_seed2_v3
  Step  60500 | loss=0.0570
  Step  61000 | loss=0.0915
  Step  61500 | loss=0.0422
  Step  62000 | loss=0.0263
  Step  62500 | loss=0.0132
  EVAL step 62500: acc_3=0.9995 | acc_4=0.1275 | acc_5=0.9990 | acc_6=0.1260 | acc_7=0.5225 | acc_8=0.1100
  TRAIN step 62500 (357): acc_3=0.9999 | acc_4=0.0000 | acc_5=0.9997 | acc_6=0.0000 | acc_7=0.9095 | acc_8=0.0000
  Step  63000 | loss=0.0243
  Step  63500 | loss=0.0180
  Step  64000 | loss=0.0308
  Step  64500 | loss=0.0077
  Step  65000 | loss=0.0212
  EVAL step 65000: acc_3=1.0000 | acc_4=0.1310 | acc_5=0.9975 | acc_6=0.1295 | acc_7=0.5200 | acc_8=0.1080
  TRAIN step 65000 (357): acc_3=1.0000 | acc_4=0.0000 | acc_5=0.9998 | acc_6=0.0000 | acc_7=0.9393 | acc_8=0.0000
  Pushed checkpoint step-65000 to ijinyu1113/transition_357_468_later_seed2_v3
  Step  65500 | loss=0.0048
  Step  66000 | loss=0.0251
  Step  66500 | loss=0.0152
  Step  67000 | loss=0.0194
  Step  67500 | loss=0.0142
  EVAL step 67500: acc_3=1.0000 | acc_4=0.1245 | acc_5=0.9990 | acc_6=0.1230 | acc_7=0.5425 | acc_8=0.1065
  TRAIN step 67500 (357): acc_3=0.9999 | acc_4=0.0000 | acc_5=0.9991 | acc_6=0.0000 | acc_7=0.9621 | acc_8=0.0000
  Step  68000 | loss=0.0090
  Step  68500 | loss=0.0165
  Step  69000 | loss=0.0076
  Step  69500 | loss=0.0041
  Step  70000 | loss=0.0163
  EVAL step 70000: acc_3=0.9995 | acc_4=0.1300 | acc_5=0.9935 | acc_6=0.1230 | acc_7=0.5320 | acc_8=0.1120
  TRAIN step 70000 (357): acc_3=1.0000 | acc_4=0.0000 | acc_5=0.9966 | acc_6=0.0000 | acc_7=0.9745 | acc_8=0.0000
  Pushed checkpoint step-70000 to ijinyu1113/transition_357_468_later_seed2_v3
  Step  70500 | loss=0.0030
  Step  71000 | loss=0.0083
  Step  71500 | loss=0.0153
  Step  72000 | loss=0.0053
  Step  72500 | loss=0.0014
  EVAL step 72500: acc_3=1.0000 | acc_4=0.1380 | acc_5=0.9960 | acc_6=0.1270 | acc_7=0.5435 | acc_8=0.1115
  TRAIN step 72500 (357): acc_3=1.0000 | acc_4=0.0000 | acc_5=0.9990 | acc_6=0.0000 | acc_7=0.9813 | acc_8=0.0000
  Step  73000 | loss=0.0182
  Step  73500 | loss=0.0007
  Step  74000 | loss=0.0095
  Step  74500 | loss=0.0097
  Step  75000 | loss=0.0036
  EVAL step 75000: acc_3=1.0000 | acc_4=0.1365 | acc_5=0.9995 | acc_6=0.1350 | acc_7=0.5510 | acc_8=0.1125
  TRAIN step 75000 (357): acc_3=0.9999 | acc_4=0.0000 | acc_5=0.9999 | acc_6=0.0000 | acc_7=0.9895 | acc_8=0.0000
  TRAIN step 75000 (468_later): acc_3=1.0000 | acc_4=0.1351 | acc_5=0.9980 | acc_6=0.1389 | acc_7=0.5680 | acc_8=0.1140
  Pushed checkpoint step-75000 to ijinyu1113/transition_357_468_later_seed2_v3

=== TRANSITION at step 75000: switching from 357 to 468_later ===

  Step  75500 | loss=0.5125
  Step  76000 | loss=0.4488
  Step  76500 | loss=0.5328
  Step  77000 | loss=0.5032
  Step  77500 | loss=0.5042
  EVAL step 77500: acc_3=0.9990 | acc_4=0.2110 | acc_5=0.9930 | acc_6=0.1535 | acc_7=0.5015 | acc_8=0.1235
  TRAIN step 77500 (357): acc_3=0.9995 | acc_4=0.0000 | acc_5=0.9955 | acc_6=0.0000 | acc_7=0.6068 | acc_8=0.0000
  TRAIN step 77500 (468_later): acc_3=0.9994 | acc_4=0.2822 | acc_5=0.9974 | acc_6=0.2003 | acc_7=0.6389 | acc_8=0.1744
  Step  78000 | loss=0.4407
  Step  78500 | loss=0.4941
  Step  79000 | loss=0.4870
  Step  79500 | loss=0.4510
  Step  80000 | loss=0.4328
  EVAL step 80000: acc_3=0.9985 | acc_4=0.2720 | acc_5=0.9945 | acc_6=0.1685 | acc_7=0.5310 | acc_8=0.1260
  TRAIN step 80000 (357): acc_3=0.9995 | acc_4=0.0000 | acc_5=0.9955 | acc_6=0.0000 | acc_7=0.6541 | acc_8=0.0000
  TRAIN step 80000 (468_later): acc_3=0.9997 | acc_4=0.3908 | acc_5=0.9964 | acc_6=0.3025 | acc_7=0.8103 | acc_8=0.2491
  Pushed checkpoint step-80000 to ijinyu1113/transition_357_468_later_seed2_v3
  Step  80500 | loss=0.3971
  Step  81000 | loss=0.4703
  Step  81500 | loss=0.3881
  Step  82000 | loss=0.3555
  Step  82500 | loss=0.3872
  EVAL step 82500: acc_3=0.9990 | acc_4=0.4145 | acc_5=0.9825 | acc_6=0.2030 | acc_7=0.5235 | acc_8=0.1225
  TRAIN step 82500 (357): acc_3=0.9996 | acc_4=0.0000 | acc_5=0.9869 | acc_6=0.0000 | acc_7=0.6573 | acc_8=0.0000
  TRAIN step 82500 (468_later): acc_3=1.0000 | acc_4=0.6066 | acc_5=0.9924 | acc_6=0.4471 | acc_7=0.9159 | acc_8=0.3646
  Step  83000 | loss=0.4083
  Step  83500 | loss=0.3642
  Step  84000 | loss=0.3558
  Step  84500 | loss=0.2891
  Step  85000 | loss=0.2869
  EVAL step 85000: acc_3=0.9995 | acc_4=0.6140 | acc_5=0.9965 | acc_6=0.2450 | acc_7=0.5230 | acc_8=0.1425
  TRAIN step 85000 (357): acc_3=0.9995 | acc_4=0.0000 | acc_5=0.9966 | acc_6=0.0000 | acc_7=0.6427 | acc_8=0.0000
  TRAIN step 85000 (468_later): acc_3=0.9994 | acc_4=0.8285 | acc_5=0.9997 | acc_6=0.6386 | acc_7=0.9752 | acc_8=0.5535
  Pushed checkpoint step-85000 to ijinyu1113/transition_357_468_later_seed2_v3
  Step  85500 | loss=0.2610
  Step  86000 | loss=0.2296
  Step  86500 | loss=0.2415
  Step  87000 | loss=0.1595
  Step  87500 | loss=0.1562
  EVAL step 87500: acc_3=0.9990 | acc_4=0.7095 | acc_5=0.9955 | acc_6=0.2565 | acc_7=0.5340 | acc_8=0.1530
  TRAIN step 87500 (357): acc_3=0.9992 | acc_4=0.0000 | acc_5=0.9939 | acc_6=0.0000 | acc_7=0.6487 | acc_8=0.0000
  TRAIN step 87500 (468_later): acc_3=0.9997 | acc_4=0.9344 | acc_5=0.9987 | acc_6=0.8372 | acc_7=0.9897 | acc_8=0.7699
  Step  88000 | loss=0.1445
  Step  88500 | loss=0.0732
  Step  89000 | loss=0.0471
  Step  89500 | loss=0.1034
  Step  90000 | loss=0.0399
  EVAL step 90000: acc_3=0.9990 | acc_4=0.7725 | acc_5=0.9935 | acc_6=0.2830 | acc_7=0.5245 | acc_8=0.1640
  TRAIN step 90000 (357): acc_3=0.9995 | acc_4=0.0000 | acc_5=0.9940 | acc_6=0.0000 | acc_7=0.6382 | acc_8=0.0000
  TRAIN step 90000 (468_later): acc_3=0.9994 | acc_4=0.9760 | acc_5=0.9993 | acc_6=0.9475 | acc_7=0.9940 | acc_8=0.9174
  Pushed checkpoint step-90000 to ijinyu1113/transition_357_468_later_seed2_v3
  Step  90500 | loss=0.0152
  Step  91000 | loss=0.0905
  Step  91500 | loss=0.0693
  Step  92000 | loss=0.0504
  Step  92500 | loss=0.0403
  EVAL step 92500: acc_3=0.9995 | acc_4=0.7860 | acc_5=0.9935 | acc_6=0.2795 | acc_7=0.5195 | acc_8=0.1675
  TRAIN step 92500 (357): acc_3=0.9997 | acc_4=0.0000 | acc_5=0.9947 | acc_6=0.0000 | acc_7=0.6328 | acc_8=0.0000
  TRAIN step 92500 (468_later): acc_3=1.0000 | acc_4=0.9850 | acc_5=0.9993 | acc_6=0.9749 | acc_7=0.9983 | acc_8=0.9731
  Step  93000 | loss=0.0119
  Step  93500 | loss=0.0072
  Step  94000 | loss=0.0542
  Step  94500 | loss=0.0198
  Step  95000 | loss=0.0020
  EVAL step 95000: acc_3=0.9985 | acc_4=0.8035 | acc_5=0.9925 | acc_6=0.2880 | acc_7=0.5210 | acc_8=0.1725
  TRAIN step 95000 (357): acc_3=0.9998 | acc_4=0.0000 | acc_5=0.9941 | acc_6=0.0000 | acc_7=0.6365 | acc_8=0.0000
  TRAIN step 95000 (468_later): acc_3=1.0000 | acc_4=0.9915 | acc_5=1.0000 | acc_6=0.9869 | acc_7=0.9990 | acc_8=0.9874
  Pushed checkpoint step-95000 to ijinyu1113/transition_357_468_later_seed2_v3
  Step  95500 | loss=0.0101
  Step  96000 | loss=0.0099
  Step  96500 | loss=0.0230
  Step  97000 | loss=0.0041
  Step  97500 | loss=0.0278
  EVAL step 97500: acc_3=0.9990 | acc_4=0.8085 | acc_5=0.9920 | acc_6=0.2980 | acc_7=0.5350 | acc_8=0.1730
  TRAIN step 97500 (357): acc_3=0.9994 | acc_4=0.0000 | acc_5=0.9940 | acc_6=0.0000 | acc_7=0.6361 | acc_8=0.0000
  TRAIN step 97500 (468_later): acc_3=1.0000 | acc_4=0.9900 | acc_5=0.9997 | acc_6=0.9896 | acc_7=0.9990 | acc_8=0.9905
  Step  98000 | loss=0.0045
  Step  98500 | loss=0.0013
  Step  99000 | loss=0.0060
  Step  99500 | loss=0.0194
  Step 100000 | loss=0.0022
  EVAL step 100000: acc_3=0.9975 | acc_4=0.8190 | acc_5=0.9960 | acc_6=0.2925 | acc_7=0.5220 | acc_8=0.1750
  TRAIN step 100000 (357): acc_3=0.9983 | acc_4=0.0000 | acc_5=0.9945 | acc_6=0.0000 | acc_7=0.6315 | acc_8=0.0000
  TRAIN step 100000 (468_later): acc_3=1.0000 | acc_4=0.9969 | acc_5=0.9997 | acc_6=0.9922 | acc_7=0.9983 | acc_8=0.9913
  Pushed checkpoint step-100000 to ijinyu1113/transition_357_468_later_seed2_v3
  Step 100500 | loss=0.0017
  Step 101000 | loss=0.0061
  Step 101500 | loss=0.0017
  Step 102000 | loss=0.0010
  Step 102500 | loss=0.0012
  EVAL step 102500: acc_3=0.9990 | acc_4=0.8290 | acc_5=0.9950 | acc_6=0.2965 | acc_7=0.5235 | acc_8=0.1665
  TRAIN step 102500 (357): acc_3=0.9996 | acc_4=0.0000 | acc_5=0.9946 | acc_6=0.0000 | acc_7=0.6286 | acc_8=0.0000
  TRAIN step 102500 (468_later): acc_3=1.0000 | acc_4=0.9978 | acc_5=1.0000 | acc_6=0.9941 | acc_7=0.9990 | acc_8=0.9954
  Step 103000 | loss=0.0117
  Step 103500 | loss=0.0065
  Step 104000 | loss=0.0003
  Step 104500 | loss=0.0056
  Step 105000 | loss=0.0041
  EVAL step 105000: acc_3=0.9990 | acc_4=0.8400 | acc_5=0.9955 | acc_6=0.2930 | acc_7=0.5305 | acc_8=0.1770
  TRAIN step 105000 (357): acc_3=0.9993 | acc_4=0.0000 | acc_5=0.9947 | acc_6=0.0000 | acc_7=0.6441 | acc_8=0.0000
  TRAIN step 105000 (468_later): acc_3=1.0000 | acc_4=0.9946 | acc_5=1.0000 | acc_6=0.9963 | acc_7=1.0000 | acc_8=0.9974
  Pushed checkpoint step-105000 to ijinyu1113/transition_357_468_later_seed2_v3
  Step 105500 | loss=0.0111
  Step 106000 | loss=0.0054
  Step 106500 | loss=0.0024
  Step 107000 | loss=0.0273
  Step 107500 | loss=0.0020
  EVAL step 107500: acc_3=0.9990 | acc_4=0.8450 | acc_5=0.9950 | acc_6=0.2905 | acc_7=0.5275 | acc_8=0.1785
  TRAIN step 107500 (357): acc_3=0.9996 | acc_4=0.0000 | acc_5=0.9957 | acc_6=0.0000 | acc_7=0.6281 | acc_8=0.0000
  TRAIN step 107500 (468_later): acc_3=1.0000 | acc_4=0.9982 | acc_5=1.0000 | acc_6=0.9983 | acc_7=1.0000 | acc_8=0.9981
  Step 108000 | loss=0.0020
  Step 108500 | loss=0.0039
  Step 109000 | loss=0.0051
  Step 109500 | loss=0.0005
  Step 110000 | loss=0.0017
  EVAL step 110000: acc_3=0.9985 | acc_4=0.8515 | acc_5=0.9950 | acc_6=0.2970 | acc_7=0.5160 | acc_8=0.1775
  TRAIN step 110000 (357): acc_3=0.9993 | acc_4=0.0000 | acc_5=0.9949 | acc_6=0.0000 | acc_7=0.6269 | acc_8=0.0000
  TRAIN step 110000 (468_later): acc_3=1.0000 | acc_4=0.9976 | acc_5=1.0000 | acc_6=0.9982 | acc_7=0.9983 | acc_8=0.9990
  Pushed checkpoint step-110000 to ijinyu1113/transition_357_468_later_seed2_v3
  Step 110500 | loss=0.0001
  Step 111000 | loss=0.0003
  Step 111500 | loss=0.0010
  Step 112000 | loss=0.0004
  Step 112500 | loss=0.0001
  EVAL step 112500: acc_3=0.9990 | acc_4=0.8300 | acc_5=0.9950 | acc_6=0.2835 | acc_7=0.5235 | acc_8=0.1795
  TRAIN step 112500 (357): acc_3=0.9997 | acc_4=0.0000 | acc_5=0.9949 | acc_6=0.0000 | acc_7=0.6319 | acc_8=0.0000
  TRAIN step 112500 (468_later): acc_3=1.0000 | acc_4=0.9992 | acc_5=1.0000 | acc_6=0.9988 | acc_7=0.9993 | acc_8=0.9990
  Step 113000 | loss=0.0002
  Step 113500 | loss=0.0005
  Step 114000 | loss=0.0001
  Step 114500 | loss=0.0001
  Step 115000 | loss=0.0001
  EVAL step 115000: acc_3=0.9990 | acc_4=0.8475 | acc_5=0.9935 | acc_6=0.2885 | acc_7=0.5255 | acc_8=0.1740
  TRAIN step 115000 (357): acc_3=0.9997 | acc_4=0.0000 | acc_5=0.9945 | acc_6=0.0000 | acc_7=0.6327 | acc_8=0.0000
  TRAIN step 115000 (468_later): acc_3=1.0000 | acc_4=0.9986 | acc_5=1.0000 | acc_6=0.9990 | acc_7=0.9997 | acc_8=0.9992
  Pushed checkpoint step-115000 to ijinyu1113/transition_357_468_later_seed2_v3
  Step 115500 | loss=0.0004
  Step 116000 | loss=0.0001
  Step 116500 | loss=0.0000
  Step 117000 | loss=0.0000
  Step 117500 | loss=0.0001
  EVAL step 117500: acc_3=0.9990 | acc_4=0.8460 | acc_5=0.9910 | acc_6=0.2895 | acc_7=0.5265 | acc_8=0.1695
  TRAIN step 117500 (357): acc_3=0.9993 | acc_4=0.0000 | acc_5=0.9939 | acc_6=0.0000 | acc_7=0.6341 | acc_8=0.0000
  TRAIN step 117500 (468_later): acc_3=1.0000 | acc_4=0.9997 | acc_5=1.0000 | acc_6=0.9998 | acc_7=0.9993 | acc_8=0.9997
  Step 118000 | loss=0.0006
  Step 118500 | loss=0.0001
  Step 119000 | loss=0.0179
  Step 119500 | loss=0.0004
  Step 120000 | loss=0.0000
  EVAL step 120000: acc_3=0.9990 | acc_4=0.8515 | acc_5=0.9935 | acc_6=0.2975 | acc_7=0.5320 | acc_8=0.1765
  TRAIN step 120000 (357): acc_3=0.9996 | acc_4=0.0000 | acc_5=0.9957 | acc_6=0.0000 | acc_7=0.6374 | acc_8=0.0000
  TRAIN step 120000 (468_later): acc_3=1.0000 | acc_4=0.9997 | acc_5=1.0000 | acc_6=0.9993 | acc_7=1.0000 | acc_8=0.9995
  Pushed checkpoint step-120000 to ijinyu1113/transition_357_468_later_seed2_v3
  Step 120500 | loss=0.0001
  Step 121000 | loss=0.0040
  Step 121500 | loss=0.0000
  Step 122000 | loss=0.0000
  Step 122500 | loss=0.0001
  EVAL step 122500: acc_3=0.9995 | acc_4=0.8540 | acc_5=0.9940 | acc_6=0.3040 | acc_7=0.5315 | acc_8=0.1740
  TRAIN step 122500 (357): acc_3=0.9997 | acc_4=0.0000 | acc_5=0.9950 | acc_6=0.0000 | acc_7=0.6341 | acc_8=0.0000
  TRAIN step 122500 (468_later): acc_3=1.0000 | acc_4=0.9996 | acc_5=1.0000 | acc_6=1.0000 | acc_7=1.0000 | acc_8=0.9999
  Step 123000 | loss=0.0000
  Step 123500 | loss=0.0000
  Step 124000 | loss=0.0000
  Step 124500 | loss=0.0000
  Step 125000 | loss=0.0000
  EVAL step 125000: acc_3=0.9990 | acc_4=0.8565 | acc_5=0.9945 | acc_6=0.3020 | acc_7=0.5275 | acc_8=0.1810
  TRAIN step 125000 (357): acc_3=0.9999 | acc_4=0.0000 | acc_5=0.9953 | acc_6=0.0000 | acc_7=0.6358 | acc_8=0.0000
  TRAIN step 125000 (468_later): acc_3=1.0000 | acc_4=1.0000 | acc_5=1.0000 | acc_6=0.9999 | acc_7=1.0000 | acc_8=1.0000
  Pushed checkpoint step-125000 to ijinyu1113/transition_357_468_later_seed2_v3
  Step 125500 | loss=0.0000
  Step 126000 | loss=0.0000
  Step 126500 | loss=0.0000
  Step 127000 | loss=0.0000
  Step 127500 | loss=0.0000
  EVAL step 127500: acc_3=0.9990 | acc_4=0.8570 | acc_5=0.9955 | acc_6=0.3080 | acc_7=0.5345 | acc_8=0.1790
  TRAIN step 127500 (357): acc_3=0.9999 | acc_4=0.0000 | acc_5=0.9959 | acc_6=0.0000 | acc_7=0.6357 | acc_8=0.0000
  TRAIN step 127500 (468_later): acc_3=1.0000 | acc_4=1.0000 | acc_5=1.0000 | acc_6=0.9999 | acc_7=1.0000 | acc_8=0.9997
  Step 128000 | loss=0.0000
  Step 128500 | loss=0.0000
  Step 129000 | loss=0.0000
  Step 129500 | loss=0.0000
  Step 130000 | loss=0.0000
  EVAL step 130000: acc_3=0.9990 | acc_4=0.8625 | acc_5=0.9950 | acc_6=0.3015 | acc_7=0.5330 | acc_8=0.1835
  TRAIN step 130000 (357): acc_3=0.9999 | acc_4=0.0000 | acc_5=0.9962 | acc_6=0.0000 | acc_7=0.6351 | acc_8=0.0000
  TRAIN step 130000 (468_later): acc_3=1.0000 | acc_4=1.0000 | acc_5=1.0000 | acc_6=1.0000 | acc_7=1.0000 | acc_8=1.0000
  Pushed checkpoint step-130000 to ijinyu1113/transition_357_468_later_seed2_v3
  Step 130500 | loss=0.0000
  Step 131000 | loss=0.0000
  Step 131500 | loss=0.0000
  Step 132000 | loss=0.0000
  Step 132500 | loss=0.0000
  EVAL step 132500: acc_3=0.9990 | acc_4=0.8640 | acc_5=0.9960 | acc_6=0.3005 | acc_7=0.5335 | acc_8=0.1840
  TRAIN step 132500 (357): acc_3=0.9999 | acc_4=0.0000 | acc_5=0.9963 | acc_6=0.0000 | acc_7=0.6349 | acc_8=0.0000
  TRAIN step 132500 (468_later): acc_3=1.0000 | acc_4=1.0000 | acc_5=1.0000 | acc_6=1.0000 | acc_7=1.0000 | acc_8=1.0000
  Step 133000 | loss=0.0000
  Step 133500 | loss=0.0000
  Step 134000 | loss=0.0000
  Step 134500 | loss=0.0000
  Step 135000 | loss=0.0000
  EVAL step 135000: acc_3=0.9990 | acc_4=0.8640 | acc_5=0.9955 | acc_6=0.2970 | acc_7=0.5345 | acc_8=0.1825
  TRAIN step 135000 (357): acc_3=0.9999 | acc_4=0.0000 | acc_5=0.9962 | acc_6=0.0000 | acc_7=0.6331 | acc_8=0.0000
  TRAIN step 135000 (468_later): acc_3=1.0000 | acc_4=1.0000 | acc_5=1.0000 | acc_6=1.0000 | acc_7=1.0000 | acc_8=1.0000
  Pushed checkpoint step-135000 to ijinyu1113/transition_357_468_later_seed2_v3
  Step 135500 | loss=0.0000
  Step 136000 | loss=0.0000
  Step 136500 | loss=0.0000
  Step 137000 | loss=0.0000
  Step 137500 | loss=0.0000
  EVAL step 137500: acc_3=0.9990 | acc_4=0.8645 | acc_5=0.9955 | acc_6=0.2975 | acc_7=0.5330 | acc_8=0.1825
  TRAIN step 137500 (357): acc_3=0.9999 | acc_4=0.0000 | acc_5=0.9961 | acc_6=0.0000 | acc_7=0.6327 | acc_8=0.0000
  TRAIN step 137500 (468_later): acc_3=1.0000 | acc_4=1.0000 | acc_5=1.0000 | acc_6=1.0000 | acc_7=1.0000 | acc_8=1.0000
  Step 138000 | loss=0.0000
  Step 138500 | loss=0.0000
  Step 139000 | loss=0.0000
  Step 139500 | loss=0.0000
  Step 140000 | loss=0.0000
  EVAL step 140000: acc_3=0.9990 | acc_4=0.8645 | acc_5=0.9955 | acc_6=0.2960 | acc_7=0.5340 | acc_8=0.1830
  TRAIN step 140000 (357): acc_3=0.9999 | acc_4=0.0000 | acc_5=0.9961 | acc_6=0.0000 | acc_7=0.6322 | acc_8=0.0000
  TRAIN step 140000 (468_later): acc_3=1.0000 | acc_4=1.0000 | acc_5=1.0000 | acc_6=1.0000 | acc_7=1.0000 | acc_8=1.0000
  Pushed checkpoint step-140000 to ijinyu1113/transition_357_468_later_seed2_v3
  Step 140500 | loss=0.0000
  Step 141000 | loss=0.0000
  Step 141500 | loss=0.0000
  Step 142000 | loss=0.0000
  Step 142500 | loss=0.0000
  EVAL step 142500: acc_3=0.9990 | acc_4=0.8645 | acc_5=0.9955 | acc_6=0.2955 | acc_7=0.5340 | acc_8=0.1825
  TRAIN step 142500 (357): acc_3=0.9999 | acc_4=0.0000 | acc_5=0.9961 | acc_6=0.0000 | acc_7=0.6317 | acc_8=0.0000
  TRAIN step 142500 (468_later): acc_3=1.0000 | acc_4=1.0000 | acc_5=1.0000 | acc_6=1.0000 | acc_7=1.0000 | acc_8=1.0000
  Step 143000 | loss=0.0000
  Step 143500 | loss=0.0000
  Step 144000 | loss=0.0000
  Step 144500 | loss=0.0000
  Step 145000 | loss=0.0000
  EVAL step 145000: acc_3=0.9990 | acc_4=0.8635 | acc_5=0.9955 | acc_6=0.2965 | acc_7=0.5350 | acc_8=0.1840
  TRAIN step 145000 (357): acc_3=0.9999 | acc_4=0.0000 | acc_5=0.9961 | acc_6=0.0000 | acc_7=0.6310 | acc_8=0.0000
  TRAIN step 145000 (468_later): acc_3=1.0000 | acc_4=1.0000 | acc_5=1.0000 | acc_6=1.0000 | acc_7=1.0000 | acc_8=1.0000
  Pushed checkpoint step-145000 to ijinyu1113/transition_357_468_later_seed2_v3
  Step 145500 | loss=0.0000
  Step 146000 | loss=0.0000
  Step 146500 | loss=0.0000
  Step 147000 | loss=0.0000
  Step 147500 | loss=0.0000
  EVAL step 147500: acc_3=0.9990 | acc_4=0.8640 | acc_5=0.9955 | acc_6=0.2960 | acc_7=0.5365 | acc_8=0.1835
  TRAIN step 147500 (357): acc_3=0.9998 | acc_4=0.0000 | acc_5=0.9961 | acc_6=0.0000 | acc_7=0.6313 | acc_8=0.0000
  TRAIN step 147500 (468_later): acc_3=1.0000 | acc_4=1.0000 | acc_5=1.0000 | acc_6=1.0000 | acc_7=1.0000 | acc_8=1.0000
  Step 148000 | loss=0.0000
  Step 148500 | loss=0.0000
  Step 149000 | loss=0.0000
  Step 149500 | loss=0.0000
  Step 150000 | loss=0.0000
  EVAL step 150000: acc_3=0.9990 | acc_4=0.8645 | acc_5=0.9955 | acc_6=0.2955 | acc_7=0.5365 | acc_8=0.1835
  TRAIN step 150000 (357): acc_3=0.9998 | acc_4=0.0000 | acc_5=0.9961 | acc_6=0.0000 | acc_7=0.6311 | acc_8=0.0000
  TRAIN step 150000 (468_later): acc_3=1.0000 | acc_4=1.0000 | acc_5=1.0000 | acc_6=1.0000 | acc_7=1.0000 | acc_8=1.0000
  Pushed checkpoint step-150000 to ijinyu1113/transition_357_468_later_seed2_v3
  Pushed checkpoint step-150000 to ijinyu1113/transition_357_468_later_seed2_v3
Training complete. Checkpoints at ijinyu1113/transition_357_468_later_seed2_v3
