Using base checkpoint: step143000
Config: 357 -> 468_later, seed=1, HF_REPO=ijinyu1113/transition_357_468_later_seed1_v3

STARTING TRANSITION: 357 -> 468_later, LR=3e-05, BS=64, Warmup=15000
  Step    500 | loss=0.5594
  Step   1000 | loss=0.5800
  Step   1500 | loss=0.5756
  Step   2000 | loss=0.5570
  Step   2500 | loss=0.5594
  EVAL step 2500: acc_3=0.2545 | acc_4=0.2095 | acc_5=0.1695 | acc_6=0.1515 | acc_7=0.1115 | acc_8=0.0990
  Step   3000 | loss=0.5667
  Step   3500 | loss=0.5539
  Step   4000 | loss=0.4888
  Step   4500 | loss=0.3559
  Step   5000 | loss=0.3319
  EVAL step 5000: acc_3=0.5160 | acc_4=0.1940 | acc_5=0.3375 | acc_6=0.1365 | acc_7=0.2365 | acc_8=0.1100
  Step   5500 | loss=0.3222
  Step   6000 | loss=0.3511
  Step   6500 | loss=0.3359
  Step   7000 | loss=0.3553
  Step   7500 | loss=0.3075
  EVAL step 7500: acc_3=0.5025 | acc_4=0.2105 | acc_5=0.3270 | acc_6=0.1450 | acc_7=0.2625 | acc_8=0.1140
  Step   8000 | loss=0.3571
  Step   8500 | loss=0.3297
  Step   9000 | loss=0.3548
  Step   9500 | loss=0.3194
  Step  10000 | loss=0.3296
  EVAL step 10000: acc_3=0.4950 | acc_4=0.2260 | acc_5=0.3270 | acc_6=0.1470 | acc_7=0.2485 | acc_8=0.1010
  Step  10500 | loss=0.3611
  Step  11000 | loss=0.3182
  Step  11500 | loss=0.3342
  Step  12000 | loss=0.3180
  Step  12500 | loss=0.3210
  EVAL step 12500: acc_3=0.5230 | acc_4=0.1485 | acc_5=0.3520 | acc_6=0.1430 | acc_7=0.2365 | acc_8=0.1115
  Step  13000 | loss=0.3324
  Step  13500 | loss=0.3461
  Step  14000 | loss=0.3051
  Step  14500 | loss=0.2789
  Step  15000 | loss=0.1969
  EVAL step 15000: acc_3=0.9955 | acc_4=0.1755 | acc_5=0.3465 | acc_6=0.1495 | acc_7=0.4360 | acc_8=0.1230
  Step  15500 | loss=0.2256
  Step  16000 | loss=0.2195
  Step  16500 | loss=0.2031
  Step  17000 | loss=0.1689
  Step  17500 | loss=0.2005
  EVAL step 17500: acc_3=0.9975 | acc_4=0.2150 | acc_5=0.3385 | acc_6=0.1470 | acc_7=0.4785 | acc_8=0.1375
  Step  18000 | loss=0.1813
  Step  18500 | loss=0.1917
  Step  19000 | loss=0.2009
  Step  19500 | loss=0.1162
  Step  20000 | loss=0.2301
  EVAL step 20000: acc_3=0.9985 | acc_4=0.1890 | acc_5=0.3465 | acc_6=0.1360 | acc_7=0.4870 | acc_8=0.1190
  Pushed checkpoint step-20000 to ijinyu1113/transition_357_468_later_seed1_v3
  Step  20500 | loss=0.1961
  Step  21000 | loss=0.1853
  Step  21500 | loss=0.2234
  Step  22000 | loss=0.2080
  Step  22500 | loss=0.1770
  EVAL step 22500: acc_3=1.0000 | acc_4=0.1520 | acc_5=0.3535 | acc_6=0.1170 | acc_7=0.4670 | acc_8=0.1235
  Step  23000 | loss=0.2030
  Step  23500 | loss=0.1544
  Step  24000 | loss=0.1578
  Step  24500 | loss=0.1770
  Step  25000 | loss=0.1804
  EVAL step 25000: acc_3=0.9995 | acc_4=0.1390 | acc_5=0.5230 | acc_6=0.1280 | acc_7=0.5065 | acc_8=0.1175
  Step  25500 | loss=0.0787
  Step  26000 | loss=0.0798
  Step  26500 | loss=0.0787
  Step  27000 | loss=0.0646
  Step  27500 | loss=0.0672
  EVAL step 27500: acc_3=1.0000 | acc_4=0.1785 | acc_5=1.0000 | acc_6=0.1400 | acc_7=0.4940 | acc_8=0.1135
  Step  28000 | loss=0.0983
  Step  28500 | loss=0.0650
  Step  29000 | loss=0.0359
  Step  29500 | loss=0.0713
  Step  30000 | loss=0.0980
  EVAL step 30000: acc_3=1.0000 | acc_4=0.1115 | acc_5=0.9965 | acc_6=0.1520 | acc_7=0.4960 | acc_8=0.1090
  Step  30500 | loss=0.0771
  Step  31000 | loss=0.0561
  Step  31500 | loss=0.0743
  Step  32000 | loss=0.0666
  Step  32500 | loss=0.1248
  EVAL step 32500: acc_3=0.9800 | acc_4=0.1360 | acc_5=0.9840 | acc_6=0.1310 | acc_7=0.4945 | acc_8=0.1055
  Step  33000 | loss=0.0614
  Step  33500 | loss=0.0553
  Step  34000 | loss=0.0579
  Step  34500 | loss=0.0687
  Step  35000 | loss=0.0613
  EVAL step 35000: acc_3=1.0000 | acc_4=0.1575 | acc_5=0.9965 | acc_6=0.1345 | acc_7=0.5020 | acc_8=0.1195
  Step  35500 | loss=0.0838
  Step  36000 | loss=0.0900
  Step  36500 | loss=0.0687
  Step  37000 | loss=0.0385
  Step  37500 | loss=0.0603
  EVAL step 37500: acc_3=1.0000 | acc_4=0.1610 | acc_5=0.9980 | acc_6=0.1260 | acc_7=0.5285 | acc_8=0.1090
  Step  38000 | loss=0.1081
  Step  38500 | loss=0.0752
  Step  39000 | loss=0.0547
  Step  39500 | loss=0.0812
  Step  40000 | loss=0.0667
  EVAL step 40000: acc_3=1.0000 | acc_4=0.1405 | acc_5=1.0000 | acc_6=0.1360 | acc_7=0.5030 | acc_8=0.1100
  Pushed checkpoint step-40000 to ijinyu1113/transition_357_468_later_seed1_v3
  Step  40500 | loss=0.0805
  Step  41000 | loss=0.0728
  Step  41500 | loss=0.0706
  Step  42000 | loss=0.0648
  Step  42500 | loss=0.0463
  EVAL step 42500: acc_3=1.0000 | acc_4=0.1410 | acc_5=1.0000 | acc_6=0.1385 | acc_7=0.5050 | acc_8=0.1225
  Step  43000 | loss=0.0730
  Step  43500 | loss=0.0594
  Step  44000 | loss=0.0462
  Step  44500 | loss=0.0681
  Step  45000 | loss=0.0618
  EVAL step 45000: acc_3=1.0000 | acc_4=0.1585 | acc_5=1.0000 | acc_6=0.1295 | acc_7=0.4955 | acc_8=0.1150
  Step  45500 | loss=0.0616
  Step  46000 | loss=0.0648
  Step  46500 | loss=0.0527
  Step  47000 | loss=0.0581
  Step  47500 | loss=0.0952
  EVAL step 47500: acc_3=1.0000 | acc_4=0.1460 | acc_5=1.0000 | acc_6=0.1320 | acc_7=0.5190 | acc_8=0.1145
  Step  48000 | loss=0.0461
  Step  48500 | loss=0.0412
  Step  49000 | loss=0.0340
  Step  49500 | loss=0.0364
  Step  50000 | loss=0.0419
  EVAL step 50000: acc_3=1.0000 | acc_4=0.1485 | acc_5=1.0000 | acc_6=0.1375 | acc_7=0.5150 | acc_8=0.1140
  Step  50500 | loss=0.0427
  Step  51000 | loss=0.0385
  Step  51500 | loss=0.0526
  Step  52000 | loss=0.0446
  Step  52500 | loss=0.0165
  EVAL step 52500: acc_3=1.0000 | acc_4=0.1385 | acc_5=1.0000 | acc_6=0.1285 | acc_7=0.5205 | acc_8=0.1250
  Step  53000 | loss=0.0461
  Step  53500 | loss=0.0198
  Step  54000 | loss=0.0210
  Step  54500 | loss=0.0379
  Step  55000 | loss=0.0337
  EVAL step 55000: acc_3=1.0000 | acc_4=0.1335 | acc_5=0.9995 | acc_6=0.1230 | acc_7=0.5310 | acc_8=0.1175
  Step  55500 | loss=0.0400
  Step  56000 | loss=0.0185
  Step  56500 | loss=0.0183
  Step  57000 | loss=0.0378
  Step  57500 | loss=0.0243
  EVAL step 57500: acc_3=0.9995 | acc_4=0.1350 | acc_5=1.0000 | acc_6=0.1305 | acc_7=0.5450 | acc_8=0.1195
  Step  58000 | loss=0.0105
  Step  58500 | loss=0.0036
  Step  59000 | loss=0.0203
  Step  59500 | loss=0.0063
  Step  60000 | loss=0.0146
  EVAL step 60000: acc_3=1.0000 | acc_4=0.1280 | acc_5=0.9995 | acc_6=0.1225 | acc_7=0.5780 | acc_8=0.1130
  Pushed checkpoint step-60000 to ijinyu1113/transition_357_468_later_seed1_v3
  Step  60500 | loss=0.0251
  Step  61000 | loss=0.0185
  Step  61500 | loss=0.0010
  Step  62000 | loss=0.0050
  Step  62500 | loss=0.0295
  EVAL step 62500: acc_3=1.0000 | acc_4=0.1380 | acc_5=0.9995 | acc_6=0.1285 | acc_7=0.5895 | acc_8=0.1080
  Step  63000 | loss=0.0062
  Step  63500 | loss=0.0014
  Step  64000 | loss=0.0101
  Step  64500 | loss=0.0129
  Step  65000 | loss=0.1041
  EVAL step 65000: acc_3=1.0000 | acc_4=0.1300 | acc_5=0.9995 | acc_6=0.1205 | acc_7=0.5755 | acc_8=0.1085
  Step  65500 | loss=0.0008
  Step  66000 | loss=0.0102
  Step  66500 | loss=0.0229
  Step  67000 | loss=0.0014
  Step  67500 | loss=0.0008
  EVAL step 67500: acc_3=1.0000 | acc_4=0.1210 | acc_5=0.9995 | acc_6=0.1220 | acc_7=0.6010 | acc_8=0.1140
  Step  68000 | loss=0.0017
  Step  68500 | loss=0.0005
  Step  69000 | loss=0.0003
  Step  69500 | loss=0.0011
  Step  70000 | loss=0.0013
  EVAL step 70000: acc_3=1.0000 | acc_4=0.1455 | acc_5=0.9990 | acc_6=0.1260 | acc_7=0.6070 | acc_8=0.1145
  Step  70500 | loss=0.0039
  Step  71000 | loss=0.0014
  Step  71500 | loss=0.0009
  Step  72000 | loss=0.0000
  Step  72500 | loss=0.0261
  EVAL step 72500: acc_3=0.9960 | acc_4=0.1190 | acc_5=0.9965 | acc_6=0.1240 | acc_7=0.6195 | acc_8=0.1090
  Step  73000 | loss=0.0125
  Step  73500 | loss=0.0003
  Step  74000 | loss=0.0001
  Step  74500 | loss=0.0004
  Step  75000 | loss=0.0012
  EVAL step 75000: acc_3=0.9995 | acc_4=0.1400 | acc_5=1.0000 | acc_6=0.1180 | acc_7=0.6120 | acc_8=0.1075

=== TRANSITION at step 75000: switching from 357 to 468_later ===

  Step  75500 | loss=0.5131
  Step  76000 | loss=0.5278
  Step  76500 | loss=0.4875
  Step  77000 | loss=0.5354
  Step  77500 | loss=0.4699
  EVAL step 77500: acc_3=1.0000 | acc_4=0.3055 | acc_5=0.9995 | acc_6=0.1980 | acc_7=0.5920 | acc_8=0.1210
  Step  78000 | loss=0.4832
  Step  78500 | loss=0.4839
  Step  79000 | loss=0.4135
  Step  79500 | loss=0.4168
  Step  80000 | loss=0.3822
  EVAL step 80000: acc_3=0.9970 | acc_4=0.2615 | acc_5=0.9995 | acc_6=0.2140 | acc_7=0.5965 | acc_8=0.1765
  Pushed checkpoint step-80000 to ijinyu1113/transition_357_468_later_seed1_v3
  Step  80500 | loss=0.4754
  Step  81000 | loss=0.3834
  Step  81500 | loss=0.3036
  Step  82000 | loss=0.3738
  Step  82500 | loss=0.3058
  EVAL step 82500: acc_3=0.9990 | acc_4=0.3260 | acc_5=0.9985 | acc_6=0.4800 | acc_7=0.5865 | acc_8=0.2845
  Step  83000 | loss=0.2038
  Step  83500 | loss=0.2778
  Step  84000 | loss=0.1769
  Step  84500 | loss=0.1217
  Step  85000 | loss=0.1639
  EVAL step 85000: acc_3=0.9975 | acc_4=0.4460 | acc_5=0.9995 | acc_6=0.7220 | acc_7=0.5830 | acc_8=0.3260
  Step  85500 | loss=0.1517
  Step  86000 | loss=0.0989
  Step  86500 | loss=0.0558
  Step  87000 | loss=0.0723
  Step  87500 | loss=0.0526
  EVAL step 87500: acc_3=0.9970 | acc_4=0.5500 | acc_5=0.9975 | acc_6=0.7705 | acc_7=0.5815 | acc_8=0.3155
  Step  88000 | loss=0.0404
  Step  88500 | loss=0.0467
  Step  89000 | loss=0.0328
  Step  89500 | loss=0.0436
  Step  90000 | loss=0.0298
  EVAL step 90000: acc_3=0.9965 | acc_4=0.6290 | acc_5=0.9985 | acc_6=0.7895 | acc_7=0.5880 | acc_8=0.3245
  Step  90500 | loss=0.0152
  Step  91000 | loss=0.0521
  Step  91500 | loss=0.0324
  Step  92000 | loss=0.0157
  Step  92500 | loss=0.0192
  EVAL step 92500: acc_3=0.9985 | acc_4=0.6530 | acc_5=0.9990 | acc_6=0.8250 | acc_7=0.5645 | acc_8=0.3290
  Step  93000 | loss=0.0207
  Step  93500 | loss=0.0040
  Step  94000 | loss=0.0022
  Step  94500 | loss=0.0228
  Step  95000 | loss=0.0105
  EVAL step 95000: acc_3=0.9985 | acc_4=0.6825 | acc_5=0.9985 | acc_6=0.8325 | acc_7=0.5770 | acc_8=0.3140
  Step  95500 | loss=0.0032
  Step  96000 | loss=0.0287
  Step  96500 | loss=0.0173
  Step  97000 | loss=0.0062
  Step  97500 | loss=0.0196
  EVAL step 97500: acc_3=0.9980 | acc_4=0.6955 | acc_5=0.9990 | acc_6=0.8455 | acc_7=0.5715 | acc_8=0.3300
  Step  98000 | loss=0.0073
  Step  98500 | loss=0.0099
  Step  99000 | loss=0.0005
  Step  99500 | loss=0.0013
  Step 100000 | loss=0.0017
  EVAL step 100000: acc_3=0.9975 | acc_4=0.7115 | acc_5=0.9985 | acc_6=0.8450 | acc_7=0.5790 | acc_8=0.3390
  Pushed checkpoint step-100000 to ijinyu1113/transition_357_468_later_seed1_v3
  Step 100500 | loss=0.0041
  Step 101000 | loss=0.0135
  Step 101500 | loss=0.0030
  Step 102000 | loss=0.0004
  Step 102500 | loss=0.0026
  EVAL step 102500: acc_3=0.9985 | acc_4=0.7110 | acc_5=0.9980 | acc_6=0.8745 | acc_7=0.5960 | acc_8=0.3315
  Step 103000 | loss=0.0020
  Step 103500 | loss=0.0007
  Step 104000 | loss=0.0002
  Step 104500 | loss=0.0005
  Step 105000 | loss=0.0016
  EVAL step 105000: acc_3=0.9980 | acc_4=0.7220 | acc_5=0.9970 | acc_6=0.8585 | acc_7=0.5745 | acc_8=0.3210
  Step 105500 | loss=0.0002
  Step 106000 | loss=0.0004
  Step 106500 | loss=0.0057
  Step 107000 | loss=0.0000
  Step 107500 | loss=0.0006
  EVAL step 107500: acc_3=0.9990 | acc_4=0.7365 | acc_5=0.9990 | acc_6=0.8800 | acc_7=0.5805 | acc_8=0.3335
  Step 108000 | loss=0.0006
  Step 108500 | loss=0.0127
  Step 109000 | loss=0.0000
  Step 109500 | loss=0.0141
  Step 110000 | loss=0.0130
  EVAL step 110000: acc_3=0.9995 | acc_4=0.7405 | acc_5=0.9995 | acc_6=0.8795 | acc_7=0.5830 | acc_8=0.3265
  Step 110500 | loss=0.0008
  Step 111000 | loss=0.0000
  Step 111500 | loss=0.0002
  Step 112000 | loss=0.0000
  Step 112500 | loss=0.0001
  EVAL step 112500: acc_3=0.9985 | acc_4=0.7400 | acc_5=0.9965 | acc_6=0.8980 | acc_7=0.5820 | acc_8=0.3310
  Step 113000 | loss=0.0002
  Step 113500 | loss=0.0001
  Step 114000 | loss=0.0003
  Step 114500 | loss=0.0000
  Step 115000 | loss=0.0011
  EVAL step 115000: acc_3=0.9985 | acc_4=0.7455 | acc_5=0.9985 | acc_6=0.8870 | acc_7=0.5880 | acc_8=0.3290
  Step 115500 | loss=0.0005
  Step 116000 | loss=0.0001
  Step 116500 | loss=0.0000
  Step 117000 | loss=0.0000
  Step 117500 | loss=0.0000
  EVAL step 117500: acc_3=0.9980 | acc_4=0.7560 | acc_5=0.9995 | acc_6=0.8870 | acc_7=0.5860 | acc_8=0.3260
  Step 118000 | loss=0.0002
  Step 118500 | loss=0.0000
  Step 119000 | loss=0.0001
  Step 119500 | loss=0.0000
  Step 120000 | loss=0.0000
  EVAL step 120000: acc_3=0.9985 | acc_4=0.7475 | acc_5=0.9995 | acc_6=0.9055 | acc_7=0.5765 | acc_8=0.3290
  Pushed checkpoint step-120000 to ijinyu1113/transition_357_468_later_seed1_v3
  Step 120500 | loss=0.0000
  Step 121000 | loss=0.0000
  Step 121500 | loss=0.0000
  Step 122000 | loss=0.0000
  Step 122500 | loss=0.0000
  EVAL step 122500: acc_3=0.9980 | acc_4=0.7415 | acc_5=0.9990 | acc_6=0.8965 | acc_7=0.5755 | acc_8=0.3250
  Step 123000 | loss=0.0000
  Step 123500 | loss=0.0000
  Step 124000 | loss=0.0000
  Step 124500 | loss=0.0000
  Step 125000 | loss=0.0001
  EVAL step 125000: acc_3=0.9985 | acc_4=0.7485 | acc_5=0.9990 | acc_6=0.8880 | acc_7=0.5845 | acc_8=0.3275
  Step 125500 | loss=0.0000
  Step 126000 | loss=0.0043
  Step 126500 | loss=0.0000
  Step 127000 | loss=0.0000
  Step 127500 | loss=0.0000
  EVAL step 127500: acc_3=0.9985 | acc_4=0.7605 | acc_5=0.9990 | acc_6=0.9100 | acc_7=0.5780 | acc_8=0.3225
  Step 128000 | loss=0.0000
  Step 128500 | loss=0.0000
  Step 129000 | loss=0.0000
  Step 129500 | loss=0.0000
  Step 130000 | loss=0.0000
  EVAL step 130000: acc_3=0.9985 | acc_4=0.7595 | acc_5=0.9990 | acc_6=0.9110 | acc_7=0.5760 | acc_8=0.3210
  Step 130500 | loss=0.0000
  Step 131000 | loss=0.0000
  Step 131500 | loss=0.0000
  Step 132000 | loss=0.0000
  Step 132500 | loss=0.0000
  EVAL step 132500: acc_3=0.9990 | acc_4=0.7610 | acc_5=0.9995 | acc_6=0.9140 | acc_7=0.5750 | acc_8=0.3210
  Step 133000 | loss=0.0000
  Step 133500 | loss=0.0000
  Step 134000 | loss=0.0000
  Step 134500 | loss=0.0000
  Step 135000 | loss=0.0000
  EVAL step 135000: acc_3=0.9990 | acc_4=0.7610 | acc_5=0.9995 | acc_6=0.9180 | acc_7=0.5795 | acc_8=0.3215
  Step 135500 | loss=0.0000
  Step 136000 | loss=0.0000
  Step 136500 | loss=0.0000
  Step 137000 | loss=0.0000
  Step 137500 | loss=0.0000
  EVAL step 137500: acc_3=0.9990 | acc_4=0.7575 | acc_5=0.9995 | acc_6=0.9215 | acc_7=0.5820 | acc_8=0.3195
  Step 138000 | loss=0.0000
  Step 138500 | loss=0.0000
  Step 139000 | loss=0.0000
  Step 139500 | loss=0.0000
  Step 140000 | loss=0.0000
  EVAL step 140000: acc_3=0.9990 | acc_4=0.7590 | acc_5=0.9995 | acc_6=0.9215 | acc_7=0.5805 | acc_8=0.3180
  Pushed checkpoint step-140000 to ijinyu1113/transition_357_468_later_seed1_v3
  Step 140500 | loss=0.0000
  Step 141000 | loss=0.0000
  Step 141500 | loss=0.0000
  Step 142000 | loss=0.0000
  Step 142500 | loss=0.0000
  EVAL step 142500: acc_3=0.9990 | acc_4=0.7580 | acc_5=0.9995 | acc_6=0.9230 | acc_7=0.5810 | acc_8=0.3180
  Step 143000 | loss=0.0000
  Step 143500 | loss=0.0000
  Step 144000 | loss=0.0000
  Step 144500 | loss=0.0000
  Step 145000 | loss=0.0000
  EVAL step 145000: acc_3=0.9985 | acc_4=0.7585 | acc_5=0.9995 | acc_6=0.9240 | acc_7=0.5830 | acc_8=0.3200
  Step 145500 | loss=0.0000
  Step 146000 | loss=0.0000
  Step 146500 | loss=0.0000
  Step 147000 | loss=0.0000
  Step 147500 | loss=0.0000
  EVAL step 147500: acc_3=0.9985 | acc_4=0.7585 | acc_5=0.9995 | acc_6=0.9240 | acc_7=0.5825 | acc_8=0.3200
  Step 148000 | loss=0.0000
  Step 148500 | loss=0.0000
  Step 149000 | loss=0.0000
  Step 149500 | loss=0.0000
  Step 150000 | loss=0.0000
  EVAL step 150000: acc_3=0.9985 | acc_4=0.7585 | acc_5=0.9995 | acc_6=0.9240 | acc_7=0.5825 | acc_8=0.3200
  Pushed checkpoint step-150000 to ijinyu1113/transition_357_468_later_seed1_v3
Training complete. Checkpoints at ijinyu1113/transition_357_468_later_seed1_v3
