Using base checkpoint: step143000
Config: 468 -> 357_later, seed=123, HF_REPO=ijinyu1113/transition_468_357_later_seed123_v3

STARTING TRANSITION: 468 -> 357_later, LR=3e-05, BS=64, Warmup=15000
  Step    500 | loss=0.6224
  Step   1000 | loss=0.6376
  Step   1500 | loss=0.6053
  Step   2000 | loss=0.6129
  Step   2500 | loss=0.6081
  EVAL step 2500: acc_3=0.2500 | acc_4=0.2025 | acc_5=0.1595 | acc_6=0.1510 | acc_7=0.1170 | acc_8=0.0970
  TRAIN step 2500 (468): acc_3=0.0000 | acc_4=0.2039 | acc_5=0.0000 | acc_6=0.1443 | acc_7=0.0000 | acc_8=0.1111
  Step   3000 | loss=0.6114
  Step   3500 | loss=0.6030
  Step   4000 | loss=0.6122
  Step   4500 | loss=0.6119
  Step   5000 | loss=0.6093
  EVAL step 5000: acc_3=0.2510 | acc_4=0.1965 | acc_5=0.2265 | acc_6=0.1705 | acc_7=0.1115 | acc_8=0.1155
  TRAIN step 5000 (468): acc_3=0.0000 | acc_4=0.2261 | acc_5=0.0000 | acc_6=0.1789 | acc_7=0.0000 | acc_8=0.1105
  Pushed checkpoint step-5000 to ijinyu1113/transition_468_357_later_seed123_v3
  Step   5500 | loss=0.6146
  Step   6000 | loss=0.6176
  Step   6500 | loss=0.5966
  Step   7000 | loss=0.5983
  Step   7500 | loss=0.6118
  EVAL step 7500: acc_3=0.2510 | acc_4=0.2095 | acc_5=0.1520 | acc_6=0.1470 | acc_7=0.1225 | acc_8=0.1005
  TRAIN step 7500 (468): acc_3=0.0000 | acc_4=0.2043 | acc_5=0.0000 | acc_6=0.1672 | acc_7=0.0000 | acc_8=0.1267
  Step   8000 | loss=0.6124
  Step   8500 | loss=0.6095
  Step   9000 | loss=0.6145
  Step   9500 | loss=0.6188
  Step  10000 | loss=0.6036
  EVAL step 10000: acc_3=0.1370 | acc_4=0.2280 | acc_5=0.1675 | acc_6=0.1480 | acc_7=0.1225 | acc_8=0.1125
  TRAIN step 10000 (468): acc_3=0.0000 | acc_4=0.2622 | acc_5=0.0000 | acc_6=0.1707 | acc_7=0.0000 | acc_8=0.1475
  Pushed checkpoint step-10000 to ijinyu1113/transition_468_357_later_seed123_v3
  Step  10500 | loss=0.6393
  Step  11000 | loss=0.6141
  Step  11500 | loss=0.6095
  Step  12000 | loss=0.6158
  Step  12500 | loss=0.6020
  EVAL step 12500: acc_3=0.2065 | acc_4=0.2125 | acc_5=0.1680 | acc_6=0.1525 | acc_7=0.1305 | acc_8=0.1255
  TRAIN step 12500 (468): acc_3=0.0000 | acc_4=0.2545 | acc_5=0.0000 | acc_6=0.1735 | acc_7=0.0000 | acc_8=0.1384
  Step  13000 | loss=0.6304
  Step  13500 | loss=0.5960
  Step  14000 | loss=0.6183
  Step  14500 | loss=0.5768
  Step  15000 | loss=0.5738
  EVAL step 15000: acc_3=0.2315 | acc_4=0.2195 | acc_5=0.1640 | acc_6=0.1335 | acc_7=0.1235 | acc_8=0.0990
  TRAIN step 15000 (468): acc_3=0.0000 | acc_4=0.2596 | acc_5=0.0000 | acc_6=0.1969 | acc_7=0.0000 | acc_8=0.1441
  Pushed checkpoint step-15000 to ijinyu1113/transition_468_357_later_seed123_v3
  Step  15500 | loss=0.6105
  Step  16000 | loss=0.5993
  Step  16500 | loss=0.6015
  Step  17000 | loss=0.6003
  Step  17500 | loss=0.6131
  EVAL step 17500: acc_3=0.2140 | acc_4=0.2205 | acc_5=0.1570 | acc_6=0.1415 | acc_7=0.1295 | acc_8=0.1205
  TRAIN step 17500 (468): acc_3=0.0000 | acc_4=0.2689 | acc_5=0.0000 | acc_6=0.1939 | acc_7=0.0000 | acc_8=0.1599
  Step  18000 | loss=0.5838
  Step  18500 | loss=0.5991
  Step  19000 | loss=0.5663
  Step  19500 | loss=0.6012
  Step  20000 | loss=0.5966
  EVAL step 20000: acc_3=0.2150 | acc_4=0.2140 | acc_5=0.1640 | acc_6=0.1350 | acc_7=0.1295 | acc_8=0.1240
  TRAIN step 20000 (468): acc_3=0.0000 | acc_4=0.2625 | acc_5=0.0000 | acc_6=0.2053 | acc_7=0.0000 | acc_8=0.1840
  Pushed checkpoint step-20000 to ijinyu1113/transition_468_357_later_seed123_v3
  Step  20500 | loss=0.5735
  Step  21000 | loss=0.6274
  Step  21500 | loss=0.6115
  Step  22000 | loss=0.5752
  Step  22500 | loss=0.6093
  EVAL step 22500: acc_3=0.2005 | acc_4=0.2175 | acc_5=0.1480 | acc_6=0.1375 | acc_7=0.1290 | acc_8=0.1065
  TRAIN step 22500 (468): acc_3=0.0000 | acc_4=0.2975 | acc_5=0.0000 | acc_6=0.2365 | acc_7=0.0000 | acc_8=0.1900
  Step  23000 | loss=0.5884
  Step  23500 | loss=0.6103
  Step  24000 | loss=0.5388
  Step  24500 | loss=0.5533
  Step  25000 | loss=0.5967
  EVAL step 25000: acc_3=0.2065 | acc_4=0.2330 | acc_5=0.1595 | acc_6=0.1425 | acc_7=0.1280 | acc_8=0.1140
  TRAIN step 25000 (468): acc_3=0.0000 | acc_4=0.3195 | acc_5=0.0000 | acc_6=0.2394 | acc_7=0.0000 | acc_8=0.2013
  Pushed checkpoint step-25000 to ijinyu1113/transition_468_357_later_seed123_v3
  Step  25500 | loss=0.6023
  Step  26000 | loss=0.6123
  Step  26500 | loss=0.5619
  Step  27000 | loss=0.5988
  Step  27500 | loss=0.5559
  EVAL step 27500: acc_3=0.1920 | acc_4=0.3285 | acc_5=0.1170 | acc_6=0.1515 | acc_7=0.1160 | acc_8=0.1065
  TRAIN step 27500 (468): acc_3=0.0000 | acc_4=0.4144 | acc_5=0.0000 | acc_6=0.2601 | acc_7=0.0000 | acc_8=0.2317
  Step  28000 | loss=0.5101
  Step  28500 | loss=0.4678
  Step  29000 | loss=0.5027
  Step  29500 | loss=0.3815
  Step  30000 | loss=0.3897
  EVAL step 30000: acc_3=0.2245 | acc_4=0.9725 | acc_5=0.1460 | acc_6=0.1455 | acc_7=0.1220 | acc_8=0.1220
  TRAIN step 30000 (468): acc_3=0.0000 | acc_4=0.9779 | acc_5=0.0000 | acc_6=0.2830 | acc_7=0.0000 | acc_8=0.2749
  Pushed checkpoint step-30000 to ijinyu1113/transition_468_357_later_seed123_v3
  Step  30500 | loss=0.3538
  Step  31000 | loss=0.3583
  Step  31500 | loss=0.2771
  Step  32000 | loss=0.3349
  Step  32500 | loss=0.3270
  EVAL step 32500: acc_3=0.2415 | acc_4=0.9945 | acc_5=0.1580 | acc_6=0.1865 | acc_7=0.1180 | acc_8=0.1305
  TRAIN step 32500 (468): acc_3=0.0000 | acc_4=0.9974 | acc_5=0.0000 | acc_6=0.3972 | acc_7=0.0000 | acc_8=0.3855
  Step  33000 | loss=0.3730
  Step  33500 | loss=0.3450
  Step  34000 | loss=0.2940
  Step  34500 | loss=0.2285
  Step  35000 | loss=0.2370
  EVAL step 35000: acc_3=0.2230 | acc_4=0.9890 | acc_5=0.1485 | acc_6=0.4530 | acc_7=0.1330 | acc_8=0.1485
  TRAIN step 35000 (468): acc_3=0.0000 | acc_4=0.9907 | acc_5=0.0000 | acc_6=0.7143 | acc_7=0.0000 | acc_8=0.5561
  Pushed checkpoint step-35000 to ijinyu1113/transition_468_357_later_seed123_v3
  Step  35500 | loss=0.2206
  Step  36000 | loss=0.1527
  Step  36500 | loss=0.1232
  Step  37000 | loss=0.1961
  Step  37500 | loss=0.1489
  EVAL step 37500: acc_3=0.2095 | acc_4=0.9960 | acc_5=0.1345 | acc_6=0.7610 | acc_7=0.1170 | acc_8=0.1775
  TRAIN step 37500 (468): acc_3=0.0000 | acc_4=0.9973 | acc_5=0.0000 | acc_6=0.9157 | acc_7=0.0000 | acc_8=0.7384
  Step  38000 | loss=0.1605
  Step  38500 | loss=0.1615
  Step  39000 | loss=0.0985
  Step  39500 | loss=0.0463
  Step  40000 | loss=0.0816
  EVAL step 40000: acc_3=0.1955 | acc_4=0.9955 | acc_5=0.1380 | acc_6=0.8725 | acc_7=0.1130 | acc_8=0.2090
  TRAIN step 40000 (468): acc_3=0.0000 | acc_4=0.9967 | acc_5=0.0000 | acc_6=0.9634 | acc_7=0.0000 | acc_8=0.8764
  Pushed checkpoint step-40000 to ijinyu1113/transition_468_357_later_seed123_v3
  Step  40500 | loss=0.0713
  Step  41000 | loss=0.0524
  Step  41500 | loss=0.0530
  Step  42000 | loss=0.0254
  Step  42500 | loss=0.0195
  EVAL step 42500: acc_3=0.1925 | acc_4=0.9780 | acc_5=0.1400 | acc_6=0.8470 | acc_7=0.1170 | acc_8=0.2210
  TRAIN step 42500 (468): acc_3=0.0000 | acc_4=0.9863 | acc_5=0.0000 | acc_6=0.9504 | acc_7=0.0000 | acc_8=0.9363
  Step  43000 | loss=0.0220
  Step  43500 | loss=0.0264
  Step  44000 | loss=0.0331
  Step  44500 | loss=0.0325
  Step  45000 | loss=0.0202
  EVAL step 45000: acc_3=0.1925 | acc_4=0.9960 | acc_5=0.1255 | acc_6=0.9175 | acc_7=0.1120 | acc_8=0.2470
  TRAIN step 45000 (468): acc_3=0.0000 | acc_4=0.9969 | acc_5=0.0000 | acc_6=0.9744 | acc_7=0.0000 | acc_8=0.9593
  Pushed checkpoint step-45000 to ijinyu1113/transition_468_357_later_seed123_v3
  Step  45500 | loss=0.0324
  Step  46000 | loss=0.0506
  Step  46500 | loss=0.0050
  Step  47000 | loss=0.0103
  Step  47500 | loss=0.0145
  EVAL step 47500: acc_3=0.1795 | acc_4=0.9970 | acc_5=0.1220 | acc_6=0.9290 | acc_7=0.1220 | acc_8=0.2535
  TRAIN step 47500 (468): acc_3=0.0000 | acc_4=0.9981 | acc_5=0.0000 | acc_6=0.9869 | acc_7=0.0000 | acc_8=0.9671
  Step  48000 | loss=0.0106
  Step  48500 | loss=0.0249
  Step  49000 | loss=0.0355
  Step  49500 | loss=0.0128
  Step  50000 | loss=0.0689
  EVAL step 50000: acc_3=0.1710 | acc_4=0.9955 | acc_5=0.1320 | acc_6=0.9180 | acc_7=0.1090 | acc_8=0.2770
  TRAIN step 50000 (468): acc_3=0.0000 | acc_4=0.9957 | acc_5=0.0000 | acc_6=0.9747 | acc_7=0.0000 | acc_8=0.9819
  Pushed checkpoint step-50000 to ijinyu1113/transition_468_357_later_seed123_v3
  Step  50500 | loss=0.0073
  Step  51000 | loss=0.0055
  Step  51500 | loss=0.0077
  Step  52000 | loss=0.0081
  Step  52500 | loss=0.0237
  EVAL step 52500: acc_3=0.1765 | acc_4=1.0000 | acc_5=0.1325 | acc_6=0.9295 | acc_7=0.1200 | acc_8=0.2800
  TRAIN step 52500 (468): acc_3=0.0000 | acc_4=0.9999 | acc_5=0.0000 | acc_6=0.9768 | acc_7=0.0000 | acc_8=0.9851
  Step  53000 | loss=0.0095
  Step  53500 | loss=0.0106
  Step  54000 | loss=0.0050
  Step  54500 | loss=0.0154
  Step  55000 | loss=0.0047
  EVAL step 55000: acc_3=0.1980 | acc_4=0.9990 | acc_5=0.1300 | acc_6=0.9465 | acc_7=0.1045 | acc_8=0.2660
  TRAIN step 55000 (468): acc_3=0.0000 | acc_4=0.9994 | acc_5=0.0000 | acc_6=0.9865 | acc_7=0.0000 | acc_8=0.9807
  Pushed checkpoint step-55000 to ijinyu1113/transition_468_357_later_seed123_v3
  Step  55500 | loss=0.0492
  Step  56000 | loss=0.0044
  Step  56500 | loss=0.0292
  Step  57000 | loss=0.0051
  Step  57500 | loss=0.0030
  EVAL step 57500: acc_3=0.1940 | acc_4=0.9990 | acc_5=0.1340 | acc_6=0.9680 | acc_7=0.1125 | acc_8=0.2905
  TRAIN step 57500 (468): acc_3=0.0000 | acc_4=0.9995 | acc_5=0.0000 | acc_6=0.9929 | acc_7=0.0000 | acc_8=0.9841
  Step  58000 | loss=0.0025
  Step  58500 | loss=0.0005
  Step  59000 | loss=0.0027
  Step  59500 | loss=0.0005
  Step  60000 | loss=0.0016
  EVAL step 60000: acc_3=0.1845 | acc_4=0.9965 | acc_5=0.1405 | acc_6=0.9750 | acc_7=0.1215 | acc_8=0.2910
  TRAIN step 60000 (468): acc_3=0.0000 | acc_4=0.9985 | acc_5=0.0000 | acc_6=0.9955 | acc_7=0.0000 | acc_8=0.9875
  Pushed checkpoint step-60000 to ijinyu1113/transition_468_357_later_seed123_v3
  Step  60500 | loss=0.0006
  Step  61000 | loss=0.0022
  Step  61500 | loss=0.0002
  Step  62000 | loss=0.0003
  Step  62500 | loss=0.0009
  EVAL step 62500: acc_3=0.2060 | acc_4=0.9995 | acc_5=0.1305 | acc_6=0.9720 | acc_7=0.1070 | acc_8=0.2915
  TRAIN step 62500 (468): acc_3=0.0000 | acc_4=0.9990 | acc_5=0.0000 | acc_6=0.9969 | acc_7=0.0000 | acc_8=0.9927
  Step  63000 | loss=0.0120
  Step  63500 | loss=0.0013
  Step  64000 | loss=0.0167
  Step  64500 | loss=0.0016
  Step  65000 | loss=0.0071
  EVAL step 65000: acc_3=0.1915 | acc_4=0.9995 | acc_5=0.1415 | acc_6=0.9720 | acc_7=0.1130 | acc_8=0.3040
  TRAIN step 65000 (468): acc_3=0.0000 | acc_4=0.9999 | acc_5=0.0000 | acc_6=0.9930 | acc_7=0.0000 | acc_8=0.9943
  Pushed checkpoint step-65000 to ijinyu1113/transition_468_357_later_seed123_v3
  Step  65500 | loss=0.0006
  Step  66000 | loss=0.0007
  Step  66500 | loss=0.0017
  Step  67000 | loss=0.0003
  Step  67500 | loss=0.0087
  EVAL step 67500: acc_3=0.1810 | acc_4=1.0000 | acc_5=0.1355 | acc_6=0.9805 | acc_7=0.1155 | acc_8=0.3225
  TRAIN step 67500 (468): acc_3=0.0000 | acc_4=0.9999 | acc_5=0.0000 | acc_6=0.9985 | acc_7=0.0000 | acc_8=0.9933
  Step  68000 | loss=0.0001
  Step  68500 | loss=0.0010
  Step  69000 | loss=0.0303
  Step  69500 | loss=0.0051
  Step  70000 | loss=0.0016
  EVAL step 70000: acc_3=0.1565 | acc_4=1.0000 | acc_5=0.1295 | acc_6=0.9855 | acc_7=0.1095 | acc_8=0.3025
  TRAIN step 70000 (468): acc_3=0.0000 | acc_4=0.9997 | acc_5=0.0000 | acc_6=0.9981 | acc_7=0.0000 | acc_8=0.9940
  Pushed checkpoint step-70000 to ijinyu1113/transition_468_357_later_seed123_v3
  Step  70500 | loss=0.0010
  Step  71000 | loss=0.0009
  Step  71500 | loss=0.0001
  Step  72000 | loss=0.0019
  Step  72500 | loss=0.0011
  EVAL step 72500: acc_3=0.1850 | acc_4=0.9995 | acc_5=0.1425 | acc_6=0.9835 | acc_7=0.1170 | acc_8=0.3305
  TRAIN step 72500 (468): acc_3=0.0000 | acc_4=0.9994 | acc_5=0.0000 | acc_6=0.9981 | acc_7=0.0000 | acc_8=0.9943
  Step  73000 | loss=0.0002
  Step  73500 | loss=0.0004
  Step  74000 | loss=0.0000
  Step  74500 | loss=0.0007
  Step  75000 | loss=0.0001
  EVAL step 75000: acc_3=0.1700 | acc_4=0.9995 | acc_5=0.1330 | acc_6=0.9845 | acc_7=0.1110 | acc_8=0.3300
  TRAIN step 75000 (468): acc_3=0.0000 | acc_4=1.0000 | acc_5=0.0000 | acc_6=0.9978 | acc_7=0.0000 | acc_8=0.9985
  TRAIN step 75000 (357_later): acc_3=0.1728 | acc_4=0.9997 | acc_5=0.1342 | acc_6=0.9862 | acc_7=0.1096 | acc_8=0.3452
  Pushed checkpoint step-75000 to ijinyu1113/transition_468_357_later_seed123_v3

=== TRANSITION at step 75000: switching from 468 to 357_later ===

  Step  75500 | loss=0.4937
  Step  76000 | loss=0.4815
  Step  76500 | loss=0.3005
  Step  77000 | loss=0.1416
  Step  77500 | loss=0.0738
  EVAL step 77500: acc_3=0.9710 | acc_4=0.9905 | acc_5=0.9010 | acc_6=0.9840 | acc_7=0.6505 | acc_8=0.3710
  TRAIN step 77500 (468): acc_3=0.0000 | acc_4=0.9918 | acc_5=0.0000 | acc_6=0.9843 | acc_7=0.0000 | acc_8=0.6585
  TRAIN step 77500 (357_later): acc_3=0.9855 | acc_4=0.9960 | acc_5=0.9364 | acc_6=0.9926 | acc_7=0.7971 | acc_8=0.8669
  Step  78000 | loss=0.0538
  Step  78500 | loss=0.0483
  Step  79000 | loss=0.0131
  Step  79500 | loss=0.0047
  Step  80000 | loss=0.0031
  EVAL step 80000: acc_3=0.9950 | acc_4=0.9920 | acc_5=0.9785 | acc_6=0.9875 | acc_7=0.9095 | acc_8=0.4190
  TRAIN step 80000 (468): acc_3=0.0000 | acc_4=0.9907 | acc_5=0.0000 | acc_6=0.9941 | acc_7=0.0000 | acc_8=0.6844
  TRAIN step 80000 (357_later): acc_3=0.9978 | acc_4=0.9917 | acc_5=0.9913 | acc_6=0.9966 | acc_7=0.9610 | acc_8=0.9748
  Pushed checkpoint step-80000 to ijinyu1113/transition_468_357_later_seed123_v3
  Step  80500 | loss=0.0042
  Step  81000 | loss=0.0039
  Step  81500 | loss=0.0004
  Step  82000 | loss=0.0117
  Step  82500 | loss=0.0102
  EVAL step 82500: acc_3=0.9955 | acc_4=0.9955 | acc_5=0.9900 | acc_6=0.9915 | acc_7=0.9395 | acc_8=0.4260
  TRAIN step 82500 (468): acc_3=0.0000 | acc_4=0.9948 | acc_5=0.0000 | acc_6=0.9971 | acc_7=0.0000 | acc_8=0.6703
  TRAIN step 82500 (357_later): acc_3=0.9982 | acc_4=0.9980 | acc_5=0.9969 | acc_6=0.9990 | acc_7=0.9790 | acc_8=0.9897
  Step  83000 | loss=0.0014
  Step  83500 | loss=0.0064
  Step  84000 | loss=0.0170
  Step  84500 | loss=0.0027
  Step  85000 | loss=0.0008
  EVAL step 85000: acc_3=0.9950 | acc_4=0.9985 | acc_5=0.9890 | acc_6=0.9910 | acc_7=0.9495 | acc_8=0.4190
  TRAIN step 85000 (468): acc_3=0.0000 | acc_4=0.9981 | acc_5=0.0000 | acc_6=0.9933 | acc_7=0.0000 | acc_8=0.6598
  TRAIN step 85000 (357_later): acc_3=0.9993 | acc_4=1.0000 | acc_5=0.9958 | acc_6=0.9970 | acc_7=0.9814 | acc_8=0.9897
  Pushed checkpoint step-85000 to ijinyu1113/transition_468_357_later_seed123_v3
  Step  85500 | loss=0.1292
  Step  86000 | loss=0.0009
  Step  86500 | loss=0.0166
  Step  87000 | loss=0.0008
  Step  87500 | loss=0.0069
  EVAL step 87500: acc_3=0.9915 | acc_4=0.9950 | acc_5=0.9830 | acc_6=0.9855 | acc_7=0.9685 | acc_8=0.4245
  TRAIN step 87500 (468): acc_3=0.0000 | acc_4=0.9951 | acc_5=0.0000 | acc_6=0.9878 | acc_7=0.0000 | acc_8=0.6335
  TRAIN step 87500 (357_later): acc_3=0.9946 | acc_4=0.9983 | acc_5=0.9947 | acc_6=0.9963 | acc_7=0.9918 | acc_8=0.9963
  Step  88000 | loss=0.0008
  Step  88500 | loss=0.0005
  Step  89000 | loss=0.0121
  Step  89500 | loss=0.0007
  Step  90000 | loss=0.0074
  EVAL step 90000: acc_3=0.9980 | acc_4=0.9980 | acc_5=0.9940 | acc_6=0.9965 | acc_7=0.9620 | acc_8=0.4240
  TRAIN step 90000 (468): acc_3=0.0000 | acc_4=0.9992 | acc_5=0.0000 | acc_6=0.9984 | acc_7=0.0000 | acc_8=0.6432
  TRAIN step 90000 (357_later): acc_3=0.9974 | acc_4=0.9997 | acc_5=0.9965 | acc_6=0.9990 | acc_7=0.9924 | acc_8=0.9950
  Pushed checkpoint step-90000 to ijinyu1113/transition_468_357_later_seed123_v3
  Step  90500 | loss=0.0172
  Step  91000 | loss=0.0005
  Step  91500 | loss=0.0128
  Step  92000 | loss=0.0004
  Step  92500 | loss=0.0124
  EVAL step 92500: acc_3=0.9995 | acc_4=1.0000 | acc_5=0.9980 | acc_6=0.9975 | acc_7=0.9665 | acc_8=0.4405
  TRAIN step 92500 (468): acc_3=0.0000 | acc_4=0.9991 | acc_5=0.0000 | acc_6=0.9984 | acc_7=0.0000 | acc_8=0.6373
  TRAIN step 92500 (357_later): acc_3=0.9997 | acc_4=1.0000 | acc_5=0.9996 | acc_6=1.0000 | acc_7=0.9926 | acc_8=0.9960
  Step  93000 | loss=0.0002
  Step  93500 | loss=0.0029
  Step  94000 | loss=0.0005
  Step  94500 | loss=0.0002
  Step  95000 | loss=0.0003
  EVAL step 95000: acc_3=0.9990 | acc_4=0.9980 | acc_5=0.9950 | acc_6=0.9940 | acc_7=0.9635 | acc_8=0.4340
  TRAIN step 95000 (468): acc_3=0.0000 | acc_4=0.9975 | acc_5=0.0000 | acc_6=0.9961 | acc_7=0.0000 | acc_8=0.6379
  TRAIN step 95000 (357_later): acc_3=0.9987 | acc_4=1.0000 | acc_5=0.9984 | acc_6=0.9997 | acc_7=0.9935 | acc_8=0.9980
  Pushed checkpoint step-95000 to ijinyu1113/transition_468_357_later_seed123_v3
  Step  95500 | loss=0.0005
  Step  96000 | loss=0.0001
  Step  96500 | loss=0.0034
  Step  97000 | loss=0.0575
  Step  97500 | loss=0.0001
  EVAL step 97500: acc_3=0.9965 | acc_4=1.0000 | acc_5=0.9960 | acc_6=0.9960 | acc_7=0.9770 | acc_8=0.4325
  TRAIN step 97500 (468): acc_3=0.0000 | acc_4=0.9996 | acc_5=0.0000 | acc_6=0.9962 | acc_7=0.0000 | acc_8=0.6413
  TRAIN step 97500 (357_later): acc_3=0.9993 | acc_4=1.0000 | acc_5=0.9972 | acc_6=0.9987 | acc_7=0.9963 | acc_8=0.9963
  Step  98000 | loss=0.0001
  Step  98500 | loss=0.0000
  Step  99000 | loss=0.0000
  Step  99500 | loss=0.0000
  Step 100000 | loss=0.0004
  EVAL step 100000: acc_3=0.9995 | acc_4=0.9980 | acc_5=0.9955 | acc_6=0.9955 | acc_7=0.9700 | acc_8=0.4370
  TRAIN step 100000 (468): acc_3=0.0000 | acc_4=0.9991 | acc_5=0.0000 | acc_6=0.9965 | acc_7=0.0000 | acc_8=0.6369
  TRAIN step 100000 (357_later): acc_3=0.9991 | acc_4=1.0000 | acc_5=0.9993 | acc_6=0.9990 | acc_7=0.9941 | acc_8=0.9997
  Pushed checkpoint step-100000 to ijinyu1113/transition_468_357_later_seed123_v3
  Step 100500 | loss=0.0001
  Step 101000 | loss=0.0001
  Step 101500 | loss=0.0001
  Step 102000 | loss=0.0062
  Step 102500 | loss=0.0001
  EVAL step 102500: acc_3=0.9975 | acc_4=0.9985 | acc_5=0.9940 | acc_6=0.9970 | acc_7=0.9805 | acc_8=0.4440
  TRAIN step 102500 (468): acc_3=0.0000 | acc_4=0.9992 | acc_5=0.0000 | acc_6=0.9970 | acc_7=0.0000 | acc_8=0.6307
  TRAIN step 102500 (357_later): acc_3=0.9987 | acc_4=1.0000 | acc_5=0.9977 | acc_6=0.9993 | acc_7=0.9987 | acc_8=0.9993
  Step 103000 | loss=0.0000
  Step 103500 | loss=0.0000
  Step 104000 | loss=0.0000
  Step 104500 | loss=0.0000
  Step 105000 | loss=0.0006
  EVAL step 105000: acc_3=0.9985 | acc_4=1.0000 | acc_5=0.9980 | acc_6=0.9955 | acc_7=0.9810 | acc_8=0.4460
  TRAIN step 105000 (468): acc_3=0.0000 | acc_4=0.9995 | acc_5=0.0000 | acc_6=0.9980 | acc_7=0.0000 | acc_8=0.6223
  TRAIN step 105000 (357_later): acc_3=0.9999 | acc_4=1.0000 | acc_5=0.9992 | acc_6=0.9997 | acc_7=0.9952 | acc_8=0.9997
  Pushed checkpoint step-105000 to ijinyu1113/transition_468_357_later_seed123_v3
  Step 105500 | loss=0.0003
  Step 106000 | loss=0.0000
  Step 106500 | loss=0.0000
  Step 107000 | loss=0.0000
  Step 107500 | loss=0.0000
  EVAL step 107500: acc_3=1.0000 | acc_4=1.0000 | acc_5=0.9985 | acc_6=0.9985 | acc_7=0.9835 | acc_8=0.4495
  TRAIN step 107500 (468): acc_3=0.0000 | acc_4=0.9995 | acc_5=0.0000 | acc_6=0.9987 | acc_7=0.0000 | acc_8=0.6383
  TRAIN step 107500 (357_later): acc_3=1.0000 | acc_4=1.0000 | acc_5=1.0000 | acc_6=1.0000 | acc_7=0.9988 | acc_8=0.9997
  Step 108000 | loss=0.0000
  Step 108500 | loss=0.0006
  Step 109000 | loss=0.0000
  Step 109500 | loss=0.0000
  Step 110000 | loss=0.0000
  EVAL step 110000: acc_3=0.9995 | acc_4=1.0000 | acc_5=0.9995 | acc_6=0.9960 | acc_7=0.9830 | acc_8=0.4515
  TRAIN step 110000 (468): acc_3=0.0000 | acc_4=0.9996 | acc_5=0.0000 | acc_6=0.9983 | acc_7=0.0000 | acc_8=0.6459
  TRAIN step 110000 (357_later): acc_3=1.0000 | acc_4=1.0000 | acc_5=1.0000 | acc_6=1.0000 | acc_7=0.9997 | acc_8=1.0000
  Pushed checkpoint step-110000 to ijinyu1113/transition_468_357_later_seed123_v3
  Step 110500 | loss=0.0000
  Step 111000 | loss=0.0000
  Step 111500 | loss=0.0000
  Step 112000 | loss=0.0000
  Step 112500 | loss=0.0000
  EVAL step 112500: acc_3=0.9995 | acc_4=1.0000 | acc_5=0.9995 | acc_6=0.9965 | acc_7=0.9860 | acc_8=0.4565
  TRAIN step 112500 (468): acc_3=0.0000 | acc_4=0.9996 | acc_5=0.0000 | acc_6=0.9986 | acc_7=0.0000 | acc_8=0.6489
  TRAIN step 112500 (357_later): acc_3=1.0000 | acc_4=1.0000 | acc_5=1.0000 | acc_6=1.0000 | acc_7=1.0000 | acc_8=1.0000
  Step 113000 | loss=0.0000
  Step 113500 | loss=0.0000
  Step 114000 | loss=0.0000
  Step 114500 | loss=0.0000
  Step 115000 | loss=0.0000
  EVAL step 115000: acc_3=0.9995 | acc_4=1.0000 | acc_5=0.9995 | acc_6=0.9970 | acc_7=0.9870 | acc_8=0.4585
  TRAIN step 115000 (468): acc_3=0.0000 | acc_4=0.9996 | acc_5=0.0000 | acc_6=0.9987 | acc_7=0.0000 | acc_8=0.6493
  TRAIN step 115000 (357_later): acc_3=1.0000 | acc_4=1.0000 | acc_5=1.0000 | acc_6=1.0000 | acc_7=1.0000 | acc_8=1.0000
  Pushed checkpoint step-115000 to ijinyu1113/transition_468_357_later_seed123_v3
  Step 115500 | loss=0.0000
  Step 116000 | loss=0.0000
  Step 116500 | loss=0.0000
  Step 117000 | loss=0.0000
  Step 117500 | loss=0.0000
  EVAL step 117500: acc_3=1.0000 | acc_4=1.0000 | acc_5=0.9995 | acc_6=0.9970 | acc_7=0.9870 | acc_8=0.4650
  TRAIN step 117500 (468): acc_3=0.0000 | acc_4=0.9997 | acc_5=0.0000 | acc_6=0.9987 | acc_7=0.0000 | acc_8=0.6529
  TRAIN step 117500 (357_later): acc_3=1.0000 | acc_4=1.0000 | acc_5=1.0000 | acc_6=1.0000 | acc_7=1.0000 | acc_8=1.0000
  Step 118000 | loss=0.0000
  Step 118500 | loss=0.0000
  Step 119000 | loss=0.0000
  Step 119500 | loss=0.0000
  Step 120000 | loss=0.0000
  EVAL step 120000: acc_3=1.0000 | acc_4=1.0000 | acc_5=0.9995 | acc_6=0.9970 | acc_7=0.9885 | acc_8=0.4705
  TRAIN step 120000 (468): acc_3=0.0000 | acc_4=0.9997 | acc_5=0.0000 | acc_6=0.9989 | acc_7=0.0000 | acc_8=0.6560
  TRAIN step 120000 (357_later): acc_3=1.0000 | acc_4=1.0000 | acc_5=1.0000 | acc_6=1.0000 | acc_7=1.0000 | acc_8=1.0000
  Pushed checkpoint step-120000 to ijinyu1113/transition_468_357_later_seed123_v3
  Step 120500 | loss=0.0000
  Step 121000 | loss=0.0000
  Step 121500 | loss=0.0000
  Step 122000 | loss=0.0000
  Step 122500 | loss=0.0000
  EVAL step 122500: acc_3=1.0000 | acc_4=1.0000 | acc_5=0.9995 | acc_6=0.9975 | acc_7=0.9885 | acc_8=0.4685
  TRAIN step 122500 (468): acc_3=0.0000 | acc_4=0.9999 | acc_5=0.0000 | acc_6=0.9989 | acc_7=0.0000 | acc_8=0.6570
  TRAIN step 122500 (357_later): acc_3=1.0000 | acc_4=1.0000 | acc_5=1.0000 | acc_6=1.0000 | acc_7=1.0000 | acc_8=1.0000
  Step 123000 | loss=0.0000
  Step 123500 | loss=0.0000
  Step 124000 | loss=0.0000
  Step 124500 | loss=0.0000
  Step 125000 | loss=0.0000
  EVAL step 125000: acc_3=1.0000 | acc_4=1.0000 | acc_5=0.9995 | acc_6=0.9980 | acc_7=0.9880 | acc_8=0.4710
  TRAIN step 125000 (468): acc_3=0.0000 | acc_4=0.9999 | acc_5=0.0000 | acc_6=0.9990 | acc_7=0.0000 | acc_8=0.6579
  TRAIN step 125000 (357_later): acc_3=1.0000 | acc_4=1.0000 | acc_5=1.0000 | acc_6=1.0000 | acc_7=1.0000 | acc_8=1.0000
  Pushed checkpoint step-125000 to ijinyu1113/transition_468_357_later_seed123_v3
  Step 125500 | loss=0.0000
  Step 126000 | loss=0.0000
  Step 126500 | loss=0.0000
  Step 127000 | loss=0.0000
  Step 127500 | loss=0.0000
  EVAL step 127500: acc_3=1.0000 | acc_4=1.0000 | acc_5=0.9995 | acc_6=0.9980 | acc_7=0.9885 | acc_8=0.4715
  TRAIN step 127500 (468): acc_3=0.0000 | acc_4=0.9999 | acc_5=0.0000 | acc_6=0.9990 | acc_7=0.0000 | acc_8=0.6579
  TRAIN step 127500 (357_later): acc_3=1.0000 | acc_4=1.0000 | acc_5=1.0000 | acc_6=1.0000 | acc_7=1.0000 | acc_8=1.0000
  Step 128000 | loss=0.0000
  Step 128500 | loss=0.0000
  Step 129000 | loss=0.0000
  Step 129500 | loss=0.0000
  Step 130000 | loss=0.0000
  EVAL step 130000: acc_3=1.0000 | acc_4=1.0000 | acc_5=0.9995 | acc_6=0.9980 | acc_7=0.9885 | acc_8=0.4715
  TRAIN step 130000 (468): acc_3=0.0000 | acc_4=0.9999 | acc_5=0.0000 | acc_6=0.9990 | acc_7=0.0000 | acc_8=0.6583
  TRAIN step 130000 (357_later): acc_3=1.0000 | acc_4=1.0000 | acc_5=1.0000 | acc_6=1.0000 | acc_7=1.0000 | acc_8=1.0000
  Pushed checkpoint step-130000 to ijinyu1113/transition_468_357_later_seed123_v3
  Step 130500 | loss=0.0000
  Step 131000 | loss=0.0000
  Step 131500 | loss=0.0000
  Step 132000 | loss=0.0000
  Step 132500 | loss=0.0000
  EVAL step 132500: acc_3=1.0000 | acc_4=1.0000 | acc_5=0.9995 | acc_6=0.9980 | acc_7=0.9880 | acc_8=0.4730
  TRAIN step 132500 (468): acc_3=0.0000 | acc_4=0.9999 | acc_5=0.0000 | acc_6=0.9990 | acc_7=0.0000 | acc_8=0.6575
  TRAIN step 132500 (357_later): acc_3=1.0000 | acc_4=1.0000 | acc_5=1.0000 | acc_6=1.0000 | acc_7=1.0000 | acc_8=1.0000
  Step 133000 | loss=0.0000
  Step 133500 | loss=0.0000
  Step 134000 | loss=0.0000
  Step 134500 | loss=0.0000
  Step 135000 | loss=0.0000
  EVAL step 135000: acc_3=1.0000 | acc_4=1.0000 | acc_5=0.9995 | acc_6=0.9980 | acc_7=0.9885 | acc_8=0.4735
  TRAIN step 135000 (468): acc_3=0.0000 | acc_4=0.9999 | acc_5=0.0000 | acc_6=0.9990 | acc_7=0.0000 | acc_8=0.6569
  TRAIN step 135000 (357_later): acc_3=1.0000 | acc_4=1.0000 | acc_5=1.0000 | acc_6=1.0000 | acc_7=1.0000 | acc_8=1.0000
  Pushed checkpoint step-135000 to ijinyu1113/transition_468_357_later_seed123_v3
  Step 135500 | loss=0.0000
  Step 136000 | loss=0.0000
  Step 136500 | loss=0.0000
  Step 137000 | loss=0.0000
  Step 137500 | loss=0.0000
  EVAL step 137500: acc_3=1.0000 | acc_4=1.0000 | acc_5=0.9995 | acc_6=0.9980 | acc_7=0.9885 | acc_8=0.4725
  TRAIN step 137500 (468): acc_3=0.0000 | acc_4=0.9999 | acc_5=0.0000 | acc_6=0.9990 | acc_7=0.0000 | acc_8=0.6569
  TRAIN step 137500 (357_later): acc_3=1.0000 | acc_4=1.0000 | acc_5=1.0000 | acc_6=1.0000 | acc_7=1.0000 | acc_8=1.0000
  Step 138000 | loss=0.0000
  Step 138500 | loss=0.0000
  Step 139000 | loss=0.0000
  Step 139500 | loss=0.0000
  Step 140000 | loss=0.0000
  EVAL step 140000: acc_3=1.0000 | acc_4=1.0000 | acc_5=0.9995 | acc_6=0.9980 | acc_7=0.9885 | acc_8=0.4725
  TRAIN step 140000 (468): acc_3=0.0000 | acc_4=0.9999 | acc_5=0.0000 | acc_6=0.9990 | acc_7=0.0000 | acc_8=0.6567
  TRAIN step 140000 (357_later): acc_3=1.0000 | acc_4=1.0000 | acc_5=1.0000 | acc_6=1.0000 | acc_7=1.0000 | acc_8=1.0000
  Pushed checkpoint step-140000 to ijinyu1113/transition_468_357_later_seed123_v3
  Step 140500 | loss=0.0000
  Step 141000 | loss=0.0000
  Step 141500 | loss=0.0000
  Step 142000 | loss=0.0000
  Step 142500 | loss=0.0000
  EVAL step 142500: acc_3=1.0000 | acc_4=1.0000 | acc_5=0.9995 | acc_6=0.9980 | acc_7=0.9885 | acc_8=0.4725
  TRAIN step 142500 (468): acc_3=0.0000 | acc_4=0.9999 | acc_5=0.0000 | acc_6=0.9990 | acc_7=0.0000 | acc_8=0.6565
  TRAIN step 142500 (357_later): acc_3=1.0000 | acc_4=1.0000 | acc_5=1.0000 | acc_6=1.0000 | acc_7=1.0000 | acc_8=1.0000
  Step 143000 | loss=0.0000
  Step 143500 | loss=0.0000
  Step 144000 | loss=0.0000
  Step 144500 | loss=0.0000
  Step 145000 | loss=0.0000
  EVAL step 145000: acc_3=1.0000 | acc_4=1.0000 | acc_5=0.9995 | acc_6=0.9980 | acc_7=0.9885 | acc_8=0.4725
  TRAIN step 145000 (468): acc_3=0.0000 | acc_4=0.9999 | acc_5=0.0000 | acc_6=0.9990 | acc_7=0.0000 | acc_8=0.6564
  TRAIN step 145000 (357_later): acc_3=1.0000 | acc_4=1.0000 | acc_5=1.0000 | acc_6=1.0000 | acc_7=1.0000 | acc_8=1.0000
  Pushed checkpoint step-145000 to ijinyu1113/transition_468_357_later_seed123_v3
  Step 145500 | loss=0.0000
  Step 146000 | loss=0.0000
  Step 146500 | loss=0.0000
  Step 147000 | loss=0.0000
  Step 147500 | loss=0.0000
  EVAL step 147500: acc_3=1.0000 | acc_4=1.0000 | acc_5=0.9995 | acc_6=0.9980 | acc_7=0.9885 | acc_8=0.4725
  TRAIN step 147500 (468): acc_3=0.0000 | acc_4=0.9999 | acc_5=0.0000 | acc_6=0.9990 | acc_7=0.0000 | acc_8=0.6565
  TRAIN step 147500 (357_later): acc_3=1.0000 | acc_4=1.0000 | acc_5=1.0000 | acc_6=1.0000 | acc_7=1.0000 | acc_8=1.0000
  Step 148000 | loss=0.0000
  Step 148500 | loss=0.0000
  Step 149000 | loss=0.0000
  Step 149500 | loss=0.0000
  Step 150000 | loss=0.0000
  EVAL step 150000: acc_3=1.0000 | acc_4=1.0000 | acc_5=0.9995 | acc_6=0.9980 | acc_7=0.9885 | acc_8=0.4725
  TRAIN step 150000 (468): acc_3=0.0000 | acc_4=0.9999 | acc_5=0.0000 | acc_6=0.9990 | acc_7=0.0000 | acc_8=0.6565
  TRAIN step 150000 (357_later): acc_3=1.0000 | acc_4=1.0000 | acc_5=1.0000 | acc_6=1.0000 | acc_7=1.0000 | acc_8=1.0000
  Pushed checkpoint step-150000 to ijinyu1113/transition_468_357_later_seed123_v3
  Pushed checkpoint step-150000 to ijinyu1113/transition_468_357_later_seed123_v3
Training complete. Checkpoints at ijinyu1113/transition_468_357_later_seed123_v3
