Using base checkpoint: step143000
Config: 468 -> 357_later, seed=2, HF_REPO=ijinyu1113/transition_468_357_later_seed2_v3

STARTING TRANSITION: 468 -> 357_later, LR=3e-05, BS=64, Warmup=15000
  Step    500 | loss=0.6086
  Step   1000 | loss=0.6285
  Step   1500 | loss=0.6422
  Step   2000 | loss=0.6349
  Step   2500 | loss=0.6254
  EVAL step 2500: acc_3=0.2500 | acc_4=0.2105 | acc_5=0.1540 | acc_6=0.1445 | acc_7=0.1300 | acc_8=0.0990
  TRAIN step 2500 (468): acc_3=0.0000 | acc_4=0.2143 | acc_5=0.0000 | acc_6=0.1425 | acc_7=0.0000 | acc_8=0.1107
  Step   3000 | loss=0.6104
  Step   3500 | loss=0.6033
  Step   4000 | loss=0.6291
  Step   4500 | loss=0.6106
  Step   5000 | loss=0.6163
  EVAL step 5000: acc_3=0.0425 | acc_4=0.2020 | acc_5=0.1610 | acc_6=0.1415 | acc_7=0.1155 | acc_8=0.1135
  TRAIN step 5000 (468): acc_3=0.0000 | acc_4=0.2080 | acc_5=0.0000 | acc_6=0.1505 | acc_7=0.0000 | acc_8=0.1162
  Pushed checkpoint step-5000 to ijinyu1113/transition_468_357_later_seed2_v3
  Step   5500 | loss=0.6016
  Step   6000 | loss=0.6070
  Step   6500 | loss=0.6110
  Step   7000 | loss=0.6059
  Step   7500 | loss=0.6429
  EVAL step 7500: acc_3=0.2225 | acc_4=0.1940 | acc_5=0.1655 | acc_6=0.1435 | acc_7=0.1220 | acc_8=0.1215
  TRAIN step 7500 (468): acc_3=0.0000 | acc_4=0.2199 | acc_5=0.0000 | acc_6=0.1607 | acc_7=0.0000 | acc_8=0.1387
  Step   8000 | loss=0.6260
  Step   8500 | loss=0.5920
  Step   9000 | loss=0.6316
  Step   9500 | loss=0.6143
  Step  10000 | loss=0.6034
  EVAL step 10000: acc_3=0.1785 | acc_4=0.2260 | acc_5=0.1665 | acc_6=0.1490 | acc_7=0.1035 | acc_8=0.1100
  TRAIN step 10000 (468): acc_3=0.0000 | acc_4=0.2547 | acc_5=0.0000 | acc_6=0.1815 | acc_7=0.0000 | acc_8=0.1315
  Pushed checkpoint step-10000 to ijinyu1113/transition_468_357_later_seed2_v3
  Step  10500 | loss=0.6178
  Step  11000 | loss=0.5756
  Step  11500 | loss=0.6240
  Step  12000 | loss=0.5916
  Step  12500 | loss=0.6193
  EVAL step 12500: acc_3=0.2310 | acc_4=0.2005 | acc_5=0.1640 | acc_6=0.1490 | acc_7=0.1230 | acc_8=0.1155
  TRAIN step 12500 (468): acc_3=0.0000 | acc_4=0.2088 | acc_5=0.0000 | acc_6=0.1802 | acc_7=0.0000 | acc_8=0.1647
  Step  13000 | loss=0.6048
  Step  13500 | loss=0.6096
  Step  14000 | loss=0.5829
  Step  14500 | loss=0.5978
  Step  15000 | loss=0.5830
  EVAL step 15000: acc_3=0.2240 | acc_4=0.2075 | acc_5=0.1705 | acc_6=0.1320 | acc_7=0.1220 | acc_8=0.1175
  TRAIN step 15000 (468): acc_3=0.0000 | acc_4=0.2673 | acc_5=0.0000 | acc_6=0.2014 | acc_7=0.0000 | acc_8=0.1700
  Pushed checkpoint step-15000 to ijinyu1113/transition_468_357_later_seed2_v3
  Step  15500 | loss=0.5713
  Step  16000 | loss=0.6123
  Step  16500 | loss=0.5964
  Step  17000 | loss=0.6174
  Step  17500 | loss=0.5854
  EVAL step 17500: acc_3=0.2490 | acc_4=0.2200 | acc_5=0.1695 | acc_6=0.1365 | acc_7=0.1090 | acc_8=0.1215
  TRAIN step 17500 (468): acc_3=0.0000 | acc_4=0.2735 | acc_5=0.0000 | acc_6=0.1944 | acc_7=0.0000 | acc_8=0.1838
  Step  18000 | loss=0.5756
  Step  18500 | loss=0.5879
  Step  19000 | loss=0.6059
  Step  19500 | loss=0.5843
  Step  20000 | loss=0.5781
  EVAL step 20000: acc_3=0.1970 | acc_4=0.2370 | acc_5=0.1490 | acc_6=0.1470 | acc_7=0.1175 | acc_8=0.1130
  TRAIN step 20000 (468): acc_3=0.0000 | acc_4=0.3100 | acc_5=0.0000 | acc_6=0.2268 | acc_7=0.0000 | acc_8=0.1963
  Pushed checkpoint step-20000 to ijinyu1113/transition_468_357_later_seed2_v3
  Step  20500 | loss=0.5957
  Step  21000 | loss=0.5066
  Step  21500 | loss=0.3927
  Step  22000 | loss=0.4452
  Step  22500 | loss=0.5206
  EVAL step 22500: acc_3=0.2395 | acc_4=0.9550 | acc_5=0.1550 | acc_6=0.1445 | acc_7=0.1100 | acc_8=0.1250
  TRAIN step 22500 (468): acc_3=0.0000 | acc_4=0.9562 | acc_5=0.0000 | acc_6=0.2269 | acc_7=0.0000 | acc_8=0.2079
  Step  23000 | loss=0.3785
  Step  23500 | loss=0.4304
  Step  24000 | loss=0.4011
  Step  24500 | loss=0.4461
  Step  25000 | loss=0.4514
  EVAL step 25000: acc_3=0.2010 | acc_4=0.9795 | acc_5=0.1590 | acc_6=0.1430 | acc_7=0.1115 | acc_8=0.1265
  TRAIN step 25000 (468): acc_3=0.0000 | acc_4=0.9781 | acc_5=0.0000 | acc_6=0.2501 | acc_7=0.0000 | acc_8=0.2294
  Pushed checkpoint step-25000 to ijinyu1113/transition_468_357_later_seed2_v3
  Step  25500 | loss=0.4862
  Step  26000 | loss=0.3707
  Step  26500 | loss=0.3492
  Step  27000 | loss=0.3170
  Step  27500 | loss=0.2529
  EVAL step 27500: acc_3=0.1620 | acc_4=0.9870 | acc_5=0.1495 | acc_6=0.1630 | acc_7=0.1225 | acc_8=0.6160
  TRAIN step 27500 (468): acc_3=0.0000 | acc_4=0.9873 | acc_5=0.0000 | acc_6=0.2653 | acc_7=0.0000 | acc_8=0.6792
  Step  28000 | loss=0.2124
  Step  28500 | loss=0.1748
  Step  29000 | loss=0.1339
  Step  29500 | loss=0.1412
  Step  30000 | loss=0.0432
  EVAL step 30000: acc_3=0.1160 | acc_4=0.9915 | acc_5=0.1385 | acc_6=0.8215 | acc_7=0.1130 | acc_8=0.8535
  TRAIN step 30000 (468): acc_3=0.0000 | acc_4=0.9945 | acc_5=0.0000 | acc_6=0.8692 | acc_7=0.0000 | acc_8=0.8734
  Pushed checkpoint step-30000 to ijinyu1113/transition_468_357_later_seed2_v3
  Step  30500 | loss=0.0343
  Step  31000 | loss=0.0365
  Step  31500 | loss=0.0861
  Step  32000 | loss=0.0772
  Step  32500 | loss=0.0474
  EVAL step 32500: acc_3=0.1500 | acc_4=0.9990 | acc_5=0.1550 | acc_6=0.9535 | acc_7=0.1095 | acc_8=0.9065
  TRAIN step 32500 (468): acc_3=0.0000 | acc_4=0.9997 | acc_5=0.0000 | acc_6=0.9691 | acc_7=0.0000 | acc_8=0.9278
  Step  33000 | loss=0.0294
  Step  33500 | loss=0.0180
  Step  34000 | loss=0.0170
  Step  34500 | loss=0.0314
  Step  35000 | loss=0.0104
  EVAL step 35000: acc_3=0.1425 | acc_4=0.9990 | acc_5=0.1450 | acc_6=0.9690 | acc_7=0.1080 | acc_8=0.9435
  TRAIN step 35000 (468): acc_3=0.0000 | acc_4=0.9989 | acc_5=0.0000 | acc_6=0.9717 | acc_7=0.0000 | acc_8=0.9592
  Pushed checkpoint step-35000 to ijinyu1113/transition_468_357_later_seed2_v3
  Step  35500 | loss=0.0237
  Step  36000 | loss=0.0103
  Step  36500 | loss=0.0028
  Step  37000 | loss=0.0210
  Step  37500 | loss=0.0144
  EVAL step 37500: acc_3=0.1365 | acc_4=0.9995 | acc_5=0.1405 | acc_6=0.9785 | acc_7=0.1100 | acc_8=0.9580
  TRAIN step 37500 (468): acc_3=0.0000 | acc_4=0.9997 | acc_5=0.0000 | acc_6=0.9818 | acc_7=0.0000 | acc_8=0.9708
  Step  38000 | loss=0.0118
  Step  38500 | loss=0.0307
  Step  39000 | loss=0.0184
  Step  39500 | loss=0.0268
  Step  40000 | loss=0.0401
  EVAL step 40000: acc_3=0.1245 | acc_4=0.9980 | acc_5=0.1405 | acc_6=0.9855 | acc_7=0.1175 | acc_8=0.9190
  TRAIN step 40000 (468): acc_3=0.0000 | acc_4=0.9970 | acc_5=0.0000 | acc_6=0.9918 | acc_7=0.0000 | acc_8=0.9432
  Pushed checkpoint step-40000 to ijinyu1113/transition_468_357_later_seed2_v3
  Step  40500 | loss=0.0338
  Step  41000 | loss=0.0266
  Step  41500 | loss=0.0204
  Step  42000 | loss=0.0323
  Step  42500 | loss=0.0026
  EVAL step 42500: acc_3=0.1115 | acc_4=0.9960 | acc_5=0.1515 | acc_6=0.9850 | acc_7=0.1265 | acc_8=0.9310
  TRAIN step 42500 (468): acc_3=0.0000 | acc_4=0.9967 | acc_5=0.0000 | acc_6=0.9881 | acc_7=0.0000 | acc_8=0.9490
  Step  43000 | loss=0.0011
  Step  43500 | loss=0.0033
  Step  44000 | loss=0.0227
  Step  44500 | loss=0.0009
  Step  45000 | loss=0.0249
  EVAL step 45000: acc_3=0.1130 | acc_4=0.9980 | acc_5=0.1420 | acc_6=0.9890 | acc_7=0.1145 | acc_8=0.9705
  TRAIN step 45000 (468): acc_3=0.0000 | acc_4=0.9998 | acc_5=0.0000 | acc_6=0.9921 | acc_7=0.0000 | acc_8=0.9748
  Pushed checkpoint step-45000 to ijinyu1113/transition_468_357_later_seed2_v3
  Step  45500 | loss=0.0095
  Step  46000 | loss=0.0135
  Step  46500 | loss=0.0011
  Step  47000 | loss=0.1425
  Step  47500 | loss=0.0418
  EVAL step 47500: acc_3=0.1150 | acc_4=0.9940 | acc_5=0.1450 | acc_6=0.9925 | acc_7=0.1215 | acc_8=0.9730
  TRAIN step 47500 (468): acc_3=0.0000 | acc_4=0.9956 | acc_5=0.0000 | acc_6=0.9923 | acc_7=0.0000 | acc_8=0.9749
  Step  48000 | loss=0.0004
  Step  48500 | loss=0.0014
  Step  49000 | loss=0.0128
  Step  49500 | loss=0.0089
  Step  50000 | loss=0.0080
  EVAL step 50000: acc_3=0.1250 | acc_4=1.0000 | acc_5=0.1580 | acc_6=0.9895 | acc_7=0.1325 | acc_8=0.9670
  TRAIN step 50000 (468): acc_3=0.0000 | acc_4=0.9999 | acc_5=0.0000 | acc_6=0.9933 | acc_7=0.0000 | acc_8=0.9723
  Pushed checkpoint step-50000 to ijinyu1113/transition_468_357_later_seed2_v3
  Step  50500 | loss=0.0024
  Step  51000 | loss=0.0010
  Step  51500 | loss=0.0019
  Step  52000 | loss=0.0007
  Step  52500 | loss=0.0144
  EVAL step 52500: acc_3=0.1225 | acc_4=1.0000 | acc_5=0.1520 | acc_6=0.9570 | acc_7=0.1305 | acc_8=0.9735
  TRAIN step 52500 (468): acc_3=0.0000 | acc_4=0.9992 | acc_5=0.0000 | acc_6=0.9677 | acc_7=0.0000 | acc_8=0.9728
  Step  53000 | loss=0.0286
  Step  53500 | loss=0.0012
  Step  54000 | loss=0.0041
  Step  54500 | loss=0.0050
  Step  55000 | loss=0.0009
  EVAL step 55000: acc_3=0.1360 | acc_4=0.9995 | acc_5=0.1605 | acc_6=0.9975 | acc_7=0.1360 | acc_8=0.9845
  TRAIN step 55000 (468): acc_3=0.0000 | acc_4=0.9999 | acc_5=0.0000 | acc_6=0.9986 | acc_7=0.0000 | acc_8=0.9896
  Pushed checkpoint step-55000 to ijinyu1113/transition_468_357_later_seed2_v3
  Step  55500 | loss=0.0005
  Step  56000 | loss=0.0007
  Step  56500 | loss=0.0027
  Step  57000 | loss=0.0068
  Step  57500 | loss=0.0071
  EVAL step 57500: acc_3=0.1160 | acc_4=0.9995 | acc_5=0.1590 | acc_6=0.9980 | acc_7=0.1240 | acc_8=0.9805
  TRAIN step 57500 (468): acc_3=0.0000 | acc_4=1.0000 | acc_5=0.0000 | acc_6=0.9993 | acc_7=0.0000 | acc_8=0.9851
  Step  58000 | loss=0.0001
  Step  58500 | loss=0.0010
  Step  59000 | loss=0.0130
  Step  59500 | loss=0.0039
  Step  60000 | loss=0.0007
  EVAL step 60000: acc_3=0.1225 | acc_4=1.0000 | acc_5=0.1500 | acc_6=0.9865 | acc_7=0.1255 | acc_8=0.9850
  TRAIN step 60000 (468): acc_3=0.0000 | acc_4=0.9999 | acc_5=0.0000 | acc_6=0.9926 | acc_7=0.0000 | acc_8=0.9889
  Pushed checkpoint step-60000 to ijinyu1113/transition_468_357_later_seed2_v3
  Step  60500 | loss=0.0034
  Step  61000 | loss=0.0172
  Step  61500 | loss=0.0009
  Step  62000 | loss=0.0003
  Step  62500 | loss=0.0001
  EVAL step 62500: acc_3=0.1155 | acc_4=1.0000 | acc_5=0.1570 | acc_6=0.9950 | acc_7=0.1155 | acc_8=0.9910
  TRAIN step 62500 (468): acc_3=0.0000 | acc_4=1.0000 | acc_5=0.0000 | acc_6=0.9974 | acc_7=0.0000 | acc_8=0.9951
  Step  63000 | loss=0.0005
  Step  63500 | loss=0.0003
  Step  64000 | loss=0.0127
  Step  64500 | loss=0.0058
  Step  65000 | loss=0.0008
  EVAL step 65000: acc_3=0.1250 | acc_4=1.0000 | acc_5=0.1425 | acc_6=0.9940 | acc_7=0.1215 | acc_8=0.9835
  TRAIN step 65000 (468): acc_3=0.0000 | acc_4=0.9999 | acc_5=0.0000 | acc_6=0.9966 | acc_7=0.0000 | acc_8=0.9937
  Pushed checkpoint step-65000 to ijinyu1113/transition_468_357_later_seed2_v3
  Step  65500 | loss=0.0038
  Step  66000 | loss=0.0154
  Step  66500 | loss=0.0005
  Step  67000 | loss=0.0001
  Step  67500 | loss=0.0015
  EVAL step 67500: acc_3=0.1235 | acc_4=1.0000 | acc_5=0.1495 | acc_6=0.9925 | acc_7=0.1255 | acc_8=0.9845
  TRAIN step 67500 (468): acc_3=0.0000 | acc_4=0.9998 | acc_5=0.0000 | acc_6=0.9944 | acc_7=0.0000 | acc_8=0.9906
  Step  68000 | loss=0.0000
  Step  68500 | loss=0.0405
  Step  69000 | loss=0.0167
  Step  69500 | loss=0.0005
  Step  70000 | loss=0.0002
  EVAL step 70000: acc_3=0.1245 | acc_4=0.9980 | acc_5=0.1585 | acc_6=0.9955 | acc_7=0.1220 | acc_8=0.9890
  TRAIN step 70000 (468): acc_3=0.0000 | acc_4=0.9990 | acc_5=0.0000 | acc_6=0.9986 | acc_7=0.0000 | acc_8=0.9929
  Pushed checkpoint step-70000 to ijinyu1113/transition_468_357_later_seed2_v3
  Step  70500 | loss=0.0008
  Step  71000 | loss=0.0006
  Step  71500 | loss=0.0021
  Step  72000 | loss=0.0004
  Step  72500 | loss=0.0003
  EVAL step 72500: acc_3=0.1070 | acc_4=1.0000 | acc_5=0.1545 | acc_6=0.9965 | acc_7=0.1165 | acc_8=0.9855
  TRAIN step 72500 (468): acc_3=0.0000 | acc_4=0.9998 | acc_5=0.0000 | acc_6=0.9981 | acc_7=0.0000 | acc_8=0.9917
  Step  73000 | loss=0.0009
  Step  73500 | loss=0.0006
  Step  74000 | loss=0.0000
  Step  74500 | loss=0.0066
  Step  75000 | loss=0.0000
  EVAL step 75000: acc_3=0.1165 | acc_4=1.0000 | acc_5=0.1485 | acc_6=0.9980 | acc_7=0.1140 | acc_8=0.9905
  TRAIN step 75000 (468): acc_3=0.0000 | acc_4=0.9998 | acc_5=0.0000 | acc_6=0.9983 | acc_7=0.0000 | acc_8=0.9959
  TRAIN step 75000 (357_later): acc_3=0.1043 | acc_4=0.9997 | acc_5=0.1411 | acc_6=0.9956 | acc_7=0.1127 | acc_8=0.9940
  Pushed checkpoint step-75000 to ijinyu1113/transition_468_357_later_seed2_v3

=== TRANSITION at step 75000: switching from 468 to 357_later ===

  Step  75500 | loss=0.3942
  Step  76000 | loss=0.0938
  Step  76500 | loss=0.0616
  Step  77000 | loss=0.0653
  Step  77500 | loss=0.1262
  EVAL step 77500: acc_3=0.9980 | acc_4=0.9935 | acc_5=0.9715 | acc_6=0.9810 | acc_7=0.5055 | acc_8=0.9780
  TRAIN step 77500 (468): acc_3=0.0000 | acc_4=0.9941 | acc_5=0.0000 | acc_6=0.9837 | acc_7=0.0000 | acc_8=0.9819
  TRAIN step 77500 (357_later): acc_3=0.9985 | acc_4=0.9970 | acc_5=0.9755 | acc_6=0.9889 | acc_7=0.5316 | acc_8=0.9877
  Step  78000 | loss=0.0600
  Step  78500 | loss=0.0836
  Step  79000 | loss=0.1005
  Step  79500 | loss=0.0970
  Step  80000 | loss=0.0582
  EVAL step 80000: acc_3=1.0000 | acc_4=0.9980 | acc_5=0.9940 | acc_6=0.9935 | acc_7=0.4850 | acc_8=0.9835
  TRAIN step 80000 (468): acc_3=0.0000 | acc_4=0.9987 | acc_5=0.0000 | acc_6=0.9961 | acc_7=0.0000 | acc_8=0.9893
  TRAIN step 80000 (357_later): acc_3=0.9998 | acc_4=1.0000 | acc_5=0.9972 | acc_6=0.9980 | acc_7=0.5425 | acc_8=0.9957
  Pushed checkpoint step-80000 to ijinyu1113/transition_468_357_later_seed2_v3
  Step  80500 | loss=0.0930
  Step  81000 | loss=0.0854
  Step  81500 | loss=0.0508
  Step  82000 | loss=0.0592
  Step  82500 | loss=0.0633
  EVAL step 82500: acc_3=0.9985 | acc_4=0.9965 | acc_5=0.9835 | acc_6=0.9825 | acc_7=0.5105 | acc_8=0.9725
  TRAIN step 82500 (468): acc_3=0.0000 | acc_4=0.9977 | acc_5=0.0000 | acc_6=0.9860 | acc_7=0.0000 | acc_8=0.9759
  TRAIN step 82500 (357_later): acc_3=0.9991 | acc_4=1.0000 | acc_5=0.9835 | acc_6=0.9926 | acc_7=0.5859 | acc_8=0.9814
  Step  83000 | loss=0.0514
  Step  83500 | loss=0.0549
  Step  84000 | loss=0.0524
  Step  84500 | loss=0.0574
  Step  85000 | loss=0.0442
  EVAL step 85000: acc_3=1.0000 | acc_4=0.9965 | acc_5=0.9990 | acc_6=0.9830 | acc_7=0.5160 | acc_8=0.9865
  TRAIN step 85000 (468): acc_3=0.0000 | acc_4=0.9983 | acc_5=0.0000 | acc_6=0.9863 | acc_7=0.0000 | acc_8=0.9903
  TRAIN step 85000 (357_later): acc_3=0.9999 | acc_4=1.0000 | acc_5=0.9992 | acc_6=0.9909 | acc_7=0.6172 | acc_8=0.9970
  Pushed checkpoint step-85000 to ijinyu1113/transition_468_357_later_seed2_v3
  Step  85500 | loss=0.0443
  Step  86000 | loss=0.0930
  Step  86500 | loss=0.0606
  Step  87000 | loss=0.0678
  Step  87500 | loss=0.0636
  EVAL step 87500: acc_3=1.0000 | acc_4=0.9990 | acc_5=0.9995 | acc_6=0.9945 | acc_7=0.5180 | acc_8=0.9805
  TRAIN step 87500 (468): acc_3=0.0000 | acc_4=0.9987 | acc_5=0.0000 | acc_6=0.9941 | acc_7=0.0000 | acc_8=0.9837
  TRAIN step 87500 (357_later): acc_3=1.0000 | acc_4=1.0000 | acc_5=0.9993 | acc_6=0.9960 | acc_7=0.6326 | acc_8=0.9927
  Step  88000 | loss=0.0386
  Step  88500 | loss=0.0404
  Step  89000 | loss=0.0693
  Step  89500 | loss=0.0443
  Step  90000 | loss=0.0581
  EVAL step 90000: acc_3=0.9995 | acc_4=0.9995 | acc_5=0.9975 | acc_6=0.9925 | acc_7=0.5165 | acc_8=0.9860
  TRAIN step 90000 (468): acc_3=0.0000 | acc_4=0.9991 | acc_5=0.0000 | acc_6=0.9943 | acc_7=0.0000 | acc_8=0.9887
  TRAIN step 90000 (357_later): acc_3=0.9997 | acc_4=1.0000 | acc_5=0.9990 | acc_6=0.9956 | acc_7=0.6597 | acc_8=0.9970
  Pushed checkpoint step-90000 to ijinyu1113/transition_468_357_later_seed2_v3
  Step  90500 | loss=0.0574
  Step  91000 | loss=0.0546
  Step  91500 | loss=0.1019
  Step  92000 | loss=0.0396
  Step  92500 | loss=0.0510
  EVAL step 92500: acc_3=0.9995 | acc_4=1.0000 | acc_5=1.0000 | acc_6=0.9955 | acc_7=0.5140 | acc_8=0.9935
  TRAIN step 92500 (468): acc_3=0.0000 | acc_4=0.9996 | acc_5=0.0000 | acc_6=0.9981 | acc_7=0.0000 | acc_8=0.9909
  TRAIN step 92500 (357_later): acc_3=0.9999 | acc_4=0.9990 | acc_5=0.9999 | acc_6=1.0000 | acc_7=0.6990 | acc_8=0.9987
  Step  93000 | loss=0.0409
  Step  93500 | loss=0.0586
  Step  94000 | loss=0.0495
  Step  94500 | loss=0.0844
  Step  95000 | loss=0.0547
  EVAL step 95000: acc_3=0.9995 | acc_4=0.9990 | acc_5=1.0000 | acc_6=0.9955 | acc_7=0.5195 | acc_8=0.9635
  TRAIN step 95000 (468): acc_3=0.0000 | acc_4=0.9985 | acc_5=0.0000 | acc_6=0.9966 | acc_7=0.0000 | acc_8=0.9705
  TRAIN step 95000 (357_later): acc_3=0.9997 | acc_4=0.9990 | acc_5=0.9995 | acc_6=0.9990 | acc_7=0.7228 | acc_8=0.9854
  Pushed checkpoint step-95000 to ijinyu1113/transition_468_357_later_seed2_v3
  Step  95500 | loss=0.0374
  Step  96000 | loss=0.0230
  Step  96500 | loss=0.0617
  Step  97000 | loss=0.0367
  Step  97500 | loss=0.0289
  EVAL step 97500: acc_3=1.0000 | acc_4=0.9990 | acc_5=0.9990 | acc_6=0.9975 | acc_7=0.5105 | acc_8=0.9890
  TRAIN step 97500 (468): acc_3=0.0000 | acc_4=0.9991 | acc_5=0.0000 | acc_6=0.9973 | acc_7=0.0000 | acc_8=0.9911
  TRAIN step 97500 (357_later): acc_3=1.0000 | acc_4=1.0000 | acc_5=0.9995 | acc_6=1.0000 | acc_7=0.7384 | acc_8=0.9977
  Step  98000 | loss=0.0547
  Step  98500 | loss=0.0344
  Step  99000 | loss=0.0342
  Step  99500 | loss=0.0570
  Step 100000 | loss=0.0427
  EVAL step 100000: acc_3=0.9995 | acc_4=0.9975 | acc_5=0.9975 | acc_6=0.9940 | acc_7=0.5275 | acc_8=0.9775
  TRAIN step 100000 (468): acc_3=0.0000 | acc_4=0.9985 | acc_5=0.0000 | acc_6=0.9943 | acc_7=0.0000 | acc_8=0.9811
  TRAIN step 100000 (357_later): acc_3=0.9994 | acc_4=1.0000 | acc_5=0.9989 | acc_6=0.9980 | acc_7=0.7894 | acc_8=0.9930
  Pushed checkpoint step-100000 to ijinyu1113/transition_468_357_later_seed2_v3
  Step 100500 | loss=0.0335
  Step 101000 | loss=0.0296
  Step 101500 | loss=0.0590
  Step 102000 | loss=0.0417
  Step 102500 | loss=0.0335
  EVAL step 102500: acc_3=1.0000 | acc_4=0.9995 | acc_5=1.0000 | acc_6=0.9975 | acc_7=0.5425 | acc_8=0.9880
  TRAIN step 102500 (468): acc_3=0.0000 | acc_4=0.9984 | acc_5=0.0000 | acc_6=0.9969 | acc_7=0.0000 | acc_8=0.9902
  TRAIN step 102500 (357_later): acc_3=1.0000 | acc_4=0.9993 | acc_5=1.0000 | acc_6=1.0000 | acc_7=0.8250 | acc_8=0.9987
  Step 103000 | loss=0.0547
  Step 103500 | loss=0.0323
  Step 104000 | loss=0.0341
  Step 104500 | loss=0.0253
  Step 105000 | loss=0.0373
  EVAL step 105000: acc_3=1.0000 | acc_4=0.9990 | acc_5=1.0000 | acc_6=0.9965 | acc_7=0.5320 | acc_8=0.9830
  TRAIN step 105000 (468): acc_3=0.0000 | acc_4=0.9995 | acc_5=0.0000 | acc_6=0.9969 | acc_7=0.0000 | acc_8=0.9865
  TRAIN step 105000 (357_later): acc_3=1.0000 | acc_4=1.0000 | acc_5=0.9998 | acc_6=1.0000 | acc_7=0.8641 | acc_8=0.9990
  Pushed checkpoint step-105000 to ijinyu1113/transition_468_357_later_seed2_v3
  Step 105500 | loss=0.0153
  Step 106000 | loss=0.0170
  Step 106500 | loss=0.0134
  Step 107000 | loss=0.0046
  Step 107500 | loss=0.0087
  EVAL step 107500: acc_3=1.0000 | acc_4=0.9980 | acc_5=0.9995 | acc_6=0.9940 | acc_7=0.5200 | acc_8=0.9910
  TRAIN step 107500 (468): acc_3=0.0000 | acc_4=0.9989 | acc_5=0.0000 | acc_6=0.9950 | acc_7=0.0000 | acc_8=0.9900
  TRAIN step 107500 (357_later): acc_3=1.0000 | acc_4=1.0000 | acc_5=1.0000 | acc_6=0.9970 | acc_7=0.9004 | acc_8=1.0000
  Step 108000 | loss=0.0285
  Step 108500 | loss=0.0120
  Step 109000 | loss=0.0057
  Step 109500 | loss=0.0320
  Step 110000 | loss=0.0187
  EVAL step 110000: acc_3=1.0000 | acc_4=0.9995 | acc_5=0.9995 | acc_6=0.9970 | acc_7=0.5380 | acc_8=0.9895
  TRAIN step 110000 (468): acc_3=0.0000 | acc_4=0.9996 | acc_5=0.0000 | acc_6=0.9964 | acc_7=0.0000 | acc_8=0.9898
  TRAIN step 110000 (357_later): acc_3=1.0000 | acc_4=1.0000 | acc_5=0.9998 | acc_6=1.0000 | acc_7=0.9181 | acc_8=0.9997
  Pushed checkpoint step-110000 to ijinyu1113/transition_468_357_later_seed2_v3
  Step 110500 | loss=0.0114
  Step 111000 | loss=0.0109
  Step 111500 | loss=0.0163
  Step 112000 | loss=0.0457
  Step 112500 | loss=0.0297
  EVAL step 112500: acc_3=1.0000 | acc_4=0.9985 | acc_5=0.9990 | acc_6=0.9975 | acc_7=0.5375 | acc_8=0.9890
  TRAIN step 112500 (468): acc_3=0.0000 | acc_4=0.9985 | acc_5=0.0000 | acc_6=0.9963 | acc_7=0.0000 | acc_8=0.9884
  TRAIN step 112500 (357_later): acc_3=1.0000 | acc_4=0.9997 | acc_5=1.0000 | acc_6=1.0000 | acc_7=0.9581 | acc_8=1.0000
  Step 113000 | loss=0.0016
  Step 113500 | loss=0.0232
  Step 114000 | loss=0.0049
  Step 114500 | loss=0.0111
  Step 115000 | loss=0.0009
  EVAL step 115000: acc_3=1.0000 | acc_4=0.9980 | acc_5=0.9995 | acc_6=0.9965 | acc_7=0.5245 | acc_8=0.9855
  TRAIN step 115000 (468): acc_3=0.0000 | acc_4=0.9991 | acc_5=0.0000 | acc_6=0.9961 | acc_7=0.0000 | acc_8=0.9855
  TRAIN step 115000 (357_later): acc_3=1.0000 | acc_4=1.0000 | acc_5=1.0000 | acc_6=1.0000 | acc_7=0.9637 | acc_8=0.9993
  Pushed checkpoint step-115000 to ijinyu1113/transition_468_357_later_seed2_v3
  Step 115500 | loss=0.0022
  Step 116000 | loss=0.0034
  Step 116500 | loss=0.0016
  Step 117000 | loss=0.0052
  Step 117500 | loss=0.0044
  EVAL step 117500: acc_3=1.0000 | acc_4=0.9980 | acc_5=0.9995 | acc_6=0.9950 | acc_7=0.5370 | acc_8=0.9900
  TRAIN step 117500 (468): acc_3=0.0000 | acc_4=0.9993 | acc_5=0.0000 | acc_6=0.9959 | acc_7=0.0000 | acc_8=0.9872
  TRAIN step 117500 (357_later): acc_3=1.0000 | acc_4=1.0000 | acc_5=0.9999 | acc_6=1.0000 | acc_7=0.9804 | acc_8=1.0000
  Step 118000 | loss=0.0104
  Step 118500 | loss=0.0063
  Step 119000 | loss=0.0032
  Step 119500 | loss=0.0005
  Step 120000 | loss=0.0123
  EVAL step 120000: acc_3=1.0000 | acc_4=0.9980 | acc_5=1.0000 | acc_6=0.9970 | acc_7=0.5520 | acc_8=0.9885
  TRAIN step 120000 (468): acc_3=0.0000 | acc_4=0.9983 | acc_5=0.0000 | acc_6=0.9955 | acc_7=0.0000 | acc_8=0.9871
  TRAIN step 120000 (357_later): acc_3=1.0000 | acc_4=1.0000 | acc_5=1.0000 | acc_6=1.0000 | acc_7=0.9891 | acc_8=1.0000
  Pushed checkpoint step-120000 to ijinyu1113/transition_468_357_later_seed2_v3
  Step 120500 | loss=0.0024
  Step 121000 | loss=0.0007
  Step 121500 | loss=0.0006
  Step 122000 | loss=0.0026
  Step 122500 | loss=0.0006
  EVAL step 122500: acc_3=1.0000 | acc_4=0.9990 | acc_5=0.9995 | acc_6=0.9950 | acc_7=0.5400 | acc_8=0.9875
  TRAIN step 122500 (468): acc_3=0.0000 | acc_4=0.9989 | acc_5=0.0000 | acc_6=0.9965 | acc_7=0.0000 | acc_8=0.9862
  TRAIN step 122500 (357_later): acc_3=1.0000 | acc_4=1.0000 | acc_5=1.0000 | acc_6=1.0000 | acc_7=0.9959 | acc_8=1.0000
  Step 123000 | loss=0.0019
  Step 123500 | loss=0.0010
  Step 124000 | loss=0.0004
  Step 124500 | loss=0.0015
  Step 125000 | loss=0.0011
  EVAL step 125000: acc_3=1.0000 | acc_4=0.9990 | acc_5=0.9995 | acc_6=0.9960 | acc_7=0.5395 | acc_8=0.9860
  TRAIN step 125000 (468): acc_3=0.0000 | acc_4=0.9989 | acc_5=0.0000 | acc_6=0.9961 | acc_7=0.0000 | acc_8=0.9861
  TRAIN step 125000 (357_later): acc_3=1.0000 | acc_4=1.0000 | acc_5=1.0000 | acc_6=1.0000 | acc_7=0.9980 | acc_8=1.0000
  Pushed checkpoint step-125000 to ijinyu1113/transition_468_357_later_seed2_v3
  Step 125500 | loss=0.0003
  Step 126000 | loss=0.0001
  Step 126500 | loss=0.0002
  Step 127000 | loss=0.0006
  Step 127500 | loss=0.0001
  EVAL step 127500: acc_3=1.0000 | acc_4=1.0000 | acc_5=1.0000 | acc_6=0.9965 | acc_7=0.5440 | acc_8=0.9905
  TRAIN step 127500 (468): acc_3=0.0000 | acc_4=0.9991 | acc_5=0.0000 | acc_6=0.9962 | acc_7=0.0000 | acc_8=0.9871
  TRAIN step 127500 (357_later): acc_3=1.0000 | acc_4=1.0000 | acc_5=1.0000 | acc_6=1.0000 | acc_7=0.9992 | acc_8=1.0000
  Step 128000 | loss=0.0002
  Step 128500 | loss=0.0001
  Step 129000 | loss=0.0003
  Step 129500 | loss=0.0005
  Step 130000 | loss=0.0002
  EVAL step 130000: acc_3=1.0000 | acc_4=0.9990 | acc_5=0.9995 | acc_6=0.9960 | acc_7=0.5370 | acc_8=0.9900
  TRAIN step 130000 (468): acc_3=0.0000 | acc_4=0.9988 | acc_5=0.0000 | acc_6=0.9965 | acc_7=0.0000 | acc_8=0.9862
  TRAIN step 130000 (357_later): acc_3=1.0000 | acc_4=1.0000 | acc_5=1.0000 | acc_6=1.0000 | acc_7=0.9995 | acc_8=1.0000
  Pushed checkpoint step-130000 to ijinyu1113/transition_468_357_later_seed2_v3
  Step 130500 | loss=0.0001
  Step 131000 | loss=0.0002
  Step 131500 | loss=0.0001
  Step 132000 | loss=0.0000
  Step 132500 | loss=0.0001
  EVAL step 132500: acc_3=1.0000 | acc_4=0.9990 | acc_5=1.0000 | acc_6=0.9955 | acc_7=0.5310 | acc_8=0.9890
  TRAIN step 132500 (468): acc_3=0.0000 | acc_4=0.9990 | acc_5=0.0000 | acc_6=0.9963 | acc_7=0.0000 | acc_8=0.9864
  TRAIN step 132500 (357_later): acc_3=1.0000 | acc_4=1.0000 | acc_5=1.0000 | acc_6=1.0000 | acc_7=0.9998 | acc_8=1.0000
  Step 133000 | loss=0.0001
  Step 133500 | loss=0.0002
  Step 134000 | loss=0.0001
  Step 134500 | loss=0.0002
  Step 135000 | loss=0.0000
  EVAL step 135000: acc_3=1.0000 | acc_4=0.9990 | acc_5=0.9995 | acc_6=0.9970 | acc_7=0.5420 | acc_8=0.9905
  TRAIN step 135000 (468): acc_3=0.0000 | acc_4=0.9991 | acc_5=0.0000 | acc_6=0.9968 | acc_7=0.0000 | acc_8=0.9867
  TRAIN step 135000 (357_later): acc_3=1.0000 | acc_4=1.0000 | acc_5=1.0000 | acc_6=1.0000 | acc_7=1.0000 | acc_8=1.0000
  Pushed checkpoint step-135000 to ijinyu1113/transition_468_357_later_seed2_v3
  Step 135500 | loss=0.0002
  Step 136000 | loss=0.0000
  Step 136500 | loss=0.0000
  Step 137000 | loss=0.0000
  Step 137500 | loss=0.0000
  EVAL step 137500: acc_3=1.0000 | acc_4=0.9990 | acc_5=0.9995 | acc_6=0.9960 | acc_7=0.5420 | acc_8=0.9895
  TRAIN step 137500 (468): acc_3=0.0000 | acc_4=0.9991 | acc_5=0.0000 | acc_6=0.9967 | acc_7=0.0000 | acc_8=0.9867
  TRAIN step 137500 (357_later): acc_3=1.0000 | acc_4=1.0000 | acc_5=1.0000 | acc_6=1.0000 | acc_7=1.0000 | acc_8=1.0000
  Step 138000 | loss=0.0000
  Step 138500 | loss=0.0000
  Step 139000 | loss=0.0000
  Step 139500 | loss=0.0000
  Step 140000 | loss=0.0000
  EVAL step 140000: acc_3=1.0000 | acc_4=0.9990 | acc_5=0.9995 | acc_6=0.9960 | acc_7=0.5440 | acc_8=0.9880
  TRAIN step 140000 (468): acc_3=0.0000 | acc_4=0.9991 | acc_5=0.0000 | acc_6=0.9967 | acc_7=0.0000 | acc_8=0.9865
  TRAIN step 140000 (357_later): acc_3=1.0000 | acc_4=1.0000 | acc_5=1.0000 | acc_6=1.0000 | acc_7=1.0000 | acc_8=1.0000
  Pushed checkpoint step-140000 to ijinyu1113/transition_468_357_later_seed2_v3
  Step 140500 | loss=0.0001
  Step 141000 | loss=0.0000
  Step 141500 | loss=0.0000
  Step 142000 | loss=0.0000
  Step 142500 | loss=0.0000
  EVAL step 142500: acc_3=1.0000 | acc_4=0.9990 | acc_5=0.9995 | acc_6=0.9970 | acc_7=0.5395 | acc_8=0.9890
  TRAIN step 142500 (468): acc_3=0.0000 | acc_4=0.9991 | acc_5=0.0000 | acc_6=0.9968 | acc_7=0.0000 | acc_8=0.9866
  TRAIN step 142500 (357_later): acc_3=1.0000 | acc_4=1.0000 | acc_5=1.0000 | acc_6=1.0000 | acc_7=1.0000 | acc_8=1.0000
  Step 143000 | loss=0.0000
  Step 143500 | loss=0.0000
  Step 144000 | loss=0.0000
  Step 144500 | loss=0.0000
  Step 145000 | loss=0.0000
  EVAL step 145000: acc_3=1.0000 | acc_4=0.9990 | acc_5=0.9995 | acc_6=0.9975 | acc_7=0.5380 | acc_8=0.9875
  TRAIN step 145000 (468): acc_3=0.0000 | acc_4=0.9991 | acc_5=0.0000 | acc_6=0.9971 | acc_7=0.0000 | acc_8=0.9868
  TRAIN step 145000 (357_later): acc_3=1.0000 | acc_4=1.0000 | acc_5=1.0000 | acc_6=1.0000 | acc_7=1.0000 | acc_8=1.0000
  Pushed checkpoint step-145000 to ijinyu1113/transition_468_357_later_seed2_v3
  Step 145500 | loss=0.0000
  Step 146000 | loss=0.0000
  Step 146500 | loss=0.0000
  Step 147000 | loss=0.0000
  Step 147500 | loss=0.0000
  EVAL step 147500: acc_3=1.0000 | acc_4=0.9990 | acc_5=0.9995 | acc_6=0.9975 | acc_7=0.5385 | acc_8=0.9880
  TRAIN step 147500 (468): acc_3=0.0000 | acc_4=0.9991 | acc_5=0.0000 | acc_6=0.9971 | acc_7=0.0000 | acc_8=0.9868
  TRAIN step 147500 (357_later): acc_3=1.0000 | acc_4=1.0000 | acc_5=1.0000 | acc_6=1.0000 | acc_7=1.0000 | acc_8=1.0000
  Step 148000 | loss=0.0000
  Step 148500 | loss=0.0000
  Step 149000 | loss=0.0000
  Step 149500 | loss=0.0000
  Step 150000 | loss=0.0000
  EVAL step 150000: acc_3=1.0000 | acc_4=0.9990 | acc_5=0.9995 | acc_6=0.9975 | acc_7=0.5385 | acc_8=0.9880
  TRAIN step 150000 (468): acc_3=0.0000 | acc_4=0.9991 | acc_5=0.0000 | acc_6=0.9971 | acc_7=0.0000 | acc_8=0.9869
  TRAIN step 150000 (357_later): acc_3=1.0000 | acc_4=1.0000 | acc_5=1.0000 | acc_6=1.0000 | acc_7=1.0000 | acc_8=1.0000
  Pushed checkpoint step-150000 to ijinyu1113/transition_468_357_later_seed2_v3
  Pushed checkpoint step-150000 to ijinyu1113/transition_468_357_later_seed2_v3
Training complete. Checkpoints at ijinyu1113/transition_468_357_later_seed2_v3
