Using base checkpoint: step143000
Config: 357 -> 468_later, seed=10, HF_REPO=ijinyu1113/transition_357_468_later_seed10

STARTING TRANSITION: 357 -> 468_later, LR=3e-05, BS=64, Warmup=15000
  Step    500 | loss=0.5662
  Step   1000 | loss=0.5428
  Step   1500 | loss=0.5566
  Step   2000 | loss=0.5326
  Step   2500 | loss=0.5862
  EVAL step 2500: acc_3=0.2675 | acc_4=0.1960 | acc_5=0.1725 | acc_6=0.1240 | acc_7=0.1320 | acc_8=0.1125
  Step   3000 | loss=0.5500
  Step   3500 | loss=0.6038
  Step   4000 | loss=0.3321
  Step   4500 | loss=0.3538
  Step   5000 | loss=0.3269
  EVAL step 5000: acc_3=0.5005 | acc_4=0.2025 | acc_5=0.3380 | acc_6=0.1340 | acc_7=0.2445 | acc_8=0.1100
  Step   5500 | loss=0.3345
  Step   6000 | loss=0.3303
  Step   6500 | loss=0.3438
  Step   7000 | loss=0.3414
  Step   7500 | loss=0.3262
  EVAL step 7500: acc_3=0.4940 | acc_4=0.1940 | acc_5=0.3365 | acc_6=0.1390 | acc_7=0.2370 | acc_8=0.1150
  Step   8000 | loss=0.3229
  Step   8500 | loss=0.3508
  Step   9000 | loss=0.3474
  Step   9500 | loss=0.3606
  Step  10000 | loss=0.3289
  EVAL step 10000: acc_3=0.5055 | acc_4=0.1910 | acc_5=0.3335 | acc_6=0.1455 | acc_7=0.2240 | acc_8=0.1085
  Step  10500 | loss=0.3317
  Step  11000 | loss=0.3298
  Step  11500 | loss=0.3274
  Step  12000 | loss=0.3129
  Step  12500 | loss=0.3223
  EVAL step 12500: acc_3=0.5140 | acc_4=0.2120 | acc_5=0.3440 | acc_6=0.1420 | acc_7=0.2635 | acc_8=0.1180
  Step  13000 | loss=0.3374
  Step  13500 | loss=0.3225
  Step  14000 | loss=0.3591
  Step  14500 | loss=0.3653
  Step  15000 | loss=0.3361
  EVAL step 15000: acc_3=0.5075 | acc_4=0.1825 | acc_5=0.3385 | acc_6=0.1450 | acc_7=0.2500 | acc_8=0.1020
  Step  15500 | loss=0.3250
  Step  16000 | loss=0.3000
  Step  16500 | loss=0.3326
  Step  17000 | loss=0.3399
  Step  17500 | loss=0.3096
  EVAL step 17500: acc_3=0.4875 | acc_4=0.1895 | acc_5=0.3355 | acc_6=0.1405 | acc_7=0.2470 | acc_8=0.1180
  Step  18000 | loss=0.3363
  Step  18500 | loss=0.3379
  Step  19000 | loss=0.3395
  Step  19500 | loss=0.3389
  Step  20000 | loss=0.3331
  EVAL step 20000: acc_3=0.5130 | acc_4=0.2050 | acc_5=0.3195 | acc_6=0.1445 | acc_7=0.2580 | acc_8=0.1050
  Pushed checkpoint step-20000 to ijinyu1113/transition_357_468_later_seed10
  Step  20500 | loss=0.2877
  Step  21000 | loss=0.3724
  Step  21500 | loss=0.3217
  Step  22000 | loss=0.3415
  Step  22500 | loss=0.3297
  EVAL step 22500: acc_3=0.4975 | acc_4=0.2070 | acc_5=0.3300 | acc_6=0.1510 | acc_7=0.2605 | acc_8=0.1150
  Step  23000 | loss=0.3094
  Step  23500 | loss=0.3175
  Step  24000 | loss=0.2569
  Step  24500 | loss=0.2380
  Step  25000 | loss=0.1889
  EVAL step 25000: acc_3=1.0000 | acc_4=0.1805 | acc_5=0.3365 | acc_6=0.1385 | acc_7=0.5025 | acc_8=0.1100
  Step  25500 | loss=0.1928
  Step  26000 | loss=0.1590
  Step  26500 | loss=0.1970
  Step  27000 | loss=0.1776
  Step  27500 | loss=0.1886
  EVAL step 27500: acc_3=1.0000 | acc_4=0.1430 | acc_5=0.3385 | acc_6=0.1350 | acc_7=0.4830 | acc_8=0.1055
  Step  28000 | loss=0.1677
  Step  28500 | loss=0.2088
  Step  29000 | loss=0.1900
  Step  29500 | loss=0.1625
  Step  30000 | loss=0.1885
  EVAL step 30000: acc_3=0.9985 | acc_4=0.1740 | acc_5=0.4010 | acc_6=0.1365 | acc_7=0.4970 | acc_8=0.1080
  Step  30500 | loss=0.1816
  Step  31000 | loss=0.1198
  Step  31500 | loss=0.1090
  Step  32000 | loss=0.1042
  Step  32500 | loss=0.0984
  EVAL step 32500: acc_3=0.9995 | acc_4=0.1585 | acc_5=0.9805 | acc_6=0.1290 | acc_7=0.5010 | acc_8=0.1145
  Step  33000 | loss=0.0622
  Step  33500 | loss=0.0839
  Step  34000 | loss=0.0472
  Step  34500 | loss=0.0560
  Step  35000 | loss=0.0501
  EVAL step 35000: acc_3=0.9985 | acc_4=0.1800 | acc_5=0.9950 | acc_6=0.1360 | acc_7=0.4960 | acc_8=0.1185
  Step  35500 | loss=0.0702
  Step  36000 | loss=0.0635
  Step  36500 | loss=0.0912
  Step  37000 | loss=0.0857
  Step  37500 | loss=0.0415
  EVAL step 37500: acc_3=1.0000 | acc_4=0.1385 | acc_5=0.9905 | acc_6=0.1275 | acc_7=0.5020 | acc_8=0.1160
  Step  38000 | loss=0.0687
  Step  38500 | loss=0.0537
  Step  39000 | loss=0.0622
  Step  39500 | loss=0.0600
  Step  40000 | loss=0.0317
  EVAL step 40000: acc_3=0.9970 | acc_4=0.1485 | acc_5=0.9975 | acc_6=0.1340 | acc_7=0.5120 | acc_8=0.1040
  Pushed checkpoint step-40000 to ijinyu1113/transition_357_468_later_seed10
  Step  40500 | loss=0.0529
  Step  41000 | loss=0.0602
  Step  41500 | loss=0.0662
  Step  42000 | loss=0.0540
  Step  42500 | loss=0.0642
  EVAL step 42500: acc_3=0.9985 | acc_4=0.1630 | acc_5=0.9965 | acc_6=0.1365 | acc_7=0.4885 | acc_8=0.1035
  Step  43000 | loss=0.0411
  Step  43500 | loss=0.0836
  Step  44000 | loss=0.0465
  Step  44500 | loss=0.0636
  Step  45000 | loss=0.0451
  EVAL step 45000: acc_3=1.0000 | acc_4=0.1435 | acc_5=0.9990 | acc_6=0.1320 | acc_7=0.5125 | acc_8=0.1125
  Step  45500 | loss=0.0886
  Step  46000 | loss=0.0544
  Step  46500 | loss=0.0759
  Step  47000 | loss=0.0388
  Step  47500 | loss=0.0200
  EVAL step 47500: acc_3=0.9990 | acc_4=0.1570 | acc_5=1.0000 | acc_6=0.1345 | acc_7=0.5055 | acc_8=0.1165
  Step  48000 | loss=0.0252
  Step  48500 | loss=0.0557
  Step  49000 | loss=0.0292
  Step  49500 | loss=0.0324
  Step  50000 | loss=0.0299
  EVAL step 50000: acc_3=1.0000 | acc_4=0.1450 | acc_5=1.0000 | acc_6=0.1305 | acc_7=0.5230 | acc_8=0.1090
  Step  50500 | loss=0.0516
  Step  51000 | loss=0.0147
  Step  51500 | loss=0.0259
  Step  52000 | loss=0.0520
  Step  52500 | loss=0.0422
  EVAL step 52500: acc_3=1.0000 | acc_4=0.1315 | acc_5=0.9990 | acc_6=0.1340 | acc_7=0.5240 | acc_8=0.1120
  Step  53000 | loss=0.0361
  Step  53500 | loss=0.0600
  Step  54000 | loss=0.0228
  Step  54500 | loss=0.0044
  Step  55000 | loss=0.0122
  EVAL step 55000: acc_3=1.0000 | acc_4=0.1370 | acc_5=0.9980 | acc_6=0.1290 | acc_7=0.5355 | acc_8=0.1155
  Step  55500 | loss=0.0183
  Step  56000 | loss=0.0232
  Step  56500 | loss=0.0130
  Step  57000 | loss=0.0333
  Step  57500 | loss=0.0246
  EVAL step 57500: acc_3=1.0000 | acc_4=0.1405 | acc_5=0.9970 | acc_6=0.1310 | acc_7=0.5470 | acc_8=0.1080
  Step  58000 | loss=0.0158
  Step  58500 | loss=0.0080
  Step  59000 | loss=0.0026
  Step  59500 | loss=0.0179
  Step  60000 | loss=0.0078
  EVAL step 60000: acc_3=1.0000 | acc_4=0.1420 | acc_5=1.0000 | acc_6=0.1275 | acc_7=0.5630 | acc_8=0.1095
  Pushed checkpoint step-60000 to ijinyu1113/transition_357_468_later_seed10
  Step  60500 | loss=0.0113
  Step  61000 | loss=0.0027
  Step  61500 | loss=0.0088
  Step  62000 | loss=0.0115
  Step  62500 | loss=0.0054
  EVAL step 62500: acc_3=1.0000 | acc_4=0.1420 | acc_5=1.0000 | acc_6=0.1245 | acc_7=0.5785 | acc_8=0.1125
  Step  63000 | loss=0.0228
  Step  63500 | loss=0.0005
  Step  64000 | loss=0.0047
  Step  64500 | loss=0.0169
  Step  65000 | loss=0.0016
  EVAL step 65000: acc_3=1.0000 | acc_4=0.1470 | acc_5=0.9995 | acc_6=0.1260 | acc_7=0.5680 | acc_8=0.1020
  Step  65500 | loss=0.0085
  Step  66000 | loss=0.0049
  Step  66500 | loss=0.0015
  Step  67000 | loss=0.0174
  Step  67500 | loss=0.0070
  EVAL step 67500: acc_3=1.0000 | acc_4=0.1390 | acc_5=1.0000 | acc_6=0.1205 | acc_7=0.5710 | acc_8=0.1040
  Step  68000 | loss=0.0174
  Step  68500 | loss=0.0006
  Step  69000 | loss=0.0007
  Step  69500 | loss=0.0006
  Step  70000 | loss=0.0015
  EVAL step 70000: acc_3=1.0000 | acc_4=0.1365 | acc_5=0.9995 | acc_6=0.1315 | acc_7=0.5865 | acc_8=0.1075
  Step  70500 | loss=0.0136
  Step  71000 | loss=0.0002
  Step  71500 | loss=0.0023
  Step  72000 | loss=0.0124
  Step  72500 | loss=0.0229
  EVAL step 72500: acc_3=1.0000 | acc_4=0.1365 | acc_5=0.9990 | acc_6=0.1225 | acc_7=0.5875 | acc_8=0.1080
  Step  73000 | loss=0.0005
  Step  73500 | loss=0.0004
  Step  74000 | loss=0.0004
  Step  74500 | loss=0.0006
  Step  75000 | loss=0.0012
  EVAL step 75000: acc_3=1.0000 | acc_4=0.1365 | acc_5=0.9995 | acc_6=0.1300 | acc_7=0.5900 | acc_8=0.1165

=== TRANSITION at step 75000: switching from 357 to 468_later ===

  Step  75500 | loss=0.5367
  Step  76000 | loss=0.5355
  Step  76500 | loss=0.4711
  Step  77000 | loss=0.5215
  Step  77500 | loss=0.5190
  EVAL step 77500: acc_3=0.9995 | acc_4=0.2060 | acc_5=0.9985 | acc_6=0.1385 | acc_7=0.5980 | acc_8=0.1175
  Step  78000 | loss=0.5219
  Step  78500 | loss=0.5408
  Step  79000 | loss=0.4702
  Step  79500 | loss=0.4879
  Step  80000 | loss=0.4506
  EVAL step 80000: acc_3=0.9980 | acc_4=0.2610 | acc_5=0.9970 | acc_6=0.1520 | acc_7=0.6165 | acc_8=0.1265
  Pushed checkpoint step-80000 to ijinyu1113/transition_357_468_later_seed10
  Step  80500 | loss=0.4687
  Step  81000 | loss=0.4118
  Step  81500 | loss=0.3644
  Step  82000 | loss=0.4714
  Step  82500 | loss=0.3367
  EVAL step 82500: acc_3=0.9980 | acc_4=0.7450 | acc_5=0.9685 | acc_6=0.1720 | acc_7=0.6040 | acc_8=0.1385
  Step  83000 | loss=0.2985
  Step  83500 | loss=0.3427
  Step  84000 | loss=0.3372
  Step  84500 | loss=0.3782
  Step  85000 | loss=0.2269
  EVAL step 85000: acc_3=0.9980 | acc_4=0.9725 | acc_5=0.9850 | acc_6=0.1780 | acc_7=0.6050 | acc_8=0.1490
  Step  85500 | loss=0.2420
  Step  86000 | loss=0.2949
  Step  86500 | loss=0.1779
  Step  87000 | loss=0.2444
  Step  87500 | loss=0.2659
  EVAL step 87500: acc_3=0.9985 | acc_4=0.9820 | acc_5=0.9840 | acc_6=0.2135 | acc_7=0.5935 | acc_8=0.1880
  Step  88000 | loss=0.2608
  Step  88500 | loss=0.1884
  Step  89000 | loss=0.2210
  Step  89500 | loss=0.1057
  Step  90000 | loss=0.1353
  EVAL step 90000: acc_3=0.9980 | acc_4=0.9840 | acc_5=0.9880 | acc_6=0.2435 | acc_7=0.5910 | acc_8=0.2105
  Step  90500 | loss=0.0551
  Step  91000 | loss=0.0550
  Step  91500 | loss=0.0572
  Step  92000 | loss=0.0590
  Step  92500 | loss=0.0576
  EVAL step 92500: acc_3=0.9975 | acc_4=0.9855 | acc_5=0.9855 | acc_6=0.2655 | acc_7=0.5880 | acc_8=0.2120
  Step  93000 | loss=0.0274
  Step  93500 | loss=0.0335
  Step  94000 | loss=0.0381
  Step  94500 | loss=0.0242
  Step  95000 | loss=0.0421
  EVAL step 95000: acc_3=0.9985 | acc_4=0.9890 | acc_5=0.9855 | acc_6=0.2740 | acc_7=0.5865 | acc_8=0.2345
  Step  95500 | loss=0.0104
  Step  96000 | loss=0.0468
  Step  96500 | loss=0.0059
  Step  97000 | loss=0.0285
  Step  97500 | loss=0.0135
  EVAL step 97500: acc_3=0.9965 | acc_4=0.9850 | acc_5=0.9875 | acc_6=0.2835 | acc_7=0.5955 | acc_8=0.2305
  Step  98000 | loss=0.0045
  Step  98500 | loss=0.0131
  Step  99000 | loss=0.0039
  Step  99500 | loss=0.0177
  Step 100000 | loss=0.0052
  EVAL step 100000: acc_3=0.9995 | acc_4=0.9925 | acc_5=0.9850 | acc_6=0.2870 | acc_7=0.5875 | acc_8=0.2200
  Pushed checkpoint step-100000 to ijinyu1113/transition_357_468_later_seed10
  Step 100500 | loss=0.0054
  Step 101000 | loss=0.0231
  Step 101500 | loss=0.0008
  Step 102000 | loss=0.0246
  Step 102500 | loss=0.0006
  EVAL step 102500: acc_3=0.9985 | acc_4=0.9915 | acc_5=0.9845 | acc_6=0.2760 | acc_7=0.5830 | acc_8=0.2295
  Step 103000 | loss=0.0064
  Step 103500 | loss=0.0002
  Step 104000 | loss=0.0019
  Step 104500 | loss=0.0020
  Step 105000 | loss=0.0029
  EVAL step 105000: acc_3=0.9990 | acc_4=0.9910 | acc_5=0.9825 | acc_6=0.2835 | acc_7=0.5875 | acc_8=0.2260
  Step 105500 | loss=0.0069
  Step 106000 | loss=0.0042
  Step 106500 | loss=0.0022
  Step 107000 | loss=0.0001
  Step 107500 | loss=0.0020
  EVAL step 107500: acc_3=0.9990 | acc_4=0.9875 | acc_5=0.9845 | acc_6=0.2875 | acc_7=0.5860 | acc_8=0.2355
  Step 108000 | loss=0.0005
  Step 108500 | loss=0.0002
  Step 109000 | loss=0.0000
  Step 109500 | loss=0.0009
  Step 110000 | loss=0.0014
  EVAL step 110000: acc_3=0.9980 | acc_4=0.9935 | acc_5=0.9890 | acc_6=0.2870 | acc_7=0.5840 | acc_8=0.2240
  Step 110500 | loss=0.0003
  Step 111000 | loss=0.0001
  Step 111500 | loss=0.0003
  Step 112000 | loss=0.0001
  Step 112500 | loss=0.0002
  EVAL step 112500: acc_3=0.9985 | acc_4=0.9955 | acc_5=0.9870 | acc_6=0.2980 | acc_7=0.5785 | acc_8=0.2330
  Step 113000 | loss=0.0003
  Step 113500 | loss=0.0002
  Step 114000 | loss=0.0001
  Step 114500 | loss=0.0001
  Step 115000 | loss=0.0006
  EVAL step 115000: acc_3=0.9990 | acc_4=0.9925 | acc_5=0.9860 | acc_6=0.2935 | acc_7=0.5860 | acc_8=0.2240
  Step 115500 | loss=0.0000
  Step 116000 | loss=0.0000
  Step 116500 | loss=0.0000
  Step 117000 | loss=0.0012
  Step 117500 | loss=0.0000
  EVAL step 117500: acc_3=0.9985 | acc_4=0.9955 | acc_5=0.9880 | acc_6=0.3040 | acc_7=0.5905 | acc_8=0.2280
  Step 118000 | loss=0.0000
  Step 118500 | loss=0.0000
  Step 119000 | loss=0.0000
  Step 119500 | loss=0.0000
  Step 120000 | loss=0.0000
  EVAL step 120000: acc_3=0.9985 | acc_4=0.9970 | acc_5=0.9890 | acc_6=0.3055 | acc_7=0.5895 | acc_8=0.2295
  Pushed checkpoint step-120000 to ijinyu1113/transition_357_468_later_seed10
  Step 120500 | loss=0.0000
  Step 121000 | loss=0.0000
  Step 121500 | loss=0.0081
  Step 122000 | loss=0.0000
  Step 122500 | loss=0.0002
  EVAL step 122500: acc_3=0.9985 | acc_4=0.9945 | acc_5=0.9875 | acc_6=0.3010 | acc_7=0.5875 | acc_8=0.2255
  Step 123000 | loss=0.0000
  Step 123500 | loss=0.0000
  Step 124000 | loss=0.0000
  Step 124500 | loss=0.0000
  Step 125000 | loss=0.0001
  EVAL step 125000: acc_3=0.9985 | acc_4=0.9940 | acc_5=0.9890 | acc_6=0.2965 | acc_7=0.5815 | acc_8=0.2330
  Step 125500 | loss=0.0000
  Step 126000 | loss=0.0000
  Step 126500 | loss=0.0000
  Step 127000 | loss=0.0000
  Step 127500 | loss=0.0000
  EVAL step 127500: acc_3=0.9990 | acc_4=0.9950 | acc_5=0.9890 | acc_6=0.2995 | acc_7=0.5885 | acc_8=0.2340
  Step 128000 | loss=0.0000
  Step 128500 | loss=0.0000
  Step 129000 | loss=0.0000
  Step 129500 | loss=0.0000
  Step 130000 | loss=0.0000
  EVAL step 130000: acc_3=0.9990 | acc_4=0.9950 | acc_5=0.9890 | acc_6=0.2995 | acc_7=0.5875 | acc_8=0.2365
  Step 130500 | loss=0.0000
  Step 131000 | loss=0.0000
  Step 131500 | loss=0.0000
  Step 132000 | loss=0.0000
  Step 132500 | loss=0.0000
  EVAL step 132500: acc_3=0.9990 | acc_4=0.9955 | acc_5=0.9890 | acc_6=0.2970 | acc_7=0.5890 | acc_8=0.2335
  Step 133000 | loss=0.0000
  Step 133500 | loss=0.0000
  Step 134000 | loss=0.0000
  Step 134500 | loss=0.0000
  Step 135000 | loss=0.0000
  EVAL step 135000: acc_3=0.9990 | acc_4=0.9955 | acc_5=0.9895 | acc_6=0.3015 | acc_7=0.5885 | acc_8=0.2370
  Step 135500 | loss=0.0000
  Step 136000 | loss=0.0000
  Step 136500 | loss=0.0000
  Step 137000 | loss=0.0000
  Step 137500 | loss=0.0000
  EVAL step 137500: acc_3=0.9990 | acc_4=0.9955 | acc_5=0.9895 | acc_6=0.3025 | acc_7=0.5890 | acc_8=0.2380
  Step 138000 | loss=0.0000
  Step 138500 | loss=0.0000
  Step 139000 | loss=0.0000
  Step 139500 | loss=0.0000
  Step 140000 | loss=0.0000
  EVAL step 140000: acc_3=0.9990 | acc_4=0.9955 | acc_5=0.9900 | acc_6=0.3030 | acc_7=0.5865 | acc_8=0.2375
  Pushed checkpoint step-140000 to ijinyu1113/transition_357_468_later_seed10
  Step 140500 | loss=0.0000
  Step 141000 | loss=0.0000
  Step 141500 | loss=0.0000
  Step 142000 | loss=0.0000
  Step 142500 | loss=0.0000
  EVAL step 142500: acc_3=0.9990 | acc_4=0.9955 | acc_5=0.9905 | acc_6=0.3040 | acc_7=0.5870 | acc_8=0.2375
  Step 143000 | loss=0.0000
  Step 143500 | loss=0.0000
  Step 144000 | loss=0.0000
  Step 144500 | loss=0.0000
  Step 145000 | loss=0.0000
  EVAL step 145000: acc_3=0.9990 | acc_4=0.9955 | acc_5=0.9905 | acc_6=0.3040 | acc_7=0.5870 | acc_8=0.2380
  Step 145500 | loss=0.0000
  Step 146000 | loss=0.0000
  Step 146500 | loss=0.0000
  Step 147000 | loss=0.0000
  Step 147500 | loss=0.0000
  EVAL step 147500: acc_3=0.9990 | acc_4=0.9955 | acc_5=0.9905 | acc_6=0.3030 | acc_7=0.5870 | acc_8=0.2375
  Step 148000 | loss=0.0000
  Step 148500 | loss=0.0000
  Step 149000 | loss=0.0000
  Step 149500 | loss=0.0000
  Step 150000 | loss=0.0000
  EVAL step 150000: acc_3=0.9990 | acc_4=0.9955 | acc_5=0.9905 | acc_6=0.3030 | acc_7=0.5870 | acc_8=0.2375
  Pushed checkpoint step-150000 to ijinyu1113/transition_357_468_later_seed10
Training complete. Checkpoints at ijinyu1113/transition_357_468_later_seed10
