Using base checkpoint: step143000
Config: 468 -> 357_later, seed=42, HF_REPO=ijinyu1113/transition_468_357_later_seed42_v3

STARTING TRANSITION: 468 -> 357_later, LR=3e-05, BS=64, Warmup=15000
  Step    500 | loss=0.6405
  Step   1000 | loss=0.6487
  Step   1500 | loss=0.6146
  Step   2000 | loss=0.6214
  Step   2500 | loss=0.6455
  EVAL step 2500: acc_3=0.2500 | acc_4=0.2070 | acc_5=0.1780 | acc_6=0.1440 | acc_7=0.1115 | acc_8=0.1185
  TRAIN step 2500 (468): acc_3=0.0000 | acc_4=0.2053 | acc_5=0.0000 | acc_6=0.1403 | acc_7=0.0000 | acc_8=0.1226
  Step   3000 | loss=0.6193
  Step   3500 | loss=0.6258
  Step   4000 | loss=0.6299
  Step   4500 | loss=0.6205
  Step   5000 | loss=0.6101
  EVAL step 5000: acc_3=0.2655 | acc_4=0.2130 | acc_5=0.1575 | acc_6=0.1385 | acc_7=0.1275 | acc_8=0.1090
  TRAIN step 5000 (468): acc_3=0.0000 | acc_4=0.2186 | acc_5=0.0000 | acc_6=0.1601 | acc_7=0.0000 | acc_8=0.1233
  Pushed checkpoint step-5000 to ijinyu1113/transition_468_357_later_seed42_v3
  Step   5500 | loss=0.5871
  Step   6000 | loss=0.6415
  Step   6500 | loss=0.5732
  Step   7000 | loss=0.6052
  Step   7500 | loss=0.6193
  EVAL step 7500: acc_3=0.2320 | acc_4=0.2135 | acc_5=0.1550 | acc_6=0.1540 | acc_7=0.1320 | acc_8=0.1020
  TRAIN step 7500 (468): acc_3=0.0000 | acc_4=0.2604 | acc_5=0.0000 | acc_6=0.1827 | acc_7=0.0000 | acc_8=0.1309
  Step   8000 | loss=0.5811
  Step   8500 | loss=0.6106
  Step   9000 | loss=0.6242
  Step   9500 | loss=0.6167
  Step  10000 | loss=0.6038
  EVAL step 10000: acc_3=0.2405 | acc_4=0.2060 | acc_5=0.1590 | acc_6=0.1330 | acc_7=0.1165 | acc_8=0.1105
  TRAIN step 10000 (468): acc_3=0.0000 | acc_4=0.2441 | acc_5=0.0000 | acc_6=0.2001 | acc_7=0.0000 | acc_8=0.1524
  Pushed checkpoint step-10000 to ijinyu1113/transition_468_357_later_seed42_v3
  Step  10500 | loss=0.6421
  Step  11000 | loss=0.6064
  Step  11500 | loss=0.5887
  Step  12000 | loss=0.5962
  Step  12500 | loss=0.6099
  EVAL step 12500: acc_3=0.1840 | acc_4=0.1975 | acc_5=0.1695 | acc_6=0.1340 | acc_7=0.1165 | acc_8=0.1145
  TRAIN step 12500 (468): acc_3=0.0000 | acc_4=0.2515 | acc_5=0.0000 | acc_6=0.2036 | acc_7=0.0000 | acc_8=0.1618
  Step  13000 | loss=0.5946
  Step  13500 | loss=0.6098
  Step  14000 | loss=0.6149
  Step  14500 | loss=0.6054
  Step  15000 | loss=0.5979
  EVAL step 15000: acc_3=0.1880 | acc_4=0.2205 | acc_5=0.1520 | acc_6=0.1465 | acc_7=0.1365 | acc_8=0.1070
  TRAIN step 15000 (468): acc_3=0.0000 | acc_4=0.2559 | acc_5=0.0000 | acc_6=0.1979 | acc_7=0.0000 | acc_8=0.1542
  Pushed checkpoint step-15000 to ijinyu1113/transition_468_357_later_seed42_v3
  Step  15500 | loss=0.5861
  Step  16000 | loss=0.5993
  Step  16500 | loss=0.6101
  Step  17000 | loss=0.5947
  Step  17500 | loss=0.6052
  EVAL step 17500: acc_3=0.2125 | acc_4=0.2120 | acc_5=0.1650 | acc_6=0.1490 | acc_7=0.1230 | acc_8=0.1145
  TRAIN step 17500 (468): acc_3=0.0000 | acc_4=0.2671 | acc_5=0.0000 | acc_6=0.2105 | acc_7=0.0000 | acc_8=0.1640
  Step  18000 | loss=0.6227
  Step  18500 | loss=0.5768
  Step  19000 | loss=0.5884
  Step  19500 | loss=0.5837
  Step  20000 | loss=0.5867
  EVAL step 20000: acc_3=0.1980 | acc_4=0.2310 | acc_5=0.1490 | acc_6=0.1425 | acc_7=0.1280 | acc_8=0.1160
  TRAIN step 20000 (468): acc_3=0.0000 | acc_4=0.2805 | acc_5=0.0000 | acc_6=0.2228 | acc_7=0.0000 | acc_8=0.1797
  Pushed checkpoint step-20000 to ijinyu1113/transition_468_357_later_seed42_v3
  Step  20500 | loss=0.5878
  Step  21000 | loss=0.6041
  Step  21500 | loss=0.5941
  Step  22000 | loss=0.6051
  Step  22500 | loss=0.6088
  EVAL step 22500: acc_3=0.2100 | acc_4=0.2305 | acc_5=0.1755 | acc_6=0.1320 | acc_7=0.1285 | acc_8=0.1205
  TRAIN step 22500 (468): acc_3=0.0000 | acc_4=0.2929 | acc_5=0.0000 | acc_6=0.2159 | acc_7=0.0000 | acc_8=0.1916
  Step  23000 | loss=0.5730
  Step  23500 | loss=0.6022
  Step  24000 | loss=0.6093
  Step  24500 | loss=0.5885
  Step  25000 | loss=0.5926
  EVAL step 25000: acc_3=0.2455 | acc_4=0.2340 | acc_5=0.1905 | acc_6=0.1570 | acc_7=0.1310 | acc_8=0.1210
  TRAIN step 25000 (468): acc_3=0.0000 | acc_4=0.2880 | acc_5=0.0000 | acc_6=0.2271 | acc_7=0.0000 | acc_8=0.1821
  Pushed checkpoint step-25000 to ijinyu1113/transition_468_357_later_seed42_v3
  Step  25500 | loss=0.5730
  Step  26000 | loss=0.6168
  Step  26500 | loss=0.5842
  Step  27000 | loss=0.6330
  Step  27500 | loss=0.5228
  EVAL step 27500: acc_3=0.2445 | acc_4=0.3900 | acc_5=0.1515 | acc_6=0.1485 | acc_7=0.1115 | acc_8=0.1170
  TRAIN step 27500 (468): acc_3=0.0000 | acc_4=0.4570 | acc_5=0.0000 | acc_6=0.2356 | acc_7=0.0000 | acc_8=0.2119
  Step  28000 | loss=0.5115
  Step  28500 | loss=0.4802
  Step  29000 | loss=0.3807
  Step  29500 | loss=0.4317
  Step  30000 | loss=0.3986
  EVAL step 30000: acc_3=0.1845 | acc_4=0.9815 | acc_5=0.1490 | acc_6=0.2225 | acc_7=0.1255 | acc_8=0.1165
  TRAIN step 30000 (468): acc_3=0.0000 | acc_4=0.9836 | acc_5=0.0000 | acc_6=0.3075 | acc_7=0.0000 | acc_8=0.2356
  Pushed checkpoint step-30000 to ijinyu1113/transition_468_357_later_seed42_v3
  Step  30500 | loss=0.3936
  Step  31000 | loss=0.3599
  Step  31500 | loss=0.1947
  Step  32000 | loss=0.1223
  Step  32500 | loss=0.0671
  EVAL step 32500: acc_3=0.1360 | acc_4=0.9910 | acc_5=0.1275 | acc_6=0.8985 | acc_7=0.1200 | acc_8=0.7550
  TRAIN step 32500 (468): acc_3=0.0000 | acc_4=0.9898 | acc_5=0.0000 | acc_6=0.9195 | acc_7=0.0000 | acc_8=0.7945
  Step  33000 | loss=0.0416
  Step  33500 | loss=0.0634
  Step  34000 | loss=0.0743
  Step  34500 | loss=0.0654
  Step  35000 | loss=0.0203
  EVAL step 35000: acc_3=0.1595 | acc_4=0.9975 | acc_5=0.1320 | acc_6=0.9580 | acc_7=0.1115 | acc_8=0.8605
  TRAIN step 35000 (468): acc_3=0.0000 | acc_4=0.9967 | acc_5=0.0000 | acc_6=0.9581 | acc_7=0.0000 | acc_8=0.8910
  Pushed checkpoint step-35000 to ijinyu1113/transition_468_357_later_seed42_v3
  Step  35500 | loss=0.0199
  Step  36000 | loss=0.0435
  Step  36500 | loss=0.0173
  Step  37000 | loss=0.0344
  Step  37500 | loss=0.0561
  EVAL step 37500: acc_3=0.1470 | acc_4=0.9995 | acc_5=0.1210 | acc_6=0.9835 | acc_7=0.1155 | acc_8=0.9105
  TRAIN step 37500 (468): acc_3=0.0000 | acc_4=0.9995 | acc_5=0.0000 | acc_6=0.9842 | acc_7=0.0000 | acc_8=0.9273
  Step  38000 | loss=0.0104
  Step  38500 | loss=0.0035
  Step  39000 | loss=0.0311
  Step  39500 | loss=0.0163
  Step  40000 | loss=0.0430
  EVAL step 40000: acc_3=0.1430 | acc_4=0.9995 | acc_5=0.1270 | acc_6=0.9855 | acc_7=0.1215 | acc_8=0.9525
  TRAIN step 40000 (468): acc_3=0.0000 | acc_4=0.9995 | acc_5=0.0000 | acc_6=0.9876 | acc_7=0.0000 | acc_8=0.9534
  Pushed checkpoint step-40000 to ijinyu1113/transition_468_357_later_seed42_v3
  Step  40500 | loss=0.0138
  Step  41000 | loss=0.0195
  Step  41500 | loss=0.0277
  Step  42000 | loss=0.0270
  Step  42500 | loss=0.0213
  EVAL step 42500: acc_3=0.1550 | acc_4=0.9985 | acc_5=0.1380 | acc_6=0.9905 | acc_7=0.1225 | acc_8=0.9600
  TRAIN step 42500 (468): acc_3=0.0000 | acc_4=0.9993 | acc_5=0.0000 | acc_6=0.9921 | acc_7=0.0000 | acc_8=0.9690
  Step  43000 | loss=0.0030
  Step  43500 | loss=0.0349
  Step  44000 | loss=0.0453
  Step  44500 | loss=0.0041
  Step  45000 | loss=0.0134
  EVAL step 45000: acc_3=0.1355 | acc_4=0.9980 | acc_5=0.1345 | acc_6=0.9775 | acc_7=0.1205 | acc_8=0.9620
  TRAIN step 45000 (468): acc_3=0.0000 | acc_4=0.9967 | acc_5=0.0000 | acc_6=0.9869 | acc_7=0.0000 | acc_8=0.9695
  Pushed checkpoint step-45000 to ijinyu1113/transition_468_357_later_seed42_v3
  Step  45500 | loss=0.0034
  Step  46000 | loss=0.0052
  Step  46500 | loss=0.0088
  Step  47000 | loss=0.0020
  Step  47500 | loss=0.0011
  EVAL step 47500: acc_3=0.1380 | acc_4=1.0000 | acc_5=0.1420 | acc_6=0.9840 | acc_7=0.1415 | acc_8=0.9755
  TRAIN step 47500 (468): acc_3=0.0000 | acc_4=0.9999 | acc_5=0.0000 | acc_6=0.9889 | acc_7=0.0000 | acc_8=0.9820
  Step  48000 | loss=0.0009
  Step  48500 | loss=0.0020
  Step  49000 | loss=0.0159
  Step  49500 | loss=0.0206
  Step  50000 | loss=0.0007
  EVAL step 50000: acc_3=0.1385 | acc_4=0.9980 | acc_5=0.1195 | acc_6=0.9905 | acc_7=0.1260 | acc_8=0.9820
  TRAIN step 50000 (468): acc_3=0.0000 | acc_4=0.9975 | acc_5=0.0000 | acc_6=0.9954 | acc_7=0.0000 | acc_8=0.9861
  Pushed checkpoint step-50000 to ijinyu1113/transition_468_357_later_seed42_v3
  Step  50500 | loss=0.0232
  Step  51000 | loss=0.0234
  Step  51500 | loss=0.0082
  Step  52000 | loss=0.0028
  Step  52500 | loss=0.0174
  EVAL step 52500: acc_3=0.1260 | acc_4=0.9980 | acc_5=0.1375 | acc_6=0.9840 | acc_7=0.1150 | acc_8=0.9460
  TRAIN step 52500 (468): acc_3=0.0000 | acc_4=0.9977 | acc_5=0.0000 | acc_6=0.9879 | acc_7=0.0000 | acc_8=0.9597
  Step  53000 | loss=0.0044
  Step  53500 | loss=0.0057
  Step  54000 | loss=0.0113
  Step  54500 | loss=0.0060
  Step  55000 | loss=0.0004
  EVAL step 55000: acc_3=0.1325 | acc_4=1.0000 | acc_5=0.1435 | acc_6=0.9945 | acc_7=0.1210 | acc_8=0.9790
  TRAIN step 55000 (468): acc_3=0.0000 | acc_4=0.9997 | acc_5=0.0000 | acc_6=0.9969 | acc_7=0.0000 | acc_8=0.9843
  Pushed checkpoint step-55000 to ijinyu1113/transition_468_357_later_seed42_v3
  Step  55500 | loss=0.0068
  Step  56000 | loss=0.0036
  Step  56500 | loss=0.0067
  Step  57000 | loss=0.0015
  Step  57500 | loss=0.0030
  EVAL step 57500: acc_3=0.1180 | acc_4=1.0000 | acc_5=0.1270 | acc_6=0.9970 | acc_7=0.1215 | acc_8=0.9930
  TRAIN step 57500 (468): acc_3=0.0000 | acc_4=1.0000 | acc_5=0.0000 | acc_6=0.9982 | acc_7=0.0000 | acc_8=0.9981
  Step  58000 | loss=0.0100
  Step  58500 | loss=0.0006
  Step  59000 | loss=0.0062
  Step  59500 | loss=0.0003
  Step  60000 | loss=0.0001
  EVAL step 60000: acc_3=0.1185 | acc_4=1.0000 | acc_5=0.1270 | acc_6=0.9980 | acc_7=0.1170 | acc_8=0.9945
  TRAIN step 60000 (468): acc_3=0.0000 | acc_4=1.0000 | acc_5=0.0000 | acc_6=0.9990 | acc_7=0.0000 | acc_8=0.9970
  Pushed checkpoint step-60000 to ijinyu1113/transition_468_357_later_seed42_v3
  Step  60500 | loss=0.0078
  Step  61000 | loss=0.0002
  Step  61500 | loss=0.0004
  Step  62000 | loss=0.0173
  Step  62500 | loss=0.0021
  EVAL step 62500: acc_3=0.1195 | acc_4=0.9995 | acc_5=0.1325 | acc_6=0.9950 | acc_7=0.1170 | acc_8=0.9660
  TRAIN step 62500 (468): acc_3=0.0000 | acc_4=0.9979 | acc_5=0.0000 | acc_6=0.9971 | acc_7=0.0000 | acc_8=0.9802
  Step  63000 | loss=0.0013
  Step  63500 | loss=0.0002
  Step  64000 | loss=0.0037
  Step  64500 | loss=0.0014
  Step  65000 | loss=0.0019
  EVAL step 65000: acc_3=0.1225 | acc_4=1.0000 | acc_5=0.1290 | acc_6=0.9980 | acc_7=0.0975 | acc_8=0.9965
  TRAIN step 65000 (468): acc_3=0.0000 | acc_4=1.0000 | acc_5=0.0000 | acc_6=0.9998 | acc_7=0.0000 | acc_8=0.9975
  Pushed checkpoint step-65000 to ijinyu1113/transition_468_357_later_seed42_v3
  Step  65500 | loss=0.0013
  Step  66000 | loss=0.0001
  Step  66500 | loss=0.0027
  Step  67000 | loss=0.0007
  Step  67500 | loss=0.0200
  EVAL step 67500: acc_3=0.1125 | acc_4=1.0000 | acc_5=0.1215 | acc_6=0.9765 | acc_7=0.1125 | acc_8=0.9775
  TRAIN step 67500 (468): acc_3=0.0000 | acc_4=0.9998 | acc_5=0.0000 | acc_6=0.9822 | acc_7=0.0000 | acc_8=0.9794
  Step  68000 | loss=0.0001
  Step  68500 | loss=0.0003
  Step  69000 | loss=0.0002
  Step  69500 | loss=0.0004
  Step  70000 | loss=0.0015
  EVAL step 70000: acc_3=0.1185 | acc_4=0.9990 | acc_5=0.1260 | acc_6=0.9905 | acc_7=0.1090 | acc_8=0.9880
  TRAIN step 70000 (468): acc_3=0.0000 | acc_4=0.9990 | acc_5=0.0000 | acc_6=0.9927 | acc_7=0.0000 | acc_8=0.9903
  Pushed checkpoint step-70000 to ijinyu1113/transition_468_357_later_seed42_v3
  Step  70500 | loss=0.0002
  Step  71000 | loss=0.0089
  Step  71500 | loss=0.0147
  Step  72000 | loss=0.0025
  Step  72500 | loss=0.0000
  EVAL step 72500: acc_3=0.1205 | acc_4=0.9985 | acc_5=0.1240 | acc_6=0.9975 | acc_7=0.1075 | acc_8=0.9945
  TRAIN step 72500 (468): acc_3=0.0000 | acc_4=0.9992 | acc_5=0.0000 | acc_6=0.9980 | acc_7=0.0000 | acc_8=0.9955
  Step  73000 | loss=0.0032
  Step  73500 | loss=0.0018
  Step  74000 | loss=0.0004
  Step  74500 | loss=0.0001
  Step  75000 | loss=0.0069
  EVAL step 75000: acc_3=0.1185 | acc_4=0.9995 | acc_5=0.1275 | acc_6=0.9970 | acc_7=0.1085 | acc_8=0.9940
  TRAIN step 75000 (468): acc_3=0.0000 | acc_4=1.0000 | acc_5=0.0000 | acc_6=0.9982 | acc_7=0.0000 | acc_8=0.9947
  TRAIN step 75000 (357_later): acc_3=0.1237 | acc_4=0.9993 | acc_5=0.1201 | acc_6=0.9973 | acc_7=0.1127 | acc_8=0.9900
  Pushed checkpoint step-75000 to ijinyu1113/transition_468_357_later_seed42_v3

=== TRANSITION at step 75000: switching from 468 to 357_later ===

  Step  75500 | loss=0.4895
  Step  76000 | loss=0.4187
  Step  76500 | loss=0.3423
  Step  77000 | loss=0.2853
  Step  77500 | loss=0.2740
  EVAL step 77500: acc_3=0.4995 | acc_4=0.9975 | acc_5=0.3355 | acc_6=0.9780 | acc_7=0.2410 | acc_8=0.9570
  TRAIN step 77500 (468): acc_3=0.0000 | acc_4=0.9987 | acc_5=0.0000 | acc_6=0.9791 | acc_7=0.0000 | acc_8=0.9649
  TRAIN step 77500 (357_later): acc_3=0.5087 | acc_4=0.9983 | acc_5=0.3512 | acc_6=0.9822 | acc_7=0.2674 | acc_8=0.9701
  Step  78000 | loss=0.3038
  Step  78500 | loss=0.2915
  Step  79000 | loss=0.2534
  Step  79500 | loss=0.2943
  Step  80000 | loss=0.2706
  EVAL step 80000: acc_3=0.5050 | acc_4=0.9970 | acc_5=0.3425 | acc_6=0.9910 | acc_7=0.2510 | acc_8=0.9440
  TRAIN step 80000 (468): acc_3=0.0000 | acc_4=0.9979 | acc_5=0.0000 | acc_6=0.9919 | acc_7=0.0000 | acc_8=0.9513
  TRAIN step 80000 (357_later): acc_3=0.5220 | acc_4=0.9993 | acc_5=0.3588 | acc_6=0.9926 | acc_7=0.2858 | acc_8=0.9588
  Pushed checkpoint step-80000 to ijinyu1113/transition_468_357_later_seed42_v3
  Step  80500 | loss=0.2566
  Step  81000 | loss=0.2386
  Step  81500 | loss=0.2770
  Step  82000 | loss=0.2255
  Step  82500 | loss=0.2719
  EVAL step 82500: acc_3=0.5130 | acc_4=1.0000 | acc_5=0.3505 | acc_6=0.9970 | acc_7=0.2775 | acc_8=0.9825
  TRAIN step 82500 (468): acc_3=0.0000 | acc_4=0.9999 | acc_5=0.0000 | acc_6=0.9960 | acc_7=0.0000 | acc_8=0.9829
  TRAIN step 82500 (357_later): acc_3=0.5251 | acc_4=1.0000 | acc_5=0.3655 | acc_6=0.9987 | acc_7=0.3093 | acc_8=0.9887
  Step  83000 | loss=0.2885
  Step  83500 | loss=0.2419
  Step  84000 | loss=0.2885
  Step  84500 | loss=0.2358
  Step  85000 | loss=0.2614
  EVAL step 85000: acc_3=0.5230 | acc_4=0.9995 | acc_5=0.3470 | acc_6=0.9905 | acc_7=0.2345 | acc_8=0.9685
  TRAIN step 85000 (468): acc_3=0.0000 | acc_4=0.9993 | acc_5=0.0000 | acc_6=0.9905 | acc_7=0.0000 | acc_8=0.9695
  TRAIN step 85000 (357_later): acc_3=0.5549 | acc_4=0.9997 | acc_5=0.3676 | acc_6=0.9956 | acc_7=0.2911 | acc_8=0.9754
  Pushed checkpoint step-85000 to ijinyu1113/transition_468_357_later_seed42_v3
  Step  85500 | loss=0.2627
  Step  86000 | loss=0.2293
  Step  86500 | loss=0.2775
  Step  87000 | loss=0.2831
  Step  87500 | loss=0.2446
  EVAL step 87500: acc_3=0.5020 | acc_4=0.9995 | acc_5=0.3405 | acc_6=0.9955 | acc_7=0.2880 | acc_8=0.9785
  TRAIN step 87500 (468): acc_3=0.0000 | acc_4=0.9995 | acc_5=0.0000 | acc_6=0.9953 | acc_7=0.0000 | acc_8=0.9795
  TRAIN step 87500 (357_later): acc_3=0.5493 | acc_4=0.9997 | acc_5=0.3956 | acc_6=0.9983 | acc_7=0.3258 | acc_8=0.9861
  Step  88000 | loss=0.2790
  Step  88500 | loss=0.2894
  Step  89000 | loss=0.2778
  Step  89500 | loss=0.2502
  Step  90000 | loss=0.2608
  EVAL step 90000: acc_3=0.5310 | acc_4=0.9990 | acc_5=0.3465 | acc_6=0.9850 | acc_7=0.2845 | acc_8=0.9615
  TRAIN step 90000 (468): acc_3=0.0000 | acc_4=0.9991 | acc_5=0.0000 | acc_6=0.9855 | acc_7=0.0000 | acc_8=0.9713
  TRAIN step 90000 (357_later): acc_3=0.5778 | acc_4=1.0000 | acc_5=0.4021 | acc_6=0.9872 | acc_7=0.3546 | acc_8=0.9781
  Pushed checkpoint step-90000 to ijinyu1113/transition_468_357_later_seed42_v3
  Step  90500 | loss=0.2585
  Step  91000 | loss=0.2875
  Step  91500 | loss=0.2561
  Step  92000 | loss=0.2544
  Step  92500 | loss=0.2354
  EVAL step 92500: acc_3=0.7055 | acc_4=0.9965 | acc_5=0.3630 | acc_6=0.9900 | acc_7=0.2700 | acc_8=0.9670
  TRAIN step 92500 (468): acc_3=0.0000 | acc_4=0.9981 | acc_5=0.0000 | acc_6=0.9901 | acc_7=0.0000 | acc_8=0.9658
  TRAIN step 92500 (357_later): acc_3=0.7570 | acc_4=0.9993 | acc_5=0.4294 | acc_6=0.9953 | acc_7=0.3555 | acc_8=0.9774
  Step  93000 | loss=0.3167
  Step  93500 | loss=0.2483
  Step  94000 | loss=0.2102
  Step  94500 | loss=0.2006
  Step  95000 | loss=0.2218
  EVAL step 95000: acc_3=0.8750 | acc_4=0.9990 | acc_5=0.4020 | acc_6=0.9965 | acc_7=0.2645 | acc_8=0.9910
  TRAIN step 95000 (468): acc_3=0.0000 | acc_4=0.9986 | acc_5=0.0000 | acc_6=0.9973 | acc_7=0.0000 | acc_8=0.9893
  TRAIN step 95000 (357_later): acc_3=0.9062 | acc_4=0.9993 | acc_5=0.4779 | acc_6=0.9987 | acc_7=0.3905 | acc_8=0.9977
  Pushed checkpoint step-95000 to ijinyu1113/transition_468_357_later_seed42_v3
  Step  95500 | loss=0.2083
  Step  96000 | loss=0.2079
  Step  96500 | loss=0.1726
  Step  97000 | loss=0.1775
  Step  97500 | loss=0.2004
  EVAL step 97500: acc_3=0.9810 | acc_4=0.9990 | acc_5=0.5010 | acc_6=0.9915 | acc_7=0.2705 | acc_8=0.9725
  TRAIN step 97500 (468): acc_3=0.0000 | acc_4=0.9999 | acc_5=0.0000 | acc_6=0.9936 | acc_7=0.0000 | acc_8=0.9743
  TRAIN step 97500 (357_later): acc_3=0.9862 | acc_4=1.0000 | acc_5=0.5916 | acc_6=0.9993 | acc_7=0.4012 | acc_8=0.9917
  Step  98000 | loss=0.1853
  Step  98500 | loss=0.2081
  Step  99000 | loss=0.1657
  Step  99500 | loss=0.2142
  Step 100000 | loss=0.1260
  EVAL step 100000: acc_3=0.9895 | acc_4=0.9965 | acc_5=0.7590 | acc_6=0.9870 | acc_7=0.2660 | acc_8=0.9760
  TRAIN step 100000 (468): acc_3=0.0000 | acc_4=0.9985 | acc_5=0.0000 | acc_6=0.9904 | acc_7=0.0000 | acc_8=0.9839
  TRAIN step 100000 (357_later): acc_3=0.9966 | acc_4=1.0000 | acc_5=0.8307 | acc_6=0.9980 | acc_7=0.4173 | acc_8=0.9963
  Pushed checkpoint step-100000 to ijinyu1113/transition_468_357_later_seed42_v3
  Step 100500 | loss=0.0897
  Step 101000 | loss=0.1266
  Step 101500 | loss=0.1530
  Step 102000 | loss=0.1307
  Step 102500 | loss=0.1259
  EVAL step 102500: acc_3=0.9945 | acc_4=0.9980 | acc_5=0.8820 | acc_6=0.9930 | acc_7=0.2760 | acc_8=0.9805
  TRAIN step 102500 (468): acc_3=0.0000 | acc_4=0.9993 | acc_5=0.0000 | acc_6=0.9937 | acc_7=0.0000 | acc_8=0.9867
  TRAIN step 102500 (357_later): acc_3=0.9983 | acc_4=1.0000 | acc_5=0.9286 | acc_6=0.9993 | acc_7=0.4522 | acc_8=0.9973
  Step 103000 | loss=0.1446
  Step 103500 | loss=0.1344
  Step 104000 | loss=0.0863
  Step 104500 | loss=0.1206
  Step 105000 | loss=0.1163
  EVAL step 105000: acc_3=0.9935 | acc_4=0.9990 | acc_5=0.9440 | acc_6=0.9935 | acc_7=0.2995 | acc_8=0.9860
  TRAIN step 105000 (468): acc_3=0.0000 | acc_4=0.9994 | acc_5=0.0000 | acc_6=0.9949 | acc_7=0.0000 | acc_8=0.9885
  TRAIN step 105000 (357_later): acc_3=0.9972 | acc_4=1.0000 | acc_5=0.9695 | acc_6=1.0000 | acc_7=0.5076 | acc_8=0.9990
  Pushed checkpoint step-105000 to ijinyu1113/transition_468_357_later_seed42_v3
  Step 105500 | loss=0.0897
  Step 106000 | loss=0.1083
  Step 106500 | loss=0.1289
  Step 107000 | loss=0.0993
  Step 107500 | loss=0.1129
  EVAL step 107500: acc_3=0.9950 | acc_4=0.9975 | acc_5=0.9420 | acc_6=0.9930 | acc_7=0.3830 | acc_8=0.9835
  TRAIN step 107500 (468): acc_3=0.0000 | acc_4=0.9986 | acc_5=0.0000 | acc_6=0.9945 | acc_7=0.0000 | acc_8=0.9871
  TRAIN step 107500 (357_later): acc_3=0.9988 | acc_4=1.0000 | acc_5=0.9720 | acc_6=1.0000 | acc_7=0.5937 | acc_8=0.9997
  Step 108000 | loss=0.0706
  Step 108500 | loss=0.0852
  Step 109000 | loss=0.0833
  Step 109500 | loss=0.0459
  Step 110000 | loss=0.0642
  EVAL step 110000: acc_3=0.9960 | acc_4=0.9980 | acc_5=0.9565 | acc_6=0.9905 | acc_7=0.6105 | acc_8=0.9775
  TRAIN step 110000 (468): acc_3=0.0000 | acc_4=0.9976 | acc_5=0.0000 | acc_6=0.9903 | acc_7=0.0000 | acc_8=0.9827
  TRAIN step 110000 (357_later): acc_3=0.9997 | acc_4=1.0000 | acc_5=0.9833 | acc_6=0.9980 | acc_7=0.8119 | acc_8=0.9990
  Pushed checkpoint step-110000 to ijinyu1113/transition_468_357_later_seed42_v3
  Step 110500 | loss=0.0203
  Step 111000 | loss=0.0243
  Step 111500 | loss=0.0362
  Step 112000 | loss=0.0179
  Step 112500 | loss=0.0246
  EVAL step 112500: acc_3=0.9980 | acc_4=0.9985 | acc_5=0.9715 | acc_6=0.9915 | acc_7=0.8135 | acc_8=0.9760
  TRAIN step 112500 (468): acc_3=0.0000 | acc_4=0.9987 | acc_5=0.0000 | acc_6=0.9935 | acc_7=0.0000 | acc_8=0.9837
  TRAIN step 112500 (357_later): acc_3=1.0000 | acc_4=1.0000 | acc_5=0.9927 | acc_6=1.0000 | acc_7=0.9339 | acc_8=1.0000
  Step 113000 | loss=0.0122
  Step 113500 | loss=0.0264
  Step 114000 | loss=0.0061
  Step 114500 | loss=0.0102
  Step 115000 | loss=0.0158
  EVAL step 115000: acc_3=0.9975 | acc_4=0.9975 | acc_5=0.9780 | acc_6=0.9910 | acc_7=0.8790 | acc_8=0.9815
  TRAIN step 115000 (468): acc_3=0.0000 | acc_4=0.9987 | acc_5=0.0000 | acc_6=0.9933 | acc_7=0.0000 | acc_8=0.9854
  TRAIN step 115000 (357_later): acc_3=0.9998 | acc_4=1.0000 | acc_5=0.9960 | acc_6=1.0000 | acc_7=0.9745 | acc_8=0.9997
  Pushed checkpoint step-115000 to ijinyu1113/transition_468_357_later_seed42_v3
  Step 115500 | loss=0.0043
  Step 116000 | loss=0.0065
  Step 116500 | loss=0.0014
  Step 117000 | loss=0.0058
  Step 117500 | loss=0.0004
  EVAL step 117500: acc_3=0.9980 | acc_4=0.9985 | acc_5=0.9840 | acc_6=0.9870 | acc_7=0.8995 | acc_8=0.9800
  TRAIN step 117500 (468): acc_3=0.0000 | acc_4=0.9993 | acc_5=0.0000 | acc_6=0.9917 | acc_7=0.0000 | acc_8=0.9816
  TRAIN step 117500 (357_later): acc_3=0.9998 | acc_4=1.0000 | acc_5=0.9984 | acc_6=0.9997 | acc_7=0.9888 | acc_8=1.0000
  Step 118000 | loss=0.0004
  Step 118500 | loss=0.0049
  Step 119000 | loss=0.0107
  Step 119500 | loss=0.0004
  Step 120000 | loss=0.0008
  EVAL step 120000: acc_3=0.9985 | acc_4=0.9995 | acc_5=0.9870 | acc_6=0.9885 | acc_7=0.9155 | acc_8=0.9805
  TRAIN step 120000 (468): acc_3=0.0000 | acc_4=0.9991 | acc_5=0.0000 | acc_6=0.9937 | acc_7=0.0000 | acc_8=0.9834
  TRAIN step 120000 (357_later): acc_3=1.0000 | acc_4=1.0000 | acc_5=0.9989 | acc_6=1.0000 | acc_7=0.9940 | acc_8=0.9997
  Pushed checkpoint step-120000 to ijinyu1113/transition_468_357_later_seed42_v3
  Step 120500 | loss=0.0004
  Step 121000 | loss=0.0009
  Step 121500 | loss=0.0007
  Step 122000 | loss=0.0001
  Step 122500 | loss=0.0004
  EVAL step 122500: acc_3=0.9980 | acc_4=0.9980 | acc_5=0.9850 | acc_6=0.9885 | acc_7=0.9305 | acc_8=0.9775
  TRAIN step 122500 (468): acc_3=0.0000 | acc_4=0.9989 | acc_5=0.0000 | acc_6=0.9939 | acc_7=0.0000 | acc_8=0.9862
  TRAIN step 122500 (357_later): acc_3=1.0000 | acc_4=1.0000 | acc_5=0.9995 | acc_6=1.0000 | acc_7=0.9976 | acc_8=1.0000
  Step 123000 | loss=0.0002
  Step 123500 | loss=0.0007
  Step 124000 | loss=0.0009
  Step 124500 | loss=0.0158
  Step 125000 | loss=0.0072
  EVAL step 125000: acc_3=0.9975 | acc_4=0.9980 | acc_5=0.9855 | acc_6=0.9905 | acc_7=0.9250 | acc_8=0.9815
  TRAIN step 125000 (468): acc_3=0.0000 | acc_4=0.9993 | acc_5=0.0000 | acc_6=0.9943 | acc_7=0.0000 | acc_8=0.9869
  TRAIN step 125000 (357_later): acc_3=1.0000 | acc_4=1.0000 | acc_5=0.9997 | acc_6=1.0000 | acc_7=0.9983 | acc_8=1.0000
  Pushed checkpoint step-125000 to ijinyu1113/transition_468_357_later_seed42_v3
  Step 125500 | loss=0.0007
  Step 126000 | loss=0.0000
  Step 126500 | loss=0.0003
  Step 127000 | loss=0.0006
  Step 127500 | loss=0.0001
  EVAL step 127500: acc_3=0.9980 | acc_4=0.9985 | acc_5=0.9860 | acc_6=0.9900 | acc_7=0.9295 | acc_8=0.9805
  TRAIN step 127500 (468): acc_3=0.0000 | acc_4=0.9992 | acc_5=0.0000 | acc_6=0.9944 | acc_7=0.0000 | acc_8=0.9871
  TRAIN step 127500 (357_later): acc_3=1.0000 | acc_4=1.0000 | acc_5=0.9998 | acc_6=1.0000 | acc_7=0.9979 | acc_8=1.0000
  Step 128000 | loss=0.0000
  Step 128500 | loss=0.0001
  Step 129000 | loss=0.0000
  Step 129500 | loss=0.0000
  Step 130000 | loss=0.0001
  EVAL step 130000: acc_3=0.9980 | acc_4=0.9990 | acc_5=0.9905 | acc_6=0.9910 | acc_7=0.9355 | acc_8=0.9825
  TRAIN step 130000 (468): acc_3=0.0000 | acc_4=0.9995 | acc_5=0.0000 | acc_6=0.9951 | acc_7=0.0000 | acc_8=0.9879
  TRAIN step 130000 (357_later): acc_3=1.0000 | acc_4=1.0000 | acc_5=0.9999 | acc_6=1.0000 | acc_7=0.9999 | acc_8=1.0000
  Pushed checkpoint step-130000 to ijinyu1113/transition_468_357_later_seed42_v3
  Step 130500 | loss=0.0000
  Step 131000 | loss=0.0001
  Step 131500 | loss=0.0001
  Step 132000 | loss=0.0000
  Step 132500 | loss=0.0000
  EVAL step 132500: acc_3=0.9980 | acc_4=0.9995 | acc_5=0.9895 | acc_6=0.9895 | acc_7=0.9450 | acc_8=0.9845
  TRAIN step 132500 (468): acc_3=0.0000 | acc_4=0.9996 | acc_5=0.0000 | acc_6=0.9948 | acc_7=0.0000 | acc_8=0.9872
  TRAIN step 132500 (357_later): acc_3=1.0000 | acc_4=1.0000 | acc_5=1.0000 | acc_6=1.0000 | acc_7=0.9999 | acc_8=1.0000
  Step 133000 | loss=0.0000
  Step 133500 | loss=0.0001
  Step 134000 | loss=0.0000
  Step 134500 | loss=0.0000
  Step 135000 | loss=0.0000
  EVAL step 135000: acc_3=0.9980 | acc_4=0.9990 | acc_5=0.9905 | acc_6=0.9910 | acc_7=0.9470 | acc_8=0.9860
  TRAIN step 135000 (468): acc_3=0.0000 | acc_4=0.9997 | acc_5=0.0000 | acc_6=0.9951 | acc_7=0.0000 | acc_8=0.9880
  TRAIN step 135000 (357_later): acc_3=1.0000 | acc_4=1.0000 | acc_5=1.0000 | acc_6=1.0000 | acc_7=1.0000 | acc_8=1.0000
  Pushed checkpoint step-135000 to ijinyu1113/transition_468_357_later_seed42_v3
  Step 135500 | loss=0.0000
  Step 136000 | loss=0.0005
  Step 136500 | loss=0.0000
  Step 137000 | loss=0.0000
  Step 137500 | loss=0.0000
  EVAL step 137500: acc_3=0.9980 | acc_4=0.9995 | acc_5=0.9895 | acc_6=0.9905 | acc_7=0.9420 | acc_8=0.9855
  TRAIN step 137500 (468): acc_3=0.0000 | acc_4=0.9997 | acc_5=0.0000 | acc_6=0.9953 | acc_7=0.0000 | acc_8=0.9893
  TRAIN step 137500 (357_later): acc_3=1.0000 | acc_4=1.0000 | acc_5=1.0000 | acc_6=1.0000 | acc_7=1.0000 | acc_8=1.0000
  Step 138000 | loss=0.0000
  Step 138500 | loss=0.0000
  Step 139000 | loss=0.0000
  Step 139500 | loss=0.0000
  Step 140000 | loss=0.0000
  EVAL step 140000: acc_3=0.9980 | acc_4=0.9990 | acc_5=0.9895 | acc_6=0.9910 | acc_7=0.9445 | acc_8=0.9840
  TRAIN step 140000 (468): acc_3=0.0000 | acc_4=0.9996 | acc_5=0.0000 | acc_6=0.9956 | acc_7=0.0000 | acc_8=0.9891
  TRAIN step 140000 (357_later): acc_3=1.0000 | acc_4=1.0000 | acc_5=1.0000 | acc_6=1.0000 | acc_7=1.0000 | acc_8=1.0000
  Pushed checkpoint step-140000 to ijinyu1113/transition_468_357_later_seed42_v3
  Step 140500 | loss=0.0000
  Step 141000 | loss=0.0000
  Step 141500 | loss=0.0000
  Step 142000 | loss=0.0000
  Step 142500 | loss=0.0000
  EVAL step 142500: acc_3=0.9980 | acc_4=0.9995 | acc_5=0.9895 | acc_6=0.9910 | acc_7=0.9455 | acc_8=0.9830
  TRAIN step 142500 (468): acc_3=0.0000 | acc_4=0.9997 | acc_5=0.0000 | acc_6=0.9955 | acc_7=0.0000 | acc_8=0.9895
  TRAIN step 142500 (357_later): acc_3=1.0000 | acc_4=1.0000 | acc_5=1.0000 | acc_6=1.0000 | acc_7=1.0000 | acc_8=1.0000
  Step 143000 | loss=0.0000
  Step 143500 | loss=0.0000
  Step 144000 | loss=0.0000
  Step 144500 | loss=0.0000
  Step 145000 | loss=0.0000
  EVAL step 145000: acc_3=0.9980 | acc_4=1.0000 | acc_5=0.9895 | acc_6=0.9910 | acc_7=0.9440 | acc_8=0.9845
  TRAIN step 145000 (468): acc_3=0.0000 | acc_4=0.9997 | acc_5=0.0000 | acc_6=0.9957 | acc_7=0.0000 | acc_8=0.9898
  TRAIN step 145000 (357_later): acc_3=1.0000 | acc_4=1.0000 | acc_5=1.0000 | acc_6=1.0000 | acc_7=1.0000 | acc_8=1.0000
  Pushed checkpoint step-145000 to ijinyu1113/transition_468_357_later_seed42_v3
  Step 145500 | loss=0.0000
  Step 146000 | loss=0.0000
  Step 146500 | loss=0.0000
  Step 147000 | loss=0.0000
  Step 147500 | loss=0.0000
  EVAL step 147500: acc_3=0.9980 | acc_4=1.0000 | acc_5=0.9895 | acc_6=0.9910 | acc_7=0.9450 | acc_8=0.9850
  TRAIN step 147500 (468): acc_3=0.0000 | acc_4=0.9997 | acc_5=0.0000 | acc_6=0.9959 | acc_7=0.0000 | acc_8=0.9900
  TRAIN step 147500 (357_later): acc_3=1.0000 | acc_4=1.0000 | acc_5=1.0000 | acc_6=1.0000 | acc_7=1.0000 | acc_8=1.0000
  Step 148000 | loss=0.0000
  Step 148500 | loss=0.0000
  Step 149000 | loss=0.0000
  Step 149500 | loss=0.0000
  Step 150000 | loss=0.0000
  EVAL step 150000: acc_3=0.9980 | acc_4=1.0000 | acc_5=0.9895 | acc_6=0.9910 | acc_7=0.9450 | acc_8=0.9850
  TRAIN step 150000 (468): acc_3=0.0000 | acc_4=0.9997 | acc_5=0.0000 | acc_6=0.9959 | acc_7=0.0000 | acc_8=0.9899
  TRAIN step 150000 (357_later): acc_3=1.0000 | acc_4=1.0000 | acc_5=1.0000 | acc_6=1.0000 | acc_7=1.0000 | acc_8=1.0000
  Pushed checkpoint step-150000 to ijinyu1113/transition_468_357_later_seed42_v3
  Pushed checkpoint step-150000 to ijinyu1113/transition_468_357_later_seed42_v3
Training complete. Checkpoints at ijinyu1113/transition_468_357_later_seed42_v3
