Using base checkpoint: step143000
Config: 468 -> 357_later, seed=1, HF_REPO=ijinyu1113/transition_468_357_later_seed1_v3

STARTING TRANSITION: 468 -> 357_later, LR=3e-05, BS=64, Warmup=15000
  Step    500 | loss=0.6240
  Step   1000 | loss=0.6213
  Step   1500 | loss=0.5914
  Step   2000 | loss=0.6173
  Step   2500 | loss=0.6091
  EVAL step 2500: acc_3=0.2500 | acc_4=0.1990 | acc_5=0.1580 | acc_6=0.1425 | acc_7=0.1400 | acc_8=0.1150
  TRAIN step 2500 (468): acc_3=0.0000 | acc_4=0.2130 | acc_5=0.0000 | acc_6=0.1519 | acc_7=0.0000 | acc_8=0.1125
  Step   3000 | loss=0.6048
  Step   3500 | loss=0.6179
  Step   4000 | loss=0.6367
  Step   4500 | loss=0.6350
  Step   5000 | loss=0.6300
  EVAL step 5000: acc_3=0.2520 | acc_4=0.1955 | acc_5=0.1670 | acc_6=0.1420 | acc_7=0.1300 | acc_8=0.1240
  TRAIN step 5000 (468): acc_3=0.0000 | acc_4=0.2019 | acc_5=0.0000 | acc_6=0.1545 | acc_7=0.0000 | acc_8=0.1088
  Pushed checkpoint step-5000 to ijinyu1113/transition_468_357_later_seed1_v3
  Step   5500 | loss=0.6162
  Step   6000 | loss=0.6140
  Step   6500 | loss=0.5831
  Step   7000 | loss=0.6323
  Step   7500 | loss=0.6066
  EVAL step 7500: acc_3=0.1645 | acc_4=0.2145 | acc_5=0.1545 | acc_6=0.1445 | acc_7=0.1180 | acc_8=0.1115
  TRAIN step 7500 (468): acc_3=0.0000 | acc_4=0.2502 | acc_5=0.0000 | acc_6=0.1552 | acc_7=0.0000 | acc_8=0.1449
  Step   8000 | loss=0.6036
  Step   8500 | loss=0.5849
  Step   9000 | loss=0.5762
  Step   9500 | loss=0.6284
  Step  10000 | loss=0.6026
  EVAL step 10000: acc_3=0.2465 | acc_4=0.2195 | acc_5=0.1450 | acc_6=0.1345 | acc_7=0.1265 | acc_8=0.1125
  TRAIN step 10000 (468): acc_3=0.0000 | acc_4=0.2235 | acc_5=0.0000 | acc_6=0.1911 | acc_7=0.0000 | acc_8=0.1574
  Pushed checkpoint step-10000 to ijinyu1113/transition_468_357_later_seed1_v3
  Step  10500 | loss=0.5888
  Step  11000 | loss=0.6077
  Step  11500 | loss=0.5967
  Step  12000 | loss=0.6084
  Step  12500 | loss=0.6126
  EVAL step 12500: acc_3=0.2420 | acc_4=0.1965 | acc_5=0.1615 | acc_6=0.1350 | acc_7=0.1105 | acc_8=0.1155
  TRAIN step 12500 (468): acc_3=0.0000 | acc_4=0.2252 | acc_5=0.0000 | acc_6=0.1767 | acc_7=0.0000 | acc_8=0.1179
  Step  13000 | loss=0.5795
  Step  13500 | loss=0.6023
  Step  14000 | loss=0.5985
  Step  14500 | loss=0.6118
  Step  15000 | loss=0.5995
  EVAL step 15000: acc_3=0.2450 | acc_4=0.2295 | acc_5=0.1735 | acc_6=0.1465 | acc_7=0.1220 | acc_8=0.1140
  TRAIN step 15000 (468): acc_3=0.0000 | acc_4=0.2789 | acc_5=0.0000 | acc_6=0.2033 | acc_7=0.0000 | acc_8=0.1593
  Pushed checkpoint step-15000 to ijinyu1113/transition_468_357_later_seed1_v3
  Step  15500 | loss=0.6337
  Step  16000 | loss=0.6379
  Step  16500 | loss=0.6067
  Step  17000 | loss=0.5921
  Step  17500 | loss=0.5881
  EVAL step 17500: acc_3=0.2870 | acc_4=0.2580 | acc_5=0.1560 | acc_6=0.1360 | acc_7=0.1275 | acc_8=0.1085
  TRAIN step 17500 (468): acc_3=0.0000 | acc_4=0.2979 | acc_5=0.0000 | acc_6=0.2147 | acc_7=0.0000 | acc_8=0.1433
  Step  18000 | loss=0.5998
  Step  18500 | loss=0.5894
  Step  19000 | loss=0.6228
  Step  19500 | loss=0.6030
  Step  20000 | loss=0.6306
  EVAL step 20000: acc_3=0.2810 | acc_4=0.2705 | acc_5=0.1330 | acc_6=0.1340 | acc_7=0.1130 | acc_8=0.1220
  TRAIN step 20000 (468): acc_3=0.0000 | acc_4=0.3249 | acc_5=0.0000 | acc_6=0.2161 | acc_7=0.0000 | acc_8=0.1677
  Pushed checkpoint step-20000 to ijinyu1113/transition_468_357_later_seed1_v3
  Step  20500 | loss=0.6212
  Step  21000 | loss=0.6077
  Step  21500 | loss=0.5893
  Step  22000 | loss=0.5619
  Step  22500 | loss=0.5772
  EVAL step 22500: acc_3=0.1850 | acc_4=0.2575 | acc_5=0.1360 | acc_6=0.1470 | acc_7=0.1070 | acc_8=0.1255
  TRAIN step 22500 (468): acc_3=0.0000 | acc_4=0.3210 | acc_5=0.0000 | acc_6=0.2196 | acc_7=0.0000 | acc_8=0.1751
  Step  23000 | loss=0.5752
  Step  23500 | loss=0.5960
  Step  24000 | loss=0.6074
  Step  24500 | loss=0.6106
  Step  25000 | loss=0.5799
  EVAL step 25000: acc_3=0.2215 | acc_4=0.2530 | acc_5=0.1605 | acc_6=0.1395 | acc_7=0.1035 | acc_8=0.1195
  TRAIN step 25000 (468): acc_3=0.0000 | acc_4=0.3131 | acc_5=0.0000 | acc_6=0.2240 | acc_7=0.0000 | acc_8=0.1888
  Pushed checkpoint step-25000 to ijinyu1113/transition_468_357_later_seed1_v3
  Step  25500 | loss=0.5644
  Step  26000 | loss=0.5954
  Step  26500 | loss=0.5777
  Step  27000 | loss=0.5746
  Step  27500 | loss=0.5812
  EVAL step 27500: acc_3=0.1370 | acc_4=0.2295 | acc_5=0.1365 | acc_6=0.1445 | acc_7=0.1070 | acc_8=0.1130
  TRAIN step 27500 (468): acc_3=0.0000 | acc_4=0.3050 | acc_5=0.0000 | acc_6=0.2390 | acc_7=0.0000 | acc_8=0.2139
  Step  28000 | loss=0.5934
  Step  28500 | loss=0.5839
  Step  29000 | loss=0.6033
  Step  29500 | loss=0.6041
  Step  30000 | loss=0.6046
  EVAL step 30000: acc_3=0.2190 | acc_4=0.2430 | acc_5=0.1485 | acc_6=0.1400 | acc_7=0.0945 | acc_8=0.1280
  TRAIN step 30000 (468): acc_3=0.0000 | acc_4=0.3455 | acc_5=0.0000 | acc_6=0.2514 | acc_7=0.0000 | acc_8=0.2381
  Pushed checkpoint step-30000 to ijinyu1113/transition_468_357_later_seed1_v3
  Step  30500 | loss=0.5426
  Step  31000 | loss=0.5719
  Step  31500 | loss=0.5379
  Step  32000 | loss=0.5091
  Step  32500 | loss=0.4920
  EVAL step 32500: acc_3=0.1745 | acc_4=0.5790 | acc_5=0.1580 | acc_6=0.1435 | acc_7=0.1165 | acc_8=0.1160
  TRAIN step 32500 (468): acc_3=0.0000 | acc_4=0.6277 | acc_5=0.0000 | acc_6=0.2578 | acc_7=0.0000 | acc_8=0.2439
  Step  33000 | loss=0.3809
  Step  33500 | loss=0.4391
  Step  34000 | loss=0.4911
  Step  34500 | loss=0.3933
  Step  35000 | loss=0.4752
  EVAL step 35000: acc_3=0.1880 | acc_4=0.9840 | acc_5=0.1605 | acc_6=0.1530 | acc_7=0.1195 | acc_8=0.1165
  TRAIN step 35000 (468): acc_3=0.0000 | acc_4=0.9845 | acc_5=0.0000 | acc_6=0.2974 | acc_7=0.0000 | acc_8=0.2985
  Pushed checkpoint step-35000 to ijinyu1113/transition_468_357_later_seed1_v3
  Step  35500 | loss=0.4404
  Step  36000 | loss=0.3834
  Step  36500 | loss=0.4063
  Step  37000 | loss=0.3937
  Step  37500 | loss=0.3359
  EVAL step 37500: acc_3=0.1995 | acc_4=0.9900 | acc_5=0.1380 | acc_6=0.1660 | acc_7=0.1055 | acc_8=0.1305
  TRAIN step 37500 (468): acc_3=0.0000 | acc_4=0.9928 | acc_5=0.0000 | acc_6=0.3743 | acc_7=0.0000 | acc_8=0.4212
  Step  38000 | loss=0.3012
  Step  38500 | loss=0.3836
  Step  39000 | loss=0.4118
  Step  39500 | loss=0.2311
  Step  40000 | loss=0.3224
  EVAL step 40000: acc_3=0.2030 | acc_4=0.9965 | acc_5=0.1500 | acc_6=0.1840 | acc_7=0.1155 | acc_8=0.1525
  TRAIN step 40000 (468): acc_3=0.0000 | acc_4=0.9973 | acc_5=0.0000 | acc_6=0.5028 | acc_7=0.0000 | acc_8=0.5727
  Pushed checkpoint step-40000 to ijinyu1113/transition_468_357_later_seed1_v3
  Step  40500 | loss=0.3275
  Step  41000 | loss=0.2851
  Step  41500 | loss=0.2599
  Step  42000 | loss=0.2094
  Step  42500 | loss=0.2204
  EVAL step 42500: acc_3=0.1815 | acc_4=0.9975 | acc_5=0.1275 | acc_6=0.2215 | acc_7=0.1050 | acc_8=0.1555
  TRAIN step 42500 (468): acc_3=0.0000 | acc_4=0.9989 | acc_5=0.0000 | acc_6=0.6592 | acc_7=0.0000 | acc_8=0.7439
  Step  43000 | loss=0.1462
  Step  43500 | loss=0.1838
  Step  44000 | loss=0.1398
  Step  44500 | loss=0.0854
  Step  45000 | loss=0.1106
  EVAL step 45000: acc_3=0.1730 | acc_4=0.9985 | acc_5=0.1325 | acc_6=0.2740 | acc_7=0.1090 | acc_8=0.1650
  TRAIN step 45000 (468): acc_3=0.0000 | acc_4=0.9983 | acc_5=0.0000 | acc_6=0.8781 | acc_7=0.0000 | acc_8=0.9097
  Pushed checkpoint step-45000 to ijinyu1113/transition_468_357_later_seed1_v3
  Step  45500 | loss=0.1214
  Step  46000 | loss=0.0364
  Step  46500 | loss=0.0745
  Step  47000 | loss=0.0599
  Step  47500 | loss=0.0424
  EVAL step 47500: acc_3=0.1175 | acc_4=0.9975 | acc_5=0.1425 | acc_6=0.3005 | acc_7=0.1125 | acc_8=0.1585
  TRAIN step 47500 (468): acc_3=0.0000 | acc_4=0.9972 | acc_5=0.0000 | acc_6=0.9404 | acc_7=0.0000 | acc_8=0.9471
  Step  48000 | loss=0.0315
  Step  48500 | loss=0.0169
  Step  49000 | loss=0.0226
  Step  49500 | loss=0.0636
  Step  50000 | loss=0.0122
  EVAL step 50000: acc_3=0.1840 | acc_4=0.9990 | acc_5=0.1445 | acc_6=0.3165 | acc_7=0.1125 | acc_8=0.1810
  TRAIN step 50000 (468): acc_3=0.0000 | acc_4=0.9989 | acc_5=0.0000 | acc_6=0.9641 | acc_7=0.0000 | acc_8=0.9647
  Pushed checkpoint step-50000 to ijinyu1113/transition_468_357_later_seed1_v3
  Step  50500 | loss=0.0507
  Step  51000 | loss=0.0344
  Step  51500 | loss=0.0298
  Step  52000 | loss=0.0338
  Step  52500 | loss=0.0329
  EVAL step 52500: acc_3=0.1625 | acc_4=0.9960 | acc_5=0.1460 | acc_6=0.3240 | acc_7=0.1035 | acc_8=0.1730
  TRAIN step 52500 (468): acc_3=0.0000 | acc_4=0.9985 | acc_5=0.0000 | acc_6=0.9743 | acc_7=0.0000 | acc_8=0.9711
  Step  53000 | loss=0.0149
  Step  53500 | loss=0.0336
  Step  54000 | loss=0.0213
  Step  54500 | loss=0.0575
  Step  55000 | loss=0.0213
  EVAL step 55000: acc_3=0.1485 | acc_4=0.9915 | acc_5=0.1425 | acc_6=0.3355 | acc_7=0.1015 | acc_8=0.1815
  TRAIN step 55000 (468): acc_3=0.0000 | acc_4=0.9957 | acc_5=0.0000 | acc_6=0.9748 | acc_7=0.0000 | acc_8=0.9797
  Pushed checkpoint step-55000 to ijinyu1113/transition_468_357_later_seed1_v3
  Step  55500 | loss=0.0396
  Step  56000 | loss=0.0257
  Step  56500 | loss=0.0177
  Step  57000 | loss=0.0211
  Step  57500 | loss=0.0074
  EVAL step 57500: acc_3=0.1385 | acc_4=0.9900 | acc_5=0.1380 | acc_6=0.3415 | acc_7=0.1155 | acc_8=0.1710
  TRAIN step 57500 (468): acc_3=0.0000 | acc_4=0.9917 | acc_5=0.0000 | acc_6=0.9839 | acc_7=0.0000 | acc_8=0.9787
  Step  58000 | loss=0.0021
  Step  58500 | loss=0.0027
  Step  59000 | loss=0.0067
  Step  59500 | loss=0.0026
  Step  60000 | loss=0.0033
  EVAL step 60000: acc_3=0.1025 | acc_4=0.9980 | acc_5=0.1275 | acc_6=0.3420 | acc_7=0.1085 | acc_8=0.1755
  TRAIN step 60000 (468): acc_3=0.0000 | acc_4=0.9982 | acc_5=0.0000 | acc_6=0.9896 | acc_7=0.0000 | acc_8=0.9885
  Pushed checkpoint step-60000 to ijinyu1113/transition_468_357_later_seed1_v3
  Step  60500 | loss=0.0092
  Step  61000 | loss=0.0069
  Step  61500 | loss=0.0078
  Step  62000 | loss=0.0013
  Step  62500 | loss=0.0069
  EVAL step 62500: acc_3=0.1500 | acc_4=0.9990 | acc_5=0.1480 | acc_6=0.3425 | acc_7=0.0975 | acc_8=0.1765
  TRAIN step 62500 (468): acc_3=0.0000 | acc_4=0.9991 | acc_5=0.0000 | acc_6=0.9917 | acc_7=0.0000 | acc_8=0.9901
  Step  63000 | loss=0.0028
  Step  63500 | loss=0.0007
  Step  64000 | loss=0.0188
  Step  64500 | loss=0.0013
  Step  65000 | loss=0.0237
  EVAL step 65000: acc_3=0.1480 | acc_4=0.9970 | acc_5=0.1315 | acc_6=0.3585 | acc_7=0.1130 | acc_8=0.1835
  TRAIN step 65000 (468): acc_3=0.0000 | acc_4=0.9975 | acc_5=0.0000 | acc_6=0.9939 | acc_7=0.0000 | acc_8=0.9939
  Pushed checkpoint step-65000 to ijinyu1113/transition_468_357_later_seed1_v3
  Step  65500 | loss=0.0009
  Step  66000 | loss=0.0061
  Step  66500 | loss=0.0085
  Step  67000 | loss=0.0003
  Step  67500 | loss=0.0042
  EVAL step 67500: acc_3=0.1080 | acc_4=0.9985 | acc_5=0.1330 | acc_6=0.3475 | acc_7=0.1020 | acc_8=0.1745
  TRAIN step 67500 (468): acc_3=0.0000 | acc_4=0.9983 | acc_5=0.0000 | acc_6=0.9921 | acc_7=0.0000 | acc_8=0.9894
  Step  68000 | loss=0.0040
  Step  68500 | loss=0.0003
  Step  69000 | loss=0.0042
  Step  69500 | loss=0.0010
  Step  70000 | loss=0.0227
  EVAL step 70000: acc_3=0.1370 | acc_4=0.9995 | acc_5=0.1390 | acc_6=0.3615 | acc_7=0.1065 | acc_8=0.1890
  TRAIN step 70000 (468): acc_3=0.0000 | acc_4=0.9997 | acc_5=0.0000 | acc_6=0.9914 | acc_7=0.0000 | acc_8=0.9902
  Pushed checkpoint step-70000 to ijinyu1113/transition_468_357_later_seed1_v3
  Step  70500 | loss=0.0014
  Step  71000 | loss=0.0046
  Step  71500 | loss=0.0029
  Step  72000 | loss=0.1275
  Step  72500 | loss=0.0037
  EVAL step 72500: acc_3=0.1435 | acc_4=0.9995 | acc_5=0.1505 | acc_6=0.3600 | acc_7=0.1080 | acc_8=0.1830
  TRAIN step 72500 (468): acc_3=0.0000 | acc_4=0.9998 | acc_5=0.0000 | acc_6=0.9957 | acc_7=0.0000 | acc_8=0.9952
  Step  73000 | loss=0.0009
  Step  73500 | loss=0.0013
  Step  74000 | loss=0.0237
  Step  74500 | loss=0.0169
  Step  75000 | loss=0.0190
  EVAL step 75000: acc_3=0.1540 | acc_4=0.9995 | acc_5=0.1485 | acc_6=0.3560 | acc_7=0.1130 | acc_8=0.1845
  TRAIN step 75000 (468): acc_3=0.0000 | acc_4=0.9993 | acc_5=0.0000 | acc_6=0.9951 | acc_7=0.0000 | acc_8=0.9957
  TRAIN step 75000 (357_later): acc_3=0.1512 | acc_4=0.9997 | acc_5=0.1306 | acc_6=0.3747 | acc_7=0.1133 | acc_8=0.1888
  Pushed checkpoint step-75000 to ijinyu1113/transition_468_357_later_seed1_v3

=== TRANSITION at step 75000: switching from 468 to 357_later ===

  Step  75500 | loss=0.5453
  Step  76000 | loss=0.4951
  Step  76500 | loss=0.4261
  Step  77000 | loss=0.2447
  Step  77500 | loss=0.3081
  EVAL step 77500: acc_3=0.9600 | acc_4=0.9810 | acc_5=0.7175 | acc_6=0.4110 | acc_7=0.1975 | acc_8=0.1640
  TRAIN step 77500 (468): acc_3=0.0000 | acc_4=0.9830 | acc_5=0.0000 | acc_6=0.6661 | acc_7=0.0000 | acc_8=0.4934
  TRAIN step 77500 (357_later): acc_3=0.9779 | acc_4=0.9930 | acc_5=0.8419 | acc_6=0.8160 | acc_7=0.4545 | acc_8=0.5808
  Step  78000 | loss=0.2735
  Step  78500 | loss=0.1030
  Step  79000 | loss=0.1640
  Step  79500 | loss=0.0538
  Step  80000 | loss=0.0183
  EVAL step 80000: acc_3=0.9830 | acc_4=0.9940 | acc_5=0.8440 | acc_6=0.4270 | acc_7=0.3175 | acc_8=0.1710
  TRAIN step 80000 (468): acc_3=0.0000 | acc_4=0.9970 | acc_5=0.0000 | acc_6=0.6556 | acc_7=0.0000 | acc_8=0.5085
  TRAIN step 80000 (357_later): acc_3=0.9972 | acc_4=0.9993 | acc_5=0.9202 | acc_6=0.9825 | acc_7=0.9271 | acc_8=0.9764
  Pushed checkpoint step-80000 to ijinyu1113/transition_468_357_later_seed1_v3
  Step  80500 | loss=0.0139
  Step  81000 | loss=0.0033
  Step  81500 | loss=0.0171
  Step  82000 | loss=0.0275
  Step  82500 | loss=0.0273
  EVAL step 82500: acc_3=0.9870 | acc_4=0.9960 | acc_5=0.9030 | acc_6=0.4175 | acc_7=0.3355 | acc_8=0.1755
  TRAIN step 82500 (468): acc_3=0.0000 | acc_4=0.9973 | acc_5=0.0000 | acc_6=0.6568 | acc_7=0.0000 | acc_8=0.4895
  TRAIN step 82500 (357_later): acc_3=0.9977 | acc_4=1.0000 | acc_5=0.9710 | acc_6=0.9788 | acc_7=0.9817 | acc_8=0.9927
  Step  83000 | loss=0.0457
  Step  83500 | loss=0.0012
  Step  84000 | loss=0.0116
  Step  84500 | loss=0.0064
  Step  85000 | loss=0.0121
  EVAL step 85000: acc_3=0.9925 | acc_4=0.9955 | acc_5=0.9130 | acc_6=0.4230 | acc_7=0.3400 | acc_8=0.1725
  TRAIN step 85000 (468): acc_3=0.0000 | acc_4=0.9976 | acc_5=0.0000 | acc_6=0.6513 | acc_7=0.0000 | acc_8=0.4681
  TRAIN step 85000 (357_later): acc_3=0.9985 | acc_4=0.9993 | acc_5=0.9807 | acc_6=0.9889 | acc_7=0.9914 | acc_8=0.9940
  Pushed checkpoint step-85000 to ijinyu1113/transition_468_357_later_seed1_v3
  Step  85500 | loss=0.0023
  Step  86000 | loss=0.0149
  Step  86500 | loss=0.0013
  Step  87000 | loss=0.0031
  Step  87500 | loss=0.0076
  EVAL step 87500: acc_3=0.9890 | acc_4=0.9930 | acc_5=0.9360 | acc_6=0.4145 | acc_7=0.3425 | acc_8=0.1705
  TRAIN step 87500 (468): acc_3=0.0000 | acc_4=0.9961 | acc_5=0.0000 | acc_6=0.6411 | acc_7=0.0000 | acc_8=0.4700
  TRAIN step 87500 (357_later): acc_3=0.9956 | acc_4=0.9990 | acc_5=0.9835 | acc_6=0.9929 | acc_7=0.9941 | acc_8=0.9957
  Step  88000 | loss=0.0035
  Step  88500 | loss=0.0239
  Step  89000 | loss=0.0082
  Step  89500 | loss=0.0011
  Step  90000 | loss=0.0008
  EVAL step 90000: acc_3=0.9915 | acc_4=0.9950 | acc_5=0.9545 | acc_6=0.4090 | acc_7=0.3530 | acc_8=0.1755
  TRAIN step 90000 (468): acc_3=0.0000 | acc_4=0.9947 | acc_5=0.0000 | acc_6=0.6401 | acc_7=0.0000 | acc_8=0.4712
  TRAIN step 90000 (357_later): acc_3=0.9993 | acc_4=0.9983 | acc_5=0.9907 | acc_6=0.9966 | acc_7=0.9937 | acc_8=0.9944
  Pushed checkpoint step-90000 to ijinyu1113/transition_468_357_later_seed1_v3
  Step  90500 | loss=0.0004
  Step  91000 | loss=0.0003
  Step  91500 | loss=0.0013
  Step  92000 | loss=0.0013
  Step  92500 | loss=0.0011
  EVAL step 92500: acc_3=0.9940 | acc_4=0.9955 | acc_5=0.9665 | acc_6=0.4175 | acc_7=0.3645 | acc_8=0.1765
  TRAIN step 92500 (468): acc_3=0.0000 | acc_4=0.9958 | acc_5=0.0000 | acc_6=0.6213 | acc_7=0.0000 | acc_8=0.4535
  TRAIN step 92500 (357_later): acc_3=0.9992 | acc_4=0.9990 | acc_5=0.9958 | acc_6=0.9966 | acc_7=0.9946 | acc_8=0.9980
  Step  93000 | loss=0.0308
  Step  93500 | loss=0.0001
  Step  94000 | loss=0.0083
  Step  94500 | loss=0.0194
  Step  95000 | loss=0.0027
  EVAL step 95000: acc_3=0.9950 | acc_4=0.9930 | acc_5=0.9630 | acc_6=0.4200 | acc_7=0.3685 | acc_8=0.1785
  TRAIN step 95000 (468): acc_3=0.0000 | acc_4=0.9959 | acc_5=0.0000 | acc_6=0.6227 | acc_7=0.0000 | acc_8=0.4342
  TRAIN step 95000 (357_later): acc_3=0.9992 | acc_4=0.9997 | acc_5=0.9908 | acc_6=0.9933 | acc_7=0.9967 | acc_8=0.9963
  Pushed checkpoint step-95000 to ijinyu1113/transition_468_357_later_seed1_v3
  Step  95500 | loss=0.0001
  Step  96000 | loss=0.0033
  Step  96500 | loss=0.0004
  Step  97000 | loss=0.0051
  Step  97500 | loss=0.0228
  EVAL step 97500: acc_3=0.9955 | acc_4=0.9945 | acc_5=0.9370 | acc_6=0.4110 | acc_7=0.3750 | acc_8=0.1805
  TRAIN step 97500 (468): acc_3=0.0000 | acc_4=0.9950 | acc_5=0.0000 | acc_6=0.6240 | acc_7=0.0000 | acc_8=0.4416
  TRAIN step 97500 (357_later): acc_3=0.9997 | acc_4=0.9980 | acc_5=0.9801 | acc_6=0.9987 | acc_7=0.9973 | acc_8=0.9983
  Step  98000 | loss=0.0001
  Step  98500 | loss=0.0003
  Step  99000 | loss=0.0033
  Step  99500 | loss=0.0076
  Step 100000 | loss=0.0001
  EVAL step 100000: acc_3=0.9980 | acc_4=0.9950 | acc_5=0.9740 | acc_6=0.4215 | acc_7=0.3795 | acc_8=0.1760
  TRAIN step 100000 (468): acc_3=0.0000 | acc_4=0.9978 | acc_5=0.0000 | acc_6=0.6257 | acc_7=0.0000 | acc_8=0.4421
  TRAIN step 100000 (357_later): acc_3=1.0000 | acc_4=1.0000 | acc_5=0.9965 | acc_6=0.9983 | acc_7=0.9997 | acc_8=0.9997
  Pushed checkpoint step-100000 to ijinyu1113/transition_468_357_later_seed1_v3
  Step 100500 | loss=0.0098
  Step 101000 | loss=0.0009
  Step 101500 | loss=0.0001
  Step 102000 | loss=0.0008
  Step 102500 | loss=0.0001
  EVAL step 102500: acc_3=0.9980 | acc_4=0.9965 | acc_5=0.9785 | acc_6=0.4170 | acc_7=0.3770 | acc_8=0.1785
  TRAIN step 102500 (468): acc_3=0.0000 | acc_4=0.9972 | acc_5=0.0000 | acc_6=0.6269 | acc_7=0.0000 | acc_8=0.4401
  TRAIN step 102500 (357_later): acc_3=0.9999 | acc_4=0.9997 | acc_5=0.9986 | acc_6=0.9990 | acc_7=0.9971 | acc_8=0.9997
  Step 103000 | loss=0.0001
  Step 103500 | loss=0.0003
  Step 104000 | loss=0.0002
  Step 104500 | loss=0.0002
  Step 105000 | loss=0.0000
  EVAL step 105000: acc_3=0.9960 | acc_4=0.9990 | acc_5=0.9780 | acc_6=0.4190 | acc_7=0.3750 | acc_8=0.1780
  TRAIN step 105000 (468): acc_3=0.0000 | acc_4=0.9993 | acc_5=0.0000 | acc_6=0.6211 | acc_7=0.0000 | acc_8=0.4431
  TRAIN step 105000 (357_later): acc_3=1.0000 | acc_4=1.0000 | acc_5=0.9994 | acc_6=0.9990 | acc_7=0.9990 | acc_8=1.0000
  Pushed checkpoint step-105000 to ijinyu1113/transition_468_357_later_seed1_v3
  Step 105500 | loss=0.0001
  Step 106000 | loss=0.0002
  Step 106500 | loss=0.0001
  Step 107000 | loss=0.0000
  Step 107500 | loss=0.0003
  EVAL step 107500: acc_3=0.9975 | acc_4=0.9985 | acc_5=0.9790 | acc_6=0.4205 | acc_7=0.3825 | acc_8=0.1740
  TRAIN step 107500 (468): acc_3=0.0000 | acc_4=0.9985 | acc_5=0.0000 | acc_6=0.6241 | acc_7=0.0000 | acc_8=0.4297
  TRAIN step 107500 (357_later): acc_3=1.0000 | acc_4=1.0000 | acc_5=0.9994 | acc_6=0.9993 | acc_7=0.9998 | acc_8=0.9993
  Step 108000 | loss=0.0002
  Step 108500 | loss=0.0007
  Step 109000 | loss=0.0002
  Step 109500 | loss=0.0000
  Step 110000 | loss=0.0000
  EVAL step 110000: acc_3=0.9945 | acc_4=0.9985 | acc_5=0.9795 | acc_6=0.4225 | acc_7=0.3845 | acc_8=0.1690
  TRAIN step 110000 (468): acc_3=0.0000 | acc_4=0.9989 | acc_5=0.0000 | acc_6=0.6160 | acc_7=0.0000 | acc_8=0.4225
  TRAIN step 110000 (357_later): acc_3=0.9997 | acc_4=1.0000 | acc_5=0.9990 | acc_6=0.9993 | acc_7=0.9995 | acc_8=1.0000
  Pushed checkpoint step-110000 to ijinyu1113/transition_468_357_later_seed1_v3
  Step 110500 | loss=0.0001
  Step 111000 | loss=0.0000
  Step 111500 | loss=0.0006
  Step 112000 | loss=0.0002
  Step 112500 | loss=0.0000
  EVAL step 112500: acc_3=0.9935 | acc_4=1.0000 | acc_5=0.9650 | acc_6=0.4175 | acc_7=0.3830 | acc_8=0.1760
  TRAIN step 112500 (468): acc_3=0.0000 | acc_4=0.9993 | acc_5=0.0000 | acc_6=0.6206 | acc_7=0.0000 | acc_8=0.4329
  TRAIN step 112500 (357_later): acc_3=0.9996 | acc_4=1.0000 | acc_5=0.9979 | acc_6=1.0000 | acc_7=0.9997 | acc_8=0.9993
  Step 113000 | loss=0.0039
  Step 113500 | loss=0.0000
  Step 114000 | loss=0.0004
  Step 114500 | loss=0.0000
  Step 115000 | loss=0.0000
  EVAL step 115000: acc_3=0.9985 | acc_4=0.9995 | acc_5=0.9700 | acc_6=0.4240 | acc_7=0.3900 | acc_8=0.1735
  TRAIN step 115000 (468): acc_3=0.0000 | acc_4=0.9997 | acc_5=0.0000 | acc_6=0.6195 | acc_7=0.0000 | acc_8=0.4293
  TRAIN step 115000 (357_later): acc_3=1.0000 | acc_4=1.0000 | acc_5=0.9985 | acc_6=1.0000 | acc_7=0.9999 | acc_8=1.0000
  Pushed checkpoint step-115000 to ijinyu1113/transition_468_357_later_seed1_v3
  Step 115500 | loss=0.0038
  Step 116000 | loss=0.0000
  Step 116500 | loss=0.0000
  Step 117000 | loss=0.0000
  Step 117500 | loss=0.0000
  EVAL step 117500: acc_3=0.9990 | acc_4=1.0000 | acc_5=0.9835 | acc_6=0.4285 | acc_7=0.3850 | acc_8=0.1685
  TRAIN step 117500 (468): acc_3=0.0000 | acc_4=0.9998 | acc_5=0.0000 | acc_6=0.6168 | acc_7=0.0000 | acc_8=0.4239
  TRAIN step 117500 (357_later): acc_3=1.0000 | acc_4=1.0000 | acc_5=0.9998 | acc_6=1.0000 | acc_7=1.0000 | acc_8=1.0000
  Step 118000 | loss=0.0011
  Step 118500 | loss=0.0000
  Step 119000 | loss=0.0000
  Step 119500 | loss=0.0000
  Step 120000 | loss=0.0000
  EVAL step 120000: acc_3=0.9980 | acc_4=0.9995 | acc_5=0.9785 | acc_6=0.4120 | acc_7=0.3920 | acc_8=0.1720
  TRAIN step 120000 (468): acc_3=0.0000 | acc_4=0.9993 | acc_5=0.0000 | acc_6=0.6155 | acc_7=0.0000 | acc_8=0.4267
  TRAIN step 120000 (357_later): acc_3=1.0000 | acc_4=1.0000 | acc_5=0.9999 | acc_6=1.0000 | acc_7=0.9998 | acc_8=1.0000
  Pushed checkpoint step-120000 to ijinyu1113/transition_468_357_later_seed1_v3
  Step 120500 | loss=0.0000
  Step 121000 | loss=0.0021
  Step 121500 | loss=0.0000
  Step 122000 | loss=0.0000
  Step 122500 | loss=0.0000
  EVAL step 122500: acc_3=0.9965 | acc_4=0.9985 | acc_5=0.9850 | acc_6=0.4130 | acc_7=0.3970 | acc_8=0.1710
  TRAIN step 122500 (468): acc_3=0.0000 | acc_4=0.9993 | acc_5=0.0000 | acc_6=0.6148 | acc_7=0.0000 | acc_8=0.4257
  TRAIN step 122500 (357_later): acc_3=1.0000 | acc_4=1.0000 | acc_5=1.0000 | acc_6=1.0000 | acc_7=1.0000 | acc_8=1.0000
  Step 123000 | loss=0.0000
  Step 123500 | loss=0.0000
  Step 124000 | loss=0.0000
  Step 124500 | loss=0.0000
  Step 125000 | loss=0.0000
  EVAL step 125000: acc_3=0.9975 | acc_4=0.9990 | acc_5=0.9870 | acc_6=0.4170 | acc_7=0.3955 | acc_8=0.1760
  TRAIN step 125000 (468): acc_3=0.0000 | acc_4=0.9993 | acc_5=0.0000 | acc_6=0.6169 | acc_7=0.0000 | acc_8=0.4263
  TRAIN step 125000 (357_later): acc_3=1.0000 | acc_4=1.0000 | acc_5=1.0000 | acc_6=1.0000 | acc_7=1.0000 | acc_8=1.0000
  Pushed checkpoint step-125000 to ijinyu1113/transition_468_357_later_seed1_v3
  Step 125500 | loss=0.0000
  Step 126000 | loss=0.0000
  Step 126500 | loss=0.0000
  Step 127000 | loss=0.0000
  Step 127500 | loss=0.0000
  EVAL step 127500: acc_3=0.9975 | acc_4=0.9995 | acc_5=0.9860 | acc_6=0.4185 | acc_7=0.3960 | acc_8=0.1760
  TRAIN step 127500 (468): acc_3=0.0000 | acc_4=0.9995 | acc_5=0.0000 | acc_6=0.6179 | acc_7=0.0000 | acc_8=0.4266
  TRAIN step 127500 (357_later): acc_3=1.0000 | acc_4=1.0000 | acc_5=1.0000 | acc_6=1.0000 | acc_7=1.0000 | acc_8=1.0000
  Step 128000 | loss=0.0000
  Step 128500 | loss=0.0000
  Step 129000 | loss=0.0000
  Step 129500 | loss=0.0000
  Step 130000 | loss=0.0000
  EVAL step 130000: acc_3=0.9980 | acc_4=0.9995 | acc_5=0.9865 | acc_6=0.4200 | acc_7=0.4000 | acc_8=0.1740
  TRAIN step 130000 (468): acc_3=0.0000 | acc_4=0.9995 | acc_5=0.0000 | acc_6=0.6184 | acc_7=0.0000 | acc_8=0.4247
  TRAIN step 130000 (357_later): acc_3=1.0000 | acc_4=1.0000 | acc_5=1.0000 | acc_6=1.0000 | acc_7=1.0000 | acc_8=1.0000
  Pushed checkpoint step-130000 to ijinyu1113/transition_468_357_later_seed1_v3
  Step 130500 | loss=0.0000
  Step 131000 | loss=0.0000
  Step 131500 | loss=0.0000
  Step 132000 | loss=0.0000
  Step 132500 | loss=0.0000
  EVAL step 132500: acc_3=0.9980 | acc_4=0.9995 | acc_5=0.9875 | acc_6=0.4215 | acc_7=0.4000 | acc_8=0.1770
  TRAIN step 132500 (468): acc_3=0.0000 | acc_4=0.9996 | acc_5=0.0000 | acc_6=0.6185 | acc_7=0.0000 | acc_8=0.4245
  TRAIN step 132500 (357_later): acc_3=1.0000 | acc_4=1.0000 | acc_5=1.0000 | acc_6=1.0000 | acc_7=1.0000 | acc_8=1.0000
  Step 133000 | loss=0.0000
  Step 133500 | loss=0.0000
  Step 134000 | loss=0.0000
  Step 134500 | loss=0.0000
  Step 135000 | loss=0.0000
  EVAL step 135000: acc_3=0.9985 | acc_4=0.9995 | acc_5=0.9880 | acc_6=0.4240 | acc_7=0.4010 | acc_8=0.1785
  TRAIN step 135000 (468): acc_3=0.0000 | acc_4=0.9996 | acc_5=0.0000 | acc_6=0.6191 | acc_7=0.0000 | acc_8=0.4251
  TRAIN step 135000 (357_later): acc_3=1.0000 | acc_4=1.0000 | acc_5=1.0000 | acc_6=1.0000 | acc_7=1.0000 | acc_8=1.0000
  Pushed checkpoint step-135000 to ijinyu1113/transition_468_357_later_seed1_v3
  Step 135500 | loss=0.0000
  Step 136000 | loss=0.0000
  Step 136500 | loss=0.0000
  Step 137000 | loss=0.0000
  Step 137500 | loss=0.0000
  EVAL step 137500: acc_3=0.9985 | acc_4=1.0000 | acc_5=0.9880 | acc_6=0.4225 | acc_7=0.4010 | acc_8=0.1790
  TRAIN step 137500 (468): acc_3=0.0000 | acc_4=0.9997 | acc_5=0.0000 | acc_6=0.6193 | acc_7=0.0000 | acc_8=0.4251
  TRAIN step 137500 (357_later): acc_3=1.0000 | acc_4=1.0000 | acc_5=1.0000 | acc_6=1.0000 | acc_7=1.0000 | acc_8=1.0000
  Step 138000 | loss=0.0000
  Step 138500 | loss=0.0000
  Step 139000 | loss=0.0000
  Step 139500 | loss=0.0000
  Step 140000 | loss=0.0000
  EVAL step 140000: acc_3=0.9985 | acc_4=1.0000 | acc_5=0.9880 | acc_6=0.4230 | acc_7=0.4015 | acc_8=0.1790
  TRAIN step 140000 (468): acc_3=0.0000 | acc_4=0.9997 | acc_5=0.0000 | acc_6=0.6190 | acc_7=0.0000 | acc_8=0.4245
  TRAIN step 140000 (357_later): acc_3=1.0000 | acc_4=1.0000 | acc_5=1.0000 | acc_6=1.0000 | acc_7=1.0000 | acc_8=1.0000
  Pushed checkpoint step-140000 to ijinyu1113/transition_468_357_later_seed1_v3
  Step 140500 | loss=0.0000
  Step 141000 | loss=0.0000
  Step 141500 | loss=0.0000
  Step 142000 | loss=0.0000
  Step 142500 | loss=0.0000
  EVAL step 142500: acc_3=0.9985 | acc_4=1.0000 | acc_5=0.9880 | acc_6=0.4225 | acc_7=0.4020 | acc_8=0.1790
  TRAIN step 142500 (468): acc_3=0.0000 | acc_4=0.9997 | acc_5=0.0000 | acc_6=0.6191 | acc_7=0.0000 | acc_8=0.4243
  TRAIN step 142500 (357_later): acc_3=1.0000 | acc_4=1.0000 | acc_5=1.0000 | acc_6=1.0000 | acc_7=1.0000 | acc_8=1.0000
  Step 143000 | loss=0.0000
  Step 143500 | loss=0.0000
  Step 144000 | loss=0.0000
  Step 144500 | loss=0.0000
  Step 145000 | loss=0.0000
  EVAL step 145000: acc_3=0.9985 | acc_4=1.0000 | acc_5=0.9880 | acc_6=0.4230 | acc_7=0.4020 | acc_8=0.1790
  TRAIN step 145000 (468): acc_3=0.0000 | acc_4=0.9997 | acc_5=0.0000 | acc_6=0.6189 | acc_7=0.0000 | acc_8=0.4241
  TRAIN step 145000 (357_later): acc_3=1.0000 | acc_4=1.0000 | acc_5=1.0000 | acc_6=1.0000 | acc_7=1.0000 | acc_8=1.0000
  Pushed checkpoint step-145000 to ijinyu1113/transition_468_357_later_seed1_v3
  Step 145500 | loss=0.0000
  Step 146000 | loss=0.0000
  Step 146500 | loss=0.0000
  Step 147000 | loss=0.0000
  Step 147500 | loss=0.0000
  EVAL step 147500: acc_3=0.9985 | acc_4=1.0000 | acc_5=0.9880 | acc_6=0.4225 | acc_7=0.4025 | acc_8=0.1790
  TRAIN step 147500 (468): acc_3=0.0000 | acc_4=0.9997 | acc_5=0.0000 | acc_6=0.6188 | acc_7=0.0000 | acc_8=0.4241
  TRAIN step 147500 (357_later): acc_3=1.0000 | acc_4=1.0000 | acc_5=1.0000 | acc_6=1.0000 | acc_7=1.0000 | acc_8=1.0000
  Step 148000 | loss=0.0000
  Step 148500 | loss=0.0000
  Step 149000 | loss=0.0000
  Step 149500 | loss=0.0000
  Step 150000 | loss=0.0000
  EVAL step 150000: acc_3=0.9985 | acc_4=1.0000 | acc_5=0.9880 | acc_6=0.4225 | acc_7=0.4025 | acc_8=0.1790
  TRAIN step 150000 (468): acc_3=0.0000 | acc_4=0.9997 | acc_5=0.0000 | acc_6=0.6188 | acc_7=0.0000 | acc_8=0.4241
  TRAIN step 150000 (357_later): acc_3=1.0000 | acc_4=1.0000 | acc_5=1.0000 | acc_6=1.0000 | acc_7=1.0000 | acc_8=1.0000
  Pushed checkpoint step-150000 to ijinyu1113/transition_468_357_later_seed1_v3
  Pushed checkpoint step-150000 to ijinyu1113/transition_468_357_later_seed1_v3
Training complete. Checkpoints at ijinyu1113/transition_468_357_later_seed1_v3
