Lmod has detected the following error: Cannot load module "cuda/12.8" because
these module(s) are loaded:
   cudatoolkit

While processing the following module(s):
    Module fullname  Module Filename
    ---------------  ---------------
    cuda/12.8        /opt/cray/pe/lmod/modulefiles/core/cuda/12.8.lua

Traceback (most recent call last):
  File "/u/iyu1/nim_game_project/access_files/discriminator.py", line 174, in <module>
    train_feats = get_internal_representation(model, train_data, tokenizer, target_layers)
  File "/u/iyu1/nim_game_project/access_files/discriminator.py", line 105, in get_internal_representation
    outputs = model(batch_ids, output_hidden_states=True)
  File "/u/iyu1/nim_game_project/env/hf-nim/lib/python3.10/site-packages/torch/nn/modules/module.py", line 1775, in _wrapped_call_impl
    return self._call_impl(*args, **kwargs)
  File "/u/iyu1/nim_game_project/env/hf-nim/lib/python3.10/site-packages/torch/nn/modules/module.py", line 1786, in _call_impl
    return forward_call(*args, **kwargs)
  File "/u/iyu1/nim_game_project/env/hf-nim/lib/python3.10/site-packages/transformers/utils/generic.py", line 918, in wrapper
    output = func(self, *args, **kwargs)
  File "/u/iyu1/nim_game_project/env/hf-nim/lib/python3.10/site-packages/transformers/models/gpt_neox/modeling_gpt_neox.py", line 577, in forward
    outputs: BaseModelOutputWithPast = self.gpt_neox(
  File "/u/iyu1/nim_game_project/env/hf-nim/lib/python3.10/site-packages/torch/nn/modules/module.py", line 1775, in _wrapped_call_impl
    return self._call_impl(*args, **kwargs)
  File "/u/iyu1/nim_game_project/env/hf-nim/lib/python3.10/site-packages/torch/nn/modules/module.py", line 1786, in _call_impl
    return forward_call(*args, **kwargs)
  File "/u/iyu1/nim_game_project/env/hf-nim/lib/python3.10/site-packages/transformers/utils/generic.py", line 1072, in wrapper
    outputs = func(self, *args, **kwargs)
  File "/u/iyu1/nim_game_project/env/hf-nim/lib/python3.10/site-packages/transformers/models/gpt_neox/modeling_gpt_neox.py", line 475, in forward
    outputs = layer(
  File "/u/iyu1/nim_game_project/env/hf-nim/lib/python3.10/site-packages/transformers/modeling_layers.py", line 94, in __call__
    return super().__call__(*args, **kwargs)
  File "/u/iyu1/nim_game_project/env/hf-nim/lib/python3.10/site-packages/torch/nn/modules/module.py", line 1775, in _wrapped_call_impl
    return self._call_impl(*args, **kwargs)
  File "/u/iyu1/nim_game_project/env/hf-nim/lib/python3.10/site-packages/torch/nn/modules/module.py", line 1786, in _call_impl
    return forward_call(*args, **kwargs)
  File "/u/iyu1/nim_game_project/env/hf-nim/lib/python3.10/site-packages/transformers/models/gpt_neox/modeling_gpt_neox.py", line 238, in forward
    mlp_output = self.mlp(self.post_attention_layernorm(hidden_states))
  File "/u/iyu1/nim_game_project/env/hf-nim/lib/python3.10/site-packages/torch/nn/modules/module.py", line 1775, in _wrapped_call_impl
    return self._call_impl(*args, **kwargs)
  File "/u/iyu1/nim_game_project/env/hf-nim/lib/python3.10/site-packages/torch/nn/modules/module.py", line 1786, in _call_impl
    return forward_call(*args, **kwargs)
  File "/u/iyu1/nim_game_project/env/hf-nim/lib/python3.10/site-packages/transformers/models/gpt_neox/modeling_gpt_neox.py", line 47, in forward
    hidden_states = self.act(hidden_states)
  File "/u/iyu1/nim_game_project/env/hf-nim/lib/python3.10/site-packages/torch/nn/modules/module.py", line 1775, in _wrapped_call_impl
    return self._call_impl(*args, **kwargs)
  File "/u/iyu1/nim_game_project/env/hf-nim/lib/python3.10/site-packages/torch/nn/modules/module.py", line 1786, in _call_impl
    return forward_call(*args, **kwargs)
  File "/u/iyu1/nim_game_project/env/hf-nim/lib/python3.10/site-packages/transformers/activations.py", line 85, in forward
    return self.act(input)
torch.OutOfMemoryError: CUDA out of memory. Tried to allocate 864.00 MiB. GPU 0 has a total capacity of 44.43 GiB of which 592.81 MiB is free. Including non-PyTorch memory, this process has 43.85 GiB memory in use. Of the allocated memory 41.84 GiB is allocated by PyTorch, and 1.70 GiB is reserved by PyTorch but unallocated. If reserved but unallocated memory is large try setting PYTORCH_CUDA_ALLOC_CONF=expandable_segments:True to avoid fragmentation.  See documentation for Memory Management  (https://pytorch.org/docs/stable/notes/cuda.html#environment-variables)
